{"level":"info","message":{"data":{"endingdate":"2023-08-14T06:44:47.255Z","id":"158bf884-c602-4ea7-af1d-7bc3740551a1","openingdate":"2023-08-14T06:44:47.255Z"},"model":"ModelClaim/create"},"timestamp":"2023-08-13 22:44:46"}
{"level":"info","message":{"body":{},"method":"POST","params":"","query":"","url":"/api/typeclaim/getAll"},"timestamp":"2023-08-13 22:44:46"}
{"level":"info","message":{"body":{},"method":"POST","params":"","query":"","url":"/api/typeclaim/getAll"},"timestamp":"2023-08-13 22:44:46"}
{"level":"info","message":{"data":[{"id":"05269505-b463-425a-b5f2-44b201d617ed","typename":"Servicios públicos"},{"id":"28af3e1d-8af8-47fc-b631-1ac3845e8f14","typename":"Infraestructura y obras públicas"},{"id":"7cc4a9e1-dc6e-4fcb-9475-bc052daad2f7","typename":"Transporte público"},{"id":"280888bb-56af-4bc3-ba07-a1f571dfe30b","typename":"Licencias y permisos"},{"id":"3091e865-f7a9-45b7-b9c0-1839008ffcad","typename":"Ruidos y contaminación"},{"id":"b41841be-14eb-48a2-83c3-91f4ab6ec029","typename":"Problemas de seguridad"},{"id":"c9aec491-50f3-403e-a51e-204c0bb9d4f5","typename":"Problemas de iluminación"},{"id":"0202cb87-b934-48e8-994e-aa49619cc35e","typename":"Problemas de servicios en línea"}],"model":"TypeClaimModels/getAll"},"timestamp":"2023-08-13 22:44:46"}
{"level":"info","message":{"data":[{"id":"05269505-b463-425a-b5f2-44b201d617ed","typename":"Servicios públicos"},{"id":"28af3e1d-8af8-47fc-b631-1ac3845e8f14","typename":"Infraestructura y obras públicas"},{"id":"7cc4a9e1-dc6e-4fcb-9475-bc052daad2f7","typename":"Transporte público"},{"id":"280888bb-56af-4bc3-ba07-a1f571dfe30b","typename":"Licencias y permisos"},{"id":"3091e865-f7a9-45b7-b9c0-1839008ffcad","typename":"Ruidos y contaminación"},{"id":"b41841be-14eb-48a2-83c3-91f4ab6ec029","typename":"Problemas de seguridad"},{"id":"c9aec491-50f3-403e-a51e-204c0bb9d4f5","typename":"Problemas de iluminación"},{"id":"0202cb87-b934-48e8-994e-aa49619cc35e","typename":"Problemas de servicios en línea"}],"model":"TypeClaimModels/getAll"},"timestamp":"2023-08-13 22:44:46"}
{"level":"info","message":{"body":{},"method":"POST","params":"","query":"","url":"/api/typeclaim/getAll"},"timestamp":"2023-08-13 22:45:30"}
{"level":"info","message":{"data":[{"id":"05269505-b463-425a-b5f2-44b201d617ed","typename":"Servicios públicos"},{"id":"28af3e1d-8af8-47fc-b631-1ac3845e8f14","typename":"Infraestructura y obras públicas"},{"id":"7cc4a9e1-dc6e-4fcb-9475-bc052daad2f7","typename":"Transporte público"},{"id":"280888bb-56af-4bc3-ba07-a1f571dfe30b","typename":"Licencias y permisos"},{"id":"3091e865-f7a9-45b7-b9c0-1839008ffcad","typename":"Ruidos y contaminación"},{"id":"b41841be-14eb-48a2-83c3-91f4ab6ec029","typename":"Problemas de seguridad"},{"id":"c9aec491-50f3-403e-a51e-204c0bb9d4f5","typename":"Problemas de iluminación"},{"id":"0202cb87-b934-48e8-994e-aa49619cc35e","typename":"Problemas de servicios en línea"}],"model":"TypeClaimModels/getAll"},"timestamp":"2023-08-13 22:45:32"}
{"level":"info","message":{"body":{},"method":"POST","params":"","query":"","url":"/api/typeclaim/getAll"},"timestamp":"2023-08-13 22:45:50"}
{"level":"info","message":{"data":[{"id":"05269505-b463-425a-b5f2-44b201d617ed","typename":"Servicios públicos"},{"id":"28af3e1d-8af8-47fc-b631-1ac3845e8f14","typename":"Infraestructura y obras públicas"},{"id":"7cc4a9e1-dc6e-4fcb-9475-bc052daad2f7","typename":"Transporte público"},{"id":"280888bb-56af-4bc3-ba07-a1f571dfe30b","typename":"Licencias y permisos"},{"id":"3091e865-f7a9-45b7-b9c0-1839008ffcad","typename":"Ruidos y contaminación"},{"id":"b41841be-14eb-48a2-83c3-91f4ab6ec029","typename":"Problemas de seguridad"},{"id":"c9aec491-50f3-403e-a51e-204c0bb9d4f5","typename":"Problemas de iluminación"},{"id":"0202cb87-b934-48e8-994e-aa49619cc35e","typename":"Problemas de servicios en línea"}],"model":"TypeClaimModels/getAll"},"timestamp":"2023-08-13 22:45:52"}
{"level":"info","message":{"body":{},"method":"POST","params":"","query":"","url":"/api/typeclaim/getAll"},"timestamp":"2023-08-13 22:46:08"}
{"level":"info","message":{"body":{},"method":"POST","params":"","query":"","url":"/api/typeclaim/getAll"},"timestamp":"2023-08-13 22:46:08"}
{"level":"info","message":{"data":[{"id":"05269505-b463-425a-b5f2-44b201d617ed","typename":"Servicios públicos"},{"id":"28af3e1d-8af8-47fc-b631-1ac3845e8f14","typename":"Infraestructura y obras públicas"},{"id":"7cc4a9e1-dc6e-4fcb-9475-bc052daad2f7","typename":"Transporte público"},{"id":"280888bb-56af-4bc3-ba07-a1f571dfe30b","typename":"Licencias y permisos"},{"id":"3091e865-f7a9-45b7-b9c0-1839008ffcad","typename":"Ruidos y contaminación"},{"id":"b41841be-14eb-48a2-83c3-91f4ab6ec029","typename":"Problemas de seguridad"},{"id":"c9aec491-50f3-403e-a51e-204c0bb9d4f5","typename":"Problemas de iluminación"},{"id":"0202cb87-b934-48e8-994e-aa49619cc35e","typename":"Problemas de servicios en línea"}],"model":"TypeClaimModels/getAll"},"timestamp":"2023-08-13 22:46:09"}
{"level":"info","message":{"body":{},"method":"POST","params":"","query":"","url":"/api/typeclaim/getAll"},"timestamp":"2023-08-13 22:46:09"}
{"level":"info","message":{"body":{},"method":"POST","params":"","query":"","url":"/api/typeclaim/getAll"},"timestamp":"2023-08-13 22:46:09"}
{"level":"info","message":{"data":[{"id":"05269505-b463-425a-b5f2-44b201d617ed","typename":"Servicios públicos"},{"id":"28af3e1d-8af8-47fc-b631-1ac3845e8f14","typename":"Infraestructura y obras públicas"},{"id":"7cc4a9e1-dc6e-4fcb-9475-bc052daad2f7","typename":"Transporte público"},{"id":"280888bb-56af-4bc3-ba07-a1f571dfe30b","typename":"Licencias y permisos"},{"id":"3091e865-f7a9-45b7-b9c0-1839008ffcad","typename":"Ruidos y contaminación"},{"id":"b41841be-14eb-48a2-83c3-91f4ab6ec029","typename":"Problemas de seguridad"},{"id":"c9aec491-50f3-403e-a51e-204c0bb9d4f5","typename":"Problemas de iluminación"},{"id":"0202cb87-b934-48e8-994e-aa49619cc35e","typename":"Problemas de servicios en línea"}],"model":"TypeClaimModels/getAll"},"timestamp":"2023-08-13 22:46:09"}
{"level":"info","message":{"data":[{"id":"05269505-b463-425a-b5f2-44b201d617ed","typename":"Servicios públicos"},{"id":"28af3e1d-8af8-47fc-b631-1ac3845e8f14","typename":"Infraestructura y obras públicas"},{"id":"7cc4a9e1-dc6e-4fcb-9475-bc052daad2f7","typename":"Transporte público"},{"id":"280888bb-56af-4bc3-ba07-a1f571dfe30b","typename":"Licencias y permisos"},{"id":"3091e865-f7a9-45b7-b9c0-1839008ffcad","typename":"Ruidos y contaminación"},{"id":"b41841be-14eb-48a2-83c3-91f4ab6ec029","typename":"Problemas de seguridad"},{"id":"c9aec491-50f3-403e-a51e-204c0bb9d4f5","typename":"Problemas de iluminación"},{"id":"0202cb87-b934-48e8-994e-aa49619cc35e","typename":"Problemas de servicios en línea"}],"model":"TypeClaimModels/getAll"},"timestamp":"2023-08-13 22:46:10"}
{"level":"info","message":{"data":[{"id":"05269505-b463-425a-b5f2-44b201d617ed","typename":"Servicios públicos"},{"id":"28af3e1d-8af8-47fc-b631-1ac3845e8f14","typename":"Infraestructura y obras públicas"},{"id":"7cc4a9e1-dc6e-4fcb-9475-bc052daad2f7","typename":"Transporte público"},{"id":"280888bb-56af-4bc3-ba07-a1f571dfe30b","typename":"Licencias y permisos"},{"id":"3091e865-f7a9-45b7-b9c0-1839008ffcad","typename":"Ruidos y contaminación"},{"id":"b41841be-14eb-48a2-83c3-91f4ab6ec029","typename":"Problemas de seguridad"},{"id":"c9aec491-50f3-403e-a51e-204c0bb9d4f5","typename":"Problemas de iluminación"},{"id":"0202cb87-b934-48e8-994e-aa49619cc35e","typename":"Problemas de servicios en línea"}],"model":"TypeClaimModels/getAll"},"timestamp":"2023-08-13 22:46:11"}
{"level":"info","message":"API listening port 5400","timestamp":"2023-08-13 23:05:53"}
{"level":"info","message":"Connect Database","timestamp":"2023-08-13 23:05:54"}
{"level":"info","message":{"body":{"email":"quispeabadquispe@gmail.com","maternallastname":"Huamani","name":"Abad","paternallastname":"Quispe","phone":"957902342","rut":"27.648.009-K"},"method":"POST","params":"","query":"","url":"/api/person/create"},"timestamp":"2023-08-13 23:05:57"}
{"level":"info","message":{"body":{},"method":"POST","params":"","query":"","url":"/api/claim/create"},"timestamp":"2023-08-13 23:05:57"}
{"level":"info","message":{"body":{},"method":"POST","params":"","query":"","url":"/api/typeclaim/getAll"},"timestamp":"2023-08-13 23:05:57"}
{"level":"info","message":{"body":{},"method":"POST","params":"","query":"","url":"/api/typeclaim/getAll"},"timestamp":"2023-08-13 23:05:57"}
{"level":"info","message":{"data":{"endingdate":"2023-08-14T07:06:00.059Z","id":"206da058-94fb-4b4d-b546-c0f3a319551c","openingdate":"2023-08-14T07:06:00.059Z"},"model":"ModelClaim/create"},"timestamp":"2023-08-13 23:05:58"}
{"level":"info","message":{"data":[{"id":"05269505-b463-425a-b5f2-44b201d617ed","typename":"Servicios públicos"},{"id":"28af3e1d-8af8-47fc-b631-1ac3845e8f14","typename":"Infraestructura y obras públicas"},{"id":"7cc4a9e1-dc6e-4fcb-9475-bc052daad2f7","typename":"Transporte público"},{"id":"280888bb-56af-4bc3-ba07-a1f571dfe30b","typename":"Licencias y permisos"},{"id":"3091e865-f7a9-45b7-b9c0-1839008ffcad","typename":"Ruidos y contaminación"},{"id":"b41841be-14eb-48a2-83c3-91f4ab6ec029","typename":"Problemas de seguridad"},{"id":"c9aec491-50f3-403e-a51e-204c0bb9d4f5","typename":"Problemas de iluminación"},{"id":"0202cb87-b934-48e8-994e-aa49619cc35e","typename":"Problemas de servicios en línea"}],"model":"TypeClaimModels/getAll"},"timestamp":"2023-08-13 23:05:58"}
{"level":"info","message":{"data":[{"id":"05269505-b463-425a-b5f2-44b201d617ed","typename":"Servicios públicos"},{"id":"28af3e1d-8af8-47fc-b631-1ac3845e8f14","typename":"Infraestructura y obras públicas"},{"id":"7cc4a9e1-dc6e-4fcb-9475-bc052daad2f7","typename":"Transporte público"},{"id":"280888bb-56af-4bc3-ba07-a1f571dfe30b","typename":"Licencias y permisos"},{"id":"3091e865-f7a9-45b7-b9c0-1839008ffcad","typename":"Ruidos y contaminación"},{"id":"b41841be-14eb-48a2-83c3-91f4ab6ec029","typename":"Problemas de seguridad"},{"id":"c9aec491-50f3-403e-a51e-204c0bb9d4f5","typename":"Problemas de iluminación"},{"id":"0202cb87-b934-48e8-994e-aa49619cc35e","typename":"Problemas de servicios en línea"}],"model":"TypeClaimModels/getAll"},"timestamp":"2023-08-13 23:05:58"}
{"level":"info","message":{"data":{"email":"quispeabadquispe@gmail.com","id":"0dbdf4ee-27e8-4080-bc1b-779a38c9d9ef","maternallastname":"Huamani","name":"Abad","paternallastname":"Quispe","phone":"957902342","rut":"27.648.009-K"},"model":"Person/create"},"timestamp":"2023-08-13 23:05:58"}
{"level":"info","message":"API listening port 5400","timestamp":"2023-08-13 23:08:24"}
{"level":"info","message":"Connect Database","timestamp":"2023-08-13 23:08:25"}
{"level":"info","message":"API listening port 5400","timestamp":"2023-08-13 23:09:11"}
{"level":"info","message":"Connect Database","timestamp":"2023-08-13 23:09:12"}
{"level":"info","message":"API listening port 5400","timestamp":"2023-08-13 23:09:16"}
{"level":"info","message":"Connect Database","timestamp":"2023-08-13 23:09:17"}
{"level":"info","message":"API listening port 5400","timestamp":"2023-08-13 23:09:29"}
{"level":"info","message":"Connect Database","timestamp":"2023-08-13 23:09:30"}
{"level":"info","message":"API listening port 5400","timestamp":"2023-08-13 23:09:48"}
{"level":"info","message":"Connect Database","timestamp":"2023-08-13 23:09:49"}
{"level":"info","message":"API listening port 5400","timestamp":"2023-08-13 23:10:01"}
{"level":"info","message":"Connect Database","timestamp":"2023-08-13 23:10:02"}
{"level":"info","message":"API listening port 5400","timestamp":"2023-08-13 23:13:06"}
{"level":"info","message":"Connect Database","timestamp":"2023-08-13 23:13:07"}
{"level":"info","message":"API listening port 5400","timestamp":"2023-08-13 23:13:11"}
{"level":"info","message":"Connect Database","timestamp":"2023-08-13 23:13:13"}
{"level":"info","message":"API listening port 5400","timestamp":"2023-08-13 23:13:20"}
{"level":"info","message":"Connect Database","timestamp":"2023-08-13 23:13:21"}
{"level":"info","message":"API listening port 5400","timestamp":"2023-08-13 23:13:25"}
{"level":"info","message":"Connect Database","timestamp":"2023-08-13 23:13:26"}
{"level":"info","message":"API listening port 5400","timestamp":"2023-08-13 23:14:09"}
{"level":"info","message":"Connect Database","timestamp":"2023-08-13 23:14:10"}
{"level":"info","message":"API listening port 5400","timestamp":"2023-08-13 23:14:34"}
{"level":"info","message":"Connect Database","timestamp":"2023-08-13 23:14:35"}
{"level":"info","message":"API listening port 5400","timestamp":"2023-08-13 23:15:38"}
{"level":"info","message":"Connect Database","timestamp":"2023-08-13 23:15:39"}
{"level":"info","message":"API listening port 5400","timestamp":"2023-08-13 23:16:33"}
{"level":"info","message":"Connect Database","timestamp":"2023-08-13 23:16:34"}
{"level":"info","message":"API listening port 5400","timestamp":"2023-08-13 23:23:20"}
{"level":"info","message":"Connect Database","timestamp":"2023-08-13 23:23:20"}
{"level":"info","message":"API listening port 5400","timestamp":"2023-08-13 23:23:25"}
{"level":"info","message":"Connect Database","timestamp":"2023-08-13 23:23:26"}
{"level":"info","message":"API listening port 5400","timestamp":"2023-08-13 23:23:32"}
{"level":"info","message":"Connect Database","timestamp":"2023-08-13 23:23:33"}
{"level":"info","message":"API listening port 5400","timestamp":"2023-08-13 23:24:14"}
{"level":"info","message":"Connect Database","timestamp":"2023-08-13 23:24:17"}
{"level":"info","message":"API listening port 5400","timestamp":"2023-08-13 23:24:24"}
{"level":"info","message":"Connect Database","timestamp":"2023-08-13 23:24:25"}
{"level":"info","message":"API listening port 5400","timestamp":"2023-08-13 23:24:34"}
{"level":"info","message":"Connect Database","timestamp":"2023-08-13 23:24:35"}
{"level":"info","message":"API listening port 5400","timestamp":"2023-08-13 23:24:56"}
{"level":"info","message":"Connect Database","timestamp":"2023-08-13 23:24:57"}
{"level":"info","message":{"body":{},"method":"POST","params":"","query":"","url":"/api/typeclaim/getAll"},"timestamp":"2023-08-13 23:25:09"}
{"level":"info","message":{"data":[{"id":"05269505-b463-425a-b5f2-44b201d617ed","typename":"Servicios públicos"},{"id":"28af3e1d-8af8-47fc-b631-1ac3845e8f14","typename":"Infraestructura y obras públicas"},{"id":"7cc4a9e1-dc6e-4fcb-9475-bc052daad2f7","typename":"Transporte público"},{"id":"280888bb-56af-4bc3-ba07-a1f571dfe30b","typename":"Licencias y permisos"},{"id":"3091e865-f7a9-45b7-b9c0-1839008ffcad","typename":"Ruidos y contaminación"},{"id":"b41841be-14eb-48a2-83c3-91f4ab6ec029","typename":"Problemas de seguridad"},{"id":"c9aec491-50f3-403e-a51e-204c0bb9d4f5","typename":"Problemas de iluminación"},{"id":"0202cb87-b934-48e8-994e-aa49619cc35e","typename":"Problemas de servicios en línea"}],"model":"TypeClaimModels/getAll"},"timestamp":"2023-08-13 23:25:10"}
{"level":"info","message":"API listening port 5400","timestamp":"2023-08-13 23:29:16"}
{"level":"info","message":"Connect Database","timestamp":"2023-08-13 23:29:17"}
{"level":"info","message":{"body":{},"method":"POST","params":"","query":"","url":"/api/file/add"},"timestamp":"2023-08-13 23:29:22"}
{"level":"info","message":{"data":{},"model":"file/add"},"timestamp":"2023-08-13 23:29:22"}
{"level":"info","message":{"body":{},"method":"POST","params":"","query":"","url":"/api/typeclaim/getAll"},"timestamp":"2023-08-13 23:29:56"}
{"level":"info","message":{"body":{},"method":"POST","params":"","query":"","url":"/api/typeclaim/getAll"},"timestamp":"2023-08-13 23:29:56"}
{"level":"info","message":{"data":[{"id":"05269505-b463-425a-b5f2-44b201d617ed","typename":"Servicios públicos"},{"id":"28af3e1d-8af8-47fc-b631-1ac3845e8f14","typename":"Infraestructura y obras públicas"},{"id":"7cc4a9e1-dc6e-4fcb-9475-bc052daad2f7","typename":"Transporte público"},{"id":"280888bb-56af-4bc3-ba07-a1f571dfe30b","typename":"Licencias y permisos"},{"id":"3091e865-f7a9-45b7-b9c0-1839008ffcad","typename":"Ruidos y contaminación"},{"id":"b41841be-14eb-48a2-83c3-91f4ab6ec029","typename":"Problemas de seguridad"},{"id":"c9aec491-50f3-403e-a51e-204c0bb9d4f5","typename":"Problemas de iluminación"},{"id":"0202cb87-b934-48e8-994e-aa49619cc35e","typename":"Problemas de servicios en línea"}],"model":"TypeClaimModels/getAll"},"timestamp":"2023-08-13 23:29:57"}
{"level":"info","message":{"data":[{"id":"05269505-b463-425a-b5f2-44b201d617ed","typename":"Servicios públicos"},{"id":"28af3e1d-8af8-47fc-b631-1ac3845e8f14","typename":"Infraestructura y obras públicas"},{"id":"7cc4a9e1-dc6e-4fcb-9475-bc052daad2f7","typename":"Transporte público"},{"id":"280888bb-56af-4bc3-ba07-a1f571dfe30b","typename":"Licencias y permisos"},{"id":"3091e865-f7a9-45b7-b9c0-1839008ffcad","typename":"Ruidos y contaminación"},{"id":"b41841be-14eb-48a2-83c3-91f4ab6ec029","typename":"Problemas de seguridad"},{"id":"c9aec491-50f3-403e-a51e-204c0bb9d4f5","typename":"Problemas de iluminación"},{"id":"0202cb87-b934-48e8-994e-aa49619cc35e","typename":"Problemas de servicios en línea"}],"model":"TypeClaimModels/getAll"},"timestamp":"2023-08-13 23:29:57"}
{"level":"info","message":{"body":{},"method":"POST","params":"","query":"","url":"/api/file/add"},"timestamp":"2023-08-13 23:30:00"}
{"level":"info","message":{"data":{},"model":"file/add"},"timestamp":"2023-08-13 23:30:00"}
{"level":"info","message":{"body":{},"method":"POST","params":"","query":"","url":"/api/typeclaim/getAll"},"timestamp":"2023-08-13 23:30:26"}
{"level":"info","message":{"data":[{"id":"05269505-b463-425a-b5f2-44b201d617ed","typename":"Servicios públicos"},{"id":"28af3e1d-8af8-47fc-b631-1ac3845e8f14","typename":"Infraestructura y obras públicas"},{"id":"7cc4a9e1-dc6e-4fcb-9475-bc052daad2f7","typename":"Transporte público"},{"id":"280888bb-56af-4bc3-ba07-a1f571dfe30b","typename":"Licencias y permisos"},{"id":"3091e865-f7a9-45b7-b9c0-1839008ffcad","typename":"Ruidos y contaminación"},{"id":"b41841be-14eb-48a2-83c3-91f4ab6ec029","typename":"Problemas de seguridad"},{"id":"c9aec491-50f3-403e-a51e-204c0bb9d4f5","typename":"Problemas de iluminación"},{"id":"0202cb87-b934-48e8-994e-aa49619cc35e","typename":"Problemas de servicios en línea"}],"model":"TypeClaimModels/getAll"},"timestamp":"2023-08-13 23:30:27"}
{"level":"info","message":{"body":{},"method":"POST","params":"","query":"","url":"/api/typeclaim/getAll"},"timestamp":"2023-08-13 23:30:59"}
{"level":"info","message":{"data":[{"id":"05269505-b463-425a-b5f2-44b201d617ed","typename":"Servicios públicos"},{"id":"28af3e1d-8af8-47fc-b631-1ac3845e8f14","typename":"Infraestructura y obras públicas"},{"id":"7cc4a9e1-dc6e-4fcb-9475-bc052daad2f7","typename":"Transporte público"},{"id":"280888bb-56af-4bc3-ba07-a1f571dfe30b","typename":"Licencias y permisos"},{"id":"3091e865-f7a9-45b7-b9c0-1839008ffcad","typename":"Ruidos y contaminación"},{"id":"b41841be-14eb-48a2-83c3-91f4ab6ec029","typename":"Problemas de seguridad"},{"id":"c9aec491-50f3-403e-a51e-204c0bb9d4f5","typename":"Problemas de iluminación"},{"id":"0202cb87-b934-48e8-994e-aa49619cc35e","typename":"Problemas de servicios en línea"}],"model":"TypeClaimModels/getAll"},"timestamp":"2023-08-13 23:31:00"}
{"level":"info","message":{"body":{},"method":"POST","params":"","query":"","url":"/api/typeclaim/getAll"},"timestamp":"2023-08-13 23:32:38"}
{"level":"info","message":{"body":{},"method":"POST","params":"","query":"","url":"/api/typeclaim/getAll"},"timestamp":"2023-08-13 23:32:38"}
{"level":"info","message":{"data":[{"id":"05269505-b463-425a-b5f2-44b201d617ed","typename":"Servicios públicos"},{"id":"28af3e1d-8af8-47fc-b631-1ac3845e8f14","typename":"Infraestructura y obras públicas"},{"id":"7cc4a9e1-dc6e-4fcb-9475-bc052daad2f7","typename":"Transporte público"},{"id":"280888bb-56af-4bc3-ba07-a1f571dfe30b","typename":"Licencias y permisos"},{"id":"3091e865-f7a9-45b7-b9c0-1839008ffcad","typename":"Ruidos y contaminación"},{"id":"b41841be-14eb-48a2-83c3-91f4ab6ec029","typename":"Problemas de seguridad"},{"id":"c9aec491-50f3-403e-a51e-204c0bb9d4f5","typename":"Problemas de iluminación"},{"id":"0202cb87-b934-48e8-994e-aa49619cc35e","typename":"Problemas de servicios en línea"}],"model":"TypeClaimModels/getAll"},"timestamp":"2023-08-13 23:32:39"}
{"level":"info","message":{"data":[{"id":"05269505-b463-425a-b5f2-44b201d617ed","typename":"Servicios públicos"},{"id":"28af3e1d-8af8-47fc-b631-1ac3845e8f14","typename":"Infraestructura y obras públicas"},{"id":"7cc4a9e1-dc6e-4fcb-9475-bc052daad2f7","typename":"Transporte público"},{"id":"280888bb-56af-4bc3-ba07-a1f571dfe30b","typename":"Licencias y permisos"},{"id":"3091e865-f7a9-45b7-b9c0-1839008ffcad","typename":"Ruidos y contaminación"},{"id":"b41841be-14eb-48a2-83c3-91f4ab6ec029","typename":"Problemas de seguridad"},{"id":"c9aec491-50f3-403e-a51e-204c0bb9d4f5","typename":"Problemas de iluminación"},{"id":"0202cb87-b934-48e8-994e-aa49619cc35e","typename":"Problemas de servicios en línea"}],"model":"TypeClaimModels/getAll"},"timestamp":"2023-08-13 23:32:39"}
{"level":"info","message":{"body":{},"method":"POST","params":"","query":"","url":"/api/file/add"},"timestamp":"2023-08-13 23:32:44"}
{"level":"info","message":{"data":{},"model":"file/add"},"timestamp":"2023-08-13 23:32:44"}
{"level":"info","message":{"body":{},"method":"POST","params":"","query":"","url":"/api/typeclaim/getAll"},"timestamp":"2023-08-13 23:33:22"}
{"level":"info","message":{"data":[{"id":"05269505-b463-425a-b5f2-44b201d617ed","typename":"Servicios públicos"},{"id":"28af3e1d-8af8-47fc-b631-1ac3845e8f14","typename":"Infraestructura y obras públicas"},{"id":"7cc4a9e1-dc6e-4fcb-9475-bc052daad2f7","typename":"Transporte público"},{"id":"280888bb-56af-4bc3-ba07-a1f571dfe30b","typename":"Licencias y permisos"},{"id":"3091e865-f7a9-45b7-b9c0-1839008ffcad","typename":"Ruidos y contaminación"},{"id":"b41841be-14eb-48a2-83c3-91f4ab6ec029","typename":"Problemas de seguridad"},{"id":"c9aec491-50f3-403e-a51e-204c0bb9d4f5","typename":"Problemas de iluminación"},{"id":"0202cb87-b934-48e8-994e-aa49619cc35e","typename":"Problemas de servicios en línea"}],"model":"TypeClaimModels/getAll"},"timestamp":"2023-08-13 23:33:24"}
{"level":"info","message":{"body":{},"method":"POST","params":"","query":"","url":"/api/typeclaim/getAll"},"timestamp":"2023-08-13 23:33:27"}
{"level":"info","message":{"body":{},"method":"POST","params":"","query":"","url":"/api/typeclaim/getAll"},"timestamp":"2023-08-13 23:33:27"}
{"level":"info","message":{"data":[{"id":"05269505-b463-425a-b5f2-44b201d617ed","typename":"Servicios públicos"},{"id":"28af3e1d-8af8-47fc-b631-1ac3845e8f14","typename":"Infraestructura y obras públicas"},{"id":"7cc4a9e1-dc6e-4fcb-9475-bc052daad2f7","typename":"Transporte público"},{"id":"280888bb-56af-4bc3-ba07-a1f571dfe30b","typename":"Licencias y permisos"},{"id":"3091e865-f7a9-45b7-b9c0-1839008ffcad","typename":"Ruidos y contaminación"},{"id":"b41841be-14eb-48a2-83c3-91f4ab6ec029","typename":"Problemas de seguridad"},{"id":"c9aec491-50f3-403e-a51e-204c0bb9d4f5","typename":"Problemas de iluminación"},{"id":"0202cb87-b934-48e8-994e-aa49619cc35e","typename":"Problemas de servicios en línea"}],"model":"TypeClaimModels/getAll"},"timestamp":"2023-08-13 23:33:27"}
{"level":"info","message":{"data":[{"id":"05269505-b463-425a-b5f2-44b201d617ed","typename":"Servicios públicos"},{"id":"28af3e1d-8af8-47fc-b631-1ac3845e8f14","typename":"Infraestructura y obras públicas"},{"id":"7cc4a9e1-dc6e-4fcb-9475-bc052daad2f7","typename":"Transporte público"},{"id":"280888bb-56af-4bc3-ba07-a1f571dfe30b","typename":"Licencias y permisos"},{"id":"3091e865-f7a9-45b7-b9c0-1839008ffcad","typename":"Ruidos y contaminación"},{"id":"b41841be-14eb-48a2-83c3-91f4ab6ec029","typename":"Problemas de seguridad"},{"id":"c9aec491-50f3-403e-a51e-204c0bb9d4f5","typename":"Problemas de iluminación"},{"id":"0202cb87-b934-48e8-994e-aa49619cc35e","typename":"Problemas de servicios en línea"}],"model":"TypeClaimModels/getAll"},"timestamp":"2023-08-13 23:33:28"}
{"level":"info","message":{"body":{},"method":"POST","params":"","query":"","url":"/api/file/add"},"timestamp":"2023-08-13 23:33:30"}
{"level":"info","message":{"data":{},"model":"file/add"},"timestamp":"2023-08-13 23:33:30"}
{"level":"info","message":{"body":{},"method":"POST","params":"","query":"","url":"/api/typeclaim/getAll"},"timestamp":"2023-08-13 23:34:53"}
{"level":"info","message":{"body":{},"method":"POST","params":"","query":"","url":"/api/typeclaim/getAll"},"timestamp":"2023-08-13 23:34:53"}
{"level":"info","message":{"data":[{"id":"05269505-b463-425a-b5f2-44b201d617ed","typename":"Servicios públicos"},{"id":"28af3e1d-8af8-47fc-b631-1ac3845e8f14","typename":"Infraestructura y obras públicas"},{"id":"7cc4a9e1-dc6e-4fcb-9475-bc052daad2f7","typename":"Transporte público"},{"id":"280888bb-56af-4bc3-ba07-a1f571dfe30b","typename":"Licencias y permisos"},{"id":"3091e865-f7a9-45b7-b9c0-1839008ffcad","typename":"Ruidos y contaminación"},{"id":"b41841be-14eb-48a2-83c3-91f4ab6ec029","typename":"Problemas de seguridad"},{"id":"c9aec491-50f3-403e-a51e-204c0bb9d4f5","typename":"Problemas de iluminación"},{"id":"0202cb87-b934-48e8-994e-aa49619cc35e","typename":"Problemas de servicios en línea"}],"model":"TypeClaimModels/getAll"},"timestamp":"2023-08-13 23:34:54"}
{"level":"info","message":{"data":[{"id":"05269505-b463-425a-b5f2-44b201d617ed","typename":"Servicios públicos"},{"id":"28af3e1d-8af8-47fc-b631-1ac3845e8f14","typename":"Infraestructura y obras públicas"},{"id":"7cc4a9e1-dc6e-4fcb-9475-bc052daad2f7","typename":"Transporte público"},{"id":"280888bb-56af-4bc3-ba07-a1f571dfe30b","typename":"Licencias y permisos"},{"id":"3091e865-f7a9-45b7-b9c0-1839008ffcad","typename":"Ruidos y contaminación"},{"id":"b41841be-14eb-48a2-83c3-91f4ab6ec029","typename":"Problemas de seguridad"},{"id":"c9aec491-50f3-403e-a51e-204c0bb9d4f5","typename":"Problemas de iluminación"},{"id":"0202cb87-b934-48e8-994e-aa49619cc35e","typename":"Problemas de servicios en línea"}],"model":"TypeClaimModels/getAll"},"timestamp":"2023-08-13 23:34:54"}
{"level":"info","message":{"body":{},"method":"POST","params":"","query":"","url":"/api/typeclaim/getAll"},"timestamp":"2023-08-13 23:35:06"}
{"level":"info","message":{"data":[{"id":"05269505-b463-425a-b5f2-44b201d617ed","typename":"Servicios públicos"},{"id":"28af3e1d-8af8-47fc-b631-1ac3845e8f14","typename":"Infraestructura y obras públicas"},{"id":"7cc4a9e1-dc6e-4fcb-9475-bc052daad2f7","typename":"Transporte público"},{"id":"280888bb-56af-4bc3-ba07-a1f571dfe30b","typename":"Licencias y permisos"},{"id":"3091e865-f7a9-45b7-b9c0-1839008ffcad","typename":"Ruidos y contaminación"},{"id":"b41841be-14eb-48a2-83c3-91f4ab6ec029","typename":"Problemas de seguridad"},{"id":"c9aec491-50f3-403e-a51e-204c0bb9d4f5","typename":"Problemas de iluminación"},{"id":"0202cb87-b934-48e8-994e-aa49619cc35e","typename":"Problemas de servicios en línea"}],"model":"TypeClaimModels/getAll"},"timestamp":"2023-08-13 23:35:07"}
{"level":"info","message":{"body":{},"method":"POST","params":"","query":"","url":"/api/typeclaim/getAll"},"timestamp":"2023-08-13 23:35:08"}
{"level":"info","message":{"data":[{"id":"05269505-b463-425a-b5f2-44b201d617ed","typename":"Servicios públicos"},{"id":"28af3e1d-8af8-47fc-b631-1ac3845e8f14","typename":"Infraestructura y obras públicas"},{"id":"7cc4a9e1-dc6e-4fcb-9475-bc052daad2f7","typename":"Transporte público"},{"id":"280888bb-56af-4bc3-ba07-a1f571dfe30b","typename":"Licencias y permisos"},{"id":"3091e865-f7a9-45b7-b9c0-1839008ffcad","typename":"Ruidos y contaminación"},{"id":"b41841be-14eb-48a2-83c3-91f4ab6ec029","typename":"Problemas de seguridad"},{"id":"c9aec491-50f3-403e-a51e-204c0bb9d4f5","typename":"Problemas de iluminación"},{"id":"0202cb87-b934-48e8-994e-aa49619cc35e","typename":"Problemas de servicios en línea"}],"model":"TypeClaimModels/getAll"},"timestamp":"2023-08-13 23:35:08"}
{"level":"info","message":{"body":{},"method":"POST","params":"","query":"","url":"/api/typeclaim/getAll"},"timestamp":"2023-08-13 23:35:14"}
{"level":"info","message":{"data":[{"id":"05269505-b463-425a-b5f2-44b201d617ed","typename":"Servicios públicos"},{"id":"28af3e1d-8af8-47fc-b631-1ac3845e8f14","typename":"Infraestructura y obras públicas"},{"id":"7cc4a9e1-dc6e-4fcb-9475-bc052daad2f7","typename":"Transporte público"},{"id":"280888bb-56af-4bc3-ba07-a1f571dfe30b","typename":"Licencias y permisos"},{"id":"3091e865-f7a9-45b7-b9c0-1839008ffcad","typename":"Ruidos y contaminación"},{"id":"b41841be-14eb-48a2-83c3-91f4ab6ec029","typename":"Problemas de seguridad"},{"id":"c9aec491-50f3-403e-a51e-204c0bb9d4f5","typename":"Problemas de iluminación"},{"id":"0202cb87-b934-48e8-994e-aa49619cc35e","typename":"Problemas de servicios en línea"}],"model":"TypeClaimModels/getAll"},"timestamp":"2023-08-13 23:35:14"}
{"level":"info","message":{"body":{},"method":"POST","params":"","query":"","url":"/api/typeclaim/getAll"},"timestamp":"2023-08-13 23:35:24"}
{"level":"info","message":{"body":{},"method":"POST","params":"","query":"","url":"/api/typeclaim/getAll"},"timestamp":"2023-08-13 23:35:25"}
{"level":"info","message":{"data":[{"id":"05269505-b463-425a-b5f2-44b201d617ed","typename":"Servicios públicos"},{"id":"28af3e1d-8af8-47fc-b631-1ac3845e8f14","typename":"Infraestructura y obras públicas"},{"id":"7cc4a9e1-dc6e-4fcb-9475-bc052daad2f7","typename":"Transporte público"},{"id":"280888bb-56af-4bc3-ba07-a1f571dfe30b","typename":"Licencias y permisos"},{"id":"3091e865-f7a9-45b7-b9c0-1839008ffcad","typename":"Ruidos y contaminación"},{"id":"b41841be-14eb-48a2-83c3-91f4ab6ec029","typename":"Problemas de seguridad"},{"id":"c9aec491-50f3-403e-a51e-204c0bb9d4f5","typename":"Problemas de iluminación"},{"id":"0202cb87-b934-48e8-994e-aa49619cc35e","typename":"Problemas de servicios en línea"}],"model":"TypeClaimModels/getAll"},"timestamp":"2023-08-13 23:35:25"}
{"level":"info","message":{"data":[{"id":"05269505-b463-425a-b5f2-44b201d617ed","typename":"Servicios públicos"},{"id":"28af3e1d-8af8-47fc-b631-1ac3845e8f14","typename":"Infraestructura y obras públicas"},{"id":"7cc4a9e1-dc6e-4fcb-9475-bc052daad2f7","typename":"Transporte público"},{"id":"280888bb-56af-4bc3-ba07-a1f571dfe30b","typename":"Licencias y permisos"},{"id":"3091e865-f7a9-45b7-b9c0-1839008ffcad","typename":"Ruidos y contaminación"},{"id":"b41841be-14eb-48a2-83c3-91f4ab6ec029","typename":"Problemas de seguridad"},{"id":"c9aec491-50f3-403e-a51e-204c0bb9d4f5","typename":"Problemas de iluminación"},{"id":"0202cb87-b934-48e8-994e-aa49619cc35e","typename":"Problemas de servicios en línea"}],"model":"TypeClaimModels/getAll"},"timestamp":"2023-08-13 23:35:26"}
{"level":"info","message":{"body":{},"method":"POST","params":"","query":"","url":"/api/file/add"},"timestamp":"2023-08-13 23:35:30"}
{"level":"info","message":{"data":{},"model":"file/add"},"timestamp":"2023-08-13 23:35:33"}
{"level":"info","message":{"body":{},"method":"POST","params":"","query":"","url":"/api/typeclaim/getAll"},"timestamp":"2023-08-13 23:35:50"}
{"level":"info","message":{"body":{},"method":"POST","params":"","query":"","url":"/api/file/add"},"timestamp":"2023-08-13 23:35:50"}
{"level":"info","message":{"data":[{"id":"05269505-b463-425a-b5f2-44b201d617ed","typename":"Servicios públicos"},{"id":"28af3e1d-8af8-47fc-b631-1ac3845e8f14","typename":"Infraestructura y obras públicas"},{"id":"7cc4a9e1-dc6e-4fcb-9475-bc052daad2f7","typename":"Transporte público"},{"id":"280888bb-56af-4bc3-ba07-a1f571dfe30b","typename":"Licencias y permisos"},{"id":"3091e865-f7a9-45b7-b9c0-1839008ffcad","typename":"Ruidos y contaminación"},{"id":"b41841be-14eb-48a2-83c3-91f4ab6ec029","typename":"Problemas de seguridad"},{"id":"c9aec491-50f3-403e-a51e-204c0bb9d4f5","typename":"Problemas de iluminación"},{"id":"0202cb87-b934-48e8-994e-aa49619cc35e","typename":"Problemas de servicios en línea"}],"model":"TypeClaimModels/getAll"},"timestamp":"2023-08-13 23:35:51"}
{"level":"info","message":{"data":{},"model":"file/add"},"timestamp":"2023-08-13 23:35:54"}
{"level":"info","message":{"body":{},"method":"POST","params":"","query":"","url":"/api/typeclaim/getAll"},"timestamp":"2023-08-13 23:37:02"}
{"level":"info","message":{"body":{},"method":"POST","params":"","query":"","url":"/api/file/add"},"timestamp":"2023-08-13 23:37:02"}
{"level":"info","message":{"body":{},"method":"POST","params":"","query":"","url":"/api/typeclaim/getAll"},"timestamp":"2023-08-13 23:37:02"}
{"level":"info","message":{"body":{},"method":"POST","params":"","query":"","url":"/api/file/add"},"timestamp":"2023-08-13 23:37:02"}
{"level":"info","message":{"data":[{"id":"05269505-b463-425a-b5f2-44b201d617ed","typename":"Servicios públicos"},{"id":"28af3e1d-8af8-47fc-b631-1ac3845e8f14","typename":"Infraestructura y obras públicas"},{"id":"7cc4a9e1-dc6e-4fcb-9475-bc052daad2f7","typename":"Transporte público"},{"id":"280888bb-56af-4bc3-ba07-a1f571dfe30b","typename":"Licencias y permisos"},{"id":"3091e865-f7a9-45b7-b9c0-1839008ffcad","typename":"Ruidos y contaminación"},{"id":"b41841be-14eb-48a2-83c3-91f4ab6ec029","typename":"Problemas de seguridad"},{"id":"c9aec491-50f3-403e-a51e-204c0bb9d4f5","typename":"Problemas de iluminación"},{"id":"0202cb87-b934-48e8-994e-aa49619cc35e","typename":"Problemas de servicios en línea"}],"model":"TypeClaimModels/getAll"},"timestamp":"2023-08-13 23:37:03"}
{"level":"info","message":{"data":[{"id":"05269505-b463-425a-b5f2-44b201d617ed","typename":"Servicios públicos"},{"id":"28af3e1d-8af8-47fc-b631-1ac3845e8f14","typename":"Infraestructura y obras públicas"},{"id":"7cc4a9e1-dc6e-4fcb-9475-bc052daad2f7","typename":"Transporte público"},{"id":"280888bb-56af-4bc3-ba07-a1f571dfe30b","typename":"Licencias y permisos"},{"id":"3091e865-f7a9-45b7-b9c0-1839008ffcad","typename":"Ruidos y contaminación"},{"id":"b41841be-14eb-48a2-83c3-91f4ab6ec029","typename":"Problemas de seguridad"},{"id":"c9aec491-50f3-403e-a51e-204c0bb9d4f5","typename":"Problemas de iluminación"},{"id":"0202cb87-b934-48e8-994e-aa49619cc35e","typename":"Problemas de servicios en línea"}],"model":"TypeClaimModels/getAll"},"timestamp":"2023-08-13 23:37:03"}
{"level":"info","message":{"data":{},"model":"file/add"},"timestamp":"2023-08-13 23:37:05"}
{"level":"info","message":{"data":{},"model":"file/add"},"timestamp":"2023-08-13 23:37:05"}
{"level":"info","message":{"body":{},"method":"POST","params":"","query":"","url":"/api/typeclaim/getAll"},"timestamp":"2023-08-13 23:37:12"}
{"level":"info","message":{"body":{},"method":"POST","params":"","query":"","url":"/api/typeclaim/getAll"},"timestamp":"2023-08-13 23:37:12"}
{"level":"info","message":{"data":[{"id":"05269505-b463-425a-b5f2-44b201d617ed","typename":"Servicios públicos"},{"id":"28af3e1d-8af8-47fc-b631-1ac3845e8f14","typename":"Infraestructura y obras públicas"},{"id":"7cc4a9e1-dc6e-4fcb-9475-bc052daad2f7","typename":"Transporte público"},{"id":"280888bb-56af-4bc3-ba07-a1f571dfe30b","typename":"Licencias y permisos"},{"id":"3091e865-f7a9-45b7-b9c0-1839008ffcad","typename":"Ruidos y contaminación"},{"id":"b41841be-14eb-48a2-83c3-91f4ab6ec029","typename":"Problemas de seguridad"},{"id":"c9aec491-50f3-403e-a51e-204c0bb9d4f5","typename":"Problemas de iluminación"},{"id":"0202cb87-b934-48e8-994e-aa49619cc35e","typename":"Problemas de servicios en línea"}],"model":"TypeClaimModels/getAll"},"timestamp":"2023-08-13 23:37:13"}
{"level":"info","message":{"data":[{"id":"05269505-b463-425a-b5f2-44b201d617ed","typename":"Servicios públicos"},{"id":"28af3e1d-8af8-47fc-b631-1ac3845e8f14","typename":"Infraestructura y obras públicas"},{"id":"7cc4a9e1-dc6e-4fcb-9475-bc052daad2f7","typename":"Transporte público"},{"id":"280888bb-56af-4bc3-ba07-a1f571dfe30b","typename":"Licencias y permisos"},{"id":"3091e865-f7a9-45b7-b9c0-1839008ffcad","typename":"Ruidos y contaminación"},{"id":"b41841be-14eb-48a2-83c3-91f4ab6ec029","typename":"Problemas de seguridad"},{"id":"c9aec491-50f3-403e-a51e-204c0bb9d4f5","typename":"Problemas de iluminación"},{"id":"0202cb87-b934-48e8-994e-aa49619cc35e","typename":"Problemas de servicios en línea"}],"model":"TypeClaimModels/getAll"},"timestamp":"2023-08-13 23:37:13"}
{"level":"info","message":{"body":{},"method":"POST","params":"","query":"","url":"/api/file/add"},"timestamp":"2023-08-13 23:37:16"}
{"level":"info","message":{"data":{},"model":"file/add"},"timestamp":"2023-08-13 23:37:20"}
{"level":"info","message":{"body":{},"method":"POST","params":"","query":"","url":"/api/typeclaim/getAll"},"timestamp":"2023-08-13 23:38:09"}
{"level":"info","message":{"body":{},"method":"POST","params":"","query":"","url":"/api/file/add"},"timestamp":"2023-08-13 23:38:09"}
{"level":"info","message":{"data":[{"id":"05269505-b463-425a-b5f2-44b201d617ed","typename":"Servicios públicos"},{"id":"28af3e1d-8af8-47fc-b631-1ac3845e8f14","typename":"Infraestructura y obras públicas"},{"id":"7cc4a9e1-dc6e-4fcb-9475-bc052daad2f7","typename":"Transporte público"},{"id":"280888bb-56af-4bc3-ba07-a1f571dfe30b","typename":"Licencias y permisos"},{"id":"3091e865-f7a9-45b7-b9c0-1839008ffcad","typename":"Ruidos y contaminación"},{"id":"b41841be-14eb-48a2-83c3-91f4ab6ec029","typename":"Problemas de seguridad"},{"id":"c9aec491-50f3-403e-a51e-204c0bb9d4f5","typename":"Problemas de iluminación"},{"id":"0202cb87-b934-48e8-994e-aa49619cc35e","typename":"Problemas de servicios en línea"}],"model":"TypeClaimModels/getAll"},"timestamp":"2023-08-13 23:38:10"}
{"level":"info","message":{"data":{},"model":"file/add"},"timestamp":"2023-08-13 23:38:15"}
{"level":"info","message":{"body":{},"method":"POST","params":"","query":"","url":"/api/typeclaim/getAll"},"timestamp":"2023-08-13 23:38:36"}
{"level":"info","message":{"body":{},"method":"POST","params":"","query":"","url":"/api/file/add"},"timestamp":"2023-08-13 23:38:37"}
{"level":"info","message":{"data":[{"id":"05269505-b463-425a-b5f2-44b201d617ed","typename":"Servicios públicos"},{"id":"28af3e1d-8af8-47fc-b631-1ac3845e8f14","typename":"Infraestructura y obras públicas"},{"id":"7cc4a9e1-dc6e-4fcb-9475-bc052daad2f7","typename":"Transporte público"},{"id":"280888bb-56af-4bc3-ba07-a1f571dfe30b","typename":"Licencias y permisos"},{"id":"3091e865-f7a9-45b7-b9c0-1839008ffcad","typename":"Ruidos y contaminación"},{"id":"b41841be-14eb-48a2-83c3-91f4ab6ec029","typename":"Problemas de seguridad"},{"id":"c9aec491-50f3-403e-a51e-204c0bb9d4f5","typename":"Problemas de iluminación"},{"id":"0202cb87-b934-48e8-994e-aa49619cc35e","typename":"Problemas de servicios en línea"}],"model":"TypeClaimModels/getAll"},"timestamp":"2023-08-13 23:38:38"}
{"level":"info","message":{"data":{},"model":"file/add"},"timestamp":"2023-08-13 23:38:41"}
{"level":"info","message":{"body":{},"method":"POST","params":"","query":"","url":"/api/typeclaim/getAll"},"timestamp":"2023-08-13 23:39:05"}
{"level":"info","message":{"body":{},"method":"POST","params":"","query":"","url":"/api/file/add"},"timestamp":"2023-08-13 23:39:05"}
{"level":"info","message":{"data":[{"id":"05269505-b463-425a-b5f2-44b201d617ed","typename":"Servicios públicos"},{"id":"28af3e1d-8af8-47fc-b631-1ac3845e8f14","typename":"Infraestructura y obras públicas"},{"id":"7cc4a9e1-dc6e-4fcb-9475-bc052daad2f7","typename":"Transporte público"},{"id":"280888bb-56af-4bc3-ba07-a1f571dfe30b","typename":"Licencias y permisos"},{"id":"3091e865-f7a9-45b7-b9c0-1839008ffcad","typename":"Ruidos y contaminación"},{"id":"b41841be-14eb-48a2-83c3-91f4ab6ec029","typename":"Problemas de seguridad"},{"id":"c9aec491-50f3-403e-a51e-204c0bb9d4f5","typename":"Problemas de iluminación"},{"id":"0202cb87-b934-48e8-994e-aa49619cc35e","typename":"Problemas de servicios en línea"}],"model":"TypeClaimModels/getAll"},"timestamp":"2023-08-13 23:39:06"}
{"level":"info","message":"API listening port 5400","timestamp":"2023-08-13 23:47:31"}
{"level":"info","message":"Connect Database","timestamp":"2023-08-13 23:47:32"}
{"level":"info","message":{"body":{},"method":"POST","params":"","query":"","url":"/api/typeclaim/getAll"},"timestamp":"2023-08-13 23:47:54"}
{"level":"info","message":{"body":{},"method":"POST","params":"","query":"","url":"/api/typeclaim/getAll"},"timestamp":"2023-08-13 23:47:54"}
{"level":"info","message":{"data":[{"id":"05269505-b463-425a-b5f2-44b201d617ed","typename":"Servicios públicos"},{"id":"28af3e1d-8af8-47fc-b631-1ac3845e8f14","typename":"Infraestructura y obras públicas"},{"id":"7cc4a9e1-dc6e-4fcb-9475-bc052daad2f7","typename":"Transporte público"},{"id":"280888bb-56af-4bc3-ba07-a1f571dfe30b","typename":"Licencias y permisos"},{"id":"3091e865-f7a9-45b7-b9c0-1839008ffcad","typename":"Ruidos y contaminación"},{"id":"b41841be-14eb-48a2-83c3-91f4ab6ec029","typename":"Problemas de seguridad"},{"id":"c9aec491-50f3-403e-a51e-204c0bb9d4f5","typename":"Problemas de iluminación"},{"id":"0202cb87-b934-48e8-994e-aa49619cc35e","typename":"Problemas de servicios en línea"}],"model":"TypeClaimModels/getAll"},"timestamp":"2023-08-13 23:47:55"}
{"level":"info","message":{"data":[{"id":"05269505-b463-425a-b5f2-44b201d617ed","typename":"Servicios públicos"},{"id":"28af3e1d-8af8-47fc-b631-1ac3845e8f14","typename":"Infraestructura y obras públicas"},{"id":"7cc4a9e1-dc6e-4fcb-9475-bc052daad2f7","typename":"Transporte público"},{"id":"280888bb-56af-4bc3-ba07-a1f571dfe30b","typename":"Licencias y permisos"},{"id":"3091e865-f7a9-45b7-b9c0-1839008ffcad","typename":"Ruidos y contaminación"},{"id":"b41841be-14eb-48a2-83c3-91f4ab6ec029","typename":"Problemas de seguridad"},{"id":"c9aec491-50f3-403e-a51e-204c0bb9d4f5","typename":"Problemas de iluminación"},{"id":"0202cb87-b934-48e8-994e-aa49619cc35e","typename":"Problemas de servicios en línea"}],"model":"TypeClaimModels/getAll"},"timestamp":"2023-08-13 23:47:55"}
{"level":"info","message":{"body":{},"method":"POST","params":"","query":"","url":"/api/file/add"},"timestamp":"2023-08-13 23:47:57"}
{"level":"info","message":{"data":{},"model":"file/add"},"timestamp":"2023-08-13 23:48:01"}
{"level":"info","message":{"body":{"public_id":"pvztilworwqxrwfaowyz"},"method":"POST","params":"","query":"","url":"/api/file/remove"},"timestamp":"2023-08-13 23:48:19"}
{"level":"info","message":"API listening port 5400","timestamp":"2023-08-13 23:48:42"}
{"level":"info","message":"Connect Database","timestamp":"2023-08-13 23:48:43"}
{"level":"info","message":{"body":{"public_id":"pvztilworwqxrwfaowyz"},"method":"POST","params":"","query":"","url":"/api/file/remove"},"timestamp":"2023-08-13 23:48:54"}
{"level":"info","message":{"data":{"public_id":"pvztilworwqxrwfaowyz"},"model":"file/add"},"timestamp":"2023-08-13 23:48:54"}
{"level":"info","message":"API listening port 5400","timestamp":"2023-08-13 23:49:19"}
{"level":"info","message":"Connect Database","timestamp":"2023-08-13 23:49:20"}
{"level":"info","message":{"body":{"public_id":"zvcckuvbudeydacjvdcb"},"method":"POST","params":"","query":"","url":"/api/file/remove"},"timestamp":"2023-08-13 23:49:28"}
{"level":"info","message":{"data":{"public_id":"zvcckuvbudeydacjvdcb"},"model":"file/add"},"timestamp":"2023-08-13 23:49:28"}
{"level":"info","message":"API listening port 5400","timestamp":"2023-08-13 23:49:50"}
{"level":"info","message":"Connect Database","timestamp":"2023-08-13 23:49:51"}
{"level":"info","message":{"body":{"public_id":"fctuujgnvjeikitazpgf"},"method":"POST","params":"","query":"","url":"/api/file/remove"},"timestamp":"2023-08-13 23:50:01"}
{"level":"info","message":{"data":{"public_id":"fctuujgnvjeikitazpgf"},"model":"file/add"},"timestamp":"2023-08-13 23:50:02"}
