{"level":"info","message":"API listening port 5400","timestamp":"2023-08-20 17:59:46"}
{"level":"info","message":"Connect Database","timestamp":"2023-08-20 17:59:47"}
{"level":"info","message":"API listening port 5400","timestamp":"2023-08-20 21:01:17"}
{"level":"info","message":"Connect Database","timestamp":"2023-08-20 21:01:18"}
{"level":"info","message":{"body":"","method":"GET","params":{},"query":{},"url":"/api/claim/getAll"},"timestamp":"2023-08-20 21:02:03"}
{"level":"info","message":{"body":"","method":"GET","params":{},"query":{},"url":"/api/claim/getAll"},"timestamp":"2023-08-20 21:02:05"}
{"level":"info","message":{"body":{"claim_id":"66f1e3ca-50af-4186-8cbf-7b12b79f14e6"},"method":"POST","params":"","query":"","url":"/api/claim/getById"},"timestamp":"2023-08-20 21:02:08"}
{"level":"info","message":{"body":{"claim_id":"66f1e3ca-50af-4186-8cbf-7b12b79f14e6"},"method":"POST","params":"","query":"","url":"/api/claim/getById"},"timestamp":"2023-08-20 21:02:08"}
{"level":"info","message":{"body":{},"method":"POST","params":"","query":"","url":"/api/typeClaim/getAll"},"timestamp":"2023-08-20 21:03:53"}
{"level":"info","message":{"body":{},"method":"POST","params":"","query":"","url":"/api/typeClaim/getAll"},"timestamp":"2023-08-20 21:03:53"}
{"level":"info","message":{"data":[{"id":"28af3e1d-8af8-47fc-b631-1ac3845e8f14","typename":"Infraestructura y obras públicas"},{"id":"7cc4a9e1-dc6e-4fcb-9475-bc052daad2f7","typename":"Transporte público"},{"id":"280888bb-56af-4bc3-ba07-a1f571dfe30b","typename":"Licencias y permisos"},{"id":"3091e865-f7a9-45b7-b9c0-1839008ffcad","typename":"Ruidos y contaminación"},{"id":"b41841be-14eb-48a2-83c3-91f4ab6ec029","typename":"Problemas de seguridad"},{"id":"c9aec491-50f3-403e-a51e-204c0bb9d4f5","typename":"Problemas de iluminación"},{"id":"0202cb87-b934-48e8-994e-aa49619cc35e","typename":"Problemas de servicios en línea"},{"id":"027d280c-b0a1-4a12-958a-dcfd45e2e0f7","typename":"Mi nuevo tipo mi nuevo valor"},{"id":"e43bd7b2-f6c4-4994-85bc-a0d30b95b850","typename":"Problemas de Alumbrado"},{"id":"05269505-b463-425a-b5f2-44b201d617ed","typename":"Servicios públicos anidados"}],"model":"TypeClaimModels/getAll"},"timestamp":"2023-08-20 21:03:54"}
{"level":"info","message":{"data":[{"id":"28af3e1d-8af8-47fc-b631-1ac3845e8f14","typename":"Infraestructura y obras públicas"},{"id":"7cc4a9e1-dc6e-4fcb-9475-bc052daad2f7","typename":"Transporte público"},{"id":"280888bb-56af-4bc3-ba07-a1f571dfe30b","typename":"Licencias y permisos"},{"id":"3091e865-f7a9-45b7-b9c0-1839008ffcad","typename":"Ruidos y contaminación"},{"id":"b41841be-14eb-48a2-83c3-91f4ab6ec029","typename":"Problemas de seguridad"},{"id":"c9aec491-50f3-403e-a51e-204c0bb9d4f5","typename":"Problemas de iluminación"},{"id":"0202cb87-b934-48e8-994e-aa49619cc35e","typename":"Problemas de servicios en línea"},{"id":"027d280c-b0a1-4a12-958a-dcfd45e2e0f7","typename":"Mi nuevo tipo mi nuevo valor"},{"id":"e43bd7b2-f6c4-4994-85bc-a0d30b95b850","typename":"Problemas de Alumbrado"},{"id":"05269505-b463-425a-b5f2-44b201d617ed","typename":"Servicios públicos anidados"}],"model":"TypeClaimModels/getAll"},"timestamp":"2023-08-20 21:03:54"}
{"level":"info","message":{"body":"","method":"GET","params":{},"query":{},"url":"/api/claim/getAll"},"timestamp":"2023-08-20 21:05:01"}
{"level":"info","message":{"body":"","method":"GET","params":{},"query":{},"url":"/api/claim/getAll"},"timestamp":"2023-08-20 21:05:03"}
{"level":"info","message":{"body":{"claim_id":"66f1e3ca-50af-4186-8cbf-7b12b79f14e6"},"method":"POST","params":"","query":"","url":"/api/claim/getById"},"timestamp":"2023-08-20 21:05:06"}
{"level":"info","message":{"body":{"claim_id":"66f1e3ca-50af-4186-8cbf-7b12b79f14e6"},"method":"POST","params":"","query":"","url":"/api/claim/getById"},"timestamp":"2023-08-20 21:05:06"}
{"level":"info","message":{"body":{},"method":"POST","params":"","query":"","url":"/api/typeClaim/getAll"},"timestamp":"2023-08-20 21:05:38"}
{"level":"info","message":{"body":{},"method":"POST","params":"","query":"","url":"/api/typeClaim/getAll"},"timestamp":"2023-08-20 21:05:38"}
{"level":"info","message":{"data":[{"id":"28af3e1d-8af8-47fc-b631-1ac3845e8f14","typename":"Infraestructura y obras públicas"},{"id":"7cc4a9e1-dc6e-4fcb-9475-bc052daad2f7","typename":"Transporte público"},{"id":"280888bb-56af-4bc3-ba07-a1f571dfe30b","typename":"Licencias y permisos"},{"id":"3091e865-f7a9-45b7-b9c0-1839008ffcad","typename":"Ruidos y contaminación"},{"id":"b41841be-14eb-48a2-83c3-91f4ab6ec029","typename":"Problemas de seguridad"},{"id":"c9aec491-50f3-403e-a51e-204c0bb9d4f5","typename":"Problemas de iluminación"},{"id":"0202cb87-b934-48e8-994e-aa49619cc35e","typename":"Problemas de servicios en línea"},{"id":"027d280c-b0a1-4a12-958a-dcfd45e2e0f7","typename":"Mi nuevo tipo mi nuevo valor"},{"id":"e43bd7b2-f6c4-4994-85bc-a0d30b95b850","typename":"Problemas de Alumbrado"},{"id":"05269505-b463-425a-b5f2-44b201d617ed","typename":"Servicios públicos anidados"}],"model":"TypeClaimModels/getAll"},"timestamp":"2023-08-20 21:05:39"}
{"level":"info","message":{"data":[{"id":"28af3e1d-8af8-47fc-b631-1ac3845e8f14","typename":"Infraestructura y obras públicas"},{"id":"7cc4a9e1-dc6e-4fcb-9475-bc052daad2f7","typename":"Transporte público"},{"id":"280888bb-56af-4bc3-ba07-a1f571dfe30b","typename":"Licencias y permisos"},{"id":"3091e865-f7a9-45b7-b9c0-1839008ffcad","typename":"Ruidos y contaminación"},{"id":"b41841be-14eb-48a2-83c3-91f4ab6ec029","typename":"Problemas de seguridad"},{"id":"c9aec491-50f3-403e-a51e-204c0bb9d4f5","typename":"Problemas de iluminación"},{"id":"0202cb87-b934-48e8-994e-aa49619cc35e","typename":"Problemas de servicios en línea"},{"id":"027d280c-b0a1-4a12-958a-dcfd45e2e0f7","typename":"Mi nuevo tipo mi nuevo valor"},{"id":"e43bd7b2-f6c4-4994-85bc-a0d30b95b850","typename":"Problemas de Alumbrado"},{"id":"05269505-b463-425a-b5f2-44b201d617ed","typename":"Servicios públicos anidados"}],"model":"TypeClaimModels/getAll"},"timestamp":"2023-08-20 21:05:39"}
{"level":"info","message":{"body":{},"method":"POST","params":"","query":"","url":"/api/typeClaim/getAll"},"timestamp":"2023-08-20 21:07:31"}
{"level":"info","message":{"data":[{"id":"28af3e1d-8af8-47fc-b631-1ac3845e8f14","typename":"Infraestructura y obras públicas"},{"id":"7cc4a9e1-dc6e-4fcb-9475-bc052daad2f7","typename":"Transporte público"},{"id":"280888bb-56af-4bc3-ba07-a1f571dfe30b","typename":"Licencias y permisos"},{"id":"3091e865-f7a9-45b7-b9c0-1839008ffcad","typename":"Ruidos y contaminación"},{"id":"b41841be-14eb-48a2-83c3-91f4ab6ec029","typename":"Problemas de seguridad"},{"id":"c9aec491-50f3-403e-a51e-204c0bb9d4f5","typename":"Problemas de iluminación"},{"id":"0202cb87-b934-48e8-994e-aa49619cc35e","typename":"Problemas de servicios en línea"},{"id":"027d280c-b0a1-4a12-958a-dcfd45e2e0f7","typename":"Mi nuevo tipo mi nuevo valor"},{"id":"e43bd7b2-f6c4-4994-85bc-a0d30b95b850","typename":"Problemas de Alumbrado"},{"id":"05269505-b463-425a-b5f2-44b201d617ed","typename":"Servicios públicos anidados"}],"model":"TypeClaimModels/getAll"},"timestamp":"2023-08-20 21:07:32"}
{"level":"info","message":{"body":{},"method":"POST","params":"","query":"","url":"/api/typeClaim/getAll"},"timestamp":"2023-08-20 21:07:47"}
{"level":"info","message":{"data":[{"id":"28af3e1d-8af8-47fc-b631-1ac3845e8f14","typename":"Infraestructura y obras públicas"},{"id":"7cc4a9e1-dc6e-4fcb-9475-bc052daad2f7","typename":"Transporte público"},{"id":"280888bb-56af-4bc3-ba07-a1f571dfe30b","typename":"Licencias y permisos"},{"id":"3091e865-f7a9-45b7-b9c0-1839008ffcad","typename":"Ruidos y contaminación"},{"id":"b41841be-14eb-48a2-83c3-91f4ab6ec029","typename":"Problemas de seguridad"},{"id":"c9aec491-50f3-403e-a51e-204c0bb9d4f5","typename":"Problemas de iluminación"},{"id":"0202cb87-b934-48e8-994e-aa49619cc35e","typename":"Problemas de servicios en línea"},{"id":"027d280c-b0a1-4a12-958a-dcfd45e2e0f7","typename":"Mi nuevo tipo mi nuevo valor"},{"id":"e43bd7b2-f6c4-4994-85bc-a0d30b95b850","typename":"Problemas de Alumbrado"},{"id":"05269505-b463-425a-b5f2-44b201d617ed","typename":"Servicios públicos anidados"}],"model":"TypeClaimModels/getAll"},"timestamp":"2023-08-20 21:07:48"}
{"level":"info","message":{"body":{},"method":"POST","params":"","query":"","url":"/api/typeClaim/getAll"},"timestamp":"2023-08-20 21:07:48"}
{"level":"info","message":{"data":[{"id":"28af3e1d-8af8-47fc-b631-1ac3845e8f14","typename":"Infraestructura y obras públicas"},{"id":"7cc4a9e1-dc6e-4fcb-9475-bc052daad2f7","typename":"Transporte público"},{"id":"280888bb-56af-4bc3-ba07-a1f571dfe30b","typename":"Licencias y permisos"},{"id":"3091e865-f7a9-45b7-b9c0-1839008ffcad","typename":"Ruidos y contaminación"},{"id":"b41841be-14eb-48a2-83c3-91f4ab6ec029","typename":"Problemas de seguridad"},{"id":"c9aec491-50f3-403e-a51e-204c0bb9d4f5","typename":"Problemas de iluminación"},{"id":"0202cb87-b934-48e8-994e-aa49619cc35e","typename":"Problemas de servicios en línea"},{"id":"027d280c-b0a1-4a12-958a-dcfd45e2e0f7","typename":"Mi nuevo tipo mi nuevo valor"},{"id":"e43bd7b2-f6c4-4994-85bc-a0d30b95b850","typename":"Problemas de Alumbrado"},{"id":"05269505-b463-425a-b5f2-44b201d617ed","typename":"Servicios públicos anidados"}],"model":"TypeClaimModels/getAll"},"timestamp":"2023-08-20 21:07:48"}
{"level":"info","message":{"body":{},"method":"POST","params":"","query":"","url":"/api/typeClaim/getAll"},"timestamp":"2023-08-20 21:08:11"}
{"level":"info","message":{"data":[{"id":"28af3e1d-8af8-47fc-b631-1ac3845e8f14","typename":"Infraestructura y obras públicas"},{"id":"7cc4a9e1-dc6e-4fcb-9475-bc052daad2f7","typename":"Transporte público"},{"id":"280888bb-56af-4bc3-ba07-a1f571dfe30b","typename":"Licencias y permisos"},{"id":"3091e865-f7a9-45b7-b9c0-1839008ffcad","typename":"Ruidos y contaminación"},{"id":"b41841be-14eb-48a2-83c3-91f4ab6ec029","typename":"Problemas de seguridad"},{"id":"c9aec491-50f3-403e-a51e-204c0bb9d4f5","typename":"Problemas de iluminación"},{"id":"0202cb87-b934-48e8-994e-aa49619cc35e","typename":"Problemas de servicios en línea"},{"id":"027d280c-b0a1-4a12-958a-dcfd45e2e0f7","typename":"Mi nuevo tipo mi nuevo valor"},{"id":"e43bd7b2-f6c4-4994-85bc-a0d30b95b850","typename":"Problemas de Alumbrado"},{"id":"05269505-b463-425a-b5f2-44b201d617ed","typename":"Servicios públicos anidados"}],"model":"TypeClaimModels/getAll"},"timestamp":"2023-08-20 21:08:12"}
{"level":"info","message":{"body":{},"method":"POST","params":"","query":"","url":"/api/typeClaim/getAll"},"timestamp":"2023-08-20 21:08:23"}
{"level":"info","message":{"data":[{"id":"28af3e1d-8af8-47fc-b631-1ac3845e8f14","typename":"Infraestructura y obras públicas"},{"id":"7cc4a9e1-dc6e-4fcb-9475-bc052daad2f7","typename":"Transporte público"},{"id":"280888bb-56af-4bc3-ba07-a1f571dfe30b","typename":"Licencias y permisos"},{"id":"3091e865-f7a9-45b7-b9c0-1839008ffcad","typename":"Ruidos y contaminación"},{"id":"b41841be-14eb-48a2-83c3-91f4ab6ec029","typename":"Problemas de seguridad"},{"id":"c9aec491-50f3-403e-a51e-204c0bb9d4f5","typename":"Problemas de iluminación"},{"id":"0202cb87-b934-48e8-994e-aa49619cc35e","typename":"Problemas de servicios en línea"},{"id":"027d280c-b0a1-4a12-958a-dcfd45e2e0f7","typename":"Mi nuevo tipo mi nuevo valor"},{"id":"e43bd7b2-f6c4-4994-85bc-a0d30b95b850","typename":"Problemas de Alumbrado"},{"id":"05269505-b463-425a-b5f2-44b201d617ed","typename":"Servicios públicos anidados"}],"model":"TypeClaimModels/getAll"},"timestamp":"2023-08-20 21:08:24"}
{"level":"info","message":{"body":{},"method":"POST","params":"","query":"","url":"/api/typeClaim/getAll"},"timestamp":"2023-08-20 21:09:00"}
{"level":"info","message":{"data":[{"id":"28af3e1d-8af8-47fc-b631-1ac3845e8f14","typename":"Infraestructura y obras públicas"},{"id":"7cc4a9e1-dc6e-4fcb-9475-bc052daad2f7","typename":"Transporte público"},{"id":"280888bb-56af-4bc3-ba07-a1f571dfe30b","typename":"Licencias y permisos"},{"id":"3091e865-f7a9-45b7-b9c0-1839008ffcad","typename":"Ruidos y contaminación"},{"id":"b41841be-14eb-48a2-83c3-91f4ab6ec029","typename":"Problemas de seguridad"},{"id":"c9aec491-50f3-403e-a51e-204c0bb9d4f5","typename":"Problemas de iluminación"},{"id":"0202cb87-b934-48e8-994e-aa49619cc35e","typename":"Problemas de servicios en línea"},{"id":"027d280c-b0a1-4a12-958a-dcfd45e2e0f7","typename":"Mi nuevo tipo mi nuevo valor"},{"id":"e43bd7b2-f6c4-4994-85bc-a0d30b95b850","typename":"Problemas de Alumbrado"},{"id":"05269505-b463-425a-b5f2-44b201d617ed","typename":"Servicios públicos anidados"}],"model":"TypeClaimModels/getAll"},"timestamp":"2023-08-20 21:09:02"}
{"level":"info","message":{"body":{},"method":"POST","params":"","query":"","url":"/api/typeClaim/getAll"},"timestamp":"2023-08-20 21:09:03"}
{"level":"info","message":{"data":[{"id":"28af3e1d-8af8-47fc-b631-1ac3845e8f14","typename":"Infraestructura y obras públicas"},{"id":"7cc4a9e1-dc6e-4fcb-9475-bc052daad2f7","typename":"Transporte público"},{"id":"280888bb-56af-4bc3-ba07-a1f571dfe30b","typename":"Licencias y permisos"},{"id":"3091e865-f7a9-45b7-b9c0-1839008ffcad","typename":"Ruidos y contaminación"},{"id":"b41841be-14eb-48a2-83c3-91f4ab6ec029","typename":"Problemas de seguridad"},{"id":"c9aec491-50f3-403e-a51e-204c0bb9d4f5","typename":"Problemas de iluminación"},{"id":"0202cb87-b934-48e8-994e-aa49619cc35e","typename":"Problemas de servicios en línea"},{"id":"027d280c-b0a1-4a12-958a-dcfd45e2e0f7","typename":"Mi nuevo tipo mi nuevo valor"},{"id":"e43bd7b2-f6c4-4994-85bc-a0d30b95b850","typename":"Problemas de Alumbrado"},{"id":"05269505-b463-425a-b5f2-44b201d617ed","typename":"Servicios públicos anidados"}],"model":"TypeClaimModels/getAll"},"timestamp":"2023-08-20 21:09:03"}
{"level":"info","message":{"body":{},"method":"POST","params":"","query":"","url":"/api/typeClaim/getAll"},"timestamp":"2023-08-20 21:09:04"}
{"level":"info","message":{"data":[{"id":"28af3e1d-8af8-47fc-b631-1ac3845e8f14","typename":"Infraestructura y obras públicas"},{"id":"7cc4a9e1-dc6e-4fcb-9475-bc052daad2f7","typename":"Transporte público"},{"id":"280888bb-56af-4bc3-ba07-a1f571dfe30b","typename":"Licencias y permisos"},{"id":"3091e865-f7a9-45b7-b9c0-1839008ffcad","typename":"Ruidos y contaminación"},{"id":"b41841be-14eb-48a2-83c3-91f4ab6ec029","typename":"Problemas de seguridad"},{"id":"c9aec491-50f3-403e-a51e-204c0bb9d4f5","typename":"Problemas de iluminación"},{"id":"0202cb87-b934-48e8-994e-aa49619cc35e","typename":"Problemas de servicios en línea"},{"id":"027d280c-b0a1-4a12-958a-dcfd45e2e0f7","typename":"Mi nuevo tipo mi nuevo valor"},{"id":"e43bd7b2-f6c4-4994-85bc-a0d30b95b850","typename":"Problemas de Alumbrado"},{"id":"05269505-b463-425a-b5f2-44b201d617ed","typename":"Servicios públicos anidados"}],"model":"TypeClaimModels/getAll"},"timestamp":"2023-08-20 21:09:04"}
{"level":"info","message":{"body":{},"method":"POST","params":"","query":"","url":"/api/typeClaim/getAll"},"timestamp":"2023-08-20 21:11:13"}
{"level":"info","message":{"body":{},"method":"POST","params":"","query":"","url":"/api/typeClaim/getAll"},"timestamp":"2023-08-20 21:11:13"}
{"level":"info","message":{"data":[{"id":"28af3e1d-8af8-47fc-b631-1ac3845e8f14","typename":"Infraestructura y obras públicas"},{"id":"7cc4a9e1-dc6e-4fcb-9475-bc052daad2f7","typename":"Transporte público"},{"id":"280888bb-56af-4bc3-ba07-a1f571dfe30b","typename":"Licencias y permisos"},{"id":"3091e865-f7a9-45b7-b9c0-1839008ffcad","typename":"Ruidos y contaminación"},{"id":"b41841be-14eb-48a2-83c3-91f4ab6ec029","typename":"Problemas de seguridad"},{"id":"c9aec491-50f3-403e-a51e-204c0bb9d4f5","typename":"Problemas de iluminación"},{"id":"0202cb87-b934-48e8-994e-aa49619cc35e","typename":"Problemas de servicios en línea"},{"id":"027d280c-b0a1-4a12-958a-dcfd45e2e0f7","typename":"Mi nuevo tipo mi nuevo valor"},{"id":"e43bd7b2-f6c4-4994-85bc-a0d30b95b850","typename":"Problemas de Alumbrado"},{"id":"05269505-b463-425a-b5f2-44b201d617ed","typename":"Servicios públicos anidados"}],"model":"TypeClaimModels/getAll"},"timestamp":"2023-08-20 21:11:14"}
{"level":"info","message":{"data":[{"id":"28af3e1d-8af8-47fc-b631-1ac3845e8f14","typename":"Infraestructura y obras públicas"},{"id":"7cc4a9e1-dc6e-4fcb-9475-bc052daad2f7","typename":"Transporte público"},{"id":"280888bb-56af-4bc3-ba07-a1f571dfe30b","typename":"Licencias y permisos"},{"id":"3091e865-f7a9-45b7-b9c0-1839008ffcad","typename":"Ruidos y contaminación"},{"id":"b41841be-14eb-48a2-83c3-91f4ab6ec029","typename":"Problemas de seguridad"},{"id":"c9aec491-50f3-403e-a51e-204c0bb9d4f5","typename":"Problemas de iluminación"},{"id":"0202cb87-b934-48e8-994e-aa49619cc35e","typename":"Problemas de servicios en línea"},{"id":"027d280c-b0a1-4a12-958a-dcfd45e2e0f7","typename":"Mi nuevo tipo mi nuevo valor"},{"id":"e43bd7b2-f6c4-4994-85bc-a0d30b95b850","typename":"Problemas de Alumbrado"},{"id":"05269505-b463-425a-b5f2-44b201d617ed","typename":"Servicios públicos anidados"}],"model":"TypeClaimModels/getAll"},"timestamp":"2023-08-20 21:11:14"}
{"level":"info","message":{"body":{},"method":"POST","params":"","query":"","url":"/api/typeClaim/getAll"},"timestamp":"2023-08-20 21:11:47"}
{"level":"info","message":{"body":{},"method":"POST","params":"","query":"","url":"/api/typeClaim/getAll"},"timestamp":"2023-08-20 21:11:47"}
{"level":"info","message":{"data":[{"id":"28af3e1d-8af8-47fc-b631-1ac3845e8f14","typename":"Infraestructura y obras públicas"},{"id":"7cc4a9e1-dc6e-4fcb-9475-bc052daad2f7","typename":"Transporte público"},{"id":"280888bb-56af-4bc3-ba07-a1f571dfe30b","typename":"Licencias y permisos"},{"id":"3091e865-f7a9-45b7-b9c0-1839008ffcad","typename":"Ruidos y contaminación"},{"id":"b41841be-14eb-48a2-83c3-91f4ab6ec029","typename":"Problemas de seguridad"},{"id":"c9aec491-50f3-403e-a51e-204c0bb9d4f5","typename":"Problemas de iluminación"},{"id":"0202cb87-b934-48e8-994e-aa49619cc35e","typename":"Problemas de servicios en línea"},{"id":"027d280c-b0a1-4a12-958a-dcfd45e2e0f7","typename":"Mi nuevo tipo mi nuevo valor"},{"id":"e43bd7b2-f6c4-4994-85bc-a0d30b95b850","typename":"Problemas de Alumbrado"},{"id":"05269505-b463-425a-b5f2-44b201d617ed","typename":"Servicios públicos anidados"}],"model":"TypeClaimModels/getAll"},"timestamp":"2023-08-20 21:11:49"}
{"level":"info","message":{"data":[{"id":"28af3e1d-8af8-47fc-b631-1ac3845e8f14","typename":"Infraestructura y obras públicas"},{"id":"7cc4a9e1-dc6e-4fcb-9475-bc052daad2f7","typename":"Transporte público"},{"id":"280888bb-56af-4bc3-ba07-a1f571dfe30b","typename":"Licencias y permisos"},{"id":"3091e865-f7a9-45b7-b9c0-1839008ffcad","typename":"Ruidos y contaminación"},{"id":"b41841be-14eb-48a2-83c3-91f4ab6ec029","typename":"Problemas de seguridad"},{"id":"c9aec491-50f3-403e-a51e-204c0bb9d4f5","typename":"Problemas de iluminación"},{"id":"0202cb87-b934-48e8-994e-aa49619cc35e","typename":"Problemas de servicios en línea"},{"id":"027d280c-b0a1-4a12-958a-dcfd45e2e0f7","typename":"Mi nuevo tipo mi nuevo valor"},{"id":"e43bd7b2-f6c4-4994-85bc-a0d30b95b850","typename":"Problemas de Alumbrado"},{"id":"05269505-b463-425a-b5f2-44b201d617ed","typename":"Servicios públicos anidados"}],"model":"TypeClaimModels/getAll"},"timestamp":"2023-08-20 21:11:49"}
{"level":"info","message":{"body":{},"method":"POST","params":"","query":"","url":"/api/typeClaim/getAll"},"timestamp":"2023-08-20 21:12:48"}
{"level":"info","message":{"body":{},"method":"POST","params":"","query":"","url":"/api/typeClaim/getAll"},"timestamp":"2023-08-20 21:12:48"}
{"level":"info","message":{"body":{},"method":"POST","params":"","query":"","url":"/api/typeClaim/getAll"},"timestamp":"2023-08-20 21:12:49"}
{"level":"info","message":{"data":[{"id":"28af3e1d-8af8-47fc-b631-1ac3845e8f14","typename":"Infraestructura y obras públicas"},{"id":"7cc4a9e1-dc6e-4fcb-9475-bc052daad2f7","typename":"Transporte público"},{"id":"280888bb-56af-4bc3-ba07-a1f571dfe30b","typename":"Licencias y permisos"},{"id":"3091e865-f7a9-45b7-b9c0-1839008ffcad","typename":"Ruidos y contaminación"},{"id":"b41841be-14eb-48a2-83c3-91f4ab6ec029","typename":"Problemas de seguridad"},{"id":"c9aec491-50f3-403e-a51e-204c0bb9d4f5","typename":"Problemas de iluminación"},{"id":"0202cb87-b934-48e8-994e-aa49619cc35e","typename":"Problemas de servicios en línea"},{"id":"027d280c-b0a1-4a12-958a-dcfd45e2e0f7","typename":"Mi nuevo tipo mi nuevo valor"},{"id":"e43bd7b2-f6c4-4994-85bc-a0d30b95b850","typename":"Problemas de Alumbrado"},{"id":"05269505-b463-425a-b5f2-44b201d617ed","typename":"Servicios públicos anidados"}],"model":"TypeClaimModels/getAll"},"timestamp":"2023-08-20 21:12:49"}
{"level":"info","message":{"data":[{"id":"28af3e1d-8af8-47fc-b631-1ac3845e8f14","typename":"Infraestructura y obras públicas"},{"id":"7cc4a9e1-dc6e-4fcb-9475-bc052daad2f7","typename":"Transporte público"},{"id":"280888bb-56af-4bc3-ba07-a1f571dfe30b","typename":"Licencias y permisos"},{"id":"3091e865-f7a9-45b7-b9c0-1839008ffcad","typename":"Ruidos y contaminación"},{"id":"b41841be-14eb-48a2-83c3-91f4ab6ec029","typename":"Problemas de seguridad"},{"id":"c9aec491-50f3-403e-a51e-204c0bb9d4f5","typename":"Problemas de iluminación"},{"id":"0202cb87-b934-48e8-994e-aa49619cc35e","typename":"Problemas de servicios en línea"},{"id":"027d280c-b0a1-4a12-958a-dcfd45e2e0f7","typename":"Mi nuevo tipo mi nuevo valor"},{"id":"e43bd7b2-f6c4-4994-85bc-a0d30b95b850","typename":"Problemas de Alumbrado"},{"id":"05269505-b463-425a-b5f2-44b201d617ed","typename":"Servicios públicos anidados"}],"model":"TypeClaimModels/getAll"},"timestamp":"2023-08-20 21:12:49"}
{"level":"info","message":{"data":[{"id":"28af3e1d-8af8-47fc-b631-1ac3845e8f14","typename":"Infraestructura y obras públicas"},{"id":"7cc4a9e1-dc6e-4fcb-9475-bc052daad2f7","typename":"Transporte público"},{"id":"280888bb-56af-4bc3-ba07-a1f571dfe30b","typename":"Licencias y permisos"},{"id":"3091e865-f7a9-45b7-b9c0-1839008ffcad","typename":"Ruidos y contaminación"},{"id":"b41841be-14eb-48a2-83c3-91f4ab6ec029","typename":"Problemas de seguridad"},{"id":"c9aec491-50f3-403e-a51e-204c0bb9d4f5","typename":"Problemas de iluminación"},{"id":"0202cb87-b934-48e8-994e-aa49619cc35e","typename":"Problemas de servicios en línea"},{"id":"027d280c-b0a1-4a12-958a-dcfd45e2e0f7","typename":"Mi nuevo tipo mi nuevo valor"},{"id":"e43bd7b2-f6c4-4994-85bc-a0d30b95b850","typename":"Problemas de Alumbrado"},{"id":"05269505-b463-425a-b5f2-44b201d617ed","typename":"Servicios públicos anidados"}],"model":"TypeClaimModels/getAll"},"timestamp":"2023-08-20 21:12:50"}
{"level":"info","message":{"body":{},"method":"POST","params":"","query":"","url":"/api/typeClaim/getAll"},"timestamp":"2023-08-20 21:13:08"}
{"level":"info","message":{"data":[{"id":"28af3e1d-8af8-47fc-b631-1ac3845e8f14","typename":"Infraestructura y obras públicas"},{"id":"7cc4a9e1-dc6e-4fcb-9475-bc052daad2f7","typename":"Transporte público"},{"id":"280888bb-56af-4bc3-ba07-a1f571dfe30b","typename":"Licencias y permisos"},{"id":"3091e865-f7a9-45b7-b9c0-1839008ffcad","typename":"Ruidos y contaminación"},{"id":"b41841be-14eb-48a2-83c3-91f4ab6ec029","typename":"Problemas de seguridad"},{"id":"c9aec491-50f3-403e-a51e-204c0bb9d4f5","typename":"Problemas de iluminación"},{"id":"0202cb87-b934-48e8-994e-aa49619cc35e","typename":"Problemas de servicios en línea"},{"id":"027d280c-b0a1-4a12-958a-dcfd45e2e0f7","typename":"Mi nuevo tipo mi nuevo valor"},{"id":"e43bd7b2-f6c4-4994-85bc-a0d30b95b850","typename":"Problemas de Alumbrado"},{"id":"05269505-b463-425a-b5f2-44b201d617ed","typename":"Servicios públicos anidados"}],"model":"TypeClaimModels/getAll"},"timestamp":"2023-08-20 21:13:09"}
{"level":"info","message":{"body":{},"method":"POST","params":"","query":"","url":"/api/typeClaim/getAll"},"timestamp":"2023-08-20 21:13:19"}
{"level":"info","message":{"body":{},"method":"POST","params":"","query":"","url":"/api/typeClaim/getAll"},"timestamp":"2023-08-20 21:13:19"}
{"level":"info","message":{"data":[{"id":"28af3e1d-8af8-47fc-b631-1ac3845e8f14","typename":"Infraestructura y obras públicas"},{"id":"7cc4a9e1-dc6e-4fcb-9475-bc052daad2f7","typename":"Transporte público"},{"id":"280888bb-56af-4bc3-ba07-a1f571dfe30b","typename":"Licencias y permisos"},{"id":"3091e865-f7a9-45b7-b9c0-1839008ffcad","typename":"Ruidos y contaminación"},{"id":"b41841be-14eb-48a2-83c3-91f4ab6ec029","typename":"Problemas de seguridad"},{"id":"c9aec491-50f3-403e-a51e-204c0bb9d4f5","typename":"Problemas de iluminación"},{"id":"0202cb87-b934-48e8-994e-aa49619cc35e","typename":"Problemas de servicios en línea"},{"id":"027d280c-b0a1-4a12-958a-dcfd45e2e0f7","typename":"Mi nuevo tipo mi nuevo valor"},{"id":"e43bd7b2-f6c4-4994-85bc-a0d30b95b850","typename":"Problemas de Alumbrado"},{"id":"05269505-b463-425a-b5f2-44b201d617ed","typename":"Servicios públicos anidados"}],"model":"TypeClaimModels/getAll"},"timestamp":"2023-08-20 21:13:19"}
{"level":"info","message":{"data":[{"id":"28af3e1d-8af8-47fc-b631-1ac3845e8f14","typename":"Infraestructura y obras públicas"},{"id":"7cc4a9e1-dc6e-4fcb-9475-bc052daad2f7","typename":"Transporte público"},{"id":"280888bb-56af-4bc3-ba07-a1f571dfe30b","typename":"Licencias y permisos"},{"id":"3091e865-f7a9-45b7-b9c0-1839008ffcad","typename":"Ruidos y contaminación"},{"id":"b41841be-14eb-48a2-83c3-91f4ab6ec029","typename":"Problemas de seguridad"},{"id":"c9aec491-50f3-403e-a51e-204c0bb9d4f5","typename":"Problemas de iluminación"},{"id":"0202cb87-b934-48e8-994e-aa49619cc35e","typename":"Problemas de servicios en línea"},{"id":"027d280c-b0a1-4a12-958a-dcfd45e2e0f7","typename":"Mi nuevo tipo mi nuevo valor"},{"id":"e43bd7b2-f6c4-4994-85bc-a0d30b95b850","typename":"Problemas de Alumbrado"},{"id":"05269505-b463-425a-b5f2-44b201d617ed","typename":"Servicios públicos anidados"}],"model":"TypeClaimModels/getAll"},"timestamp":"2023-08-20 21:13:20"}
{"level":"info","message":{"body":{},"method":"POST","params":"","query":"","url":"/api/typeClaim/getAll"},"timestamp":"2023-08-20 21:16:30"}
{"level":"info","message":{"body":{},"method":"POST","params":"","query":"","url":"/api/typeClaim/getAll"},"timestamp":"2023-08-20 21:16:30"}
{"level":"info","message":{"data":[{"id":"28af3e1d-8af8-47fc-b631-1ac3845e8f14","typename":"Infraestructura y obras públicas"},{"id":"7cc4a9e1-dc6e-4fcb-9475-bc052daad2f7","typename":"Transporte público"},{"id":"280888bb-56af-4bc3-ba07-a1f571dfe30b","typename":"Licencias y permisos"},{"id":"3091e865-f7a9-45b7-b9c0-1839008ffcad","typename":"Ruidos y contaminación"},{"id":"b41841be-14eb-48a2-83c3-91f4ab6ec029","typename":"Problemas de seguridad"},{"id":"c9aec491-50f3-403e-a51e-204c0bb9d4f5","typename":"Problemas de iluminación"},{"id":"0202cb87-b934-48e8-994e-aa49619cc35e","typename":"Problemas de servicios en línea"},{"id":"027d280c-b0a1-4a12-958a-dcfd45e2e0f7","typename":"Mi nuevo tipo mi nuevo valor"},{"id":"e43bd7b2-f6c4-4994-85bc-a0d30b95b850","typename":"Problemas de Alumbrado"},{"id":"05269505-b463-425a-b5f2-44b201d617ed","typename":"Servicios públicos anidados"}],"model":"TypeClaimModels/getAll"},"timestamp":"2023-08-20 21:16:31"}
{"level":"info","message":{"data":[{"id":"28af3e1d-8af8-47fc-b631-1ac3845e8f14","typename":"Infraestructura y obras públicas"},{"id":"7cc4a9e1-dc6e-4fcb-9475-bc052daad2f7","typename":"Transporte público"},{"id":"280888bb-56af-4bc3-ba07-a1f571dfe30b","typename":"Licencias y permisos"},{"id":"3091e865-f7a9-45b7-b9c0-1839008ffcad","typename":"Ruidos y contaminación"},{"id":"b41841be-14eb-48a2-83c3-91f4ab6ec029","typename":"Problemas de seguridad"},{"id":"c9aec491-50f3-403e-a51e-204c0bb9d4f5","typename":"Problemas de iluminación"},{"id":"0202cb87-b934-48e8-994e-aa49619cc35e","typename":"Problemas de servicios en línea"},{"id":"027d280c-b0a1-4a12-958a-dcfd45e2e0f7","typename":"Mi nuevo tipo mi nuevo valor"},{"id":"e43bd7b2-f6c4-4994-85bc-a0d30b95b850","typename":"Problemas de Alumbrado"},{"id":"05269505-b463-425a-b5f2-44b201d617ed","typename":"Servicios públicos anidados"}],"model":"TypeClaimModels/getAll"},"timestamp":"2023-08-20 21:16:31"}
{"level":"info","message":{"body":{},"method":"POST","params":"","query":"","url":"/api/typeClaim/getAll"},"timestamp":"2023-08-20 21:16:43"}
{"level":"info","message":{"body":{},"method":"POST","params":"","query":"","url":"/api/typeClaim/getAll"},"timestamp":"2023-08-20 21:16:43"}
{"level":"info","message":{"data":[{"id":"28af3e1d-8af8-47fc-b631-1ac3845e8f14","typename":"Infraestructura y obras públicas"},{"id":"7cc4a9e1-dc6e-4fcb-9475-bc052daad2f7","typename":"Transporte público"},{"id":"280888bb-56af-4bc3-ba07-a1f571dfe30b","typename":"Licencias y permisos"},{"id":"3091e865-f7a9-45b7-b9c0-1839008ffcad","typename":"Ruidos y contaminación"},{"id":"b41841be-14eb-48a2-83c3-91f4ab6ec029","typename":"Problemas de seguridad"},{"id":"c9aec491-50f3-403e-a51e-204c0bb9d4f5","typename":"Problemas de iluminación"},{"id":"0202cb87-b934-48e8-994e-aa49619cc35e","typename":"Problemas de servicios en línea"},{"id":"027d280c-b0a1-4a12-958a-dcfd45e2e0f7","typename":"Mi nuevo tipo mi nuevo valor"},{"id":"e43bd7b2-f6c4-4994-85bc-a0d30b95b850","typename":"Problemas de Alumbrado"},{"id":"05269505-b463-425a-b5f2-44b201d617ed","typename":"Servicios públicos anidados"}],"model":"TypeClaimModels/getAll"},"timestamp":"2023-08-20 21:16:45"}
{"level":"info","message":{"data":[{"id":"28af3e1d-8af8-47fc-b631-1ac3845e8f14","typename":"Infraestructura y obras públicas"},{"id":"7cc4a9e1-dc6e-4fcb-9475-bc052daad2f7","typename":"Transporte público"},{"id":"280888bb-56af-4bc3-ba07-a1f571dfe30b","typename":"Licencias y permisos"},{"id":"3091e865-f7a9-45b7-b9c0-1839008ffcad","typename":"Ruidos y contaminación"},{"id":"b41841be-14eb-48a2-83c3-91f4ab6ec029","typename":"Problemas de seguridad"},{"id":"c9aec491-50f3-403e-a51e-204c0bb9d4f5","typename":"Problemas de iluminación"},{"id":"0202cb87-b934-48e8-994e-aa49619cc35e","typename":"Problemas de servicios en línea"},{"id":"027d280c-b0a1-4a12-958a-dcfd45e2e0f7","typename":"Mi nuevo tipo mi nuevo valor"},{"id":"e43bd7b2-f6c4-4994-85bc-a0d30b95b850","typename":"Problemas de Alumbrado"},{"id":"05269505-b463-425a-b5f2-44b201d617ed","typename":"Servicios públicos anidados"}],"model":"TypeClaimModels/getAll"},"timestamp":"2023-08-20 21:16:45"}
{"level":"info","message":"API listening port 5400","timestamp":"2023-08-20 23:01:51"}
{"level":"info","message":"Connect Database","timestamp":"2023-08-20 23:01:52"}
{"level":"info","message":"API listening port 5400","timestamp":"2023-08-20 23:44:58"}
{"level":"info","message":"Connect Database","timestamp":"2023-08-20 23:44:59"}
{"level":"info","message":{"body":{},"method":"POST","params":"","query":"","url":"/api/typeClaim/getAll"},"timestamp":"2023-08-20 23:45:18"}
{"level":"info","message":{"body":{},"method":"POST","params":"","query":"","url":"/api/typeClaim/getAll"},"timestamp":"2023-08-20 23:45:18"}
{"level":"info","message":{"data":[{"id":"28af3e1d-8af8-47fc-b631-1ac3845e8f14","typename":"Infraestructura y obras públicas"},{"id":"7cc4a9e1-dc6e-4fcb-9475-bc052daad2f7","typename":"Transporte público"},{"id":"280888bb-56af-4bc3-ba07-a1f571dfe30b","typename":"Licencias y permisos"},{"id":"3091e865-f7a9-45b7-b9c0-1839008ffcad","typename":"Ruidos y contaminación"},{"id":"b41841be-14eb-48a2-83c3-91f4ab6ec029","typename":"Problemas de seguridad"},{"id":"c9aec491-50f3-403e-a51e-204c0bb9d4f5","typename":"Problemas de iluminación"},{"id":"0202cb87-b934-48e8-994e-aa49619cc35e","typename":"Problemas de servicios en línea"},{"id":"027d280c-b0a1-4a12-958a-dcfd45e2e0f7","typename":"Mi nuevo tipo mi nuevo valor"},{"id":"e43bd7b2-f6c4-4994-85bc-a0d30b95b850","typename":"Problemas de Alumbrado"},{"id":"05269505-b463-425a-b5f2-44b201d617ed","typename":"Servicios públicos anidados"}],"model":"TypeClaimModels/getAll"},"timestamp":"2023-08-20 23:45:19"}
{"level":"info","message":{"data":[{"id":"28af3e1d-8af8-47fc-b631-1ac3845e8f14","typename":"Infraestructura y obras públicas"},{"id":"7cc4a9e1-dc6e-4fcb-9475-bc052daad2f7","typename":"Transporte público"},{"id":"280888bb-56af-4bc3-ba07-a1f571dfe30b","typename":"Licencias y permisos"},{"id":"3091e865-f7a9-45b7-b9c0-1839008ffcad","typename":"Ruidos y contaminación"},{"id":"b41841be-14eb-48a2-83c3-91f4ab6ec029","typename":"Problemas de seguridad"},{"id":"c9aec491-50f3-403e-a51e-204c0bb9d4f5","typename":"Problemas de iluminación"},{"id":"0202cb87-b934-48e8-994e-aa49619cc35e","typename":"Problemas de servicios en línea"},{"id":"027d280c-b0a1-4a12-958a-dcfd45e2e0f7","typename":"Mi nuevo tipo mi nuevo valor"},{"id":"e43bd7b2-f6c4-4994-85bc-a0d30b95b850","typename":"Problemas de Alumbrado"},{"id":"05269505-b463-425a-b5f2-44b201d617ed","typename":"Servicios públicos anidados"}],"model":"TypeClaimModels/getAll"},"timestamp":"2023-08-20 23:45:19"}
{"level":"info","message":{"body":"","method":"GET","params":{},"query":{},"url":"/api/claim/getAll"},"timestamp":"2023-08-20 23:45:33"}
{"level":"info","message":{"body":"","method":"GET","params":{},"query":{},"url":"/api/claim/getAll"},"timestamp":"2023-08-20 23:45:36"}
{"level":"info","message":"API listening port 5400","timestamp":"2023-08-20 23:58:29"}
{"level":"info","message":"Connect Database","timestamp":"2023-08-20 23:58:30"}
{"level":"info","message":{"body":{"email":"portalreclamo@gmail.com","password":"admin"},"method":"POST","params":"","query":"","url":"/api/user/validate"},"timestamp":"2023-08-20 23:58:31"}
{"level":"info","message":"API listening port 5400","timestamp":"2023-08-21 00:05:35"}
{"level":"info","message":"Connect Database","timestamp":"2023-08-21 00:05:37"}
{"level":"info","message":{"body":{"email":"portalreclamo@gmail.com","password":"admin"},"method":"POST","params":"","query":"","url":"/api/user/validate"},"timestamp":"2023-08-21 00:05:41"}
{"level":"info","message":{"body":{"email":"portalreclamo@gmail.com","maternallastname":"Principal","name":"PortalReclamo","paternallastname":"Usuario","phone":"957902342","rut":"11.111.111-1"},"method":"POST","params":"","query":"","url":"/api/person/create"},"timestamp":"2023-08-21 00:06:16"}
{"level":"info","message":{"data":{"email":"portalreclamo@gmail.com","id":"2c4e9964-4d34-4c99-8fea-9ed72ce7588e","maternallastname":"Principal","name":"PortalReclamo","paternallastname":"Usuario","phone":"957902342","rut":"11.111.111-1"},"model":"Person/create"},"timestamp":"2023-08-21 00:06:17"}
{"level":"info","message":{"body":{"email":"portalreclamo@gmail.com","password":"admin"},"method":"POST","params":"","query":"","url":"/api/user/validate"},"timestamp":"2023-08-21 00:06:36"}
{"level":"info","message":"API listening port 5400","timestamp":"2023-08-21 00:11:11"}
{"level":"info","message":"Connect Database","timestamp":"2023-08-21 00:11:12"}
{"level":"info","message":"API listening port 5400","timestamp":"2023-08-21 00:11:25"}
{"level":"info","message":"Connect Database","timestamp":"2023-08-21 00:11:26"}
{"level":"info","message":"API listening port 5400","timestamp":"2023-08-21 00:11:30"}
{"level":"info","message":"Connect Database","timestamp":"2023-08-21 00:11:32"}
{"level":"info","message":"API listening port 5400","timestamp":"2023-08-21 00:11:36"}
{"level":"info","message":"Connect Database","timestamp":"2023-08-21 00:11:36"}
{"level":"info","message":"API listening port 5400","timestamp":"2023-08-21 00:11:57"}
{"level":"info","message":"Connect Database","timestamp":"2023-08-21 00:11:58"}
{"level":"info","message":"API listening port 5400","timestamp":"2023-08-21 00:12:11"}
{"level":"info","message":"Connect Database","timestamp":"2023-08-21 00:12:12"}
{"level":"info","message":"API listening port 5400","timestamp":"2023-08-21 00:12:17"}
{"level":"info","message":"Connect Database","timestamp":"2023-08-21 00:12:18"}
{"level":"info","message":"API listening port 5400","timestamp":"2023-08-21 00:12:29"}
{"level":"info","message":"Connect Database","timestamp":"2023-08-21 00:12:31"}
{"level":"info","message":"API listening port 5400","timestamp":"2023-08-21 00:12:41"}
{"level":"info","message":"Connect Database","timestamp":"2023-08-21 00:12:42"}
{"level":"info","message":"API listening port 5400","timestamp":"2023-08-21 00:12:46"}
{"level":"info","message":"Connect Database","timestamp":"2023-08-21 00:12:47"}
{"level":"info","message":"API listening port 5400","timestamp":"2023-08-21 00:19:42"}
{"level":"info","message":"Connect Database","timestamp":"2023-08-21 00:19:43"}
{"level":"info","message":{"body":{"email":"portalreclamo@gmail.com","password":"admin"},"method":"POST","params":"","query":"","url":"/api/user/validate"},"timestamp":"2023-08-21 00:19:46"}
{"level":"info","message":{"body":{"email":"portalreclamo@gmail.com","password":"admin"},"method":"POST","params":"","query":"","url":"/api/user/validate"},"timestamp":"2023-08-21 00:20:28"}
{"level":"info","message":{"body":"","method":"GET","params":{},"query":{},"url":"/api/claim/getAll"},"timestamp":"2023-08-21 00:20:33"}
{"level":"info","message":{"body":"","method":"GET","params":{},"query":{},"url":"/api/claim/getAll"},"timestamp":"2023-08-21 00:20:33"}
{"level":"info","message":{"body":{"claim_id":"66f1e3ca-50af-4186-8cbf-7b12b79f14e6"},"method":"POST","params":"","query":"","url":"/api/claim/getById"},"timestamp":"2023-08-21 00:20:36"}
{"level":"info","message":{"body":{"claim_id":"66f1e3ca-50af-4186-8cbf-7b12b79f14e6"},"method":"POST","params":"","query":"","url":"/api/claim/getById"},"timestamp":"2023-08-21 00:20:36"}
{"level":"info","message":"API listening port 5400","timestamp":"2023-08-21 00:28:59"}
{"level":"info","message":"Connect Database","timestamp":"2023-08-21 00:29:00"}
{"level":"info","message":"API listening port 5400","timestamp":"2023-08-21 00:29:10"}
{"level":"info","message":"Connect Database","timestamp":"2023-08-21 00:29:11"}
{"level":"info","message":"API listening port 5400","timestamp":"2023-08-21 00:29:17"}
{"level":"info","message":"Connect Database","timestamp":"2023-08-21 00:29:18"}
{"level":"info","message":"API listening port 5400","timestamp":"2023-08-21 00:31:15"}
{"level":"info","message":"Connect Database","timestamp":"2023-08-21 00:31:16"}
{"level":"info","message":"API listening port 5400","timestamp":"2023-08-21 00:32:12"}
{"level":"info","message":"Connect Database","timestamp":"2023-08-21 00:32:13"}
{"level":"info","message":"API listening port 5400","timestamp":"2023-08-21 00:32:20"}
{"level":"info","message":"Connect Database","timestamp":"2023-08-21 00:32:21"}
{"level":"info","message":"API listening port 5400","timestamp":"2023-08-21 00:32:31"}
{"level":"info","message":"Connect Database","timestamp":"2023-08-21 00:32:32"}
{"level":"info","message":"API listening port 5400","timestamp":"2023-08-21 00:32:39"}
{"level":"info","message":"Connect Database","timestamp":"2023-08-21 00:32:40"}
{"level":"info","message":"API listening port 5400","timestamp":"2023-08-21 00:34:48"}
{"level":"info","message":"Connect Database","timestamp":"2023-08-21 00:34:49"}
{"level":"info","message":{"body":{"email":"portalreclamo@gmail.com","password":"admin"},"method":"POST","params":"","query":"","url":"/api/user/validate"},"timestamp":"2023-08-21 00:34:59"}
{"level":"info","message":"API listening port 5400","timestamp":"2023-08-21 00:35:16"}
{"level":"info","message":"Connect Database","timestamp":"2023-08-21 00:35:17"}
{"level":"info","message":"API listening port 5400","timestamp":"2023-08-21 00:35:43"}
{"level":"info","message":"Connect Database","timestamp":"2023-08-21 00:35:44"}
{"level":"info","message":{"body":{"claim_id":"66f1e3ca-50af-4186-8cbf-7b12b79f14e6"},"method":"POST","params":"","query":"","url":"/api/claim/getById"},"timestamp":"2023-08-21 00:35:44"}
{"level":"info","message":{"body":{"claim_id":"66f1e3ca-50af-4186-8cbf-7b12b79f14e6"},"method":"POST","params":"","query":"","url":"/api/claim/getById"},"timestamp":"2023-08-21 00:35:44"}
{"level":"info","message":{"body":{"email":"portalreclamo@gmail.com","password":"admin"},"method":"POST","params":"","query":"","url":"/api/user/validate"},"timestamp":"2023-08-21 00:35:56"}
{"level":"info","message":{"body":{"claim_id":"66f1e3ca-50af-4186-8cbf-7b12b79f14e6"},"method":"POST","params":"","query":"","url":"/api/claim/getById"},"timestamp":"2023-08-21 00:35:58"}
{"level":"info","message":{"body":{"claim_id":"66f1e3ca-50af-4186-8cbf-7b12b79f14e6"},"method":"POST","params":"","query":"","url":"/api/claim/getById"},"timestamp":"2023-08-21 00:35:58"}
{"level":"info","message":"API listening port 5400","timestamp":"2023-08-21 00:36:33"}
{"level":"info","message":"Connect Database","timestamp":"2023-08-21 00:36:34"}
{"level":"info","message":{"body":{"email":"portalreclamo@gmail.com","password":"admin"},"method":"POST","params":"","query":"","url":"/api/user/validate"},"timestamp":"2023-08-21 00:36:44"}
{"level":"info","message":{"body":{"claim_id":"66f1e3ca-50af-4186-8cbf-7b12b79f14e6"},"method":"POST","params":"","query":"","url":"/api/claim/getById"},"timestamp":"2023-08-21 00:36:46"}
{"level":"info","message":{"body":{"claim_id":"66f1e3ca-50af-4186-8cbf-7b12b79f14e6"},"method":"POST","params":"","query":"","url":"/api/claim/getById"},"timestamp":"2023-08-21 00:36:46"}
{"level":"info","message":"API listening port 5400","timestamp":"2023-08-21 00:42:42"}
{"level":"info","message":"Connect Database","timestamp":"2023-08-21 00:42:44"}
{"level":"info","message":{"body":{"email":"portalreclamo@gmail.com","password":"admin"},"method":"POST","params":"","query":"","url":"/api/user/validate"},"timestamp":"2023-08-21 00:42:44"}
{"level":"info","message":{"body":{"email":"portalreclamo@gmail.com","maternallastname":"Admin","name":"Portal","paternallastname":"Reclamo","phone":"957902342","rut":"11.111.111-1"},"method":"POST","params":"","query":"","url":"/api/person/create"},"timestamp":"2023-08-21 00:43:49"}
{"level":"info","message":{"data":{"email":"portalreclamo@gmail.com","id":"2c4e9964-4d34-4c99-8fea-9ed72ce7588e","maternallastname":"Admin","name":"Portal","paternallastname":"Reclamo","phone":"957902342","rut":"11.111.111-1"},"model":"Person/create"},"timestamp":"2023-08-21 00:43:50"}
{"level":"info","message":{"body":{"email":"portalreclamo@gmail.com","password":"admin"},"method":"POST","params":"","query":"","url":"/api/user/validate"},"timestamp":"2023-08-21 00:44:07"}
{"level":"info","message":{"body":{},"method":"POST","params":"","query":"","url":"/api/typeClaim/getAll"},"timestamp":"2023-08-21 00:44:56"}
{"level":"info","message":{"body":{},"method":"POST","params":"","query":"","url":"/api/typeClaim/getAll"},"timestamp":"2023-08-21 00:44:56"}
{"level":"info","message":{"data":[{"id":"28af3e1d-8af8-47fc-b631-1ac3845e8f14","typename":"Infraestructura y obras públicas"},{"id":"7cc4a9e1-dc6e-4fcb-9475-bc052daad2f7","typename":"Transporte público"},{"id":"280888bb-56af-4bc3-ba07-a1f571dfe30b","typename":"Licencias y permisos"},{"id":"3091e865-f7a9-45b7-b9c0-1839008ffcad","typename":"Ruidos y contaminación"},{"id":"b41841be-14eb-48a2-83c3-91f4ab6ec029","typename":"Problemas de seguridad"},{"id":"c9aec491-50f3-403e-a51e-204c0bb9d4f5","typename":"Problemas de iluminación"},{"id":"0202cb87-b934-48e8-994e-aa49619cc35e","typename":"Problemas de servicios en línea"},{"id":"027d280c-b0a1-4a12-958a-dcfd45e2e0f7","typename":"Mi nuevo tipo mi nuevo valor"},{"id":"e43bd7b2-f6c4-4994-85bc-a0d30b95b850","typename":"Problemas de Alumbrado"},{"id":"05269505-b463-425a-b5f2-44b201d617ed","typename":"Servicios públicos anidados"}],"model":"TypeClaimModels/getAll"},"timestamp":"2023-08-21 00:44:57"}
{"level":"info","message":{"data":[{"id":"28af3e1d-8af8-47fc-b631-1ac3845e8f14","typename":"Infraestructura y obras públicas"},{"id":"7cc4a9e1-dc6e-4fcb-9475-bc052daad2f7","typename":"Transporte público"},{"id":"280888bb-56af-4bc3-ba07-a1f571dfe30b","typename":"Licencias y permisos"},{"id":"3091e865-f7a9-45b7-b9c0-1839008ffcad","typename":"Ruidos y contaminación"},{"id":"b41841be-14eb-48a2-83c3-91f4ab6ec029","typename":"Problemas de seguridad"},{"id":"c9aec491-50f3-403e-a51e-204c0bb9d4f5","typename":"Problemas de iluminación"},{"id":"0202cb87-b934-48e8-994e-aa49619cc35e","typename":"Problemas de servicios en línea"},{"id":"027d280c-b0a1-4a12-958a-dcfd45e2e0f7","typename":"Mi nuevo tipo mi nuevo valor"},{"id":"e43bd7b2-f6c4-4994-85bc-a0d30b95b850","typename":"Problemas de Alumbrado"},{"id":"05269505-b463-425a-b5f2-44b201d617ed","typename":"Servicios públicos anidados"}],"model":"TypeClaimModels/getAll"},"timestamp":"2023-08-21 00:44:57"}
{"level":"info","message":{"body":"","method":"GET","params":{},"query":{},"url":"/api/claim/getAll"},"timestamp":"2023-08-21 00:44:59"}
{"level":"info","message":{"body":"","method":"GET","params":{},"query":{},"url":"/api/claim/getAll"},"timestamp":"2023-08-21 00:44:59"}
{"level":"info","message":{"body":{"claim_id":"1b46d89d-93ef-490b-955e-588b2948956b"},"method":"POST","params":"","query":"","url":"/api/claim/getById"},"timestamp":"2023-08-21 00:45:03"}
{"level":"info","message":{"body":{"claim_id":"1b46d89d-93ef-490b-955e-588b2948956b"},"method":"POST","params":"","query":"","url":"/api/claim/getById"},"timestamp":"2023-08-21 00:45:03"}
{"level":"info","message":"API listening port 5400","timestamp":"2023-08-21 11:36:14"}
{"level":"info","message":"Connect Database","timestamp":"2023-08-21 11:36:14"}
{"level":"info","message":{"body":{"rut":"27.648.009-K"},"method":"POST","params":"","query":"","url":"/api/person/getByRut"},"timestamp":"2023-08-21 11:38:48"}
{"level":"info","message":{"data":{"email":"quispeabadquispe@gmail.com","id":"0dbdf4ee-27e8-4080-bc1b-779a38c9d9ef","maternallastname":"Huamani","name":"Alexander","paternallastname":"Quispe","phone":"957902342","rut":"27.648.009-K"},"model":"Person/getByRut"},"timestamp":"2023-08-21 11:38:49"}
{"level":"info","message":{"body":{"email":"quispeabadquispe@gmail.com","maternallastname":"Huamani","name":"Alexander","paternallastname":"Quispe","phone":"957902342","rut":"27.648.009-K"},"method":"POST","params":"","query":"","url":"/api/person/create"},"timestamp":"2023-08-21 11:39:30"}
{"level":"info","message":{"body":{},"method":"POST","params":"","query":"","url":"/api/claim/create"},"timestamp":"2023-08-21 11:39:30"}
{"level":"info","message":{"data":{"email":"quispeabadquispe@gmail.com","id":"0dbdf4ee-27e8-4080-bc1b-779a38c9d9ef","maternallastname":"Huamani","name":"Alexander","paternallastname":"Quispe","phone":"957902342","rut":"27.648.009-K"},"model":"Person/create"},"timestamp":"2023-08-21 11:39:31"}
{"level":"info","message":{"data":{"endingdate":"2023-08-21T19:39:30.864Z","id":"7136a55b-cfcd-495b-bef5-60adffadfe70","openingdate":"2023-08-21T19:39:30.864Z"},"model":"ModelClaim/create"},"timestamp":"2023-08-21 11:39:31"}
{"level":"info","message":{"body":{},"method":"POST","params":"","query":"","url":"/api/typeclaim/getAll"},"timestamp":"2023-08-21 11:39:32"}
{"level":"info","message":{"body":{"claim_id":"7136a55b-cfcd-495b-bef5-60adffadfe70"},"method":"POST","params":"","query":"","url":"/api/claim/getById"},"timestamp":"2023-08-21 11:39:32"}
{"level":"info","message":{"body":{},"method":"POST","params":"","query":"","url":"/api/typeclaim/getAll"},"timestamp":"2023-08-21 11:39:32"}
{"level":"info","message":{"data":[{"id":"28af3e1d-8af8-47fc-b631-1ac3845e8f14","typename":"Infraestructura y obras públicas"},{"id":"7cc4a9e1-dc6e-4fcb-9475-bc052daad2f7","typename":"Transporte público"},{"id":"280888bb-56af-4bc3-ba07-a1f571dfe30b","typename":"Licencias y permisos"},{"id":"3091e865-f7a9-45b7-b9c0-1839008ffcad","typename":"Ruidos y contaminación"},{"id":"b41841be-14eb-48a2-83c3-91f4ab6ec029","typename":"Problemas de seguridad"},{"id":"c9aec491-50f3-403e-a51e-204c0bb9d4f5","typename":"Problemas de iluminación"},{"id":"0202cb87-b934-48e8-994e-aa49619cc35e","typename":"Problemas de servicios en línea"},{"id":"027d280c-b0a1-4a12-958a-dcfd45e2e0f7","typename":"Mi nuevo tipo mi nuevo valor"},{"id":"e43bd7b2-f6c4-4994-85bc-a0d30b95b850","typename":"Problemas de Alumbrado"},{"id":"05269505-b463-425a-b5f2-44b201d617ed","typename":"Servicios públicos anidados"}],"model":"TypeClaimModels/getAll"},"timestamp":"2023-08-21 11:39:32"}
{"level":"info","message":{"data":[{"id":"28af3e1d-8af8-47fc-b631-1ac3845e8f14","typename":"Infraestructura y obras públicas"},{"id":"7cc4a9e1-dc6e-4fcb-9475-bc052daad2f7","typename":"Transporte público"},{"id":"280888bb-56af-4bc3-ba07-a1f571dfe30b","typename":"Licencias y permisos"},{"id":"3091e865-f7a9-45b7-b9c0-1839008ffcad","typename":"Ruidos y contaminación"},{"id":"b41841be-14eb-48a2-83c3-91f4ab6ec029","typename":"Problemas de seguridad"},{"id":"c9aec491-50f3-403e-a51e-204c0bb9d4f5","typename":"Problemas de iluminación"},{"id":"0202cb87-b934-48e8-994e-aa49619cc35e","typename":"Problemas de servicios en línea"},{"id":"027d280c-b0a1-4a12-958a-dcfd45e2e0f7","typename":"Mi nuevo tipo mi nuevo valor"},{"id":"e43bd7b2-f6c4-4994-85bc-a0d30b95b850","typename":"Problemas de Alumbrado"},{"id":"05269505-b463-425a-b5f2-44b201d617ed","typename":"Servicios públicos anidados"}],"model":"TypeClaimModels/getAll"},"timestamp":"2023-08-21 11:39:33"}
{"level":"info","message":{"body":{"claim_id":"7136a55b-cfcd-495b-bef5-60adffadfe70"},"method":"POST","params":"","query":"","url":"/api/file/add"},"timestamp":"2023-08-21 11:40:10"}
{"level":"info","message":{"data":{"claim_id":"7136a55b-cfcd-495b-bef5-60adffadfe70"},"model":"file/add"},"timestamp":"2023-08-21 11:40:15"}
{"level":"info","message":{"body":{"claim_body":"Me dirijo a ustedes con el fin de expresar mi preocupación y descontento respecto al servicio de recolección de basura en mi zona. En repetidas ocasiones, he notado retrasos significativos en la recogida de residuos, lo que está generando acumulación de basura en las calles y espacios públicos.","claim_id":"7136a55b-cfcd-495b-bef5-60adffadfe70","person_id":"0dbdf4ee-27e8-4080-bc1b-779a38c9d9ef","type_id":"28af3e1d-8af8-47fc-b631-1ac3845e8f14"},"method":"POST","params":"","query":"","url":"/api/claimDetail/create"},"timestamp":"2023-08-21 11:40:33"}
{"level":"info","message":{"body":{"claim_id":"7136a55b-cfcd-495b-bef5-60adffadfe70"},"method":"POST","params":"","query":"","url":"/api/claim/getById"},"timestamp":"2023-08-21 11:40:34"}
{"level":"info","message":{"data":{"claim_body":"Me dirijo a ustedes con el fin de expresar mi preocupación y descontento respecto al servicio de recolección de basura en mi zona. En repetidas ocasiones, he notado retrasos significativos en la recogida de residuos, lo que está generando acumulación de basura en las calles y espacios públicos.","claim_id":"7136a55b-cfcd-495b-bef5-60adffadfe70","id":"39c8bb08-5f2a-4c8f-b185-4158f71af07f","level":"Urgente","type_id":"28af3e1d-8af8-47fc-b631-1ac3845e8f14"},"model":"ModelClaim/create"},"timestamp":"2023-08-21 11:40:34"}
{"level":"info","message":"API listening port 5400","timestamp":"2023-08-21 11:41:39"}
{"level":"info","message":"Connect Database","timestamp":"2023-08-21 11:41:40"}
{"level":"info","message":{"body":{"email":"portalreclamo@gmail.com","password":"admin"},"method":"POST","params":"","query":"","url":"/api/user/validate"},"timestamp":"2023-08-21 11:42:34"}
{"level":"info","message":{"body":"","method":"GET","params":{},"query":{},"url":"/api/claim/getAll"},"timestamp":"2023-08-21 11:43:24"}
