{"level":"info","message":"API listening port 5400","timestamp":"2023-08-14 22:06:29"}
{"level":"info","message":"Connect Database","timestamp":"2023-08-14 22:06:30"}
{"level":"info","message":{"body":{"rut":"27.648.009-K"},"method":"POST","params":"","query":"","url":"/api/person/getByRut"},"timestamp":"2023-08-14 22:08:04"}
{"level":"info","message":{"data":{"email":"quispeabadquispe@gmail.com","id":"0dbdf4ee-27e8-4080-bc1b-779a38c9d9ef","maternallastname":"Huamani","name":"Abad","paternallastname":"Quispe","phone":"957902342","rut":"27.648.009-K"},"model":"Person/getByRut"},"timestamp":"2023-08-14 22:08:05"}
{"level":"info","message":{"body":{"email":"quispeabadquispe@gmail.com","maternallastname":"Huamani","name":"Abad","paternallastname":"Quispe","phone":"957902342","rut":"27.648.009-K"},"method":"POST","params":"","query":"","url":"/api/person/create"},"timestamp":"2023-08-14 22:08:06"}
{"level":"info","message":{"body":{},"method":"POST","params":"","query":"","url":"/api/claim/create"},"timestamp":"2023-08-14 22:08:06"}
{"level":"info","message":{"data":{"email":"quispeabadquispe@gmail.com","id":"0dbdf4ee-27e8-4080-bc1b-779a38c9d9ef","maternallastname":"Huamani","name":"Abad","paternallastname":"Quispe","phone":"957902342","rut":"27.648.009-K"},"model":"Person/create"},"timestamp":"2023-08-14 22:08:06"}
{"level":"info","message":{"data":{"endingdate":"2023-08-15T06:08:07.187Z","id":"097d542e-a2f3-4ab4-9b19-56a490a9d96b","openingdate":"2023-08-15T06:08:07.187Z"},"model":"ModelClaim/create"},"timestamp":"2023-08-14 22:08:07"}
{"level":"info","message":{"body":{},"method":"POST","params":"","query":"","url":"/api/typeclaim/getAll"},"timestamp":"2023-08-14 22:08:07"}
{"level":"info","message":{"body":{},"method":"POST","params":"","query":"","url":"/api/typeclaim/getAll"},"timestamp":"2023-08-14 22:08:07"}
{"level":"info","message":{"data":[{"id":"05269505-b463-425a-b5f2-44b201d617ed","typename":"Servicios públicos"},{"id":"28af3e1d-8af8-47fc-b631-1ac3845e8f14","typename":"Infraestructura y obras públicas"},{"id":"7cc4a9e1-dc6e-4fcb-9475-bc052daad2f7","typename":"Transporte público"},{"id":"280888bb-56af-4bc3-ba07-a1f571dfe30b","typename":"Licencias y permisos"},{"id":"3091e865-f7a9-45b7-b9c0-1839008ffcad","typename":"Ruidos y contaminación"},{"id":"b41841be-14eb-48a2-83c3-91f4ab6ec029","typename":"Problemas de seguridad"},{"id":"c9aec491-50f3-403e-a51e-204c0bb9d4f5","typename":"Problemas de iluminación"},{"id":"0202cb87-b934-48e8-994e-aa49619cc35e","typename":"Problemas de servicios en línea"}],"model":"TypeClaimModels/getAll"},"timestamp":"2023-08-14 22:08:08"}
{"level":"info","message":{"data":[{"id":"05269505-b463-425a-b5f2-44b201d617ed","typename":"Servicios públicos"},{"id":"28af3e1d-8af8-47fc-b631-1ac3845e8f14","typename":"Infraestructura y obras públicas"},{"id":"7cc4a9e1-dc6e-4fcb-9475-bc052daad2f7","typename":"Transporte público"},{"id":"280888bb-56af-4bc3-ba07-a1f571dfe30b","typename":"Licencias y permisos"},{"id":"3091e865-f7a9-45b7-b9c0-1839008ffcad","typename":"Ruidos y contaminación"},{"id":"b41841be-14eb-48a2-83c3-91f4ab6ec029","typename":"Problemas de seguridad"},{"id":"c9aec491-50f3-403e-a51e-204c0bb9d4f5","typename":"Problemas de iluminación"},{"id":"0202cb87-b934-48e8-994e-aa49619cc35e","typename":"Problemas de servicios en línea"}],"model":"TypeClaimModels/getAll"},"timestamp":"2023-08-14 22:08:08"}
{"level":"info","message":{"body":{},"method":"POST","params":"","query":"","url":"/api/file/add"},"timestamp":"2023-08-14 22:08:39"}
{"level":"info","message":{"data":{},"model":"file/add"},"timestamp":"2023-08-14 22:08:41"}
{"level":"info","message":"API listening port 5400","timestamp":"2023-08-14 22:11:04"}
{"level":"info","message":"Connect Database","timestamp":"2023-08-14 22:11:05"}
{"level":"info","message":"API listening port 5400","timestamp":"2023-08-14 22:11:13"}
{"level":"info","message":"Connect Database","timestamp":"2023-08-14 22:11:14"}
{"level":"info","message":{"body":{},"method":"POST","params":"","query":"","url":"/api/typeclaim/getAll"},"timestamp":"2023-08-14 22:12:22"}
{"level":"info","message":{"body":{},"method":"POST","params":"","query":"","url":"/api/typeclaim/getAll"},"timestamp":"2023-08-14 22:12:22"}
{"level":"info","message":{"body":{},"method":"POST","params":"","query":"","url":"/api/typeclaim/getAll"},"timestamp":"2023-08-14 22:12:23"}
{"level":"info","message":{"data":[{"id":"05269505-b463-425a-b5f2-44b201d617ed","typename":"Servicios públicos"},{"id":"28af3e1d-8af8-47fc-b631-1ac3845e8f14","typename":"Infraestructura y obras públicas"},{"id":"7cc4a9e1-dc6e-4fcb-9475-bc052daad2f7","typename":"Transporte público"},{"id":"280888bb-56af-4bc3-ba07-a1f571dfe30b","typename":"Licencias y permisos"},{"id":"3091e865-f7a9-45b7-b9c0-1839008ffcad","typename":"Ruidos y contaminación"},{"id":"b41841be-14eb-48a2-83c3-91f4ab6ec029","typename":"Problemas de seguridad"},{"id":"c9aec491-50f3-403e-a51e-204c0bb9d4f5","typename":"Problemas de iluminación"},{"id":"0202cb87-b934-48e8-994e-aa49619cc35e","typename":"Problemas de servicios en línea"}],"model":"TypeClaimModels/getAll"},"timestamp":"2023-08-14 22:12:23"}
{"level":"info","message":{"data":[{"id":"05269505-b463-425a-b5f2-44b201d617ed","typename":"Servicios públicos"},{"id":"28af3e1d-8af8-47fc-b631-1ac3845e8f14","typename":"Infraestructura y obras públicas"},{"id":"7cc4a9e1-dc6e-4fcb-9475-bc052daad2f7","typename":"Transporte público"},{"id":"280888bb-56af-4bc3-ba07-a1f571dfe30b","typename":"Licencias y permisos"},{"id":"3091e865-f7a9-45b7-b9c0-1839008ffcad","typename":"Ruidos y contaminación"},{"id":"b41841be-14eb-48a2-83c3-91f4ab6ec029","typename":"Problemas de seguridad"},{"id":"c9aec491-50f3-403e-a51e-204c0bb9d4f5","typename":"Problemas de iluminación"},{"id":"0202cb87-b934-48e8-994e-aa49619cc35e","typename":"Problemas de servicios en línea"}],"model":"TypeClaimModels/getAll"},"timestamp":"2023-08-14 22:12:23"}
{"level":"info","message":{"data":[{"id":"05269505-b463-425a-b5f2-44b201d617ed","typename":"Servicios públicos"},{"id":"28af3e1d-8af8-47fc-b631-1ac3845e8f14","typename":"Infraestructura y obras públicas"},{"id":"7cc4a9e1-dc6e-4fcb-9475-bc052daad2f7","typename":"Transporte público"},{"id":"280888bb-56af-4bc3-ba07-a1f571dfe30b","typename":"Licencias y permisos"},{"id":"3091e865-f7a9-45b7-b9c0-1839008ffcad","typename":"Ruidos y contaminación"},{"id":"b41841be-14eb-48a2-83c3-91f4ab6ec029","typename":"Problemas de seguridad"},{"id":"c9aec491-50f3-403e-a51e-204c0bb9d4f5","typename":"Problemas de iluminación"},{"id":"0202cb87-b934-48e8-994e-aa49619cc35e","typename":"Problemas de servicios en línea"}],"model":"TypeClaimModels/getAll"},"timestamp":"2023-08-14 22:12:24"}
{"level":"info","message":{"body":{},"method":"POST","params":"","query":"","url":"/api/typeclaim/getAll"},"timestamp":"2023-08-14 22:13:19"}
{"level":"info","message":{"data":[{"id":"05269505-b463-425a-b5f2-44b201d617ed","typename":"Servicios públicos"},{"id":"28af3e1d-8af8-47fc-b631-1ac3845e8f14","typename":"Infraestructura y obras públicas"},{"id":"7cc4a9e1-dc6e-4fcb-9475-bc052daad2f7","typename":"Transporte público"},{"id":"280888bb-56af-4bc3-ba07-a1f571dfe30b","typename":"Licencias y permisos"},{"id":"3091e865-f7a9-45b7-b9c0-1839008ffcad","typename":"Ruidos y contaminación"},{"id":"b41841be-14eb-48a2-83c3-91f4ab6ec029","typename":"Problemas de seguridad"},{"id":"c9aec491-50f3-403e-a51e-204c0bb9d4f5","typename":"Problemas de iluminación"},{"id":"0202cb87-b934-48e8-994e-aa49619cc35e","typename":"Problemas de servicios en línea"}],"model":"TypeClaimModels/getAll"},"timestamp":"2023-08-14 22:13:20"}
{"level":"info","message":"API listening port 5400","timestamp":"2023-08-14 22:13:43"}
{"level":"info","message":"Connect Database","timestamp":"2023-08-14 22:13:45"}
{"level":"info","message":"API listening port 5400","timestamp":"2023-08-14 22:13:53"}
{"level":"info","message":"Connect Database","timestamp":"2023-08-14 22:13:53"}
{"level":"info","message":{"body":{},"method":"POST","params":"","query":"","url":"/api/typeclaim/getAll"},"timestamp":"2023-08-14 22:14:03"}
{"level":"info","message":{"body":{},"method":"POST","params":"","query":"","url":"/api/typeclaim/getAll"},"timestamp":"2023-08-14 22:14:03"}
{"level":"info","message":{"data":[{"id":"05269505-b463-425a-b5f2-44b201d617ed","typename":"Servicios públicos"},{"id":"28af3e1d-8af8-47fc-b631-1ac3845e8f14","typename":"Infraestructura y obras públicas"},{"id":"7cc4a9e1-dc6e-4fcb-9475-bc052daad2f7","typename":"Transporte público"},{"id":"280888bb-56af-4bc3-ba07-a1f571dfe30b","typename":"Licencias y permisos"},{"id":"3091e865-f7a9-45b7-b9c0-1839008ffcad","typename":"Ruidos y contaminación"},{"id":"b41841be-14eb-48a2-83c3-91f4ab6ec029","typename":"Problemas de seguridad"},{"id":"c9aec491-50f3-403e-a51e-204c0bb9d4f5","typename":"Problemas de iluminación"},{"id":"0202cb87-b934-48e8-994e-aa49619cc35e","typename":"Problemas de servicios en línea"}],"model":"TypeClaimModels/getAll"},"timestamp":"2023-08-14 22:14:04"}
{"level":"info","message":{"data":[{"id":"05269505-b463-425a-b5f2-44b201d617ed","typename":"Servicios públicos"},{"id":"28af3e1d-8af8-47fc-b631-1ac3845e8f14","typename":"Infraestructura y obras públicas"},{"id":"7cc4a9e1-dc6e-4fcb-9475-bc052daad2f7","typename":"Transporte público"},{"id":"280888bb-56af-4bc3-ba07-a1f571dfe30b","typename":"Licencias y permisos"},{"id":"3091e865-f7a9-45b7-b9c0-1839008ffcad","typename":"Ruidos y contaminación"},{"id":"b41841be-14eb-48a2-83c3-91f4ab6ec029","typename":"Problemas de seguridad"},{"id":"c9aec491-50f3-403e-a51e-204c0bb9d4f5","typename":"Problemas de iluminación"},{"id":"0202cb87-b934-48e8-994e-aa49619cc35e","typename":"Problemas de servicios en línea"}],"model":"TypeClaimModels/getAll"},"timestamp":"2023-08-14 22:14:04"}
{"level":"info","message":{"body":{"claim_id":"097d542e-a2f3-4ab4-9b19-56a490a9d96b"},"method":"POST","params":"","query":"","url":"/api/file/add"},"timestamp":"2023-08-14 22:14:07"}
{"level":"info","message":{"data":{"claim_id":"097d542e-a2f3-4ab4-9b19-56a490a9d96b"},"model":"file/add"},"timestamp":"2023-08-14 22:14:09"}
{"level":"info","message":"API listening port 5400","timestamp":"2023-08-14 22:14:46"}
{"level":"info","message":"Connect Database","timestamp":"2023-08-14 22:14:47"}
{"level":"info","message":"API listening port 5400","timestamp":"2023-08-14 22:15:05"}
{"level":"info","message":"API listening port 5400","timestamp":"2023-08-14 22:15:09"}
{"level":"info","message":"Connect Database","timestamp":"2023-08-14 22:15:10"}
{"level":"info","message":{"body":{},"method":"POST","params":"","query":"","url":"/api/typeclaim/getAll"},"timestamp":"2023-08-14 22:15:39"}
{"level":"info","message":{"body":{},"method":"POST","params":"","query":"","url":"/api/typeclaim/getAll"},"timestamp":"2023-08-14 22:15:39"}
{"level":"info","message":{"data":[{"id":"05269505-b463-425a-b5f2-44b201d617ed","typename":"Servicios públicos"},{"id":"28af3e1d-8af8-47fc-b631-1ac3845e8f14","typename":"Infraestructura y obras públicas"},{"id":"7cc4a9e1-dc6e-4fcb-9475-bc052daad2f7","typename":"Transporte público"},{"id":"280888bb-56af-4bc3-ba07-a1f571dfe30b","typename":"Licencias y permisos"},{"id":"3091e865-f7a9-45b7-b9c0-1839008ffcad","typename":"Ruidos y contaminación"},{"id":"b41841be-14eb-48a2-83c3-91f4ab6ec029","typename":"Problemas de seguridad"},{"id":"c9aec491-50f3-403e-a51e-204c0bb9d4f5","typename":"Problemas de iluminación"},{"id":"0202cb87-b934-48e8-994e-aa49619cc35e","typename":"Problemas de servicios en línea"}],"model":"TypeClaimModels/getAll"},"timestamp":"2023-08-14 22:15:40"}
{"level":"info","message":{"data":[{"id":"05269505-b463-425a-b5f2-44b201d617ed","typename":"Servicios públicos"},{"id":"28af3e1d-8af8-47fc-b631-1ac3845e8f14","typename":"Infraestructura y obras públicas"},{"id":"7cc4a9e1-dc6e-4fcb-9475-bc052daad2f7","typename":"Transporte público"},{"id":"280888bb-56af-4bc3-ba07-a1f571dfe30b","typename":"Licencias y permisos"},{"id":"3091e865-f7a9-45b7-b9c0-1839008ffcad","typename":"Ruidos y contaminación"},{"id":"b41841be-14eb-48a2-83c3-91f4ab6ec029","typename":"Problemas de seguridad"},{"id":"c9aec491-50f3-403e-a51e-204c0bb9d4f5","typename":"Problemas de iluminación"},{"id":"0202cb87-b934-48e8-994e-aa49619cc35e","typename":"Problemas de servicios en línea"}],"model":"TypeClaimModels/getAll"},"timestamp":"2023-08-14 22:15:40"}
{"level":"info","message":{"body":{"claim_id":"097d542e-a2f3-4ab4-9b19-56a490a9d96b"},"method":"POST","params":"","query":"","url":"/api/file/add"},"timestamp":"2023-08-14 22:15:54"}
{"level":"info","message":{"data":{"claim_id":"097d542e-a2f3-4ab4-9b19-56a490a9d96b"},"model":"file/add"},"timestamp":"2023-08-14 22:15:59"}
{"level":"info","message":"API listening port 5400","timestamp":"2023-08-14 22:17:41"}
{"level":"info","message":"Connect Database","timestamp":"2023-08-14 22:17:42"}
{"level":"info","message":"API listening port 5400","timestamp":"2023-08-14 22:17:46"}
{"level":"info","message":"Connect Database","timestamp":"2023-08-14 22:17:47"}
{"level":"info","message":"API listening port 5400","timestamp":"2023-08-14 22:17:54"}
{"level":"info","message":"Connect Database","timestamp":"2023-08-14 22:17:56"}
{"level":"info","message":"API listening port 5400","timestamp":"2023-08-14 22:18:36"}
{"level":"info","message":"Connect Database","timestamp":"2023-08-14 22:18:37"}
{"level":"info","message":"API listening port 5400","timestamp":"2023-08-14 22:21:08"}
{"level":"info","message":"Connect Database","timestamp":"2023-08-14 22:21:09"}
{"level":"info","message":"API listening port 5400","timestamp":"2023-08-14 22:21:24"}
{"level":"info","message":"Connect Database","timestamp":"2023-08-14 22:21:26"}
{"level":"info","message":"API listening port 5400","timestamp":"2023-08-14 22:21:32"}
{"level":"info","message":"Connect Database","timestamp":"2023-08-14 22:21:33"}
{"level":"info","message":"API listening port 5400","timestamp":"2023-08-14 22:21:43"}
{"level":"info","message":"Connect Database","timestamp":"2023-08-14 22:21:45"}
{"level":"info","message":{"body":{},"method":"POST","params":"","query":"","url":"/api/typeclaim/getAll"},"timestamp":"2023-08-14 22:22:00"}
{"level":"info","message":{"body":{},"method":"POST","params":"","query":"","url":"/api/typeclaim/getAll"},"timestamp":"2023-08-14 22:22:00"}
{"level":"info","message":{"data":[{"id":"05269505-b463-425a-b5f2-44b201d617ed","typename":"Servicios públicos"},{"id":"28af3e1d-8af8-47fc-b631-1ac3845e8f14","typename":"Infraestructura y obras públicas"},{"id":"7cc4a9e1-dc6e-4fcb-9475-bc052daad2f7","typename":"Transporte público"},{"id":"280888bb-56af-4bc3-ba07-a1f571dfe30b","typename":"Licencias y permisos"},{"id":"3091e865-f7a9-45b7-b9c0-1839008ffcad","typename":"Ruidos y contaminación"},{"id":"b41841be-14eb-48a2-83c3-91f4ab6ec029","typename":"Problemas de seguridad"},{"id":"c9aec491-50f3-403e-a51e-204c0bb9d4f5","typename":"Problemas de iluminación"},{"id":"0202cb87-b934-48e8-994e-aa49619cc35e","typename":"Problemas de servicios en línea"}],"model":"TypeClaimModels/getAll"},"timestamp":"2023-08-14 22:22:01"}
{"level":"info","message":{"data":[{"id":"05269505-b463-425a-b5f2-44b201d617ed","typename":"Servicios públicos"},{"id":"28af3e1d-8af8-47fc-b631-1ac3845e8f14","typename":"Infraestructura y obras públicas"},{"id":"7cc4a9e1-dc6e-4fcb-9475-bc052daad2f7","typename":"Transporte público"},{"id":"280888bb-56af-4bc3-ba07-a1f571dfe30b","typename":"Licencias y permisos"},{"id":"3091e865-f7a9-45b7-b9c0-1839008ffcad","typename":"Ruidos y contaminación"},{"id":"b41841be-14eb-48a2-83c3-91f4ab6ec029","typename":"Problemas de seguridad"},{"id":"c9aec491-50f3-403e-a51e-204c0bb9d4f5","typename":"Problemas de iluminación"},{"id":"0202cb87-b934-48e8-994e-aa49619cc35e","typename":"Problemas de servicios en línea"}],"model":"TypeClaimModels/getAll"},"timestamp":"2023-08-14 22:22:01"}
{"level":"info","message":{"body":{"claim_id":"097d542e-a2f3-4ab4-9b19-56a490a9d96b"},"method":"POST","params":"","query":"","url":"/api/file/add"},"timestamp":"2023-08-14 22:22:04"}
{"level":"info","message":{"data":{"claim_id":"097d542e-a2f3-4ab4-9b19-56a490a9d96b"},"model":"file/add"},"timestamp":"2023-08-14 22:22:07"}
{"level":"info","message":"API listening port 5400","timestamp":"2023-08-14 22:29:24"}
{"level":"info","message":"Connect Database","timestamp":"2023-08-14 22:29:26"}
{"level":"info","message":{"body":{},"method":"POST","params":"","query":"","url":"/api/typeclaim/getAll"},"timestamp":"2023-08-14 22:30:34"}
{"level":"info","message":{"body":{"claim_id":"097d542e-a2f3-4ab4-9b19-56a490a9d96b"},"method":"POST","params":"","query":"","url":"/api/file/add"},"timestamp":"2023-08-14 22:30:34"}
{"level":"info","message":{"data":[{"id":"05269505-b463-425a-b5f2-44b201d617ed","typename":"Servicios públicos"},{"id":"28af3e1d-8af8-47fc-b631-1ac3845e8f14","typename":"Infraestructura y obras públicas"},{"id":"7cc4a9e1-dc6e-4fcb-9475-bc052daad2f7","typename":"Transporte público"},{"id":"280888bb-56af-4bc3-ba07-a1f571dfe30b","typename":"Licencias y permisos"},{"id":"3091e865-f7a9-45b7-b9c0-1839008ffcad","typename":"Ruidos y contaminación"},{"id":"b41841be-14eb-48a2-83c3-91f4ab6ec029","typename":"Problemas de seguridad"},{"id":"c9aec491-50f3-403e-a51e-204c0bb9d4f5","typename":"Problemas de iluminación"},{"id":"0202cb87-b934-48e8-994e-aa49619cc35e","typename":"Problemas de servicios en línea"}],"model":"TypeClaimModels/getAll"},"timestamp":"2023-08-14 22:30:35"}
{"level":"info","message":{"data":{"claim_id":"097d542e-a2f3-4ab4-9b19-56a490a9d96b"},"model":"file/add"},"timestamp":"2023-08-14 22:30:37"}
{"level":"info","message":{"body":{},"method":"POST","params":"","query":"","url":"/api/typeclaim/getAll"},"timestamp":"2023-08-14 22:30:37"}
{"level":"info","message":{"body":{"claim_id":"097d542e-a2f3-4ab4-9b19-56a490a9d96b"},"method":"POST","params":"","query":"","url":"/api/file/add"},"timestamp":"2023-08-14 22:30:37"}
{"level":"info","message":{"data":[{"id":"05269505-b463-425a-b5f2-44b201d617ed","typename":"Servicios públicos"},{"id":"28af3e1d-8af8-47fc-b631-1ac3845e8f14","typename":"Infraestructura y obras públicas"},{"id":"7cc4a9e1-dc6e-4fcb-9475-bc052daad2f7","typename":"Transporte público"},{"id":"280888bb-56af-4bc3-ba07-a1f571dfe30b","typename":"Licencias y permisos"},{"id":"3091e865-f7a9-45b7-b9c0-1839008ffcad","typename":"Ruidos y contaminación"},{"id":"b41841be-14eb-48a2-83c3-91f4ab6ec029","typename":"Problemas de seguridad"},{"id":"c9aec491-50f3-403e-a51e-204c0bb9d4f5","typename":"Problemas de iluminación"},{"id":"0202cb87-b934-48e8-994e-aa49619cc35e","typename":"Problemas de servicios en línea"}],"model":"TypeClaimModels/getAll"},"timestamp":"2023-08-14 22:30:37"}
{"level":"info","message":{"data":{"claim_id":"097d542e-a2f3-4ab4-9b19-56a490a9d96b"},"model":"file/add"},"timestamp":"2023-08-14 22:30:40"}
{"level":"info","message":{"body":{},"method":"POST","params":"","query":"","url":"/api/typeclaim/getAll"},"timestamp":"2023-08-14 22:31:25"}
{"level":"info","message":{"body":{"claim_id":"097d542e-a2f3-4ab4-9b19-56a490a9d96b"},"method":"POST","params":"","query":"","url":"/api/file/add"},"timestamp":"2023-08-14 22:31:25"}
{"level":"info","message":{"data":[{"id":"05269505-b463-425a-b5f2-44b201d617ed","typename":"Servicios públicos"},{"id":"28af3e1d-8af8-47fc-b631-1ac3845e8f14","typename":"Infraestructura y obras públicas"},{"id":"7cc4a9e1-dc6e-4fcb-9475-bc052daad2f7","typename":"Transporte público"},{"id":"280888bb-56af-4bc3-ba07-a1f571dfe30b","typename":"Licencias y permisos"},{"id":"3091e865-f7a9-45b7-b9c0-1839008ffcad","typename":"Ruidos y contaminación"},{"id":"b41841be-14eb-48a2-83c3-91f4ab6ec029","typename":"Problemas de seguridad"},{"id":"c9aec491-50f3-403e-a51e-204c0bb9d4f5","typename":"Problemas de iluminación"},{"id":"0202cb87-b934-48e8-994e-aa49619cc35e","typename":"Problemas de servicios en línea"}],"model":"TypeClaimModels/getAll"},"timestamp":"2023-08-14 22:31:26"}
{"level":"info","message":{"data":{"claim_id":"097d542e-a2f3-4ab4-9b19-56a490a9d96b"},"model":"file/add"},"timestamp":"2023-08-14 22:31:28"}
{"level":"info","message":"API listening port 5400","timestamp":"2023-08-14 22:47:43"}
{"level":"info","message":"Connect Database","timestamp":"2023-08-14 22:47:44"}
{"level":"info","message":"API listening port 5400","timestamp":"2023-08-14 22:48:59"}
{"level":"info","message":"Connect Database","timestamp":"2023-08-14 22:49:00"}
{"level":"info","message":"API listening port 5400","timestamp":"2023-08-14 22:49:03"}
{"level":"info","message":"Connect Database","timestamp":"2023-08-14 22:49:04"}
{"level":"info","message":"API listening port 5400","timestamp":"2023-08-14 22:49:11"}
{"level":"info","message":"Connect Database","timestamp":"2023-08-14 22:49:12"}
{"level":"info","message":"API listening port 5400","timestamp":"2023-08-14 22:50:38"}
{"level":"info","message":"Connect Database","timestamp":"2023-08-14 22:50:39"}
{"level":"info","message":"API listening port 5400","timestamp":"2023-08-14 22:50:59"}
{"level":"info","message":"Connect Database","timestamp":"2023-08-14 22:51:00"}
{"level":"info","message":"API listening port 5400","timestamp":"2023-08-14 22:51:10"}
{"level":"info","message":"Connect Database","timestamp":"2023-08-14 22:51:10"}
{"level":"info","message":"API listening port 5400","timestamp":"2023-08-14 22:51:21"}
{"level":"info","message":"Connect Database","timestamp":"2023-08-14 22:51:22"}
{"level":"info","message":"API listening port 5400","timestamp":"2023-08-14 22:51:33"}
{"level":"info","message":"Connect Database","timestamp":"2023-08-14 22:51:34"}
{"level":"info","message":"API listening port 5400","timestamp":"2023-08-14 22:51:57"}
{"level":"info","message":"Connect Database","timestamp":"2023-08-14 22:51:58"}
{"level":"info","message":"API listening port 5400","timestamp":"2023-08-14 22:52:04"}
{"level":"info","message":"Connect Database","timestamp":"2023-08-14 22:52:06"}
{"level":"info","message":"API listening port 5400","timestamp":"2023-08-14 22:52:14"}
{"level":"info","message":"Connect Database","timestamp":"2023-08-14 22:52:15"}
{"level":"info","message":"API listening port 5400","timestamp":"2023-08-14 22:52:19"}
{"level":"info","message":"Connect Database","timestamp":"2023-08-14 22:52:19"}
{"level":"info","message":"API listening port 5400","timestamp":"2023-08-14 22:52:23"}
{"level":"info","message":"Connect Database","timestamp":"2023-08-14 22:52:24"}
{"level":"info","message":{"body":{},"method":"POST","params":"","query":"","url":"/api/typeclaim/getAll"},"timestamp":"2023-08-14 22:53:26"}
{"level":"info","message":{"body":{},"method":"POST","params":"","query":"","url":"/api/typeclaim/getAll"},"timestamp":"2023-08-14 22:53:26"}
{"level":"info","message":{"data":[{"id":"05269505-b463-425a-b5f2-44b201d617ed","typename":"Servicios públicos"},{"id":"28af3e1d-8af8-47fc-b631-1ac3845e8f14","typename":"Infraestructura y obras públicas"},{"id":"7cc4a9e1-dc6e-4fcb-9475-bc052daad2f7","typename":"Transporte público"},{"id":"280888bb-56af-4bc3-ba07-a1f571dfe30b","typename":"Licencias y permisos"},{"id":"3091e865-f7a9-45b7-b9c0-1839008ffcad","typename":"Ruidos y contaminación"},{"id":"b41841be-14eb-48a2-83c3-91f4ab6ec029","typename":"Problemas de seguridad"},{"id":"c9aec491-50f3-403e-a51e-204c0bb9d4f5","typename":"Problemas de iluminación"},{"id":"0202cb87-b934-48e8-994e-aa49619cc35e","typename":"Problemas de servicios en línea"}],"model":"TypeClaimModels/getAll"},"timestamp":"2023-08-14 22:53:27"}
{"level":"info","message":{"data":[{"id":"05269505-b463-425a-b5f2-44b201d617ed","typename":"Servicios públicos"},{"id":"28af3e1d-8af8-47fc-b631-1ac3845e8f14","typename":"Infraestructura y obras públicas"},{"id":"7cc4a9e1-dc6e-4fcb-9475-bc052daad2f7","typename":"Transporte público"},{"id":"280888bb-56af-4bc3-ba07-a1f571dfe30b","typename":"Licencias y permisos"},{"id":"3091e865-f7a9-45b7-b9c0-1839008ffcad","typename":"Ruidos y contaminación"},{"id":"b41841be-14eb-48a2-83c3-91f4ab6ec029","typename":"Problemas de seguridad"},{"id":"c9aec491-50f3-403e-a51e-204c0bb9d4f5","typename":"Problemas de iluminación"},{"id":"0202cb87-b934-48e8-994e-aa49619cc35e","typename":"Problemas de servicios en línea"}],"model":"TypeClaimModels/getAll"},"timestamp":"2023-08-14 22:53:27"}
{"level":"info","message":{"body":{"claim_id":"097d542e-a2f3-4ab4-9b19-56a490a9d96b"},"method":"POST","params":"","query":"","url":"/api/file/add"},"timestamp":"2023-08-14 22:53:30"}
{"level":"info","message":{"data":{"claim_id":"097d542e-a2f3-4ab4-9b19-56a490a9d96b"},"model":"file/add"},"timestamp":"2023-08-14 22:53:34"}
{"level":"info","message":{"body":{"public_id":"p3y9essilhlh42tflxs7"},"method":"POST","params":"","query":"","url":"/api/file/remove"},"timestamp":"2023-08-14 22:54:06"}
{"level":"info","message":{"data":{"public_id":"p3y9essilhlh42tflxs7"},"model":"file/remove"},"timestamp":"2023-08-14 22:54:10"}
{"level":"info","message":"API listening port 5400","timestamp":"2023-08-14 22:54:42"}
{"level":"info","message":"Connect Database","timestamp":"2023-08-14 22:54:43"}
{"level":"info","message":{"body":{"public_id":"vsflgmdzmdurckxvf50a"},"method":"POST","params":"","query":"","url":"/api/file/remove"},"timestamp":"2023-08-14 22:54:49"}
{"level":"info","message":{"data":{"public_id":"vsflgmdzmdurckxvf50a"},"model":"file/remove"},"timestamp":"2023-08-14 22:54:51"}
{"level":"info","message":{"body":{},"method":"POST","params":"","query":"","url":"/api/typeclaim/getAll"},"timestamp":"2023-08-14 22:55:18"}
{"level":"info","message":{"body":{"claim_id":"097d542e-a2f3-4ab4-9b19-56a490a9d96b"},"method":"POST","params":"","query":"","url":"/api/file/add"},"timestamp":"2023-08-14 22:55:18"}
{"level":"info","message":{"data":[{"id":"05269505-b463-425a-b5f2-44b201d617ed","typename":"Servicios públicos"},{"id":"28af3e1d-8af8-47fc-b631-1ac3845e8f14","typename":"Infraestructura y obras públicas"},{"id":"7cc4a9e1-dc6e-4fcb-9475-bc052daad2f7","typename":"Transporte público"},{"id":"280888bb-56af-4bc3-ba07-a1f571dfe30b","typename":"Licencias y permisos"},{"id":"3091e865-f7a9-45b7-b9c0-1839008ffcad","typename":"Ruidos y contaminación"},{"id":"b41841be-14eb-48a2-83c3-91f4ab6ec029","typename":"Problemas de seguridad"},{"id":"c9aec491-50f3-403e-a51e-204c0bb9d4f5","typename":"Problemas de iluminación"},{"id":"0202cb87-b934-48e8-994e-aa49619cc35e","typename":"Problemas de servicios en línea"}],"model":"TypeClaimModels/getAll"},"timestamp":"2023-08-14 22:55:19"}
{"level":"info","message":{"data":{"claim_id":"097d542e-a2f3-4ab4-9b19-56a490a9d96b"},"model":"file/add"},"timestamp":"2023-08-14 22:55:22"}
{"level":"info","message":{"body":{},"method":"POST","params":"","query":"","url":"/api/typeclaim/getAll"},"timestamp":"2023-08-14 22:55:22"}
{"level":"info","message":{"body":{"claim_id":"097d542e-a2f3-4ab4-9b19-56a490a9d96b"},"method":"POST","params":"","query":"","url":"/api/file/add"},"timestamp":"2023-08-14 22:55:22"}
{"level":"info","message":{"data":[{"id":"05269505-b463-425a-b5f2-44b201d617ed","typename":"Servicios públicos"},{"id":"28af3e1d-8af8-47fc-b631-1ac3845e8f14","typename":"Infraestructura y obras públicas"},{"id":"7cc4a9e1-dc6e-4fcb-9475-bc052daad2f7","typename":"Transporte público"},{"id":"280888bb-56af-4bc3-ba07-a1f571dfe30b","typename":"Licencias y permisos"},{"id":"3091e865-f7a9-45b7-b9c0-1839008ffcad","typename":"Ruidos y contaminación"},{"id":"b41841be-14eb-48a2-83c3-91f4ab6ec029","typename":"Problemas de seguridad"},{"id":"c9aec491-50f3-403e-a51e-204c0bb9d4f5","typename":"Problemas de iluminación"},{"id":"0202cb87-b934-48e8-994e-aa49619cc35e","typename":"Problemas de servicios en línea"}],"model":"TypeClaimModels/getAll"},"timestamp":"2023-08-14 22:55:22"}
{"level":"info","message":{"body":{},"method":"POST","params":"","query":"","url":"/api/typeclaim/getAll"},"timestamp":"2023-08-14 22:55:23"}
{"level":"info","message":{"body":{"claim_id":"097d542e-a2f3-4ab4-9b19-56a490a9d96b"},"method":"POST","params":"","query":"","url":"/api/file/add"},"timestamp":"2023-08-14 22:55:23"}
{"level":"info","message":{"data":[{"id":"05269505-b463-425a-b5f2-44b201d617ed","typename":"Servicios públicos"},{"id":"28af3e1d-8af8-47fc-b631-1ac3845e8f14","typename":"Infraestructura y obras públicas"},{"id":"7cc4a9e1-dc6e-4fcb-9475-bc052daad2f7","typename":"Transporte público"},{"id":"280888bb-56af-4bc3-ba07-a1f571dfe30b","typename":"Licencias y permisos"},{"id":"3091e865-f7a9-45b7-b9c0-1839008ffcad","typename":"Ruidos y contaminación"},{"id":"b41841be-14eb-48a2-83c3-91f4ab6ec029","typename":"Problemas de seguridad"},{"id":"c9aec491-50f3-403e-a51e-204c0bb9d4f5","typename":"Problemas de iluminación"},{"id":"0202cb87-b934-48e8-994e-aa49619cc35e","typename":"Problemas de servicios en línea"}],"model":"TypeClaimModels/getAll"},"timestamp":"2023-08-14 22:55:23"}
{"level":"info","message":{"data":{"claim_id":"097d542e-a2f3-4ab4-9b19-56a490a9d96b"},"model":"file/add"},"timestamp":"2023-08-14 22:55:26"}
{"level":"info","message":{"data":{"claim_id":"097d542e-a2f3-4ab4-9b19-56a490a9d96b"},"model":"file/add"},"timestamp":"2023-08-14 22:55:27"}
{"level":"info","message":{"body":{},"method":"POST","params":"","query":"","url":"/api/typeclaim/getAll"},"timestamp":"2023-08-14 22:55:31"}
{"level":"info","message":{"body":{"claim_id":"097d542e-a2f3-4ab4-9b19-56a490a9d96b"},"method":"POST","params":"","query":"","url":"/api/file/add"},"timestamp":"2023-08-14 22:55:31"}
{"level":"info","message":{"data":[{"id":"05269505-b463-425a-b5f2-44b201d617ed","typename":"Servicios públicos"},{"id":"28af3e1d-8af8-47fc-b631-1ac3845e8f14","typename":"Infraestructura y obras públicas"},{"id":"7cc4a9e1-dc6e-4fcb-9475-bc052daad2f7","typename":"Transporte público"},{"id":"280888bb-56af-4bc3-ba07-a1f571dfe30b","typename":"Licencias y permisos"},{"id":"3091e865-f7a9-45b7-b9c0-1839008ffcad","typename":"Ruidos y contaminación"},{"id":"b41841be-14eb-48a2-83c3-91f4ab6ec029","typename":"Problemas de seguridad"},{"id":"c9aec491-50f3-403e-a51e-204c0bb9d4f5","typename":"Problemas de iluminación"},{"id":"0202cb87-b934-48e8-994e-aa49619cc35e","typename":"Problemas de servicios en línea"}],"model":"TypeClaimModels/getAll"},"timestamp":"2023-08-14 22:55:32"}
{"level":"info","message":{"body":{},"method":"POST","params":"","query":"","url":"/api/typeclaim/getAll"},"timestamp":"2023-08-14 22:55:32"}
{"level":"info","message":{"body":{"claim_id":"097d542e-a2f3-4ab4-9b19-56a490a9d96b"},"method":"POST","params":"","query":"","url":"/api/file/add"},"timestamp":"2023-08-14 22:55:32"}
{"level":"info","message":{"data":[{"id":"05269505-b463-425a-b5f2-44b201d617ed","typename":"Servicios públicos"},{"id":"28af3e1d-8af8-47fc-b631-1ac3845e8f14","typename":"Infraestructura y obras públicas"},{"id":"7cc4a9e1-dc6e-4fcb-9475-bc052daad2f7","typename":"Transporte público"},{"id":"280888bb-56af-4bc3-ba07-a1f571dfe30b","typename":"Licencias y permisos"},{"id":"3091e865-f7a9-45b7-b9c0-1839008ffcad","typename":"Ruidos y contaminación"},{"id":"b41841be-14eb-48a2-83c3-91f4ab6ec029","typename":"Problemas de seguridad"},{"id":"c9aec491-50f3-403e-a51e-204c0bb9d4f5","typename":"Problemas de iluminación"},{"id":"0202cb87-b934-48e8-994e-aa49619cc35e","typename":"Problemas de servicios en línea"}],"model":"TypeClaimModels/getAll"},"timestamp":"2023-08-14 22:55:33"}
{"level":"info","message":{"data":{"claim_id":"097d542e-a2f3-4ab4-9b19-56a490a9d96b"},"model":"file/add"},"timestamp":"2023-08-14 22:55:36"}
{"level":"info","message":{"data":{"claim_id":"097d542e-a2f3-4ab4-9b19-56a490a9d96b"},"model":"file/add"},"timestamp":"2023-08-14 22:55:36"}
{"level":"info","message":{"body":{},"method":"POST","params":"","query":"","url":"/api/typeclaim/getAll"},"timestamp":"2023-08-14 22:55:48"}
{"level":"info","message":{"body":{"claim_id":"097d542e-a2f3-4ab4-9b19-56a490a9d96b"},"method":"POST","params":"","query":"","url":"/api/file/add"},"timestamp":"2023-08-14 22:55:48"}
{"level":"info","message":{"data":[{"id":"05269505-b463-425a-b5f2-44b201d617ed","typename":"Servicios públicos"},{"id":"28af3e1d-8af8-47fc-b631-1ac3845e8f14","typename":"Infraestructura y obras públicas"},{"id":"7cc4a9e1-dc6e-4fcb-9475-bc052daad2f7","typename":"Transporte público"},{"id":"280888bb-56af-4bc3-ba07-a1f571dfe30b","typename":"Licencias y permisos"},{"id":"3091e865-f7a9-45b7-b9c0-1839008ffcad","typename":"Ruidos y contaminación"},{"id":"b41841be-14eb-48a2-83c3-91f4ab6ec029","typename":"Problemas de seguridad"},{"id":"c9aec491-50f3-403e-a51e-204c0bb9d4f5","typename":"Problemas de iluminación"},{"id":"0202cb87-b934-48e8-994e-aa49619cc35e","typename":"Problemas de servicios en línea"}],"model":"TypeClaimModels/getAll"},"timestamp":"2023-08-14 22:55:49"}
{"level":"info","message":{"data":{"claim_id":"097d542e-a2f3-4ab4-9b19-56a490a9d96b"},"model":"file/add"},"timestamp":"2023-08-14 22:55:52"}
{"level":"info","message":{"body":{},"method":"POST","params":"","query":"","url":"/api/typeclaim/getAll"},"timestamp":"2023-08-14 22:55:54"}
{"level":"info","message":{"body":{"claim_id":"097d542e-a2f3-4ab4-9b19-56a490a9d96b"},"method":"POST","params":"","query":"","url":"/api/file/add"},"timestamp":"2023-08-14 22:55:54"}
{"level":"info","message":{"data":[{"id":"05269505-b463-425a-b5f2-44b201d617ed","typename":"Servicios públicos"},{"id":"28af3e1d-8af8-47fc-b631-1ac3845e8f14","typename":"Infraestructura y obras públicas"},{"id":"7cc4a9e1-dc6e-4fcb-9475-bc052daad2f7","typename":"Transporte público"},{"id":"280888bb-56af-4bc3-ba07-a1f571dfe30b","typename":"Licencias y permisos"},{"id":"3091e865-f7a9-45b7-b9c0-1839008ffcad","typename":"Ruidos y contaminación"},{"id":"b41841be-14eb-48a2-83c3-91f4ab6ec029","typename":"Problemas de seguridad"},{"id":"c9aec491-50f3-403e-a51e-204c0bb9d4f5","typename":"Problemas de iluminación"},{"id":"0202cb87-b934-48e8-994e-aa49619cc35e","typename":"Problemas de servicios en línea"}],"model":"TypeClaimModels/getAll"},"timestamp":"2023-08-14 22:55:54"}
{"level":"info","message":{"data":{"claim_id":"097d542e-a2f3-4ab4-9b19-56a490a9d96b"},"model":"file/add"},"timestamp":"2023-08-14 22:55:58"}
{"level":"info","message":{"body":{},"method":"POST","params":"","query":"","url":"/api/typeclaim/getAll"},"timestamp":"2023-08-14 22:56:05"}
{"level":"info","message":{"body":{"claim_id":"097d542e-a2f3-4ab4-9b19-56a490a9d96b"},"method":"POST","params":"","query":"","url":"/api/file/add"},"timestamp":"2023-08-14 22:56:05"}
{"level":"info","message":{"data":[{"id":"05269505-b463-425a-b5f2-44b201d617ed","typename":"Servicios públicos"},{"id":"28af3e1d-8af8-47fc-b631-1ac3845e8f14","typename":"Infraestructura y obras públicas"},{"id":"7cc4a9e1-dc6e-4fcb-9475-bc052daad2f7","typename":"Transporte público"},{"id":"280888bb-56af-4bc3-ba07-a1f571dfe30b","typename":"Licencias y permisos"},{"id":"3091e865-f7a9-45b7-b9c0-1839008ffcad","typename":"Ruidos y contaminación"},{"id":"b41841be-14eb-48a2-83c3-91f4ab6ec029","typename":"Problemas de seguridad"},{"id":"c9aec491-50f3-403e-a51e-204c0bb9d4f5","typename":"Problemas de iluminación"},{"id":"0202cb87-b934-48e8-994e-aa49619cc35e","typename":"Problemas de servicios en línea"}],"model":"TypeClaimModels/getAll"},"timestamp":"2023-08-14 22:56:05"}
{"level":"info","message":{"body":{},"method":"POST","params":"","query":"","url":"/api/typeclaim/getAll"},"timestamp":"2023-08-14 22:56:06"}
{"level":"info","message":{"body":{"claim_id":"097d542e-a2f3-4ab4-9b19-56a490a9d96b"},"method":"POST","params":"","query":"","url":"/api/file/add"},"timestamp":"2023-08-14 22:56:06"}
{"level":"info","message":{"data":[{"id":"05269505-b463-425a-b5f2-44b201d617ed","typename":"Servicios públicos"},{"id":"28af3e1d-8af8-47fc-b631-1ac3845e8f14","typename":"Infraestructura y obras públicas"},{"id":"7cc4a9e1-dc6e-4fcb-9475-bc052daad2f7","typename":"Transporte público"},{"id":"280888bb-56af-4bc3-ba07-a1f571dfe30b","typename":"Licencias y permisos"},{"id":"3091e865-f7a9-45b7-b9c0-1839008ffcad","typename":"Ruidos y contaminación"},{"id":"b41841be-14eb-48a2-83c3-91f4ab6ec029","typename":"Problemas de seguridad"},{"id":"c9aec491-50f3-403e-a51e-204c0bb9d4f5","typename":"Problemas de iluminación"},{"id":"0202cb87-b934-48e8-994e-aa49619cc35e","typename":"Problemas de servicios en línea"}],"model":"TypeClaimModels/getAll"},"timestamp":"2023-08-14 22:56:06"}
{"level":"info","message":{"data":{"claim_id":"097d542e-a2f3-4ab4-9b19-56a490a9d96b"},"model":"file/add"},"timestamp":"2023-08-14 22:56:09"}
{"level":"info","message":{"data":{"claim_id":"097d542e-a2f3-4ab4-9b19-56a490a9d96b"},"model":"file/add"},"timestamp":"2023-08-14 22:56:10"}
{"level":"info","message":{"body":{},"method":"POST","params":"","query":"","url":"/api/typeclaim/getAll"},"timestamp":"2023-08-14 22:56:17"}
{"level":"info","message":{"body":{"claim_id":"097d542e-a2f3-4ab4-9b19-56a490a9d96b"},"method":"POST","params":"","query":"","url":"/api/file/add"},"timestamp":"2023-08-14 22:56:17"}
{"level":"info","message":{"data":[{"id":"05269505-b463-425a-b5f2-44b201d617ed","typename":"Servicios públicos"},{"id":"28af3e1d-8af8-47fc-b631-1ac3845e8f14","typename":"Infraestructura y obras públicas"},{"id":"7cc4a9e1-dc6e-4fcb-9475-bc052daad2f7","typename":"Transporte público"},{"id":"280888bb-56af-4bc3-ba07-a1f571dfe30b","typename":"Licencias y permisos"},{"id":"3091e865-f7a9-45b7-b9c0-1839008ffcad","typename":"Ruidos y contaminación"},{"id":"b41841be-14eb-48a2-83c3-91f4ab6ec029","typename":"Problemas de seguridad"},{"id":"c9aec491-50f3-403e-a51e-204c0bb9d4f5","typename":"Problemas de iluminación"},{"id":"0202cb87-b934-48e8-994e-aa49619cc35e","typename":"Problemas de servicios en línea"}],"model":"TypeClaimModels/getAll"},"timestamp":"2023-08-14 22:56:18"}
{"level":"info","message":{"body":{},"method":"POST","params":"","query":"","url":"/api/typeclaim/getAll"},"timestamp":"2023-08-14 22:56:18"}
{"level":"info","message":{"body":{"claim_id":"097d542e-a2f3-4ab4-9b19-56a490a9d96b"},"method":"POST","params":"","query":"","url":"/api/file/add"},"timestamp":"2023-08-14 22:56:18"}
{"level":"info","message":{"data":[{"id":"05269505-b463-425a-b5f2-44b201d617ed","typename":"Servicios públicos"},{"id":"28af3e1d-8af8-47fc-b631-1ac3845e8f14","typename":"Infraestructura y obras públicas"},{"id":"7cc4a9e1-dc6e-4fcb-9475-bc052daad2f7","typename":"Transporte público"},{"id":"280888bb-56af-4bc3-ba07-a1f571dfe30b","typename":"Licencias y permisos"},{"id":"3091e865-f7a9-45b7-b9c0-1839008ffcad","typename":"Ruidos y contaminación"},{"id":"b41841be-14eb-48a2-83c3-91f4ab6ec029","typename":"Problemas de seguridad"},{"id":"c9aec491-50f3-403e-a51e-204c0bb9d4f5","typename":"Problemas de iluminación"},{"id":"0202cb87-b934-48e8-994e-aa49619cc35e","typename":"Problemas de servicios en línea"}],"model":"TypeClaimModels/getAll"},"timestamp":"2023-08-14 22:56:18"}
{"level":"info","message":{"body":{},"method":"POST","params":"","query":"","url":"/api/typeclaim/getAll"},"timestamp":"2023-08-14 22:56:21"}
{"level":"info","message":{"body":{"claim_id":"097d542e-a2f3-4ab4-9b19-56a490a9d96b"},"method":"POST","params":"","query":"","url":"/api/file/add"},"timestamp":"2023-08-14 22:56:21"}
{"level":"info","message":{"data":[{"id":"05269505-b463-425a-b5f2-44b201d617ed","typename":"Servicios públicos"},{"id":"28af3e1d-8af8-47fc-b631-1ac3845e8f14","typename":"Infraestructura y obras públicas"},{"id":"7cc4a9e1-dc6e-4fcb-9475-bc052daad2f7","typename":"Transporte público"},{"id":"280888bb-56af-4bc3-ba07-a1f571dfe30b","typename":"Licencias y permisos"},{"id":"3091e865-f7a9-45b7-b9c0-1839008ffcad","typename":"Ruidos y contaminación"},{"id":"b41841be-14eb-48a2-83c3-91f4ab6ec029","typename":"Problemas de seguridad"},{"id":"c9aec491-50f3-403e-a51e-204c0bb9d4f5","typename":"Problemas de iluminación"},{"id":"0202cb87-b934-48e8-994e-aa49619cc35e","typename":"Problemas de servicios en línea"}],"model":"TypeClaimModels/getAll"},"timestamp":"2023-08-14 22:56:21"}
{"level":"info","message":{"data":{"claim_id":"097d542e-a2f3-4ab4-9b19-56a490a9d96b"},"model":"file/add"},"timestamp":"2023-08-14 22:56:23"}
{"level":"info","message":{"data":{"claim_id":"097d542e-a2f3-4ab4-9b19-56a490a9d96b"},"model":"file/add"},"timestamp":"2023-08-14 22:56:23"}
{"level":"info","message":{"data":{"claim_id":"097d542e-a2f3-4ab4-9b19-56a490a9d96b"},"model":"file/add"},"timestamp":"2023-08-14 22:56:25"}
{"level":"info","message":{"body":{},"method":"POST","params":"","query":"","url":"/api/typeclaim/getAll"},"timestamp":"2023-08-14 22:56:45"}
{"level":"info","message":{"body":{},"method":"POST","params":"","query":"","url":"/api/typeclaim/getAll"},"timestamp":"2023-08-14 22:56:45"}
{"level":"info","message":{"data":[{"id":"05269505-b463-425a-b5f2-44b201d617ed","typename":"Servicios públicos"},{"id":"28af3e1d-8af8-47fc-b631-1ac3845e8f14","typename":"Infraestructura y obras públicas"},{"id":"7cc4a9e1-dc6e-4fcb-9475-bc052daad2f7","typename":"Transporte público"},{"id":"280888bb-56af-4bc3-ba07-a1f571dfe30b","typename":"Licencias y permisos"},{"id":"3091e865-f7a9-45b7-b9c0-1839008ffcad","typename":"Ruidos y contaminación"},{"id":"b41841be-14eb-48a2-83c3-91f4ab6ec029","typename":"Problemas de seguridad"},{"id":"c9aec491-50f3-403e-a51e-204c0bb9d4f5","typename":"Problemas de iluminación"},{"id":"0202cb87-b934-48e8-994e-aa49619cc35e","typename":"Problemas de servicios en línea"}],"model":"TypeClaimModels/getAll"},"timestamp":"2023-08-14 22:56:46"}
{"level":"info","message":{"data":[{"id":"05269505-b463-425a-b5f2-44b201d617ed","typename":"Servicios públicos"},{"id":"28af3e1d-8af8-47fc-b631-1ac3845e8f14","typename":"Infraestructura y obras públicas"},{"id":"7cc4a9e1-dc6e-4fcb-9475-bc052daad2f7","typename":"Transporte público"},{"id":"280888bb-56af-4bc3-ba07-a1f571dfe30b","typename":"Licencias y permisos"},{"id":"3091e865-f7a9-45b7-b9c0-1839008ffcad","typename":"Ruidos y contaminación"},{"id":"b41841be-14eb-48a2-83c3-91f4ab6ec029","typename":"Problemas de seguridad"},{"id":"c9aec491-50f3-403e-a51e-204c0bb9d4f5","typename":"Problemas de iluminación"},{"id":"0202cb87-b934-48e8-994e-aa49619cc35e","typename":"Problemas de servicios en línea"}],"model":"TypeClaimModels/getAll"},"timestamp":"2023-08-14 22:56:46"}
{"level":"info","message":"API listening port 5400","timestamp":"2023-08-14 22:58:12"}
{"level":"info","message":"Connect Database","timestamp":"2023-08-14 22:58:13"}
{"level":"info","message":{"body":{},"method":"POST","params":"","query":"","url":"/api/typeclaim/getAll"},"timestamp":"2023-08-14 22:59:34"}
{"level":"info","message":{"body":{},"method":"POST","params":"","query":"","url":"/api/typeclaim/getAll"},"timestamp":"2023-08-14 22:59:35"}
{"level":"info","message":{"body":{},"method":"POST","params":"","query":"","url":"/api/typeclaim/getAll"},"timestamp":"2023-08-14 22:59:35"}
{"level":"info","message":{"data":[{"id":"05269505-b463-425a-b5f2-44b201d617ed","typename":"Servicios públicos"},{"id":"28af3e1d-8af8-47fc-b631-1ac3845e8f14","typename":"Infraestructura y obras públicas"},{"id":"7cc4a9e1-dc6e-4fcb-9475-bc052daad2f7","typename":"Transporte público"},{"id":"280888bb-56af-4bc3-ba07-a1f571dfe30b","typename":"Licencias y permisos"},{"id":"3091e865-f7a9-45b7-b9c0-1839008ffcad","typename":"Ruidos y contaminación"},{"id":"b41841be-14eb-48a2-83c3-91f4ab6ec029","typename":"Problemas de seguridad"},{"id":"c9aec491-50f3-403e-a51e-204c0bb9d4f5","typename":"Problemas de iluminación"},{"id":"0202cb87-b934-48e8-994e-aa49619cc35e","typename":"Problemas de servicios en línea"}],"model":"TypeClaimModels/getAll"},"timestamp":"2023-08-14 22:59:35"}
{"level":"info","message":{"data":[{"id":"05269505-b463-425a-b5f2-44b201d617ed","typename":"Servicios públicos"},{"id":"28af3e1d-8af8-47fc-b631-1ac3845e8f14","typename":"Infraestructura y obras públicas"},{"id":"7cc4a9e1-dc6e-4fcb-9475-bc052daad2f7","typename":"Transporte público"},{"id":"280888bb-56af-4bc3-ba07-a1f571dfe30b","typename":"Licencias y permisos"},{"id":"3091e865-f7a9-45b7-b9c0-1839008ffcad","typename":"Ruidos y contaminación"},{"id":"b41841be-14eb-48a2-83c3-91f4ab6ec029","typename":"Problemas de seguridad"},{"id":"c9aec491-50f3-403e-a51e-204c0bb9d4f5","typename":"Problemas de iluminación"},{"id":"0202cb87-b934-48e8-994e-aa49619cc35e","typename":"Problemas de servicios en línea"}],"model":"TypeClaimModels/getAll"},"timestamp":"2023-08-14 22:59:36"}
{"level":"info","message":{"data":[{"id":"05269505-b463-425a-b5f2-44b201d617ed","typename":"Servicios públicos"},{"id":"28af3e1d-8af8-47fc-b631-1ac3845e8f14","typename":"Infraestructura y obras públicas"},{"id":"7cc4a9e1-dc6e-4fcb-9475-bc052daad2f7","typename":"Transporte público"},{"id":"280888bb-56af-4bc3-ba07-a1f571dfe30b","typename":"Licencias y permisos"},{"id":"3091e865-f7a9-45b7-b9c0-1839008ffcad","typename":"Ruidos y contaminación"},{"id":"b41841be-14eb-48a2-83c3-91f4ab6ec029","typename":"Problemas de seguridad"},{"id":"c9aec491-50f3-403e-a51e-204c0bb9d4f5","typename":"Problemas de iluminación"},{"id":"0202cb87-b934-48e8-994e-aa49619cc35e","typename":"Problemas de servicios en línea"}],"model":"TypeClaimModels/getAll"},"timestamp":"2023-08-14 22:59:36"}
{"level":"info","message":"API listening port 5400","timestamp":"2023-08-14 23:07:33"}
{"level":"info","message":"Connect Database","timestamp":"2023-08-14 23:07:34"}
{"level":"info","message":{"body":{"claim_id":"097d542e-a2f3-4ab4-9b19-56a490a9d96b"},"method":"POST","params":"","query":"","url":"/api/file/add"},"timestamp":"2023-08-14 23:07:41"}
{"level":"info","message":{"data":{"claim_id":"097d542e-a2f3-4ab4-9b19-56a490a9d96b"},"model":"file/add"},"timestamp":"2023-08-14 23:07:46"}
{"level":"info","message":"API listening port 5400","timestamp":"2023-08-14 23:08:09"}
{"level":"info","message":"Connect Database","timestamp":"2023-08-14 23:08:10"}
{"level":"info","message":{"body":{},"method":"POST","params":"","query":"","url":"/api/typeclaim/getAll"},"timestamp":"2023-08-14 23:08:16"}
{"level":"info","message":{"data":[{"id":"05269505-b463-425a-b5f2-44b201d617ed","typename":"Servicios públicos"},{"id":"28af3e1d-8af8-47fc-b631-1ac3845e8f14","typename":"Infraestructura y obras públicas"},{"id":"7cc4a9e1-dc6e-4fcb-9475-bc052daad2f7","typename":"Transporte público"},{"id":"280888bb-56af-4bc3-ba07-a1f571dfe30b","typename":"Licencias y permisos"},{"id":"3091e865-f7a9-45b7-b9c0-1839008ffcad","typename":"Ruidos y contaminación"},{"id":"b41841be-14eb-48a2-83c3-91f4ab6ec029","typename":"Problemas de seguridad"},{"id":"c9aec491-50f3-403e-a51e-204c0bb9d4f5","typename":"Problemas de iluminación"},{"id":"0202cb87-b934-48e8-994e-aa49619cc35e","typename":"Problemas de servicios en línea"}],"model":"TypeClaimModels/getAll"},"timestamp":"2023-08-14 23:08:17"}
{"level":"info","message":{"body":{"claim_id":"097d542e-a2f3-4ab4-9b19-56a490a9d96b","public_id":"bf8j5bs7edzfwweergwd"},"method":"POST","params":"","query":"","url":"/api/file/remove"},"timestamp":"2023-08-14 23:08:37"}
{"level":"info","message":{"data":{"claim_id":"097d542e-a2f3-4ab4-9b19-56a490a9d96b","public_id":"bf8j5bs7edzfwweergwd"},"model":"file/remove"},"timestamp":"2023-08-14 23:08:39"}
{"level":"info","message":"API listening port 5400","timestamp":"2023-08-14 23:09:37"}
{"level":"info","message":"Connect Database","timestamp":"2023-08-14 23:09:38"}
{"level":"info","message":"API listening port 5400","timestamp":"2023-08-14 23:09:40"}
{"level":"info","message":"Connect Database","timestamp":"2023-08-14 23:09:42"}
{"level":"info","message":{"body":{},"method":"POST","params":"","query":"","url":"/api/typeclaim/getAll"},"timestamp":"2023-08-14 23:10:47"}
{"level":"info","message":{"body":{},"method":"POST","params":"","query":"","url":"/api/typeclaim/getAll"},"timestamp":"2023-08-14 23:10:47"}
{"level":"info","message":{"data":[{"id":"05269505-b463-425a-b5f2-44b201d617ed","typename":"Servicios públicos"},{"id":"28af3e1d-8af8-47fc-b631-1ac3845e8f14","typename":"Infraestructura y obras públicas"},{"id":"7cc4a9e1-dc6e-4fcb-9475-bc052daad2f7","typename":"Transporte público"},{"id":"280888bb-56af-4bc3-ba07-a1f571dfe30b","typename":"Licencias y permisos"},{"id":"3091e865-f7a9-45b7-b9c0-1839008ffcad","typename":"Ruidos y contaminación"},{"id":"b41841be-14eb-48a2-83c3-91f4ab6ec029","typename":"Problemas de seguridad"},{"id":"c9aec491-50f3-403e-a51e-204c0bb9d4f5","typename":"Problemas de iluminación"},{"id":"0202cb87-b934-48e8-994e-aa49619cc35e","typename":"Problemas de servicios en línea"}],"model":"TypeClaimModels/getAll"},"timestamp":"2023-08-14 23:10:48"}
{"level":"info","message":{"data":[{"id":"05269505-b463-425a-b5f2-44b201d617ed","typename":"Servicios públicos"},{"id":"28af3e1d-8af8-47fc-b631-1ac3845e8f14","typename":"Infraestructura y obras públicas"},{"id":"7cc4a9e1-dc6e-4fcb-9475-bc052daad2f7","typename":"Transporte público"},{"id":"280888bb-56af-4bc3-ba07-a1f571dfe30b","typename":"Licencias y permisos"},{"id":"3091e865-f7a9-45b7-b9c0-1839008ffcad","typename":"Ruidos y contaminación"},{"id":"b41841be-14eb-48a2-83c3-91f4ab6ec029","typename":"Problemas de seguridad"},{"id":"c9aec491-50f3-403e-a51e-204c0bb9d4f5","typename":"Problemas de iluminación"},{"id":"0202cb87-b934-48e8-994e-aa49619cc35e","typename":"Problemas de servicios en línea"}],"model":"TypeClaimModels/getAll"},"timestamp":"2023-08-14 23:10:48"}
{"level":"info","message":{"body":{},"method":"POST","params":"","query":"","url":"/api/typeclaim/getAll"},"timestamp":"2023-08-14 23:10:55"}
{"level":"info","message":{"data":[{"id":"05269505-b463-425a-b5f2-44b201d617ed","typename":"Servicios públicos"},{"id":"28af3e1d-8af8-47fc-b631-1ac3845e8f14","typename":"Infraestructura y obras públicas"},{"id":"7cc4a9e1-dc6e-4fcb-9475-bc052daad2f7","typename":"Transporte público"},{"id":"280888bb-56af-4bc3-ba07-a1f571dfe30b","typename":"Licencias y permisos"},{"id":"3091e865-f7a9-45b7-b9c0-1839008ffcad","typename":"Ruidos y contaminación"},{"id":"b41841be-14eb-48a2-83c3-91f4ab6ec029","typename":"Problemas de seguridad"},{"id":"c9aec491-50f3-403e-a51e-204c0bb9d4f5","typename":"Problemas de iluminación"},{"id":"0202cb87-b934-48e8-994e-aa49619cc35e","typename":"Problemas de servicios en línea"}],"model":"TypeClaimModels/getAll"},"timestamp":"2023-08-14 23:10:55"}
{"level":"info","message":{"body":{},"method":"POST","params":"","query":"","url":"/api/typeclaim/getAll"},"timestamp":"2023-08-14 23:11:41"}
{"level":"info","message":{"data":[{"id":"05269505-b463-425a-b5f2-44b201d617ed","typename":"Servicios públicos"},{"id":"28af3e1d-8af8-47fc-b631-1ac3845e8f14","typename":"Infraestructura y obras públicas"},{"id":"7cc4a9e1-dc6e-4fcb-9475-bc052daad2f7","typename":"Transporte público"},{"id":"280888bb-56af-4bc3-ba07-a1f571dfe30b","typename":"Licencias y permisos"},{"id":"3091e865-f7a9-45b7-b9c0-1839008ffcad","typename":"Ruidos y contaminación"},{"id":"b41841be-14eb-48a2-83c3-91f4ab6ec029","typename":"Problemas de seguridad"},{"id":"c9aec491-50f3-403e-a51e-204c0bb9d4f5","typename":"Problemas de iluminación"},{"id":"0202cb87-b934-48e8-994e-aa49619cc35e","typename":"Problemas de servicios en línea"}],"model":"TypeClaimModels/getAll"},"timestamp":"2023-08-14 23:11:42"}
{"level":"info","message":{"body":{},"method":"POST","params":"","query":"","url":"/api/typeclaim/getAll"},"timestamp":"2023-08-14 23:11:43"}
