{"level":"info","message":"API listening port 5400","timestamp":"2023-08-21 21:17:40"}
{"level":"info","message":"Connect Database","timestamp":"2023-08-21 21:17:41"}
{"level":"info","message":"API listening port 5400","timestamp":"2023-08-21 21:19:23"}
{"level":"info","message":"Connect Database","timestamp":"2023-08-21 21:19:24"}
{"level":"info","message":"API listening port 5400","timestamp":"2023-08-21 21:20:17"}
{"level":"info","message":"Connect Database","timestamp":"2023-08-21 21:20:20"}
{"level":"info","message":"API listening port 5400","timestamp":"2023-08-21 21:20:44"}
{"level":"info","message":"Connect Database","timestamp":"2023-08-21 21:20:45"}
{"level":"info","message":"API listening port 5400","timestamp":"2023-08-21 21:20:48"}
{"level":"info","message":"Connect Database","timestamp":"2023-08-21 21:20:49"}
{"level":"info","message":"API listening port 5400","timestamp":"2023-08-21 21:20:51"}
{"level":"info","message":"Connect Database","timestamp":"2023-08-21 21:20:53"}
{"level":"info","message":"API listening port 5400","timestamp":"2023-08-21 21:21:03"}
{"level":"info","message":"Connect Database","timestamp":"2023-08-21 21:21:04"}
{"level":"info","message":"API listening port 5400","timestamp":"2023-08-21 21:21:07"}
{"level":"info","message":"Connect Database","timestamp":"2023-08-21 21:21:07"}
{"level":"info","message":"API listening port 5400","timestamp":"2023-08-21 21:24:01"}
{"level":"info","message":"Connect Database","timestamp":"2023-08-21 21:24:01"}
{"level":"info","message":"API listening port 5400","timestamp":"2023-08-21 21:24:09"}
{"level":"info","message":"Connect Database","timestamp":"2023-08-21 21:24:15"}
{"level":"info","message":"API listening port 5400","timestamp":"2023-08-21 21:25:10"}
{"level":"info","message":"Connect Database","timestamp":"2023-08-21 21:25:11"}
{"level":"info","message":"API listening port 5400","timestamp":"2023-08-21 21:25:18"}
{"level":"info","message":"Connect Database","timestamp":"2023-08-21 21:25:19"}
{"level":"info","message":"API listening port 5400","timestamp":"2023-08-21 21:25:24"}
{"level":"info","message":"Connect Database","timestamp":"2023-08-21 21:25:25"}
{"level":"info","message":"API listening port 5400","timestamp":"2023-08-21 21:25:30"}
{"level":"info","message":"Connect Database","timestamp":"2023-08-21 21:25:31"}
{"level":"info","message":"API listening port 5400","timestamp":"2023-08-21 21:26:54"}
{"level":"info","message":"Connect Database","timestamp":"2023-08-21 21:26:55"}
{"level":"info","message":"API listening port 5400","timestamp":"2023-08-21 21:27:21"}
{"level":"info","message":"Connect Database","timestamp":"2023-08-21 21:27:22"}
{"level":"info","message":"API listening port 5400","timestamp":"2023-08-21 21:28:00"}
{"level":"info","message":"Connect Database","timestamp":"2023-08-21 21:28:01"}
{"level":"info","message":"API listening port 5400","timestamp":"2023-08-21 21:30:01"}
{"level":"info","message":"Connect Database","timestamp":"2023-08-21 21:30:02"}
{"level":"info","message":"API listening port 5400","timestamp":"2023-08-21 21:30:09"}
{"level":"info","message":"Connect Database","timestamp":"2023-08-21 21:30:10"}
{"level":"info","message":"API listening port 5400","timestamp":"2023-08-21 21:30:47"}
{"level":"info","message":"Connect Database","timestamp":"2023-08-21 21:30:48"}
{"level":"info","message":"API listening port 5400","timestamp":"2023-08-21 21:30:52"}
{"level":"info","message":"Connect Database","timestamp":"2023-08-21 21:30:53"}
{"level":"info","message":"API listening port 5400","timestamp":"2023-08-21 21:31:14"}
{"level":"info","message":"Connect Database","timestamp":"2023-08-21 21:31:15"}
{"level":"info","message":"API listening port 5400","timestamp":"2023-08-21 21:31:30"}
{"level":"info","message":"Connect Database","timestamp":"2023-08-21 21:31:31"}
{"level":"info","message":"API listening port 5400","timestamp":"2023-08-21 21:32:00"}
{"level":"info","message":"Connect Database","timestamp":"2023-08-21 21:32:01"}
{"level":"info","message":"API listening port 5400","timestamp":"2023-08-21 21:32:07"}
{"level":"info","message":"Connect Database","timestamp":"2023-08-21 21:32:08"}
{"level":"info","message":"API listening port 5400","timestamp":"2023-08-21 21:32:20"}
{"level":"info","message":"Connect Database","timestamp":"2023-08-21 21:32:21"}
{"level":"info","message":"API listening port 5400","timestamp":"2023-08-21 21:38:33"}
{"level":"info","message":"API listening port 5400","timestamp":"2023-08-21 21:38:35"}
{"level":"info","message":"Connect Database","timestamp":"2023-08-21 21:38:36"}
{"level":"info","message":"API listening port 5400","timestamp":"2023-08-21 21:41:10"}
{"level":"info","message":"Connect Database","timestamp":"2023-08-21 21:41:11"}
{"level":"info","message":"API listening port 5400","timestamp":"2023-08-21 21:41:38"}
{"level":"info","message":"Connect Database","timestamp":"2023-08-21 21:41:38"}
{"level":"info","message":"API listening port 5400","timestamp":"2023-08-21 21:42:24"}
{"level":"info","message":"Connect Database","timestamp":"2023-08-21 21:42:25"}
{"level":"info","message":"API listening port 5400","timestamp":"2023-08-21 21:43:30"}
{"level":"info","message":"Connect Database","timestamp":"2023-08-21 21:43:31"}
{"level":"info","message":"API listening port 5400","timestamp":"2023-08-21 21:43:40"}
{"level":"info","message":"Connect Database","timestamp":"2023-08-21 21:43:41"}
{"level":"info","message":"API listening port 5400","timestamp":"2023-08-21 21:43:56"}
{"level":"info","message":"Connect Database","timestamp":"2023-08-21 21:43:58"}
{"level":"info","message":"API listening port 5400","timestamp":"2023-08-21 21:48:28"}
{"level":"info","message":"API listening port 5400","timestamp":"2023-08-21 21:48:30"}
{"level":"info","message":"Connect Database","timestamp":"2023-08-21 21:48:32"}
{"level":"info","message":"API listening port 5400","timestamp":"2023-08-21 21:48:56"}
{"level":"info","message":"Connect Database","timestamp":"2023-08-21 21:48:57"}
{"level":"info","message":"API listening port 5400","timestamp":"2023-08-21 21:51:48"}
{"level":"info","message":"Connect Database","timestamp":"2023-08-21 21:51:49"}
{"level":"info","message":{"body":{"rut":"27.648.009-K"},"method":"POST","params":"","query":"","url":"/api/person/getByRut"},"timestamp":"2023-08-21 21:52:31"}
{"level":"info","message":{"data":{"email":"quispeabadquispe@gmail.com","id":"0dbdf4ee-27e8-4080-bc1b-779a38c9d9ef","maternallastname":"Huamani","name":"Alexander","paternallastname":"Quispe","phone":"957902342","rut":"27.648.009-K"},"model":"Person/getByRut"},"timestamp":"2023-08-21 21:52:32"}
{"level":"info","message":{"body":{"email":"quispeabadquispe@gmail.com","maternallastname":"Huamani","name":"Alexander","paternallastname":"Quispe","phone":"957902342","rut":"27.648.009-K"},"method":"POST","params":"","query":"","url":"/api/person/create"},"timestamp":"2023-08-21 21:52:35"}
{"level":"info","message":{"body":{},"method":"POST","params":"","query":"","url":"/api/claim/create"},"timestamp":"2023-08-21 21:52:35"}
{"level":"info","message":{"data":{"email":"quispeabadquispe@gmail.com","id":"0dbdf4ee-27e8-4080-bc1b-779a38c9d9ef","maternallastname":"Huamani","name":"Alexander","paternallastname":"Quispe","phone":"957902342","rut":"27.648.009-K"},"model":"Person/create"},"timestamp":"2023-08-21 21:52:35"}
{"level":"info","message":{"data":{"endingdate":"2023-08-22T05:52:35.476Z","id":"f3d5b0e3-d50b-454f-be31-53dc6489cb6e","openingdate":"2023-08-22T05:52:35.476Z"},"model":"ModelClaim/create"},"timestamp":"2023-08-21 21:52:36"}
{"level":"info","message":{"body":{},"method":"POST","params":"","query":"","url":"/api/typeclaim/getAll"},"timestamp":"2023-08-21 21:52:36"}
{"level":"info","message":{"body":{"claim_id":"f3d5b0e3-d50b-454f-be31-53dc6489cb6e"},"method":"POST","params":"","query":"","url":"/api/claim/getById"},"timestamp":"2023-08-21 21:52:36"}
{"level":"info","message":{"body":{},"method":"POST","params":"","query":"","url":"/api/typeclaim/getAll"},"timestamp":"2023-08-21 21:52:36"}
{"level":"info","message":{"data":[{"id":"28af3e1d-8af8-47fc-b631-1ac3845e8f14","typename":"Infraestructura y obras públicas"},{"id":"7cc4a9e1-dc6e-4fcb-9475-bc052daad2f7","typename":"Transporte público"},{"id":"280888bb-56af-4bc3-ba07-a1f571dfe30b","typename":"Licencias y permisos"},{"id":"3091e865-f7a9-45b7-b9c0-1839008ffcad","typename":"Ruidos y contaminación"},{"id":"b41841be-14eb-48a2-83c3-91f4ab6ec029","typename":"Problemas de seguridad"},{"id":"c9aec491-50f3-403e-a51e-204c0bb9d4f5","typename":"Problemas de iluminación"},{"id":"0202cb87-b934-48e8-994e-aa49619cc35e","typename":"Problemas de servicios en línea"},{"id":"027d280c-b0a1-4a12-958a-dcfd45e2e0f7","typename":"Mi nuevo tipo mi nuevo valor"},{"id":"e43bd7b2-f6c4-4994-85bc-a0d30b95b850","typename":"Problemas de Alumbrado"},{"id":"05269505-b463-425a-b5f2-44b201d617ed","typename":"Servicios públicos anidados"}],"model":"TypeClaimModels/getAll"},"timestamp":"2023-08-21 21:52:36"}
{"level":"info","message":{"data":[{"id":"28af3e1d-8af8-47fc-b631-1ac3845e8f14","typename":"Infraestructura y obras públicas"},{"id":"7cc4a9e1-dc6e-4fcb-9475-bc052daad2f7","typename":"Transporte público"},{"id":"280888bb-56af-4bc3-ba07-a1f571dfe30b","typename":"Licencias y permisos"},{"id":"3091e865-f7a9-45b7-b9c0-1839008ffcad","typename":"Ruidos y contaminación"},{"id":"b41841be-14eb-48a2-83c3-91f4ab6ec029","typename":"Problemas de seguridad"},{"id":"c9aec491-50f3-403e-a51e-204c0bb9d4f5","typename":"Problemas de iluminación"},{"id":"0202cb87-b934-48e8-994e-aa49619cc35e","typename":"Problemas de servicios en línea"},{"id":"027d280c-b0a1-4a12-958a-dcfd45e2e0f7","typename":"Mi nuevo tipo mi nuevo valor"},{"id":"e43bd7b2-f6c4-4994-85bc-a0d30b95b850","typename":"Problemas de Alumbrado"},{"id":"05269505-b463-425a-b5f2-44b201d617ed","typename":"Servicios públicos anidados"}],"model":"TypeClaimModels/getAll"},"timestamp":"2023-08-21 21:52:38"}
{"level":"info","message":{"body":{"claim_id":"f3d5b0e3-d50b-454f-be31-53dc6489cb6e"},"method":"POST","params":"","query":"","url":"/api/file/add"},"timestamp":"2023-08-21 21:52:43"}
{"level":"info","message":{"data":{"claim_id":"f3d5b0e3-d50b-454f-be31-53dc6489cb6e"},"model":"file/add"},"timestamp":"2023-08-21 21:52:45"}
{"level":"info","message":{"body":{"claim_body":"Mi reclamo es el siguiente","claim_id":"f3d5b0e3-d50b-454f-be31-53dc6489cb6e","person_id":"0dbdf4ee-27e8-4080-bc1b-779a38c9d9ef","type_id":"28af3e1d-8af8-47fc-b631-1ac3845e8f14"},"method":"POST","params":"","query":"","url":"/api/claimDetail/create"},"timestamp":"2023-08-21 21:53:00"}
{"level":"info","message":{"body":{"claim_id":"f3d5b0e3-d50b-454f-be31-53dc6489cb6e"},"method":"POST","params":"","query":"","url":"/api/claim/getById"},"timestamp":"2023-08-21 21:53:01"}
{"level":"info","message":{"data":{"claim_body":"Mi reclamo es el siguiente","claim_id":"f3d5b0e3-d50b-454f-be31-53dc6489cb6e","id":"8f408bd4-ea1c-41b7-b747-955b44dfd9fb","level":"Urgente","type_id":"28af3e1d-8af8-47fc-b631-1ac3845e8f14"},"model":"ModelClaim/create"},"timestamp":"2023-08-21 21:53:01"}
{"level":"info","message":{"data":"successful connection to Nodemailer","utils":"emailSender"},"timestamp":"2023-08-21 21:53:04"}
{"level":"info","message":{"data":{"accepted":["quispeabadquispe@gmail.com"],"ehlo":["SIZE 35882577","8BITMIME","AUTH LOGIN PLAIN XOAUTH2 PLAIN-CLIENTTOKEN OAUTHBEARER XOAUTH","ENHANCEDSTATUSCODES","PIPELINING","CHUNKING","SMTPUTF8"],"envelope":{"from":"willypruebas6@gmail.com","to":["quispeabadquispe@gmail.com"]},"envelopeTime":824,"messageId":"<5d95e014-b607-65b4-63be-81f09905fff6@gmail.com>","messageSize":26068,"messageTime":720,"rejected":[],"response":"250 2.0.0 OK  1692669184 m13-20020a056808024d00b003a5b027ccb2sm101748oie.38 - gsmtp"},"utils":"emailSender"},"timestamp":"2023-08-21 21:53:05"}
{"level":"info","message":"API listening port 5400","timestamp":"2023-08-21 22:10:18"}
{"level":"info","message":"Connect Database","timestamp":"2023-08-21 22:10:19"}
{"level":"info","message":{"body":{"rut":"27.648.009-K"},"method":"POST","params":"","query":"","url":"/api/person/getByRut"},"timestamp":"2023-08-21 22:10:21"}
{"level":"info","message":{"data":{"email":"quispeabadquispe@gmail.com","id":"0dbdf4ee-27e8-4080-bc1b-779a38c9d9ef","maternallastname":"Huamani","name":"Alexander","paternallastname":"Quispe","phone":"957902342","rut":"27.648.009-K"},"model":"Person/getByRut"},"timestamp":"2023-08-21 22:10:22"}
{"level":"info","message":{"body":{"email":"quispeabadquispe@gmail.com","maternallastname":"Huamani","name":"Alexander","paternallastname":"Quispe","phone":"957902342","rut":"27.648.009-K"},"method":"POST","params":"","query":"","url":"/api/person/create"},"timestamp":"2023-08-21 22:10:24"}
{"level":"info","message":{"body":{},"method":"POST","params":"","query":"","url":"/api/claim/create"},"timestamp":"2023-08-21 22:10:24"}
{"level":"info","message":{"data":{"email":"quispeabadquispe@gmail.com","id":"0dbdf4ee-27e8-4080-bc1b-779a38c9d9ef","maternallastname":"Huamani","name":"Alexander","paternallastname":"Quispe","phone":"957902342","rut":"27.648.009-K"},"model":"Person/create"},"timestamp":"2023-08-21 22:10:24"}
{"level":"info","message":{"data":{"endingdate":"2023-08-22T06:10:24.572Z","id":"1aa1af23-7815-45b2-b915-8f2d096f90d4","openingdate":"2023-08-22T06:10:24.572Z"},"model":"ModelClaim/create"},"timestamp":"2023-08-21 22:10:25"}
{"level":"info","message":{"body":{},"method":"POST","params":"","query":"","url":"/api/typeclaim/getAll"},"timestamp":"2023-08-21 22:10:25"}
{"level":"info","message":{"body":{"claim_id":"1aa1af23-7815-45b2-b915-8f2d096f90d4"},"method":"POST","params":"","query":"","url":"/api/claim/getById"},"timestamp":"2023-08-21 22:10:25"}
{"level":"info","message":{"body":{},"method":"POST","params":"","query":"","url":"/api/typeclaim/getAll"},"timestamp":"2023-08-21 22:10:25"}
{"level":"info","message":{"data":[{"id":"28af3e1d-8af8-47fc-b631-1ac3845e8f14","typename":"Infraestructura y obras públicas"},{"id":"7cc4a9e1-dc6e-4fcb-9475-bc052daad2f7","typename":"Transporte público"},{"id":"280888bb-56af-4bc3-ba07-a1f571dfe30b","typename":"Licencias y permisos"},{"id":"3091e865-f7a9-45b7-b9c0-1839008ffcad","typename":"Ruidos y contaminación"},{"id":"b41841be-14eb-48a2-83c3-91f4ab6ec029","typename":"Problemas de seguridad"},{"id":"c9aec491-50f3-403e-a51e-204c0bb9d4f5","typename":"Problemas de iluminación"},{"id":"0202cb87-b934-48e8-994e-aa49619cc35e","typename":"Problemas de servicios en línea"},{"id":"027d280c-b0a1-4a12-958a-dcfd45e2e0f7","typename":"Mi nuevo tipo mi nuevo valor"},{"id":"e43bd7b2-f6c4-4994-85bc-a0d30b95b850","typename":"Problemas de Alumbrado"},{"id":"05269505-b463-425a-b5f2-44b201d617ed","typename":"Servicios públicos anidados"}],"model":"TypeClaimModels/getAll"},"timestamp":"2023-08-21 22:10:25"}
{"level":"info","message":{"data":[{"id":"28af3e1d-8af8-47fc-b631-1ac3845e8f14","typename":"Infraestructura y obras públicas"},{"id":"7cc4a9e1-dc6e-4fcb-9475-bc052daad2f7","typename":"Transporte público"},{"id":"280888bb-56af-4bc3-ba07-a1f571dfe30b","typename":"Licencias y permisos"},{"id":"3091e865-f7a9-45b7-b9c0-1839008ffcad","typename":"Ruidos y contaminación"},{"id":"b41841be-14eb-48a2-83c3-91f4ab6ec029","typename":"Problemas de seguridad"},{"id":"c9aec491-50f3-403e-a51e-204c0bb9d4f5","typename":"Problemas de iluminación"},{"id":"0202cb87-b934-48e8-994e-aa49619cc35e","typename":"Problemas de servicios en línea"},{"id":"027d280c-b0a1-4a12-958a-dcfd45e2e0f7","typename":"Mi nuevo tipo mi nuevo valor"},{"id":"e43bd7b2-f6c4-4994-85bc-a0d30b95b850","typename":"Problemas de Alumbrado"},{"id":"05269505-b463-425a-b5f2-44b201d617ed","typename":"Servicios públicos anidados"}],"model":"TypeClaimModels/getAll"},"timestamp":"2023-08-21 22:10:26"}
{"level":"info","message":{"body":{"claim_id":"1aa1af23-7815-45b2-b915-8f2d096f90d4"},"method":"POST","params":"","query":"","url":"/api/file/add"},"timestamp":"2023-08-21 22:10:31"}
{"level":"info","message":{"data":{"claim_id":"1aa1af23-7815-45b2-b915-8f2d096f90d4"},"model":"file/add"},"timestamp":"2023-08-21 22:10:32"}
{"level":"info","message":{"body":{"claim_body":"MI cuarto reclamo del dia","claim_id":"1aa1af23-7815-45b2-b915-8f2d096f90d4","person_id":"0dbdf4ee-27e8-4080-bc1b-779a38c9d9ef","type_id":"28af3e1d-8af8-47fc-b631-1ac3845e8f14"},"method":"POST","params":"","query":"","url":"/api/claimDetail/create"},"timestamp":"2023-08-21 22:11:13"}
{"level":"info","message":{"body":{"claim_id":"1aa1af23-7815-45b2-b915-8f2d096f90d4"},"method":"POST","params":"","query":"","url":"/api/claim/getById"},"timestamp":"2023-08-21 22:11:13"}
{"level":"info","message":{"data":{"claim_body":"MI cuarto reclamo del dia","claim_id":"1aa1af23-7815-45b2-b915-8f2d096f90d4","id":"723928ac-e0c8-4229-8c3d-2997a8a01ded","level":"Urgente","type_id":"28af3e1d-8af8-47fc-b631-1ac3845e8f14"},"model":"ModelClaim/create"},"timestamp":"2023-08-21 22:11:15"}
{"level":"info","message":{"data":"successful connection to Nodemailer","utils":"emailSender"},"timestamp":"2023-08-21 22:11:17"}
{"level":"info","message":{"data":{"accepted":["quispeabadquispe@gmail.com"],"ehlo":["SIZE 35882577","8BITMIME","AUTH LOGIN PLAIN XOAUTH2 PLAIN-CLIENTTOKEN OAUTHBEARER XOAUTH","ENHANCEDSTATUSCODES","PIPELINING","CHUNKING","SMTPUTF8"],"envelope":{"from":"willypruebas6@gmail.com","to":["quispeabadquispe@gmail.com"]},"envelopeTime":665,"messageId":"<03c4f2d7-db86-82d0-d9a3-3321efa9848a@gmail.com>","messageSize":26073,"messageTime":613,"rejected":[],"response":"250 2.0.0 OK  1692670277 n4-20020a056870a44400b001c4b8a9ef88sm4950372oal.24 - gsmtp"},"utils":"emailSender"},"timestamp":"2023-08-21 22:11:18"}
{"level":"info","message":{"body":{"claim_id":"1aa1af23-7815-45b2-b915-8f2d096f90d4"},"method":"POST","params":"","query":"","url":"/api/claim/getById"},"timestamp":"2023-08-21 22:11:25"}
{"level":"info","message":"API listening port 5400","timestamp":"2023-08-21 22:13:30"}
{"level":"info","message":"Connect Database","timestamp":"2023-08-21 22:13:31"}
{"level":"info","message":{"body":{"rut":"53.991.509-6"},"method":"POST","params":"","query":"","url":"/api/person/getByRut"},"timestamp":"2023-08-21 22:13:35"}
{"level":"info","message":{"data":{"email":"portalfirma@gmail.com","id":"5804052e-b808-4d97-b540-e36b7d0b548b","maternallastname":"Huamani","name":"Alexander","paternallastname":"Quispe","phone":"957902342","rut":"53.991.509-6"},"model":"Person/getByRut"},"timestamp":"2023-08-21 22:13:36"}
{"level":"info","message":{"body":{"email":"portalfirma@gmail.com","maternallastname":"Huamani","name":"Matias","paternallastname":"Quispe","phone":"957902342","rut":"53.991.509-6"},"method":"POST","params":"","query":"","url":"/api/person/create"},"timestamp":"2023-08-21 22:13:44"}
{"level":"info","message":{"body":{},"method":"POST","params":"","query":"","url":"/api/claim/create"},"timestamp":"2023-08-21 22:13:44"}
{"level":"info","message":{"data":{"email":"portalfirma@gmail.com","id":"5804052e-b808-4d97-b540-e36b7d0b548b","maternallastname":"Huamani","name":"Matias","paternallastname":"Quispe","phone":"957902342","rut":"53.991.509-6"},"model":"Person/create"},"timestamp":"2023-08-21 22:13:44"}
{"level":"info","message":{"data":{"endingdate":"2023-08-22T06:13:44.551Z","id":"8de71f77-d969-4f0a-8d22-50a8e60d0882","openingdate":"2023-08-22T06:13:44.551Z"},"model":"ModelClaim/create"},"timestamp":"2023-08-21 22:13:45"}
{"level":"info","message":{"body":{},"method":"POST","params":"","query":"","url":"/api/typeclaim/getAll"},"timestamp":"2023-08-21 22:13:45"}
{"level":"info","message":{"body":{},"method":"POST","params":"","query":"","url":"/api/typeclaim/getAll"},"timestamp":"2023-08-21 22:13:45"}
{"level":"info","message":{"body":{"claim_id":"8de71f77-d969-4f0a-8d22-50a8e60d0882"},"method":"POST","params":"","query":"","url":"/api/claim/getById"},"timestamp":"2023-08-21 22:13:45"}
{"level":"info","message":{"data":[{"id":"28af3e1d-8af8-47fc-b631-1ac3845e8f14","typename":"Infraestructura y obras públicas"},{"id":"7cc4a9e1-dc6e-4fcb-9475-bc052daad2f7","typename":"Transporte público"},{"id":"280888bb-56af-4bc3-ba07-a1f571dfe30b","typename":"Licencias y permisos"},{"id":"3091e865-f7a9-45b7-b9c0-1839008ffcad","typename":"Ruidos y contaminación"},{"id":"b41841be-14eb-48a2-83c3-91f4ab6ec029","typename":"Problemas de seguridad"},{"id":"c9aec491-50f3-403e-a51e-204c0bb9d4f5","typename":"Problemas de iluminación"},{"id":"0202cb87-b934-48e8-994e-aa49619cc35e","typename":"Problemas de servicios en línea"},{"id":"027d280c-b0a1-4a12-958a-dcfd45e2e0f7","typename":"Mi nuevo tipo mi nuevo valor"},{"id":"e43bd7b2-f6c4-4994-85bc-a0d30b95b850","typename":"Problemas de Alumbrado"},{"id":"05269505-b463-425a-b5f2-44b201d617ed","typename":"Servicios públicos anidados"}],"model":"TypeClaimModels/getAll"},"timestamp":"2023-08-21 22:13:45"}
{"level":"info","message":{"data":[{"id":"28af3e1d-8af8-47fc-b631-1ac3845e8f14","typename":"Infraestructura y obras públicas"},{"id":"7cc4a9e1-dc6e-4fcb-9475-bc052daad2f7","typename":"Transporte público"},{"id":"280888bb-56af-4bc3-ba07-a1f571dfe30b","typename":"Licencias y permisos"},{"id":"3091e865-f7a9-45b7-b9c0-1839008ffcad","typename":"Ruidos y contaminación"},{"id":"b41841be-14eb-48a2-83c3-91f4ab6ec029","typename":"Problemas de seguridad"},{"id":"c9aec491-50f3-403e-a51e-204c0bb9d4f5","typename":"Problemas de iluminación"},{"id":"0202cb87-b934-48e8-994e-aa49619cc35e","typename":"Problemas de servicios en línea"},{"id":"027d280c-b0a1-4a12-958a-dcfd45e2e0f7","typename":"Mi nuevo tipo mi nuevo valor"},{"id":"e43bd7b2-f6c4-4994-85bc-a0d30b95b850","typename":"Problemas de Alumbrado"},{"id":"05269505-b463-425a-b5f2-44b201d617ed","typename":"Servicios públicos anidados"}],"model":"TypeClaimModels/getAll"},"timestamp":"2023-08-21 22:13:45"}
{"level":"info","message":{"body":{"claim_id":"8de71f77-d969-4f0a-8d22-50a8e60d0882"},"method":"POST","params":"","query":"","url":"/api/file/add"},"timestamp":"2023-08-21 22:14:00"}
{"level":"info","message":"API listening port 5400","timestamp":"2023-08-21 22:14:13"}
{"level":"info","message":"Connect Database","timestamp":"2023-08-21 22:14:14"}
{"level":"info","message":{"body":{"claim_id":"8de71f77-d969-4f0a-8d22-50a8e60d0882"},"method":"POST","params":"","query":"","url":"/api/file/add"},"timestamp":"2023-08-21 22:14:22"}
{"level":"info","message":{"data":{"claim_id":"8de71f77-d969-4f0a-8d22-50a8e60d0882"},"model":"file/add"},"timestamp":"2023-08-21 22:14:25"}
{"level":"info","message":{"body":{"claim_body":"Mi reclamo es 897","claim_id":"8de71f77-d969-4f0a-8d22-50a8e60d0882","person_id":"5804052e-b808-4d97-b540-e36b7d0b548b","type_id":"b41841be-14eb-48a2-83c3-91f4ab6ec029"},"method":"POST","params":"","query":"","url":"/api/claimDetail/create"},"timestamp":"2023-08-21 22:14:28"}
{"level":"info","message":{"body":{"claim_id":"8de71f77-d969-4f0a-8d22-50a8e60d0882"},"method":"POST","params":"","query":"","url":"/api/claim/getById"},"timestamp":"2023-08-21 22:14:28"}
{"level":"info","message":{"data":{"claim_body":"Mi reclamo es 897","claim_id":"8de71f77-d969-4f0a-8d22-50a8e60d0882","id":"5facaac8-38ce-48bf-84cc-9b9bb8f88414","level":"Urgente","type_id":"b41841be-14eb-48a2-83c3-91f4ab6ec029"},"model":"ModelClaim/create"},"timestamp":"2023-08-21 22:14:28"}
{"level":"info","message":{"data":"successful connection to Nodemailer","utils":"emailSender"},"timestamp":"2023-08-21 22:14:30"}
{"level":"info","message":{"data":{"accepted":["portalfirma@gmail.com"],"ehlo":["SIZE 35882577","8BITMIME","AUTH LOGIN PLAIN XOAUTH2 PLAIN-CLIENTTOKEN OAUTHBEARER XOAUTH","ENHANCEDSTATUSCODES","PIPELINING","CHUNKING","SMTPUTF8"],"envelope":{"from":"willypruebas6@gmail.com","to":["portalfirma@gmail.com"]},"envelopeTime":552,"messageId":"<0044a066-e621-7ede-3d3d-a505425b399d@gmail.com>","messageSize":24331,"messageTime":577,"rejected":[],"response":"250 2.0.0 OK  1692670471 c5-20020a05687091c500b001b03e0c0970sm4998254oaf.2 - gsmtp"},"utils":"emailSender"},"timestamp":"2023-08-21 22:14:31"}
{"level":"info","message":{"body":{"claim_id":"8de71f77-d969-4f0a-8d22-50a8e60d0882"},"method":"POST","params":"","query":"","url":"/api/claim/getById"},"timestamp":"2023-08-21 22:14:50"}
{"level":"info","message":{"body":{"claim_id":"8de71f77-d969-4f0a-8d22-50a8e60d0882"},"method":"POST","params":"","query":"","url":"/api/claim/getById"},"timestamp":"2023-08-21 22:14:53"}
{"level":"info","message":{"body":{"email":"quispeabadquispe@gmail.com","maternallastname":"Huamani","name":"Matias","paternallastname":"Quispe","phone":"957902342","rut":"53.991.509-6"},"method":"POST","params":"","query":"","url":"/api/person/create"},"timestamp":"2023-08-21 22:15:01"}
{"level":"info","message":{"body":{},"method":"POST","params":"","query":"","url":"/api/typeclaim/getAll"},"timestamp":"2023-08-21 22:15:01"}
{"level":"info","message":{"body":{"claim_id":"8de71f77-d969-4f0a-8d22-50a8e60d0882"},"method":"POST","params":"","query":"","url":"/api/claim/getById"},"timestamp":"2023-08-21 22:15:01"}
{"level":"info","message":{"body":{},"method":"POST","params":"","query":"","url":"/api/typeclaim/getAll"},"timestamp":"2023-08-21 22:15:01"}
{"level":"info","message":{"data":{"email":"quispeabadquispe@gmail.com","id":"5804052e-b808-4d97-b540-e36b7d0b548b","maternallastname":"Huamani","name":"Matias","paternallastname":"Quispe","phone":"957902342","rut":"53.991.509-6"},"model":"Person/create"},"timestamp":"2023-08-21 22:15:01"}
{"level":"info","message":{"data":[{"id":"28af3e1d-8af8-47fc-b631-1ac3845e8f14","typename":"Infraestructura y obras públicas"},{"id":"7cc4a9e1-dc6e-4fcb-9475-bc052daad2f7","typename":"Transporte público"},{"id":"280888bb-56af-4bc3-ba07-a1f571dfe30b","typename":"Licencias y permisos"},{"id":"3091e865-f7a9-45b7-b9c0-1839008ffcad","typename":"Ruidos y contaminación"},{"id":"b41841be-14eb-48a2-83c3-91f4ab6ec029","typename":"Problemas de seguridad"},{"id":"c9aec491-50f3-403e-a51e-204c0bb9d4f5","typename":"Problemas de iluminación"},{"id":"0202cb87-b934-48e8-994e-aa49619cc35e","typename":"Problemas de servicios en línea"},{"id":"027d280c-b0a1-4a12-958a-dcfd45e2e0f7","typename":"Mi nuevo tipo mi nuevo valor"},{"id":"e43bd7b2-f6c4-4994-85bc-a0d30b95b850","typename":"Problemas de Alumbrado"},{"id":"05269505-b463-425a-b5f2-44b201d617ed","typename":"Servicios públicos anidados"}],"model":"TypeClaimModels/getAll"},"timestamp":"2023-08-21 22:15:02"}
{"level":"info","message":{"data":[{"id":"28af3e1d-8af8-47fc-b631-1ac3845e8f14","typename":"Infraestructura y obras públicas"},{"id":"7cc4a9e1-dc6e-4fcb-9475-bc052daad2f7","typename":"Transporte público"},{"id":"280888bb-56af-4bc3-ba07-a1f571dfe30b","typename":"Licencias y permisos"},{"id":"3091e865-f7a9-45b7-b9c0-1839008ffcad","typename":"Ruidos y contaminación"},{"id":"b41841be-14eb-48a2-83c3-91f4ab6ec029","typename":"Problemas de seguridad"},{"id":"c9aec491-50f3-403e-a51e-204c0bb9d4f5","typename":"Problemas de iluminación"},{"id":"0202cb87-b934-48e8-994e-aa49619cc35e","typename":"Problemas de servicios en línea"},{"id":"027d280c-b0a1-4a12-958a-dcfd45e2e0f7","typename":"Mi nuevo tipo mi nuevo valor"},{"id":"e43bd7b2-f6c4-4994-85bc-a0d30b95b850","typename":"Problemas de Alumbrado"},{"id":"05269505-b463-425a-b5f2-44b201d617ed","typename":"Servicios públicos anidados"}],"model":"TypeClaimModels/getAll"},"timestamp":"2023-08-21 22:15:02"}
{"level":"info","message":{"body":{"claim_body":"Mi reclamo es 897","claim_id":"8de71f77-d969-4f0a-8d22-50a8e60d0882","person_id":"5804052e-b808-4d97-b540-e36b7d0b548b","type_id":"b41841be-14eb-48a2-83c3-91f4ab6ec029"},"method":"POST","params":"","query":"","url":"/api/claimDetail/create"},"timestamp":"2023-08-21 22:15:03"}
{"level":"info","message":{"body":{"claim_id":"8de71f77-d969-4f0a-8d22-50a8e60d0882"},"method":"POST","params":"","query":"","url":"/api/claim/getById"},"timestamp":"2023-08-21 22:15:03"}
{"level":"info","message":{"data":{"claim_body":"Mi reclamo es 897","claim_id":"8de71f77-d969-4f0a-8d22-50a8e60d0882","id":"5facaac8-38ce-48bf-84cc-9b9bb8f88414","level":"Urgente","type_id":"b41841be-14eb-48a2-83c3-91f4ab6ec029"},"model":"ModelClaim/create"},"timestamp":"2023-08-21 22:15:03"}
{"level":"info","message":{"data":"successful connection to Nodemailer","utils":"emailSender"},"timestamp":"2023-08-21 22:15:05"}
{"level":"info","message":{"data":{"accepted":["quispeabadquispe@gmail.com"],"ehlo":["SIZE 35882577","8BITMIME","AUTH LOGIN PLAIN XOAUTH2 PLAIN-CLIENTTOKEN OAUTHBEARER XOAUTH","ENHANCEDSTATUSCODES","PIPELINING","CHUNKING","SMTPUTF8"],"envelope":{"from":"willypruebas6@gmail.com","to":["quispeabadquispe@gmail.com"]},"envelopeTime":503,"messageId":"<2a832750-818c-869e-76e6-0bbec6f3e869@gmail.com>","messageSize":24336,"messageTime":593,"rejected":[],"response":"250 2.0.0 OK  1692670505 ci1-20020a056871c48100b001bb51450d85sm4950940oac.4 - gsmtp"},"utils":"emailSender"},"timestamp":"2023-08-21 22:15:06"}
{"level":"info","message":"API listening port 5400","timestamp":"2023-08-21 22:18:29"}
{"level":"info","message":"Connect Database","timestamp":"2023-08-21 22:18:30"}
{"level":"info","message":{"body":{},"method":"POST","params":"","query":"","url":"/api/typeclaim/getAll"},"timestamp":"2023-08-21 22:18:32"}
{"level":"info","message":{"body":{},"method":"POST","params":"","query":"","url":"/api/typeclaim/getAll"},"timestamp":"2023-08-21 22:18:32"}
{"level":"info","message":{"body":{"claim_id":"8de71f77-d969-4f0a-8d22-50a8e60d0882"},"method":"POST","params":"","query":"","url":"/api/claim/getById"},"timestamp":"2023-08-21 22:18:32"}
{"level":"info","message":{"data":[{"id":"28af3e1d-8af8-47fc-b631-1ac3845e8f14","typename":"Infraestructura y obras públicas"},{"id":"7cc4a9e1-dc6e-4fcb-9475-bc052daad2f7","typename":"Transporte público"},{"id":"280888bb-56af-4bc3-ba07-a1f571dfe30b","typename":"Licencias y permisos"},{"id":"3091e865-f7a9-45b7-b9c0-1839008ffcad","typename":"Ruidos y contaminación"},{"id":"b41841be-14eb-48a2-83c3-91f4ab6ec029","typename":"Problemas de seguridad"},{"id":"c9aec491-50f3-403e-a51e-204c0bb9d4f5","typename":"Problemas de iluminación"},{"id":"0202cb87-b934-48e8-994e-aa49619cc35e","typename":"Problemas de servicios en línea"},{"id":"027d280c-b0a1-4a12-958a-dcfd45e2e0f7","typename":"Mi nuevo tipo mi nuevo valor"},{"id":"e43bd7b2-f6c4-4994-85bc-a0d30b95b850","typename":"Problemas de Alumbrado"},{"id":"05269505-b463-425a-b5f2-44b201d617ed","typename":"Servicios públicos anidados"}],"model":"TypeClaimModels/getAll"},"timestamp":"2023-08-21 22:18:33"}
{"level":"info","message":{"data":[{"id":"28af3e1d-8af8-47fc-b631-1ac3845e8f14","typename":"Infraestructura y obras públicas"},{"id":"7cc4a9e1-dc6e-4fcb-9475-bc052daad2f7","typename":"Transporte público"},{"id":"280888bb-56af-4bc3-ba07-a1f571dfe30b","typename":"Licencias y permisos"},{"id":"3091e865-f7a9-45b7-b9c0-1839008ffcad","typename":"Ruidos y contaminación"},{"id":"b41841be-14eb-48a2-83c3-91f4ab6ec029","typename":"Problemas de seguridad"},{"id":"c9aec491-50f3-403e-a51e-204c0bb9d4f5","typename":"Problemas de iluminación"},{"id":"0202cb87-b934-48e8-994e-aa49619cc35e","typename":"Problemas de servicios en línea"},{"id":"027d280c-b0a1-4a12-958a-dcfd45e2e0f7","typename":"Mi nuevo tipo mi nuevo valor"},{"id":"e43bd7b2-f6c4-4994-85bc-a0d30b95b850","typename":"Problemas de Alumbrado"},{"id":"05269505-b463-425a-b5f2-44b201d617ed","typename":"Servicios públicos anidados"}],"model":"TypeClaimModels/getAll"},"timestamp":"2023-08-21 22:18:35"}
{"level":"info","message":{"body":{"claim_id":"8de71f77-d969-4f0a-8d22-50a8e60d0882","public_id":"dzvsryqkapub5k9b7ojx"},"method":"POST","params":"","query":"","url":"/api/file/remove"},"timestamp":"2023-08-21 22:18:36"}
{"level":"info","message":{"data":{"claim_id":"8de71f77-d969-4f0a-8d22-50a8e60d0882","public_id":"dzvsryqkapub5k9b7ojx"},"model":"file/remove"},"timestamp":"2023-08-21 22:18:37"}
{"level":"info","message":{"body":{"claim_id":"8de71f77-d969-4f0a-8d22-50a8e60d0882"},"method":"POST","params":"","query":"","url":"/api/file/add"},"timestamp":"2023-08-21 22:18:41"}
{"level":"info","message":{"data":{"claim_id":"8de71f77-d969-4f0a-8d22-50a8e60d0882"},"model":"file/add"},"timestamp":"2023-08-21 22:18:42"}
{"level":"info","message":{"body":{"claim_body":"Mi reclamo es 897","claim_id":"8de71f77-d969-4f0a-8d22-50a8e60d0882","person_id":"5804052e-b808-4d97-b540-e36b7d0b548b","type_id":"b41841be-14eb-48a2-83c3-91f4ab6ec029"},"method":"POST","params":"","query":"","url":"/api/claimDetail/create"},"timestamp":"2023-08-21 22:19:07"}
{"level":"info","message":{"body":{"claim_id":"8de71f77-d969-4f0a-8d22-50a8e60d0882"},"method":"POST","params":"","query":"","url":"/api/claim/getById"},"timestamp":"2023-08-21 22:19:07"}
{"level":"info","message":{"data":{"claim_body":"Mi reclamo es 897","claim_id":"8de71f77-d969-4f0a-8d22-50a8e60d0882","id":"5facaac8-38ce-48bf-84cc-9b9bb8f88414","level":"Urgente","type_id":"b41841be-14eb-48a2-83c3-91f4ab6ec029"},"model":"ModelClaim/create"},"timestamp":"2023-08-21 22:19:08"}
{"level":"info","message":{"data":"successful connection to Nodemailer","utils":"emailSender"},"timestamp":"2023-08-21 22:19:10"}
{"level":"info","message":{"data":{"accepted":["quispeabadquispe@gmail.com"],"ehlo":["SIZE 35882577","8BITMIME","AUTH LOGIN PLAIN XOAUTH2 PLAIN-CLIENTTOKEN OAUTHBEARER XOAUTH","ENHANCEDSTATUSCODES","PIPELINING","CHUNKING","SMTPUTF8"],"envelope":{"from":"willypruebas6@gmail.com","to":["quispeabadquispe@gmail.com"]},"envelopeTime":547,"messageId":"<b36346b8-72a5-12bd-90fb-762afa074bdb@gmail.com>","messageSize":24368,"messageTime":572,"rejected":[],"response":"250 2.0.0 OK  1692670750 c11-20020a9d684b000000b006b9e81d94a7sm4050812oto.70 - gsmtp"},"utils":"emailSender"},"timestamp":"2023-08-21 22:19:11"}
{"level":"info","message":{"body":{"email":"portalreclamo@gmail.com","password":"admin"},"method":"POST","params":"","query":"","url":"/api/user/validate"},"timestamp":"2023-08-21 22:20:27"}
{"level":"info","message":{"body":"","method":"GET","params":{},"query":{},"url":"/api/claim/getAll"},"timestamp":"2023-08-21 22:20:32"}
{"level":"info","message":{"body":"","method":"GET","params":{},"query":{},"url":"/api/claim/getAll"},"timestamp":"2023-08-21 22:20:32"}
{"level":"info","message":{"body":{"claim_id":"8de71f77-d969-4f0a-8d22-50a8e60d0882"},"method":"POST","params":"","query":"","url":"/api/claim/getById"},"timestamp":"2023-08-21 22:20:41"}
{"level":"info","message":{"body":{"claim_id":"8de71f77-d969-4f0a-8d22-50a8e60d0882"},"method":"POST","params":"","query":"","url":"/api/claim/getById"},"timestamp":"2023-08-21 22:20:41"}
{"level":"info","message":{"body":{"claim_id":"f3d5b0e3-d50b-454f-be31-53dc6489cb6e"},"method":"POST","params":"","query":"","url":"/api/claim/getById"},"timestamp":"2023-08-21 22:20:47"}
{"level":"info","message":{"body":{"claim_id":"f3d5b0e3-d50b-454f-be31-53dc6489cb6e"},"method":"POST","params":"","query":"","url":"/api/claim/getById"},"timestamp":"2023-08-21 22:20:47"}
{"level":"info","message":{"body":{"claim_id":"f3d5b0e3-d50b-454f-be31-53dc6489cb6e"},"method":"POST","params":"","query":"","url":"/api/claim/getById"},"timestamp":"2023-08-21 22:20:51"}
{"level":"info","message":{"body":{"claim_id":"f3d5b0e3-d50b-454f-be31-53dc6489cb6e"},"method":"POST","params":"","query":"","url":"/api/claim/getById"},"timestamp":"2023-08-21 22:20:51"}
{"level":"info","message":{"body":{"claim_id":"1aa1af23-7815-45b2-b915-8f2d096f90d4"},"method":"POST","params":"","query":"","url":"/api/claim/getById"},"timestamp":"2023-08-21 22:20:53"}
{"level":"info","message":{"body":{"claim_id":"1aa1af23-7815-45b2-b915-8f2d096f90d4"},"method":"POST","params":"","query":"","url":"/api/claim/getById"},"timestamp":"2023-08-21 22:20:53"}
{"level":"info","message":"API listening port 5400","timestamp":"2023-08-21 22:29:14"}
{"level":"info","message":"Connect Database","timestamp":"2023-08-21 22:29:15"}
{"level":"info","message":{"body":{"rut":"27.648.009-K"},"method":"POST","params":"","query":"","url":"/api/person/getByRut"},"timestamp":"2023-08-21 22:29:16"}
{"level":"info","message":{"data":{"email":"quispeabadquispe@gmail.com","id":"0dbdf4ee-27e8-4080-bc1b-779a38c9d9ef","maternallastname":"Huamani","name":"Alexander","paternallastname":"Quispe","phone":"957902342","rut":"27.648.009-K"},"model":"Person/getByRut"},"timestamp":"2023-08-21 22:29:17"}
{"level":"info","message":"API listening port 5400","timestamp":"2023-08-21 22:30:40"}
{"level":"info","message":"Connect Database","timestamp":"2023-08-21 22:30:41"}
{"level":"info","message":{"body":{},"method":"POST","params":"","query":"","url":"/api/typeclaim/getAll"},"timestamp":"2023-08-21 22:30:44"}
{"level":"info","message":{"data":[{"id":"28af3e1d-8af8-47fc-b631-1ac3845e8f14","typename":"Infraestructura y obras públicas"},{"id":"7cc4a9e1-dc6e-4fcb-9475-bc052daad2f7","typename":"Transporte público"},{"id":"280888bb-56af-4bc3-ba07-a1f571dfe30b","typename":"Licencias y permisos"},{"id":"3091e865-f7a9-45b7-b9c0-1839008ffcad","typename":"Ruidos y contaminación"},{"id":"b41841be-14eb-48a2-83c3-91f4ab6ec029","typename":"Problemas de seguridad"},{"id":"c9aec491-50f3-403e-a51e-204c0bb9d4f5","typename":"Problemas de iluminación"},{"id":"0202cb87-b934-48e8-994e-aa49619cc35e","typename":"Problemas de servicios en línea"},{"id":"027d280c-b0a1-4a12-958a-dcfd45e2e0f7","typename":"Mi nuevo tipo mi nuevo valor"},{"id":"e43bd7b2-f6c4-4994-85bc-a0d30b95b850","typename":"Problemas de Alumbrado"},{"id":"05269505-b463-425a-b5f2-44b201d617ed","typename":"Servicios públicos anidados"}],"model":"TypeClaimModels/getAll"},"timestamp":"2023-08-21 22:30:45"}
