{"level":"info","message":"API listening port 5400","timestamp":"2023-07-22 20:12:37"}
{"level":"info","message":"Connect Database","timestamp":"2023-07-22 20:12:37"}
{"level":"info","message":{"body":{"rut":"27.648.009-K"},"method":"POST","params":"","query":"","url":"/api/person/getByRut"},"timestamp":"2023-07-22 20:12:43"}
{"level":"info","message":{"data":{"email":"Willyabadquispehuamani@gmail.com","id":"fd9940d9-04f2-477e-a600-11956f581e19","maternallastname":"Huamani","name":"Willy","paternallastname":"Quispe","phone":"957902342","rut":"27.648.009-K"},"model":"Person/getByRut"},"timestamp":"2023-07-22 20:12:43"}
{"level":"info","message":{"body":{"email":"Willyabadquispehuamani@gmail.com","maternallastname":"Huamani","name":"Willy","paternallastname":"Quispe","phone":"957902342","rut":"27.648.009-K"},"method":"POST","params":"","query":"","url":"/api/person/create"},"timestamp":"2023-07-22 20:18:09"}
{"level":"info","message":{"data":{"email":"Willyabadquispehuamani@gmail.com","id":"fd9940d9-04f2-477e-a600-11956f581e19","maternallastname":"Huamani","name":"Willy","paternallastname":"Quispe","phone":"957902342","rut":"27.648.009-K"},"model":"Person/create"},"timestamp":"2023-07-22 20:18:09"}
{"level":"info","message":{"body":{"rut":"53.991.509-6"},"method":"POST","params":"","query":"","url":"/api/person/getByRut"},"timestamp":"2023-07-22 20:19:58"}
{"level":"info","message":{"data":null,"model":"Person/getByRut"},"timestamp":"2023-07-22 20:19:58"}
{"level":"info","message":{"body":{"rut":"11.111.111-1"},"method":"POST","params":"","query":"","url":"/api/person/getByRut"},"timestamp":"2023-07-22 20:20:03"}
{"level":"info","message":{"data":{"email":"quispeabadquispe@gmail.com","id":"4aa7ec7a-34e4-475d-b31b-9d4419713916","maternallastname":"Lujan","name":"Matias","paternallastname":"montero","phone":"111111111","rut":"11.111.111-1"},"model":"Person/getByRut"},"timestamp":"2023-07-22 20:20:03"}
{"level":"info","message":{"body":{"email":"quispeabadquispe@gmail.com","maternallastname":"Lujan","name":"Matias","paternallastname":"montero","phone":"111111111","rut":"11.111.111-1"},"method":"POST","params":"","query":"","url":"/api/person/create"},"timestamp":"2023-07-22 20:20:07"}
{"level":"info","message":{"data":{"email":"quispeabadquispe@gmail.com","id":"4aa7ec7a-34e4-475d-b31b-9d4419713916","maternallastname":"Lujan","name":"Matias","paternallastname":"montero","phone":"111111111","rut":"11.111.111-1"},"model":"Person/create"},"timestamp":"2023-07-22 20:20:07"}
{"level":"info","message":{"body":{"email":"quispeabadquispe@gmail.com","maternallastname":"Lujan","name":"Matias","paternallastname":"montero","phone":"111111111","rut":"11.111.111-1"},"method":"POST","params":"","query":"","url":"/api/person/create"},"timestamp":"2023-07-22 21:02:38"}
{"level":"info","message":{"data":{"email":"quispeabadquispe@gmail.com","id":"4aa7ec7a-34e4-475d-b31b-9d4419713916","maternallastname":"Lujan","name":"Matias","paternallastname":"montero","phone":"111111111","rut":"11.111.111-1"},"model":"Person/create"},"timestamp":"2023-07-22 21:02:38"}
{"level":"info","message":{"body":{"rut":"27.648.009-K"},"method":"POST","params":"","query":"","url":"/api/person/getByRut"},"timestamp":"2023-07-23 09:40:44"}
{"level":"info","message":{"data":{"email":"Willyabadquispehuamani@gmail.com","id":"fd9940d9-04f2-477e-a600-11956f581e19","maternallastname":"Huamani","name":"Willy","paternallastname":"Quispe","phone":"957902342","rut":"27.648.009-K"},"model":"Person/getByRut"},"timestamp":"2023-07-23 09:40:44"}
{"level":"info","message":"API listening port 5400","timestamp":"2023-07-23 11:48:27"}
{"level":"info","message":"Connect Database","timestamp":"2023-07-23 11:48:27"}
{"level":"info","message":{"body":{"rut":"27.648.009-K"},"method":"POST","params":"","query":"","url":"/api/person/getByRut"},"timestamp":"2023-07-23 12:00:11"}
{"level":"info","message":{"data":{"email":"Willyabadquispehuamani@gmail.com","id":"fd9940d9-04f2-477e-a600-11956f581e19","maternallastname":"Huamani","name":"Willy","paternallastname":"Quispe","phone":"957902342","rut":"27.648.009-K"},"model":"Person/getByRut"},"timestamp":"2023-07-23 12:00:11"}
{"level":"info","message":{"body":{"rut":"27.648.009-K"},"method":"POST","params":"","query":"","url":"/api/person/getByRut"},"timestamp":"2023-07-23 12:16:28"}
{"level":"info","message":{"data":{"email":"Willyabadquispehuamani@gmail.com","id":"fd9940d9-04f2-477e-a600-11956f581e19","maternallastname":"Huamani","name":"Willy","paternallastname":"Quispe","phone":"957902342","rut":"27.648.009-K"},"model":"Person/getByRut"},"timestamp":"2023-07-23 12:16:28"}
{"level":"info","message":{"body":{"rut":"27.648.009-K"},"method":"POST","params":"","query":"","url":"/api/person/getByRut"},"timestamp":"2023-07-23 12:16:30"}
{"level":"info","message":{"data":{"email":"Willyabadquispehuamani@gmail.com","id":"fd9940d9-04f2-477e-a600-11956f581e19","maternallastname":"Huamani","name":"Willy","paternallastname":"Quispe","phone":"957902342","rut":"27.648.009-K"},"model":"Person/getByRut"},"timestamp":"2023-07-23 12:16:30"}
{"level":"info","message":{"body":{"rut":"27.648.009-K"},"method":"POST","params":"","query":"","url":"/api/person/getByRut"},"timestamp":"2023-07-23 13:24:11"}
{"level":"info","message":{"data":{"email":"Willyabadquispehuamani@gmail.com","id":"fd9940d9-04f2-477e-a600-11956f581e19","maternallastname":"Huamani","name":"Willy","paternallastname":"Quispe","phone":"957902342","rut":"27.648.009-K"},"model":"Person/getByRut"},"timestamp":"2023-07-23 13:24:12"}
{"level":"info","message":{"body":{"rut":"27.648.009-K"},"method":"POST","params":"","query":"","url":"/api/person/getByRut"},"timestamp":"2023-07-23 13:24:13"}
{"level":"info","message":{"data":{"email":"Willyabadquispehuamani@gmail.com","id":"fd9940d9-04f2-477e-a600-11956f581e19","maternallastname":"Huamani","name":"Willy","paternallastname":"Quispe","phone":"957902342","rut":"27.648.009-K"},"model":"Person/getByRut"},"timestamp":"2023-07-23 13:24:13"}
{"level":"info","message":{"body":{"rut":"27.648.009-K"},"method":"POST","params":"","query":"","url":"/api/person/getByRut"},"timestamp":"2023-07-23 13:24:14"}
{"level":"info","message":{"data":{"email":"Willyabadquispehuamani@gmail.com","id":"fd9940d9-04f2-477e-a600-11956f581e19","maternallastname":"Huamani","name":"Willy","paternallastname":"Quispe","phone":"957902342","rut":"27.648.009-K"},"model":"Person/getByRut"},"timestamp":"2023-07-23 13:24:14"}
{"level":"info","message":{"body":{"rut":"27.648.009-K"},"method":"POST","params":"","query":"","url":"/api/person/getByRut"},"timestamp":"2023-07-23 13:24:21"}
{"level":"info","message":{"data":{"email":"Willyabadquispehuamani@gmail.com","id":"fd9940d9-04f2-477e-a600-11956f581e19","maternallastname":"Huamani","name":"Willy","paternallastname":"Quispe","phone":"957902342","rut":"27.648.009-K"},"model":"Person/getByRut"},"timestamp":"2023-07-23 13:24:21"}
{"level":"info","message":{"body":{"email":"Willyabadquispehuamani@gmail.com","maternallastname":"Huamani","name":"Willy","paternallastname":"Quispe","phone":"957902342","rut":"27.648.009-K"},"method":"POST","params":"","query":"","url":"/api/person/create"},"timestamp":"2023-07-23 13:24:25"}
{"level":"info","message":{"data":{"email":"Willyabadquispehuamani@gmail.com","id":"fd9940d9-04f2-477e-a600-11956f581e19","maternallastname":"Huamani","name":"Willy","paternallastname":"Quispe","phone":"957902342","rut":"27.648.009-K"},"model":"Person/create"},"timestamp":"2023-07-23 13:24:25"}
{"level":"info","message":"API listening port 5400","timestamp":"2023-07-23 14:08:49"}
{"level":"info","message":"Connect Database","timestamp":"2023-07-23 14:08:49"}
{"level":"info","message":"API listening port 5400","timestamp":"2023-07-23 14:09:51"}
{"level":"info","message":"Connect Database","timestamp":"2023-07-23 14:09:51"}
{"level":"info","message":"API listening port 5400","timestamp":"2023-07-23 14:13:28"}
{"level":"info","message":"Connect Database","timestamp":"2023-07-23 14:13:28"}
{"level":"info","message":"API listening port 5400","timestamp":"2023-07-23 14:13:54"}
{"level":"info","message":"Connect Database","timestamp":"2023-07-23 14:13:54"}
{"level":"info","message":"API listening port 5400","timestamp":"2023-07-23 14:13:59"}
{"level":"info","message":"Connect Database","timestamp":"2023-07-23 14:13:59"}
{"level":"info","message":"API listening port 5400","timestamp":"2023-07-23 14:17:29"}
{"level":"info","message":"Connect Database","timestamp":"2023-07-23 14:17:29"}
{"level":"info","message":"API listening port 5400","timestamp":"2023-07-23 14:18:19"}
{"level":"info","message":"Connect Database","timestamp":"2023-07-23 14:18:19"}
{"level":"info","message":"API listening port 5400","timestamp":"2023-07-23 14:21:26"}
{"level":"info","message":"Connect Database","timestamp":"2023-07-23 14:21:26"}
{"level":"info","message":{"body":{"body_claim":"Este es mi primer reclamo","person_id":"4aa7ec7a-34e4-475d-b31b-9d4419713916"},"method":"POST","params":"","query":"","url":"/api/claim/create"},"timestamp":"2023-07-23 14:21:47"}
{"level":"info","message":"API listening port 5400","timestamp":"2023-07-23 14:22:07"}
{"level":"info","message":"Connect Database","timestamp":"2023-07-23 14:22:07"}
{"level":"info","message":"API listening port 5400","timestamp":"2023-07-23 14:25:04"}
{"level":"info","message":"Connect Database","timestamp":"2023-07-23 14:25:04"}
{"level":"info","message":"API listening port 5400","timestamp":"2023-07-23 14:25:11"}
{"level":"info","message":"Connect Database","timestamp":"2023-07-23 14:25:11"}
{"level":"info","message":"API listening port 5400","timestamp":"2023-07-23 14:25:23"}
{"level":"info","message":"Connect Database","timestamp":"2023-07-23 14:25:23"}
{"level":"info","message":"API listening port 5400","timestamp":"2023-07-23 14:25:57"}
{"level":"info","message":"Connect Database","timestamp":"2023-07-23 14:25:57"}
{"level":"info","message":"API listening port 5400","timestamp":"2023-07-23 14:26:06"}
{"level":"info","message":"Connect Database","timestamp":"2023-07-23 14:26:06"}
{"level":"info","message":{"body":{"body_claim":"Este es mi primer reclamo","person_id":"4aa7ec7a-34e4-475d-b31b-9d4419713916"},"method":"POST","params":"","query":"","url":"/api/claim/create"},"timestamp":"2023-07-23 14:28:48"}
{"level":"info","message":{"data":{"body_claim":"Este es mi primer reclamo","endingdate":"2023-07-23T18:28:48.409Z","id":"7a939f1f-b69d-4684-8aaf-bc4a03ce88d2","openingdate":"2023-07-23T18:28:48.409Z","person_id":"4aa7ec7a-34e4-475d-b31b-9d4419713916"},"model":"ModelClaim/create"},"timestamp":"2023-07-23 14:28:48"}
{"level":"info","message":{"body":{"rut":""},"method":"POST","params":"","query":"","url":"/api/person/getByRut"},"timestamp":"2023-07-23 14:39:58"}
{"level":"info","message":{"data":null,"model":"Person/getByRut"},"timestamp":"2023-07-23 14:39:58"}
{"level":"info","message":{"body":{"rut":"27.648.009-K"},"method":"POST","params":"","query":"","url":"/api/person/getByRut"},"timestamp":"2023-07-23 14:40:01"}
{"level":"info","message":{"data":{"email":"Willyabadquispehuamani@gmail.com","id":"fd9940d9-04f2-477e-a600-11956f581e19","maternallastname":"Huamani","name":"Willy","paternallastname":"Quispe","phone":"957902342","rut":"27.648.009-K"},"model":"Person/getByRut"},"timestamp":"2023-07-23 14:40:01"}
{"level":"info","message":{"body":{"email":"Willyabadquispehuamani@gmail.com","maternallastname":"Huamani","name":"Willy","paternallastname":"Quispe","phone":"957902342","rut":"27.648.009-K"},"method":"POST","params":"","query":"","url":"/api/person/create"},"timestamp":"2023-07-23 14:40:03"}
{"level":"info","message":{"data":{"email":"Willyabadquispehuamani@gmail.com","id":"fd9940d9-04f2-477e-a600-11956f581e19","maternallastname":"Huamani","name":"Willy","paternallastname":"Quispe","phone":"957902342","rut":"27.648.009-K"},"model":"Person/create"},"timestamp":"2023-07-23 14:40:03"}
{"level":"info","message":{"body":{"body_claim":"Mi segundo reclamo","person_id":"fd9940d9-04f2-477e-a600-11956f581e19"},"method":"POST","params":"","query":"","url":"/api/claim/create"},"timestamp":"2023-07-23 14:40:34"}
{"level":"info","message":{"data":{"body_claim":"Mi segundo reclamo","endingdate":"2023-07-23T18:40:34.826Z","id":"c9e2da56-5a8d-4631-9a58-3d5c2e6bfed3","openingdate":"2023-07-23T18:40:34.826Z","person_id":"fd9940d9-04f2-477e-a600-11956f581e19"},"model":"ModelClaim/create"},"timestamp":"2023-07-23 14:40:34"}
{"level":"info","message":"API listening port 5400","timestamp":"2023-07-23 14:54:58"}
{"level":"info","message":"Connect Database","timestamp":"2023-07-23 14:54:58"}
{"level":"info","message":"API listening port 5400","timestamp":"2023-07-23 14:56:35"}
{"level":"info","message":"Connect Database","timestamp":"2023-07-23 14:56:35"}
{"level":"info","message":"API listening port 5400","timestamp":"2023-07-23 14:56:40"}
{"level":"info","message":"Connect Database","timestamp":"2023-07-23 14:56:40"}
{"level":"info","message":"API listening port 5400","timestamp":"2023-07-23 14:56:48"}
{"level":"info","message":"Connect Database","timestamp":"2023-07-23 14:56:48"}
{"level":"info","message":"API listening port 5400","timestamp":"2023-07-23 14:56:59"}
{"level":"info","message":"Connect Database","timestamp":"2023-07-23 14:56:59"}
{"level":"info","message":"API listening port 5400","timestamp":"2023-07-23 14:57:05"}
{"level":"info","message":"Connect Database","timestamp":"2023-07-23 14:57:05"}
{"level":"info","message":"API listening port 5400","timestamp":"2023-07-23 14:57:36"}
{"level":"info","message":"Connect Database","timestamp":"2023-07-23 14:57:36"}
{"level":"info","message":"API listening port 5400","timestamp":"2023-07-23 14:57:42"}
{"level":"info","message":"Connect Database","timestamp":"2023-07-23 14:57:42"}
{"level":"info","message":"API listening port 5400","timestamp":"2023-07-23 14:57:49"}
{"level":"info","message":"Connect Database","timestamp":"2023-07-23 14:57:49"}
{"level":"info","message":"API listening port 5400","timestamp":"2023-07-23 14:58:00"}
{"level":"info","message":"Connect Database","timestamp":"2023-07-23 14:58:00"}
{"level":"info","message":"API listening port 5400","timestamp":"2023-07-23 14:58:07"}
{"level":"info","message":"Connect Database","timestamp":"2023-07-23 14:58:07"}
{"level":"info","message":"API listening port 5400","timestamp":"2023-07-23 14:58:29"}
{"level":"info","message":"Connect Database","timestamp":"2023-07-23 14:58:29"}
{"level":"info","message":"API listening port 5400","timestamp":"2023-07-23 14:58:44"}
{"level":"info","message":"Connect Database","timestamp":"2023-07-23 14:58:44"}
{"level":"info","message":"API listening port 5400","timestamp":"2023-07-23 14:58:52"}
{"level":"info","message":"Connect Database","timestamp":"2023-07-23 14:58:52"}
{"level":"info","message":"API listening port 5400","timestamp":"2023-07-23 14:58:57"}
{"level":"info","message":"Connect Database","timestamp":"2023-07-23 14:58:57"}
{"level":"info","message":"API listening port 5400","timestamp":"2023-07-23 14:59:03"}
{"level":"info","message":"Connect Database","timestamp":"2023-07-23 14:59:03"}
{"level":"info","message":"API listening port 5400","timestamp":"2023-07-23 14:59:07"}
{"level":"info","message":"Connect Database","timestamp":"2023-07-23 14:59:07"}
{"level":"info","message":"API listening port 5400","timestamp":"2023-07-23 14:59:13"}
{"level":"info","message":"Connect Database","timestamp":"2023-07-23 14:59:13"}
{"level":"info","message":"API listening port 5400","timestamp":"2023-07-23 14:59:45"}
{"level":"info","message":"Connect Database","timestamp":"2023-07-23 14:59:45"}
{"level":"info","message":"API listening port 5400","timestamp":"2023-07-23 14:59:53"}
{"level":"info","message":"Connect Database","timestamp":"2023-07-23 14:59:54"}
{"level":"info","message":"API listening port 5400","timestamp":"2023-07-23 14:59:58"}
{"level":"info","message":"Connect Database","timestamp":"2023-07-23 14:59:58"}
{"level":"info","message":"API listening port 5400","timestamp":"2023-07-23 15:00:11"}
{"level":"info","message":"Connect Database","timestamp":"2023-07-23 15:00:11"}
{"level":"info","message":"API listening port 5400","timestamp":"2023-07-23 15:00:14"}
{"level":"info","message":"Connect Database","timestamp":"2023-07-23 15:00:14"}
{"level":"info","message":"API listening port 5400","timestamp":"2023-07-23 15:00:22"}
{"level":"info","message":"Connect Database","timestamp":"2023-07-23 15:00:22"}
{"level":"info","message":{"body":{},"method":"POST","params":"","query":"","url":"/api/typeclaim/getAll"},"timestamp":"2023-07-23 15:01:26"}
{"level":"info","message":{"data":{"RowCtor":null,"_parsers":[null,null],"_types":{"_types":{"arrayParser":{},"builtins":{"ABSTIME":702,"ACLITEM":1033,"BIT":1560,"BOOL":16,"BPCHAR":1042,"BYTEA":17,"CHAR":18,"CID":29,"CIDR":650,"CIRCLE":718,"DATE":1082,"FLOAT4":700,"FLOAT8":701,"GTSVECTOR":3642,"INET":869,"INT2":21,"INT4":23,"INT8":20,"INTERVAL":1186,"JSON":114,"JSONB":3802,"MACADDR":829,"MACADDR8":774,"MONEY":790,"NUMERIC":1700,"OID":26,"PATH":602,"PG_DEPENDENCIES":3402,"PG_LSN":3220,"PG_NDISTINCT":3361,"PG_NODE_TREE":194,"POLYGON":604,"REFCURSOR":1790,"REGCLASS":2205,"REGCONFIG":3734,"REGDICTIONARY":3769,"REGNAMESPACE":4089,"REGOPER":2203,"REGOPERATOR":2204,"REGPROC":24,"REGPROCEDURE":2202,"REGROLE":4096,"REGTYPE":2206,"RELTIME":703,"SMGR":210,"TEXT":25,"TID":27,"TIME":1083,"TIMESTAMP":1114,"TIMESTAMPTZ":1184,"TIMETZ":1266,"TINTERVAL":704,"TSQUERY":3615,"TSVECTOR":3614,"TXID_SNAPSHOT":2970,"UUID":2950,"VARBIT":1562,"VARCHAR":1043,"XID":28,"XML":142}},"binary":{},"text":{}},"command":"SELECT","fields":[{"columnID":1,"dataTypeID":2950,"dataTypeModifier":-1,"dataTypeSize":16,"format":"text","name":"id","tableID":16417},{"columnID":2,"dataTypeID":1043,"dataTypeModifier":54,"dataTypeSize":-1,"format":"text","name":"typename","tableID":16417}],"oid":null,"rowAsArray":false,"rowCount":9,"rows":[{"id":"42becc6b-fdeb-4ce4-b2ee-527ceff4434d","typename":"Servicios públicos"},{"id":"a1a9833c-e7dd-43e4-ba90-1fdeddf8bf49","typename":"Infraestructura y construcción"},{"id":"15949ce4-7b72-4bff-bea2-d0df12ba0aff","typename":"Medio ambiente"},{"id":"37cf65d8-e0fa-4434-ab4e-5af4c15d73de","typename":"Transporte público"},{"id":"f644f642-89e8-4168-af35-cb6bf2fd5ac0","typename":"Seguridad pública"},{"id":"8fcc2602-06aa-4680-a0f1-fc27ce3ed472","typename":"Desarrollo urbano"},{"id":"81d948a4-5259-451a-91fa-518327b42fce","typename":"Asuntos comunitarios"},{"id":"04693256-7404-4b42-8190-b3f022c8f462","typename":"Atención ciudadana y servicios administrativos"},{"id":"45094649-68fd-445b-905a-91d5d94b785f","typename":"Otros"}]},"model":"TypeClaimModels/getAll"},"timestamp":"2023-07-23 15:01:26"}
{"level":"info","message":"API listening port 5400","timestamp":"2023-07-23 15:01:47"}
{"level":"info","message":"Connect Database","timestamp":"2023-07-23 15:01:47"}
{"level":"info","message":"API listening port 5400","timestamp":"2023-07-23 15:01:58"}
{"level":"info","message":"Connect Database","timestamp":"2023-07-23 15:01:58"}
{"level":"info","message":{"body":{},"method":"POST","params":"","query":"","url":"/api/typeclaim/getAll"},"timestamp":"2023-07-23 15:01:59"}
{"level":"info","message":{"data":[{"id":"42becc6b-fdeb-4ce4-b2ee-527ceff4434d","typename":"Servicios públicos"},{"id":"a1a9833c-e7dd-43e4-ba90-1fdeddf8bf49","typename":"Infraestructura y construcción"},{"id":"15949ce4-7b72-4bff-bea2-d0df12ba0aff","typename":"Medio ambiente"},{"id":"37cf65d8-e0fa-4434-ab4e-5af4c15d73de","typename":"Transporte público"},{"id":"f644f642-89e8-4168-af35-cb6bf2fd5ac0","typename":"Seguridad pública"},{"id":"8fcc2602-06aa-4680-a0f1-fc27ce3ed472","typename":"Desarrollo urbano"},{"id":"81d948a4-5259-451a-91fa-518327b42fce","typename":"Asuntos comunitarios"},{"id":"04693256-7404-4b42-8190-b3f022c8f462","typename":"Atención ciudadana y servicios administrativos"},{"id":"45094649-68fd-445b-905a-91d5d94b785f","typename":"Otros"}],"model":"TypeClaimModels/getAll"},"timestamp":"2023-07-23 15:01:59"}
{"level":"info","message":{"body":{},"method":"POST","params":"","query":"","url":"/api/typeclaim/getAll"},"timestamp":"2023-07-23 15:15:27"}
{"level":"info","message":{"body":{},"method":"POST","params":"","query":"","url":"/api/typeclaim/getAll"},"timestamp":"2023-07-23 15:15:27"}
{"level":"info","message":{"data":[{"id":"42becc6b-fdeb-4ce4-b2ee-527ceff4434d","typename":"Servicios públicos"},{"id":"a1a9833c-e7dd-43e4-ba90-1fdeddf8bf49","typename":"Infraestructura y construcción"},{"id":"15949ce4-7b72-4bff-bea2-d0df12ba0aff","typename":"Medio ambiente"},{"id":"37cf65d8-e0fa-4434-ab4e-5af4c15d73de","typename":"Transporte público"},{"id":"f644f642-89e8-4168-af35-cb6bf2fd5ac0","typename":"Seguridad pública"},{"id":"8fcc2602-06aa-4680-a0f1-fc27ce3ed472","typename":"Desarrollo urbano"},{"id":"81d948a4-5259-451a-91fa-518327b42fce","typename":"Asuntos comunitarios"},{"id":"04693256-7404-4b42-8190-b3f022c8f462","typename":"Atención ciudadana y servicios administrativos"},{"id":"45094649-68fd-445b-905a-91d5d94b785f","typename":"Otros"}],"model":"TypeClaimModels/getAll"},"timestamp":"2023-07-23 15:15:28"}
{"level":"info","message":{"data":[{"id":"42becc6b-fdeb-4ce4-b2ee-527ceff4434d","typename":"Servicios públicos"},{"id":"a1a9833c-e7dd-43e4-ba90-1fdeddf8bf49","typename":"Infraestructura y construcción"},{"id":"15949ce4-7b72-4bff-bea2-d0df12ba0aff","typename":"Medio ambiente"},{"id":"37cf65d8-e0fa-4434-ab4e-5af4c15d73de","typename":"Transporte público"},{"id":"f644f642-89e8-4168-af35-cb6bf2fd5ac0","typename":"Seguridad pública"},{"id":"8fcc2602-06aa-4680-a0f1-fc27ce3ed472","typename":"Desarrollo urbano"},{"id":"81d948a4-5259-451a-91fa-518327b42fce","typename":"Asuntos comunitarios"},{"id":"04693256-7404-4b42-8190-b3f022c8f462","typename":"Atención ciudadana y servicios administrativos"},{"id":"45094649-68fd-445b-905a-91d5d94b785f","typename":"Otros"}],"model":"TypeClaimModels/getAll"},"timestamp":"2023-07-23 15:15:28"}
{"level":"info","message":{"body":{},"method":"POST","params":"","query":"","url":"/api/typeclaim/getAll"},"timestamp":"2023-07-23 15:17:34"}
{"level":"info","message":{"data":[{"id":"42becc6b-fdeb-4ce4-b2ee-527ceff4434d","typename":"Servicios públicos"},{"id":"a1a9833c-e7dd-43e4-ba90-1fdeddf8bf49","typename":"Infraestructura y construcción"},{"id":"15949ce4-7b72-4bff-bea2-d0df12ba0aff","typename":"Medio ambiente"},{"id":"37cf65d8-e0fa-4434-ab4e-5af4c15d73de","typename":"Transporte público"},{"id":"f644f642-89e8-4168-af35-cb6bf2fd5ac0","typename":"Seguridad pública"},{"id":"8fcc2602-06aa-4680-a0f1-fc27ce3ed472","typename":"Desarrollo urbano"},{"id":"81d948a4-5259-451a-91fa-518327b42fce","typename":"Asuntos comunitarios"},{"id":"04693256-7404-4b42-8190-b3f022c8f462","typename":"Atención ciudadana y servicios administrativos"},{"id":"45094649-68fd-445b-905a-91d5d94b785f","typename":"Otros"}],"model":"TypeClaimModels/getAll"},"timestamp":"2023-07-23 15:17:34"}
{"level":"info","message":{"body":{},"method":"POST","params":"","query":"","url":"/api/typeclaim/getAll"},"timestamp":"2023-07-23 15:18:01"}
{"level":"info","message":{"data":[{"id":"42becc6b-fdeb-4ce4-b2ee-527ceff4434d","typename":"Servicios públicos"},{"id":"a1a9833c-e7dd-43e4-ba90-1fdeddf8bf49","typename":"Infraestructura y construcción"},{"id":"15949ce4-7b72-4bff-bea2-d0df12ba0aff","typename":"Medio ambiente"},{"id":"37cf65d8-e0fa-4434-ab4e-5af4c15d73de","typename":"Transporte público"},{"id":"f644f642-89e8-4168-af35-cb6bf2fd5ac0","typename":"Seguridad pública"},{"id":"8fcc2602-06aa-4680-a0f1-fc27ce3ed472","typename":"Desarrollo urbano"},{"id":"81d948a4-5259-451a-91fa-518327b42fce","typename":"Asuntos comunitarios"},{"id":"04693256-7404-4b42-8190-b3f022c8f462","typename":"Atención ciudadana y servicios administrativos"},{"id":"45094649-68fd-445b-905a-91d5d94b785f","typename":"Otros"}],"model":"TypeClaimModels/getAll"},"timestamp":"2023-07-23 15:18:01"}
{"level":"info","message":{"body":{},"method":"POST","params":"","query":"","url":"/api/typeclaim/getAll"},"timestamp":"2023-07-23 15:21:37"}
{"level":"info","message":{"data":[{"id":"42becc6b-fdeb-4ce4-b2ee-527ceff4434d","typename":"Servicios públicos"},{"id":"a1a9833c-e7dd-43e4-ba90-1fdeddf8bf49","typename":"Infraestructura y construcción"},{"id":"15949ce4-7b72-4bff-bea2-d0df12ba0aff","typename":"Medio ambiente"},{"id":"37cf65d8-e0fa-4434-ab4e-5af4c15d73de","typename":"Transporte público"},{"id":"f644f642-89e8-4168-af35-cb6bf2fd5ac0","typename":"Seguridad pública"},{"id":"8fcc2602-06aa-4680-a0f1-fc27ce3ed472","typename":"Desarrollo urbano"},{"id":"81d948a4-5259-451a-91fa-518327b42fce","typename":"Asuntos comunitarios"},{"id":"04693256-7404-4b42-8190-b3f022c8f462","typename":"Atención ciudadana y servicios administrativos"},{"id":"45094649-68fd-445b-905a-91d5d94b785f","typename":"Otros"}],"model":"TypeClaimModels/getAll"},"timestamp":"2023-07-23 15:21:37"}
{"level":"info","message":{"body":{},"method":"POST","params":"","query":"","url":"/api/typeclaim/getAll"},"timestamp":"2023-07-23 15:21:38"}
{"level":"info","message":{"data":[{"id":"42becc6b-fdeb-4ce4-b2ee-527ceff4434d","typename":"Servicios públicos"},{"id":"a1a9833c-e7dd-43e4-ba90-1fdeddf8bf49","typename":"Infraestructura y construcción"},{"id":"15949ce4-7b72-4bff-bea2-d0df12ba0aff","typename":"Medio ambiente"},{"id":"37cf65d8-e0fa-4434-ab4e-5af4c15d73de","typename":"Transporte público"},{"id":"f644f642-89e8-4168-af35-cb6bf2fd5ac0","typename":"Seguridad pública"},{"id":"8fcc2602-06aa-4680-a0f1-fc27ce3ed472","typename":"Desarrollo urbano"},{"id":"81d948a4-5259-451a-91fa-518327b42fce","typename":"Asuntos comunitarios"},{"id":"04693256-7404-4b42-8190-b3f022c8f462","typename":"Atención ciudadana y servicios administrativos"},{"id":"45094649-68fd-445b-905a-91d5d94b785f","typename":"Otros"}],"model":"TypeClaimModels/getAll"},"timestamp":"2023-07-23 15:21:38"}
{"level":"info","message":{"body":{},"method":"POST","params":"","query":"","url":"/api/typeclaim/getAll"},"timestamp":"2023-07-23 15:22:35"}
{"level":"info","message":{"body":{},"method":"POST","params":"","query":"","url":"/api/typeclaim/getAll"},"timestamp":"2023-07-23 15:22:35"}
{"level":"info","message":{"data":[{"id":"42becc6b-fdeb-4ce4-b2ee-527ceff4434d","typename":"Servicios públicos"},{"id":"a1a9833c-e7dd-43e4-ba90-1fdeddf8bf49","typename":"Infraestructura y construcción"},{"id":"15949ce4-7b72-4bff-bea2-d0df12ba0aff","typename":"Medio ambiente"},{"id":"37cf65d8-e0fa-4434-ab4e-5af4c15d73de","typename":"Transporte público"},{"id":"f644f642-89e8-4168-af35-cb6bf2fd5ac0","typename":"Seguridad pública"},{"id":"8fcc2602-06aa-4680-a0f1-fc27ce3ed472","typename":"Desarrollo urbano"},{"id":"81d948a4-5259-451a-91fa-518327b42fce","typename":"Asuntos comunitarios"},{"id":"04693256-7404-4b42-8190-b3f022c8f462","typename":"Atención ciudadana y servicios administrativos"},{"id":"45094649-68fd-445b-905a-91d5d94b785f","typename":"Otros"}],"model":"TypeClaimModels/getAll"},"timestamp":"2023-07-23 15:22:35"}
{"level":"info","message":{"data":[{"id":"42becc6b-fdeb-4ce4-b2ee-527ceff4434d","typename":"Servicios públicos"},{"id":"a1a9833c-e7dd-43e4-ba90-1fdeddf8bf49","typename":"Infraestructura y construcción"},{"id":"15949ce4-7b72-4bff-bea2-d0df12ba0aff","typename":"Medio ambiente"},{"id":"37cf65d8-e0fa-4434-ab4e-5af4c15d73de","typename":"Transporte público"},{"id":"f644f642-89e8-4168-af35-cb6bf2fd5ac0","typename":"Seguridad pública"},{"id":"8fcc2602-06aa-4680-a0f1-fc27ce3ed472","typename":"Desarrollo urbano"},{"id":"81d948a4-5259-451a-91fa-518327b42fce","typename":"Asuntos comunitarios"},{"id":"04693256-7404-4b42-8190-b3f022c8f462","typename":"Atención ciudadana y servicios administrativos"},{"id":"45094649-68fd-445b-905a-91d5d94b785f","typename":"Otros"}],"model":"TypeClaimModels/getAll"},"timestamp":"2023-07-23 15:22:35"}
{"level":"info","message":{"body":{"rut":"27.648.009-K"},"method":"POST","params":"","query":"","url":"/api/person/getByRut"},"timestamp":"2023-07-23 15:26:46"}
{"level":"info","message":{"data":{"email":"Willyabadquispehuamani@gmail.com","id":"fd9940d9-04f2-477e-a600-11956f581e19","maternallastname":"Huamani","name":"Willy","paternallastname":"Quispe","phone":"957902342","rut":"27.648.009-K"},"model":"Person/getByRut"},"timestamp":"2023-07-23 15:26:46"}
{"level":"info","message":{"body":{"email":"Willyabadquispehuamani@gmail.com","maternallastname":"Huamani","name":"Willy","paternallastname":"Quispe","phone":"957902342","rut":"27.648.009-K"},"method":"POST","params":"","query":"","url":"/api/person/create"},"timestamp":"2023-07-23 15:26:47"}
{"level":"info","message":{"data":{"email":"Willyabadquispehuamani@gmail.com","id":"fd9940d9-04f2-477e-a600-11956f581e19","maternallastname":"Huamani","name":"Willy","paternallastname":"Quispe","phone":"957902342","rut":"27.648.009-K"},"model":"Person/create"},"timestamp":"2023-07-23 15:26:47"}
{"level":"info","message":{"body":{},"method":"POST","params":"","query":"","url":"/api/typeclaim/getAll"},"timestamp":"2023-07-23 15:26:47"}
{"level":"info","message":{"body":{},"method":"POST","params":"","query":"","url":"/api/typeclaim/getAll"},"timestamp":"2023-07-23 15:26:47"}
{"level":"info","message":{"data":[{"id":"42becc6b-fdeb-4ce4-b2ee-527ceff4434d","typename":"Servicios públicos"},{"id":"a1a9833c-e7dd-43e4-ba90-1fdeddf8bf49","typename":"Infraestructura y construcción"},{"id":"15949ce4-7b72-4bff-bea2-d0df12ba0aff","typename":"Medio ambiente"},{"id":"37cf65d8-e0fa-4434-ab4e-5af4c15d73de","typename":"Transporte público"},{"id":"f644f642-89e8-4168-af35-cb6bf2fd5ac0","typename":"Seguridad pública"},{"id":"8fcc2602-06aa-4680-a0f1-fc27ce3ed472","typename":"Desarrollo urbano"},{"id":"81d948a4-5259-451a-91fa-518327b42fce","typename":"Asuntos comunitarios"},{"id":"04693256-7404-4b42-8190-b3f022c8f462","typename":"Atención ciudadana y servicios administrativos"},{"id":"45094649-68fd-445b-905a-91d5d94b785f","typename":"Otros"}],"model":"TypeClaimModels/getAll"},"timestamp":"2023-07-23 15:26:47"}
{"level":"info","message":{"data":[{"id":"42becc6b-fdeb-4ce4-b2ee-527ceff4434d","typename":"Servicios públicos"},{"id":"a1a9833c-e7dd-43e4-ba90-1fdeddf8bf49","typename":"Infraestructura y construcción"},{"id":"15949ce4-7b72-4bff-bea2-d0df12ba0aff","typename":"Medio ambiente"},{"id":"37cf65d8-e0fa-4434-ab4e-5af4c15d73de","typename":"Transporte público"},{"id":"f644f642-89e8-4168-af35-cb6bf2fd5ac0","typename":"Seguridad pública"},{"id":"8fcc2602-06aa-4680-a0f1-fc27ce3ed472","typename":"Desarrollo urbano"},{"id":"81d948a4-5259-451a-91fa-518327b42fce","typename":"Asuntos comunitarios"},{"id":"04693256-7404-4b42-8190-b3f022c8f462","typename":"Atención ciudadana y servicios administrativos"},{"id":"45094649-68fd-445b-905a-91d5d94b785f","typename":"Otros"}],"model":"TypeClaimModels/getAll"},"timestamp":"2023-07-23 15:26:48"}
{"level":"info","message":{"body":{},"method":"POST","params":"","query":"","url":"/api/typeclaim/getAll"},"timestamp":"2023-07-23 15:29:22"}
{"level":"info","message":{"body":{},"method":"POST","params":"","query":"","url":"/api/typeclaim/getAll"},"timestamp":"2023-07-23 15:29:22"}
{"level":"info","message":{"data":[{"id":"42becc6b-fdeb-4ce4-b2ee-527ceff4434d","typename":"Servicios públicos"},{"id":"a1a9833c-e7dd-43e4-ba90-1fdeddf8bf49","typename":"Infraestructura y construcción"},{"id":"15949ce4-7b72-4bff-bea2-d0df12ba0aff","typename":"Medio ambiente"},{"id":"37cf65d8-e0fa-4434-ab4e-5af4c15d73de","typename":"Transporte público"},{"id":"f644f642-89e8-4168-af35-cb6bf2fd5ac0","typename":"Seguridad pública"},{"id":"8fcc2602-06aa-4680-a0f1-fc27ce3ed472","typename":"Desarrollo urbano"},{"id":"81d948a4-5259-451a-91fa-518327b42fce","typename":"Asuntos comunitarios"},{"id":"04693256-7404-4b42-8190-b3f022c8f462","typename":"Atención ciudadana y servicios administrativos"},{"id":"45094649-68fd-445b-905a-91d5d94b785f","typename":"Otros"}],"model":"TypeClaimModels/getAll"},"timestamp":"2023-07-23 15:29:22"}
{"level":"info","message":{"data":[{"id":"42becc6b-fdeb-4ce4-b2ee-527ceff4434d","typename":"Servicios públicos"},{"id":"a1a9833c-e7dd-43e4-ba90-1fdeddf8bf49","typename":"Infraestructura y construcción"},{"id":"15949ce4-7b72-4bff-bea2-d0df12ba0aff","typename":"Medio ambiente"},{"id":"37cf65d8-e0fa-4434-ab4e-5af4c15d73de","typename":"Transporte público"},{"id":"f644f642-89e8-4168-af35-cb6bf2fd5ac0","typename":"Seguridad pública"},{"id":"8fcc2602-06aa-4680-a0f1-fc27ce3ed472","typename":"Desarrollo urbano"},{"id":"81d948a4-5259-451a-91fa-518327b42fce","typename":"Asuntos comunitarios"},{"id":"04693256-7404-4b42-8190-b3f022c8f462","typename":"Atención ciudadana y servicios administrativos"},{"id":"45094649-68fd-445b-905a-91d5d94b785f","typename":"Otros"}],"model":"TypeClaimModels/getAll"},"timestamp":"2023-07-23 15:29:22"}
{"level":"info","message":{"body":{},"method":"POST","params":"","query":"","url":"/api/typeclaim/getAll"},"timestamp":"2023-07-23 15:29:24"}
{"level":"info","message":{"data":[{"id":"42becc6b-fdeb-4ce4-b2ee-527ceff4434d","typename":"Servicios públicos"},{"id":"a1a9833c-e7dd-43e4-ba90-1fdeddf8bf49","typename":"Infraestructura y construcción"},{"id":"15949ce4-7b72-4bff-bea2-d0df12ba0aff","typename":"Medio ambiente"},{"id":"37cf65d8-e0fa-4434-ab4e-5af4c15d73de","typename":"Transporte público"},{"id":"f644f642-89e8-4168-af35-cb6bf2fd5ac0","typename":"Seguridad pública"},{"id":"8fcc2602-06aa-4680-a0f1-fc27ce3ed472","typename":"Desarrollo urbano"},{"id":"81d948a4-5259-451a-91fa-518327b42fce","typename":"Asuntos comunitarios"},{"id":"04693256-7404-4b42-8190-b3f022c8f462","typename":"Atención ciudadana y servicios administrativos"},{"id":"45094649-68fd-445b-905a-91d5d94b785f","typename":"Otros"}],"model":"TypeClaimModels/getAll"},"timestamp":"2023-07-23 15:29:24"}
{"level":"info","message":{"body":{},"method":"POST","params":"","query":"","url":"/api/typeclaim/getAll"},"timestamp":"2023-07-23 15:29:24"}
{"level":"info","message":{"data":[{"id":"42becc6b-fdeb-4ce4-b2ee-527ceff4434d","typename":"Servicios públicos"},{"id":"a1a9833c-e7dd-43e4-ba90-1fdeddf8bf49","typename":"Infraestructura y construcción"},{"id":"15949ce4-7b72-4bff-bea2-d0df12ba0aff","typename":"Medio ambiente"},{"id":"37cf65d8-e0fa-4434-ab4e-5af4c15d73de","typename":"Transporte público"},{"id":"f644f642-89e8-4168-af35-cb6bf2fd5ac0","typename":"Seguridad pública"},{"id":"8fcc2602-06aa-4680-a0f1-fc27ce3ed472","typename":"Desarrollo urbano"},{"id":"81d948a4-5259-451a-91fa-518327b42fce","typename":"Asuntos comunitarios"},{"id":"04693256-7404-4b42-8190-b3f022c8f462","typename":"Atención ciudadana y servicios administrativos"},{"id":"45094649-68fd-445b-905a-91d5d94b785f","typename":"Otros"}],"model":"TypeClaimModels/getAll"},"timestamp":"2023-07-23 15:29:24"}
{"level":"info","message":{"body":{},"method":"POST","params":"","query":"","url":"/api/typeclaim/getAll"},"timestamp":"2023-07-23 15:34:02"}
{"level":"info","message":{"body":{},"method":"POST","params":"","query":"","url":"/api/typeclaim/getAll"},"timestamp":"2023-07-23 15:34:02"}
{"level":"info","message":{"data":[{"id":"42becc6b-fdeb-4ce4-b2ee-527ceff4434d","typename":"Servicios públicos"},{"id":"a1a9833c-e7dd-43e4-ba90-1fdeddf8bf49","typename":"Infraestructura y construcción"},{"id":"15949ce4-7b72-4bff-bea2-d0df12ba0aff","typename":"Medio ambiente"},{"id":"37cf65d8-e0fa-4434-ab4e-5af4c15d73de","typename":"Transporte público"},{"id":"f644f642-89e8-4168-af35-cb6bf2fd5ac0","typename":"Seguridad pública"},{"id":"8fcc2602-06aa-4680-a0f1-fc27ce3ed472","typename":"Desarrollo urbano"},{"id":"81d948a4-5259-451a-91fa-518327b42fce","typename":"Asuntos comunitarios"},{"id":"04693256-7404-4b42-8190-b3f022c8f462","typename":"Atención ciudadana y servicios administrativos"},{"id":"45094649-68fd-445b-905a-91d5d94b785f","typename":"Otros"}],"model":"TypeClaimModels/getAll"},"timestamp":"2023-07-23 15:34:02"}
{"level":"info","message":{"data":[{"id":"42becc6b-fdeb-4ce4-b2ee-527ceff4434d","typename":"Servicios públicos"},{"id":"a1a9833c-e7dd-43e4-ba90-1fdeddf8bf49","typename":"Infraestructura y construcción"},{"id":"15949ce4-7b72-4bff-bea2-d0df12ba0aff","typename":"Medio ambiente"},{"id":"37cf65d8-e0fa-4434-ab4e-5af4c15d73de","typename":"Transporte público"},{"id":"f644f642-89e8-4168-af35-cb6bf2fd5ac0","typename":"Seguridad pública"},{"id":"8fcc2602-06aa-4680-a0f1-fc27ce3ed472","typename":"Desarrollo urbano"},{"id":"81d948a4-5259-451a-91fa-518327b42fce","typename":"Asuntos comunitarios"},{"id":"04693256-7404-4b42-8190-b3f022c8f462","typename":"Atención ciudadana y servicios administrativos"},{"id":"45094649-68fd-445b-905a-91d5d94b785f","typename":"Otros"}],"model":"TypeClaimModels/getAll"},"timestamp":"2023-07-23 15:34:02"}
{"level":"info","message":{"body":{},"method":"POST","params":"","query":"","url":"/api/typeclaim/getAll"},"timestamp":"2023-07-23 15:34:13"}
{"level":"info","message":{"data":[{"id":"42becc6b-fdeb-4ce4-b2ee-527ceff4434d","typename":"Servicios públicos"},{"id":"a1a9833c-e7dd-43e4-ba90-1fdeddf8bf49","typename":"Infraestructura y construcción"},{"id":"15949ce4-7b72-4bff-bea2-d0df12ba0aff","typename":"Medio ambiente"},{"id":"37cf65d8-e0fa-4434-ab4e-5af4c15d73de","typename":"Transporte público"},{"id":"f644f642-89e8-4168-af35-cb6bf2fd5ac0","typename":"Seguridad pública"},{"id":"8fcc2602-06aa-4680-a0f1-fc27ce3ed472","typename":"Desarrollo urbano"},{"id":"81d948a4-5259-451a-91fa-518327b42fce","typename":"Asuntos comunitarios"},{"id":"04693256-7404-4b42-8190-b3f022c8f462","typename":"Atención ciudadana y servicios administrativos"},{"id":"45094649-68fd-445b-905a-91d5d94b785f","typename":"Otros"}],"model":"TypeClaimModels/getAll"},"timestamp":"2023-07-23 15:34:13"}
{"level":"info","message":{"body":{},"method":"POST","params":"","query":"","url":"/api/typeclaim/getAll"},"timestamp":"2023-07-23 15:34:21"}
{"level":"info","message":{"data":[{"id":"42becc6b-fdeb-4ce4-b2ee-527ceff4434d","typename":"Servicios públicos"},{"id":"a1a9833c-e7dd-43e4-ba90-1fdeddf8bf49","typename":"Infraestructura y construcción"},{"id":"15949ce4-7b72-4bff-bea2-d0df12ba0aff","typename":"Medio ambiente"},{"id":"37cf65d8-e0fa-4434-ab4e-5af4c15d73de","typename":"Transporte público"},{"id":"f644f642-89e8-4168-af35-cb6bf2fd5ac0","typename":"Seguridad pública"},{"id":"8fcc2602-06aa-4680-a0f1-fc27ce3ed472","typename":"Desarrollo urbano"},{"id":"81d948a4-5259-451a-91fa-518327b42fce","typename":"Asuntos comunitarios"},{"id":"04693256-7404-4b42-8190-b3f022c8f462","typename":"Atención ciudadana y servicios administrativos"},{"id":"45094649-68fd-445b-905a-91d5d94b785f","typename":"Otros"}],"model":"TypeClaimModels/getAll"},"timestamp":"2023-07-23 15:34:21"}
{"level":"info","message":{"body":{},"method":"POST","params":"","query":"","url":"/api/typeclaim/getAll"},"timestamp":"2023-07-23 15:34:21"}
{"level":"info","message":{"data":[{"id":"42becc6b-fdeb-4ce4-b2ee-527ceff4434d","typename":"Servicios públicos"},{"id":"a1a9833c-e7dd-43e4-ba90-1fdeddf8bf49","typename":"Infraestructura y construcción"},{"id":"15949ce4-7b72-4bff-bea2-d0df12ba0aff","typename":"Medio ambiente"},{"id":"37cf65d8-e0fa-4434-ab4e-5af4c15d73de","typename":"Transporte público"},{"id":"f644f642-89e8-4168-af35-cb6bf2fd5ac0","typename":"Seguridad pública"},{"id":"8fcc2602-06aa-4680-a0f1-fc27ce3ed472","typename":"Desarrollo urbano"},{"id":"81d948a4-5259-451a-91fa-518327b42fce","typename":"Asuntos comunitarios"},{"id":"04693256-7404-4b42-8190-b3f022c8f462","typename":"Atención ciudadana y servicios administrativos"},{"id":"45094649-68fd-445b-905a-91d5d94b785f","typename":"Otros"}],"model":"TypeClaimModels/getAll"},"timestamp":"2023-07-23 15:34:21"}
{"level":"info","message":"API listening port 5400","timestamp":"2023-07-23 15:39:03"}
{"level":"info","message":"Connect Database","timestamp":"2023-07-23 15:39:03"}
{"level":"info","message":"API listening port 5400","timestamp":"2023-07-23 15:39:06"}
{"level":"info","message":"Connect Database","timestamp":"2023-07-23 15:39:06"}
{"level":"info","message":"API listening port 5400","timestamp":"2023-07-23 15:39:13"}
{"level":"info","message":"Connect Database","timestamp":"2023-07-23 15:39:13"}
{"level":"info","message":"API listening port 5400","timestamp":"2023-07-23 15:39:17"}
{"level":"info","message":"Connect Database","timestamp":"2023-07-23 15:39:17"}
{"level":"info","message":"API listening port 5400","timestamp":"2023-07-23 15:39:25"}
{"level":"info","message":"Connect Database","timestamp":"2023-07-23 15:39:25"}
{"level":"info","message":"API listening port 5400","timestamp":"2023-07-23 15:39:32"}
{"level":"info","message":"Connect Database","timestamp":"2023-07-23 15:39:32"}
{"level":"info","message":"API listening port 5400","timestamp":"2023-07-23 15:39:34"}
{"level":"info","message":"Connect Database","timestamp":"2023-07-23 15:39:34"}
{"level":"info","message":"API listening port 5400","timestamp":"2023-07-23 15:39:38"}
{"level":"info","message":"Connect Database","timestamp":"2023-07-23 15:39:38"}
{"level":"info","message":{"body":{"body_claim":"Este es mi primer reclamo","person_id":"4aa7ec7a-34e4-475d-b31b-9d4419713916","type_id":"42becc6b-fdeb-4ce4-b2ee-527ceff4434d"},"method":"POST","params":"","query":"","url":"/api/claim/create"},"timestamp":"2023-07-23 15:40:13"}
{"level":"info","message":{"data":{"body_claim":"Este es mi primer reclamo","endingdate":"2023-07-23T19:40:13.968Z","id":"ebfa754b-de82-4afb-8b0f-579a3d0d01e4","openingdate":"2023-07-23T19:40:13.968Z","person_id":"4aa7ec7a-34e4-475d-b31b-9d4419713916","type_id":"42becc6b-fdeb-4ce4-b2ee-527ceff4434d"},"model":"ModelClaim/create"},"timestamp":"2023-07-23 15:40:13"}
{"level":"info","message":{"body":{"rut":"53.991.509-6"},"method":"POST","params":"","query":"","url":"/api/person/getByRut"},"timestamp":"2023-07-23 15:49:21"}
{"level":"info","message":{"data":null,"model":"Person/getByRut"},"timestamp":"2023-07-23 15:49:21"}
{"level":"info","message":{"body":{"rut":"11.111.111-1"},"method":"POST","params":"","query":"","url":"/api/person/getByRut"},"timestamp":"2023-07-23 15:49:25"}
{"level":"info","message":{"data":{"email":"quispeabadquispe@gmail.com","id":"4aa7ec7a-34e4-475d-b31b-9d4419713916","maternallastname":"Lujan","name":"Matias","paternallastname":"montero","phone":"111111111","rut":"11.111.111-1"},"model":"Person/getByRut"},"timestamp":"2023-07-23 15:49:25"}
{"level":"info","message":{"body":{"email":"quispeabadquispe@gmail.com","maternallastname":"Lujan","name":"Matias","paternallastname":"montero","phone":"111111111","rut":"11.111.111-1"},"method":"POST","params":"","query":"","url":"/api/person/create"},"timestamp":"2023-07-23 15:49:29"}
{"level":"info","message":{"data":{"email":"quispeabadquispe@gmail.com","id":"4aa7ec7a-34e4-475d-b31b-9d4419713916","maternallastname":"Lujan","name":"Matias","paternallastname":"montero","phone":"111111111","rut":"11.111.111-1"},"model":"Person/create"},"timestamp":"2023-07-23 15:49:29"}
{"level":"info","message":{"body":{},"method":"POST","params":"","query":"","url":"/api/typeclaim/getAll"},"timestamp":"2023-07-23 15:49:29"}
{"level":"info","message":{"body":{},"method":"POST","params":"","query":"","url":"/api/typeclaim/getAll"},"timestamp":"2023-07-23 15:49:29"}
{"level":"info","message":{"data":[{"id":"42becc6b-fdeb-4ce4-b2ee-527ceff4434d","typename":"Servicios públicos"},{"id":"a1a9833c-e7dd-43e4-ba90-1fdeddf8bf49","typename":"Infraestructura y construcción"},{"id":"15949ce4-7b72-4bff-bea2-d0df12ba0aff","typename":"Medio ambiente"},{"id":"37cf65d8-e0fa-4434-ab4e-5af4c15d73de","typename":"Transporte público"},{"id":"f644f642-89e8-4168-af35-cb6bf2fd5ac0","typename":"Seguridad pública"},{"id":"8fcc2602-06aa-4680-a0f1-fc27ce3ed472","typename":"Desarrollo urbano"},{"id":"81d948a4-5259-451a-91fa-518327b42fce","typename":"Asuntos comunitarios"},{"id":"04693256-7404-4b42-8190-b3f022c8f462","typename":"Atención ciudadana y servicios administrativos"},{"id":"45094649-68fd-445b-905a-91d5d94b785f","typename":"Otros"}],"model":"TypeClaimModels/getAll"},"timestamp":"2023-07-23 15:49:29"}
{"level":"info","message":{"data":[{"id":"42becc6b-fdeb-4ce4-b2ee-527ceff4434d","typename":"Servicios públicos"},{"id":"a1a9833c-e7dd-43e4-ba90-1fdeddf8bf49","typename":"Infraestructura y construcción"},{"id":"15949ce4-7b72-4bff-bea2-d0df12ba0aff","typename":"Medio ambiente"},{"id":"37cf65d8-e0fa-4434-ab4e-5af4c15d73de","typename":"Transporte público"},{"id":"f644f642-89e8-4168-af35-cb6bf2fd5ac0","typename":"Seguridad pública"},{"id":"8fcc2602-06aa-4680-a0f1-fc27ce3ed472","typename":"Desarrollo urbano"},{"id":"81d948a4-5259-451a-91fa-518327b42fce","typename":"Asuntos comunitarios"},{"id":"04693256-7404-4b42-8190-b3f022c8f462","typename":"Atención ciudadana y servicios administrativos"},{"id":"45094649-68fd-445b-905a-91d5d94b785f","typename":"Otros"}],"model":"TypeClaimModels/getAll"},"timestamp":"2023-07-23 15:49:29"}
{"level":"info","message":{"body":{"body_claim":"Mi reclamo contra el transporte publico","person_id":"4aa7ec7a-34e4-475d-b31b-9d4419713916"},"method":"POST","params":"","query":"","url":"/api/claim/create"},"timestamp":"2023-07-23 15:49:51"}
{"level":"info","message":{"data":{"body_claim":"Mi reclamo contra el transporte publico","endingdate":"2023-07-23T19:49:51.555Z","id":"d5efdbae-c83a-4e2e-825c-64505eaa146a","openingdate":"2023-07-23T19:49:51.555Z","person_id":"4aa7ec7a-34e4-475d-b31b-9d4419713916","type_id":null},"model":"ModelClaim/create"},"timestamp":"2023-07-23 15:49:51"}
{"level":"info","message":{"body":{},"method":"POST","params":"","query":"","url":"/api/typeclaim/getAll"},"timestamp":"2023-07-23 15:57:17"}
{"level":"info","message":{"body":{},"method":"POST","params":"","query":"","url":"/api/typeclaim/getAll"},"timestamp":"2023-07-23 15:57:17"}
{"level":"info","message":{"data":[{"id":"42becc6b-fdeb-4ce4-b2ee-527ceff4434d","typename":"Servicios públicos"},{"id":"a1a9833c-e7dd-43e4-ba90-1fdeddf8bf49","typename":"Infraestructura y construcción"},{"id":"15949ce4-7b72-4bff-bea2-d0df12ba0aff","typename":"Medio ambiente"},{"id":"37cf65d8-e0fa-4434-ab4e-5af4c15d73de","typename":"Transporte público"},{"id":"f644f642-89e8-4168-af35-cb6bf2fd5ac0","typename":"Seguridad pública"},{"id":"8fcc2602-06aa-4680-a0f1-fc27ce3ed472","typename":"Desarrollo urbano"},{"id":"81d948a4-5259-451a-91fa-518327b42fce","typename":"Asuntos comunitarios"},{"id":"04693256-7404-4b42-8190-b3f022c8f462","typename":"Atención ciudadana y servicios administrativos"},{"id":"45094649-68fd-445b-905a-91d5d94b785f","typename":"Otros"}],"model":"TypeClaimModels/getAll"},"timestamp":"2023-07-23 15:57:17"}
{"level":"info","message":{"data":[{"id":"42becc6b-fdeb-4ce4-b2ee-527ceff4434d","typename":"Servicios públicos"},{"id":"a1a9833c-e7dd-43e4-ba90-1fdeddf8bf49","typename":"Infraestructura y construcción"},{"id":"15949ce4-7b72-4bff-bea2-d0df12ba0aff","typename":"Medio ambiente"},{"id":"37cf65d8-e0fa-4434-ab4e-5af4c15d73de","typename":"Transporte público"},{"id":"f644f642-89e8-4168-af35-cb6bf2fd5ac0","typename":"Seguridad pública"},{"id":"8fcc2602-06aa-4680-a0f1-fc27ce3ed472","typename":"Desarrollo urbano"},{"id":"81d948a4-5259-451a-91fa-518327b42fce","typename":"Asuntos comunitarios"},{"id":"04693256-7404-4b42-8190-b3f022c8f462","typename":"Atención ciudadana y servicios administrativos"},{"id":"45094649-68fd-445b-905a-91d5d94b785f","typename":"Otros"}],"model":"TypeClaimModels/getAll"},"timestamp":"2023-07-23 15:57:17"}
{"level":"info","message":{"body":{"body_claim":"este un 6 reclamo","person_id":"4aa7ec7a-34e4-475d-b31b-9d4419713916","type_id":"f644f642-89e8-4168-af35-cb6bf2fd5ac0"},"method":"POST","params":"","query":"","url":"/api/claim/create"},"timestamp":"2023-07-23 15:57:50"}
{"level":"info","message":{"data":{"body_claim":"este un 6 reclamo","endingdate":"2023-07-23T19:57:51.014Z","id":"c9bf737d-15d8-4c8e-8a78-53cda5727652","openingdate":"2023-07-23T19:57:51.014Z","person_id":"4aa7ec7a-34e4-475d-b31b-9d4419713916","type_id":"f644f642-89e8-4168-af35-cb6bf2fd5ac0"},"model":"ModelClaim/create"},"timestamp":"2023-07-23 15:57:51"}
{"level":"info","message":{"body":{},"method":"POST","params":"","query":"","url":"/api/typeclaim/getAll"},"timestamp":"2023-07-23 15:58:04"}
{"level":"info","message":{"body":{},"method":"POST","params":"","query":"","url":"/api/typeclaim/getAll"},"timestamp":"2023-07-23 15:58:04"}
{"level":"info","message":{"data":[{"id":"42becc6b-fdeb-4ce4-b2ee-527ceff4434d","typename":"Servicios públicos"},{"id":"a1a9833c-e7dd-43e4-ba90-1fdeddf8bf49","typename":"Infraestructura y construcción"},{"id":"15949ce4-7b72-4bff-bea2-d0df12ba0aff","typename":"Medio ambiente"},{"id":"37cf65d8-e0fa-4434-ab4e-5af4c15d73de","typename":"Transporte público"},{"id":"f644f642-89e8-4168-af35-cb6bf2fd5ac0","typename":"Seguridad pública"},{"id":"8fcc2602-06aa-4680-a0f1-fc27ce3ed472","typename":"Desarrollo urbano"},{"id":"81d948a4-5259-451a-91fa-518327b42fce","typename":"Asuntos comunitarios"},{"id":"04693256-7404-4b42-8190-b3f022c8f462","typename":"Atención ciudadana y servicios administrativos"},{"id":"45094649-68fd-445b-905a-91d5d94b785f","typename":"Otros"}],"model":"TypeClaimModels/getAll"},"timestamp":"2023-07-23 15:58:04"}
{"level":"info","message":{"data":[{"id":"42becc6b-fdeb-4ce4-b2ee-527ceff4434d","typename":"Servicios públicos"},{"id":"a1a9833c-e7dd-43e4-ba90-1fdeddf8bf49","typename":"Infraestructura y construcción"},{"id":"15949ce4-7b72-4bff-bea2-d0df12ba0aff","typename":"Medio ambiente"},{"id":"37cf65d8-e0fa-4434-ab4e-5af4c15d73de","typename":"Transporte público"},{"id":"f644f642-89e8-4168-af35-cb6bf2fd5ac0","typename":"Seguridad pública"},{"id":"8fcc2602-06aa-4680-a0f1-fc27ce3ed472","typename":"Desarrollo urbano"},{"id":"81d948a4-5259-451a-91fa-518327b42fce","typename":"Asuntos comunitarios"},{"id":"04693256-7404-4b42-8190-b3f022c8f462","typename":"Atención ciudadana y servicios administrativos"},{"id":"45094649-68fd-445b-905a-91d5d94b785f","typename":"Otros"}],"model":"TypeClaimModels/getAll"},"timestamp":"2023-07-23 15:58:04"}
{"level":"info","message":{"body":{"body_claim":"este un 7 reclamo ","person_id":"4aa7ec7a-34e4-475d-b31b-9d4419713916","type_id":"f644f642-89e8-4168-af35-cb6bf2fd5ac0"},"method":"POST","params":"","query":"","url":"/api/claim/create"},"timestamp":"2023-07-23 15:58:16"}
{"level":"info","message":{"data":{"body_claim":"este un 7 reclamo ","endingdate":"2023-07-23T19:58:17.040Z","id":"58811257-3bd1-4169-ae50-7e003aaf0709","openingdate":"2023-07-23T19:58:17.040Z","person_id":"4aa7ec7a-34e4-475d-b31b-9d4419713916","type_id":"f644f642-89e8-4168-af35-cb6bf2fd5ac0"},"model":"ModelClaim/create"},"timestamp":"2023-07-23 15:58:17"}
{"level":"info","message":{"body":{},"method":"POST","params":"","query":"","url":"/api/typeclaim/getAll"},"timestamp":"2023-07-23 16:00:50"}
{"level":"info","message":{"body":{},"method":"POST","params":"","query":"","url":"/api/typeclaim/getAll"},"timestamp":"2023-07-23 16:00:50"}
{"level":"info","message":{"data":[{"id":"42becc6b-fdeb-4ce4-b2ee-527ceff4434d","typename":"Servicios públicos"},{"id":"a1a9833c-e7dd-43e4-ba90-1fdeddf8bf49","typename":"Infraestructura y construcción"},{"id":"15949ce4-7b72-4bff-bea2-d0df12ba0aff","typename":"Medio ambiente"},{"id":"37cf65d8-e0fa-4434-ab4e-5af4c15d73de","typename":"Transporte público"},{"id":"f644f642-89e8-4168-af35-cb6bf2fd5ac0","typename":"Seguridad pública"},{"id":"8fcc2602-06aa-4680-a0f1-fc27ce3ed472","typename":"Desarrollo urbano"},{"id":"81d948a4-5259-451a-91fa-518327b42fce","typename":"Asuntos comunitarios"},{"id":"04693256-7404-4b42-8190-b3f022c8f462","typename":"Atención ciudadana y servicios administrativos"},{"id":"45094649-68fd-445b-905a-91d5d94b785f","typename":"Otros"}],"model":"TypeClaimModels/getAll"},"timestamp":"2023-07-23 16:00:50"}
