{"level":"info","message":"API listening port 5400","timestamp":"2023-08-13 21:39:14"}
{"level":"info","message":"Connect Database","timestamp":"2023-08-13 21:39:15"}
{"level":"info","message":"API listening port 5400","timestamp":"2023-08-13 21:45:41"}
{"level":"info","message":"Connect Database","timestamp":"2023-08-13 21:45:42"}
{"level":"info","message":"API listening port 5400","timestamp":"2023-08-13 21:46:16"}
{"level":"info","message":"Connect Database","timestamp":"2023-08-13 21:46:17"}
{"level":"info","message":"API listening port 5400","timestamp":"2023-08-13 21:48:38"}
{"level":"info","message":"Connect Database","timestamp":"2023-08-13 21:48:39"}
{"level":"info","message":"API listening port 5400","timestamp":"2023-08-13 21:49:03"}
{"level":"info","message":"Connect Database","timestamp":"2023-08-13 21:49:04"}
{"level":"info","message":"API listening port 5400","timestamp":"2023-08-13 21:49:19"}
{"level":"info","message":"Connect Database","timestamp":"2023-08-13 21:49:19"}
{"level":"info","message":"API listening port 5400","timestamp":"2023-08-13 21:49:29"}
{"level":"info","message":"Connect Database","timestamp":"2023-08-13 21:49:30"}
{"level":"info","message":"API listening port 5400","timestamp":"2023-08-13 21:50:26"}
{"level":"info","message":"Connect Database","timestamp":"2023-08-13 21:50:29"}
{"level":"info","message":"API listening port 5400","timestamp":"2023-08-13 21:51:42"}
{"level":"info","message":"Connect Database","timestamp":"2023-08-13 21:51:43"}
{"level":"info","message":"API listening port 5400","timestamp":"2023-08-13 21:51:52"}
{"level":"info","message":"Connect Database","timestamp":"2023-08-13 21:51:53"}
{"level":"info","message":"API listening port 5400","timestamp":"2023-08-13 21:51:57"}
{"level":"info","message":"Connect Database","timestamp":"2023-08-13 21:51:58"}
{"level":"info","message":"API listening port 5400","timestamp":"2023-08-13 21:56:31"}
{"level":"info","message":{"body":{"rut":"11.111.111-1"},"method":"POST","params":"","query":"","url":"/api/person/getByRut"},"timestamp":"2023-08-13 21:56:32"}
{"level":"info","message":"Connect Database","timestamp":"2023-08-13 21:56:32"}
{"level":"info","message":{"data":{"email":"portalfirma@gmail.com","id":"2c4e9964-4d34-4c99-8fea-9ed72ce7588e","maternallastname":"Lujan","name":"Kazuma","paternallastname":"montero","phone":"957902342","rut":"11.111.111-1"},"model":"Person/getByRut"},"timestamp":"2023-08-13 21:56:33"}
{"level":"info","message":{"body":{"email":"portalfirma@gmail.com","maternallastname":"Lujan","name":"Kazuma","paternallastname":"montero","phone":"957902342","rut":"11.111.111-1"},"method":"POST","params":"","query":"","url":"/api/person/create"},"timestamp":"2023-08-13 21:56:35"}
{"level":"info","message":{"data":{"email":"portalfirma@gmail.com","id":"2c4e9964-4d34-4c99-8fea-9ed72ce7588e","maternallastname":"Lujan","name":"Kazuma","paternallastname":"montero","phone":"957902342","rut":"11.111.111-1"},"model":"Person/create"},"timestamp":"2023-08-13 21:56:35"}
{"level":"info","message":{"body":{},"method":"POST","params":"","query":"","url":"/api/typeclaim/getAll"},"timestamp":"2023-08-13 21:56:37"}
{"level":"info","message":{"body":{},"method":"POST","params":"","query":"","url":"/api/typeclaim/getAll"},"timestamp":"2023-08-13 21:56:37"}
{"level":"info","message":{"data":[{"id":"05269505-b463-425a-b5f2-44b201d617ed","typename":"Servicios públicos"},{"id":"28af3e1d-8af8-47fc-b631-1ac3845e8f14","typename":"Infraestructura y obras públicas"},{"id":"7cc4a9e1-dc6e-4fcb-9475-bc052daad2f7","typename":"Transporte público"},{"id":"280888bb-56af-4bc3-ba07-a1f571dfe30b","typename":"Licencias y permisos"},{"id":"3091e865-f7a9-45b7-b9c0-1839008ffcad","typename":"Ruidos y contaminación"},{"id":"b41841be-14eb-48a2-83c3-91f4ab6ec029","typename":"Problemas de seguridad"},{"id":"c9aec491-50f3-403e-a51e-204c0bb9d4f5","typename":"Problemas de iluminación"},{"id":"0202cb87-b934-48e8-994e-aa49619cc35e","typename":"Problemas de servicios en línea"}],"model":"TypeClaimModels/getAll"},"timestamp":"2023-08-13 21:56:37"}
{"level":"info","message":{"data":[{"id":"05269505-b463-425a-b5f2-44b201d617ed","typename":"Servicios públicos"},{"id":"28af3e1d-8af8-47fc-b631-1ac3845e8f14","typename":"Infraestructura y obras públicas"},{"id":"7cc4a9e1-dc6e-4fcb-9475-bc052daad2f7","typename":"Transporte público"},{"id":"280888bb-56af-4bc3-ba07-a1f571dfe30b","typename":"Licencias y permisos"},{"id":"3091e865-f7a9-45b7-b9c0-1839008ffcad","typename":"Ruidos y contaminación"},{"id":"b41841be-14eb-48a2-83c3-91f4ab6ec029","typename":"Problemas de seguridad"},{"id":"c9aec491-50f3-403e-a51e-204c0bb9d4f5","typename":"Problemas de iluminación"},{"id":"0202cb87-b934-48e8-994e-aa49619cc35e","typename":"Problemas de servicios en línea"}],"model":"TypeClaimModels/getAll"},"timestamp":"2023-08-13 21:56:38"}
{"level":"info","message":{"body":{},"method":"POST","params":"","query":"","url":"/api/typeclaim/getAll"},"timestamp":"2023-08-13 21:57:36"}
{"level":"info","message":{"data":[{"id":"05269505-b463-425a-b5f2-44b201d617ed","typename":"Servicios públicos"},{"id":"28af3e1d-8af8-47fc-b631-1ac3845e8f14","typename":"Infraestructura y obras públicas"},{"id":"7cc4a9e1-dc6e-4fcb-9475-bc052daad2f7","typename":"Transporte público"},{"id":"280888bb-56af-4bc3-ba07-a1f571dfe30b","typename":"Licencias y permisos"},{"id":"3091e865-f7a9-45b7-b9c0-1839008ffcad","typename":"Ruidos y contaminación"},{"id":"b41841be-14eb-48a2-83c3-91f4ab6ec029","typename":"Problemas de seguridad"},{"id":"c9aec491-50f3-403e-a51e-204c0bb9d4f5","typename":"Problemas de iluminación"},{"id":"0202cb87-b934-48e8-994e-aa49619cc35e","typename":"Problemas de servicios en línea"}],"model":"TypeClaimModels/getAll"},"timestamp":"2023-08-13 21:57:37"}
{"level":"info","message":{"body":{},"method":"POST","params":"","query":"","url":"/api/typeclaim/getAll"},"timestamp":"2023-08-13 21:57:39"}
{"level":"info","message":{"data":[{"id":"05269505-b463-425a-b5f2-44b201d617ed","typename":"Servicios públicos"},{"id":"28af3e1d-8af8-47fc-b631-1ac3845e8f14","typename":"Infraestructura y obras públicas"},{"id":"7cc4a9e1-dc6e-4fcb-9475-bc052daad2f7","typename":"Transporte público"},{"id":"280888bb-56af-4bc3-ba07-a1f571dfe30b","typename":"Licencias y permisos"},{"id":"3091e865-f7a9-45b7-b9c0-1839008ffcad","typename":"Ruidos y contaminación"},{"id":"b41841be-14eb-48a2-83c3-91f4ab6ec029","typename":"Problemas de seguridad"},{"id":"c9aec491-50f3-403e-a51e-204c0bb9d4f5","typename":"Problemas de iluminación"},{"id":"0202cb87-b934-48e8-994e-aa49619cc35e","typename":"Problemas de servicios en línea"}],"model":"TypeClaimModels/getAll"},"timestamp":"2023-08-13 21:57:39"}
{"level":"info","message":"API listening port 5400","timestamp":"2023-08-13 22:07:00"}
{"level":"info","message":{"body":{"email":"portalfirma@gmail.com","maternallastname":"Lujan","name":"Kazuma","paternallastname":"montero","phone":"957902342","rut":"11.111.111-1"},"method":"POST","params":"","query":"","url":"/api/person/create"},"timestamp":"2023-08-13 22:07:00"}
{"level":"info","message":{"body":{},"method":"POST","params":"","query":"","url":"/api/typeclaim/getAll"},"timestamp":"2023-08-13 22:07:00"}
{"level":"info","message":{"body":{},"method":"POST","params":"","query":"","url":"/api/typeclaim/getAll"},"timestamp":"2023-08-13 22:07:00"}
{"level":"info","message":"Connect Database","timestamp":"2023-08-13 22:07:01"}
{"level":"info","message":{"data":[{"id":"05269505-b463-425a-b5f2-44b201d617ed","typename":"Servicios públicos"},{"id":"28af3e1d-8af8-47fc-b631-1ac3845e8f14","typename":"Infraestructura y obras públicas"},{"id":"7cc4a9e1-dc6e-4fcb-9475-bc052daad2f7","typename":"Transporte público"},{"id":"280888bb-56af-4bc3-ba07-a1f571dfe30b","typename":"Licencias y permisos"},{"id":"3091e865-f7a9-45b7-b9c0-1839008ffcad","typename":"Ruidos y contaminación"},{"id":"b41841be-14eb-48a2-83c3-91f4ab6ec029","typename":"Problemas de seguridad"},{"id":"c9aec491-50f3-403e-a51e-204c0bb9d4f5","typename":"Problemas de iluminación"},{"id":"0202cb87-b934-48e8-994e-aa49619cc35e","typename":"Problemas de servicios en línea"}],"model":"TypeClaimModels/getAll"},"timestamp":"2023-08-13 22:07:01"}
{"level":"info","message":{"data":[{"id":"05269505-b463-425a-b5f2-44b201d617ed","typename":"Servicios públicos"},{"id":"28af3e1d-8af8-47fc-b631-1ac3845e8f14","typename":"Infraestructura y obras públicas"},{"id":"7cc4a9e1-dc6e-4fcb-9475-bc052daad2f7","typename":"Transporte público"},{"id":"280888bb-56af-4bc3-ba07-a1f571dfe30b","typename":"Licencias y permisos"},{"id":"3091e865-f7a9-45b7-b9c0-1839008ffcad","typename":"Ruidos y contaminación"},{"id":"b41841be-14eb-48a2-83c3-91f4ab6ec029","typename":"Problemas de seguridad"},{"id":"c9aec491-50f3-403e-a51e-204c0bb9d4f5","typename":"Problemas de iluminación"},{"id":"0202cb87-b934-48e8-994e-aa49619cc35e","typename":"Problemas de servicios en línea"}],"model":"TypeClaimModels/getAll"},"timestamp":"2023-08-13 22:07:02"}
{"level":"info","message":{"data":{"email":"portalfirma@gmail.com","id":"2c4e9964-4d34-4c99-8fea-9ed72ce7588e","maternallastname":"Lujan","name":"Kazuma","paternallastname":"montero","phone":"957902342","rut":"11.111.111-1"},"model":"Person/create"},"timestamp":"2023-08-13 22:07:02"}
{"level":"info","message":{"body":{},"method":"POST","params":"","query":"","url":"/api/file/add"},"timestamp":"2023-08-13 22:07:17"}
{"level":"info","message":{"data":{},"model":"file/add"},"timestamp":"2023-08-13 22:07:17"}
{"level":"info","message":{"body":{},"method":"POST","params":"","query":"","url":"/api/typeclaim/getAll"},"timestamp":"2023-08-13 22:07:57"}
{"level":"info","message":{"body":{},"method":"POST","params":"","query":"","url":"/api/typeclaim/getAll"},"timestamp":"2023-08-13 22:07:57"}
{"level":"info","message":{"data":[{"id":"05269505-b463-425a-b5f2-44b201d617ed","typename":"Servicios públicos"},{"id":"28af3e1d-8af8-47fc-b631-1ac3845e8f14","typename":"Infraestructura y obras públicas"},{"id":"7cc4a9e1-dc6e-4fcb-9475-bc052daad2f7","typename":"Transporte público"},{"id":"280888bb-56af-4bc3-ba07-a1f571dfe30b","typename":"Licencias y permisos"},{"id":"3091e865-f7a9-45b7-b9c0-1839008ffcad","typename":"Ruidos y contaminación"},{"id":"b41841be-14eb-48a2-83c3-91f4ab6ec029","typename":"Problemas de seguridad"},{"id":"c9aec491-50f3-403e-a51e-204c0bb9d4f5","typename":"Problemas de iluminación"},{"id":"0202cb87-b934-48e8-994e-aa49619cc35e","typename":"Problemas de servicios en línea"}],"model":"TypeClaimModels/getAll"},"timestamp":"2023-08-13 22:07:58"}
{"level":"info","message":{"data":[{"id":"05269505-b463-425a-b5f2-44b201d617ed","typename":"Servicios públicos"},{"id":"28af3e1d-8af8-47fc-b631-1ac3845e8f14","typename":"Infraestructura y obras públicas"},{"id":"7cc4a9e1-dc6e-4fcb-9475-bc052daad2f7","typename":"Transporte público"},{"id":"280888bb-56af-4bc3-ba07-a1f571dfe30b","typename":"Licencias y permisos"},{"id":"3091e865-f7a9-45b7-b9c0-1839008ffcad","typename":"Ruidos y contaminación"},{"id":"b41841be-14eb-48a2-83c3-91f4ab6ec029","typename":"Problemas de seguridad"},{"id":"c9aec491-50f3-403e-a51e-204c0bb9d4f5","typename":"Problemas de iluminación"},{"id":"0202cb87-b934-48e8-994e-aa49619cc35e","typename":"Problemas de servicios en línea"}],"model":"TypeClaimModels/getAll"},"timestamp":"2023-08-13 22:07:58"}
{"level":"info","message":{"body":{},"method":"POST","params":"","query":"","url":"/api/typeclaim/getAll"},"timestamp":"2023-08-13 22:08:22"}
{"level":"info","message":{"body":{},"method":"POST","params":"","query":"","url":"/api/typeclaim/getAll"},"timestamp":"2023-08-13 22:08:22"}
{"level":"info","message":{"data":[{"id":"05269505-b463-425a-b5f2-44b201d617ed","typename":"Servicios públicos"},{"id":"28af3e1d-8af8-47fc-b631-1ac3845e8f14","typename":"Infraestructura y obras públicas"},{"id":"7cc4a9e1-dc6e-4fcb-9475-bc052daad2f7","typename":"Transporte público"},{"id":"280888bb-56af-4bc3-ba07-a1f571dfe30b","typename":"Licencias y permisos"},{"id":"3091e865-f7a9-45b7-b9c0-1839008ffcad","typename":"Ruidos y contaminación"},{"id":"b41841be-14eb-48a2-83c3-91f4ab6ec029","typename":"Problemas de seguridad"},{"id":"c9aec491-50f3-403e-a51e-204c0bb9d4f5","typename":"Problemas de iluminación"},{"id":"0202cb87-b934-48e8-994e-aa49619cc35e","typename":"Problemas de servicios en línea"}],"model":"TypeClaimModels/getAll"},"timestamp":"2023-08-13 22:08:23"}
{"level":"info","message":{"data":[{"id":"05269505-b463-425a-b5f2-44b201d617ed","typename":"Servicios públicos"},{"id":"28af3e1d-8af8-47fc-b631-1ac3845e8f14","typename":"Infraestructura y obras públicas"},{"id":"7cc4a9e1-dc6e-4fcb-9475-bc052daad2f7","typename":"Transporte público"},{"id":"280888bb-56af-4bc3-ba07-a1f571dfe30b","typename":"Licencias y permisos"},{"id":"3091e865-f7a9-45b7-b9c0-1839008ffcad","typename":"Ruidos y contaminación"},{"id":"b41841be-14eb-48a2-83c3-91f4ab6ec029","typename":"Problemas de seguridad"},{"id":"c9aec491-50f3-403e-a51e-204c0bb9d4f5","typename":"Problemas de iluminación"},{"id":"0202cb87-b934-48e8-994e-aa49619cc35e","typename":"Problemas de servicios en línea"}],"model":"TypeClaimModels/getAll"},"timestamp":"2023-08-13 22:08:23"}
{"level":"info","message":{"body":{},"method":"POST","params":"","query":"","url":"/api/typeclaim/getAll"},"timestamp":"2023-08-13 22:08:57"}
{"level":"info","message":{"body":{},"method":"POST","params":"","query":"","url":"/api/typeclaim/getAll"},"timestamp":"2023-08-13 22:08:57"}
{"level":"info","message":{"data":[{"id":"05269505-b463-425a-b5f2-44b201d617ed","typename":"Servicios públicos"},{"id":"28af3e1d-8af8-47fc-b631-1ac3845e8f14","typename":"Infraestructura y obras públicas"},{"id":"7cc4a9e1-dc6e-4fcb-9475-bc052daad2f7","typename":"Transporte público"},{"id":"280888bb-56af-4bc3-ba07-a1f571dfe30b","typename":"Licencias y permisos"},{"id":"3091e865-f7a9-45b7-b9c0-1839008ffcad","typename":"Ruidos y contaminación"},{"id":"b41841be-14eb-48a2-83c3-91f4ab6ec029","typename":"Problemas de seguridad"},{"id":"c9aec491-50f3-403e-a51e-204c0bb9d4f5","typename":"Problemas de iluminación"},{"id":"0202cb87-b934-48e8-994e-aa49619cc35e","typename":"Problemas de servicios en línea"}],"model":"TypeClaimModels/getAll"},"timestamp":"2023-08-13 22:08:58"}
{"level":"info","message":{"data":[{"id":"05269505-b463-425a-b5f2-44b201d617ed","typename":"Servicios públicos"},{"id":"28af3e1d-8af8-47fc-b631-1ac3845e8f14","typename":"Infraestructura y obras públicas"},{"id":"7cc4a9e1-dc6e-4fcb-9475-bc052daad2f7","typename":"Transporte público"},{"id":"280888bb-56af-4bc3-ba07-a1f571dfe30b","typename":"Licencias y permisos"},{"id":"3091e865-f7a9-45b7-b9c0-1839008ffcad","typename":"Ruidos y contaminación"},{"id":"b41841be-14eb-48a2-83c3-91f4ab6ec029","typename":"Problemas de seguridad"},{"id":"c9aec491-50f3-403e-a51e-204c0bb9d4f5","typename":"Problemas de iluminación"},{"id":"0202cb87-b934-48e8-994e-aa49619cc35e","typename":"Problemas de servicios en línea"}],"model":"TypeClaimModels/getAll"},"timestamp":"2023-08-13 22:08:58"}
{"level":"info","message":{"body":{},"method":"POST","params":"","query":"","url":"/api/typeclaim/getAll"},"timestamp":"2023-08-13 22:09:04"}
{"level":"info","message":{"body":{},"method":"POST","params":"","query":"","url":"/api/typeclaim/getAll"},"timestamp":"2023-08-13 22:09:04"}
{"level":"info","message":{"data":[{"id":"05269505-b463-425a-b5f2-44b201d617ed","typename":"Servicios públicos"},{"id":"28af3e1d-8af8-47fc-b631-1ac3845e8f14","typename":"Infraestructura y obras públicas"},{"id":"7cc4a9e1-dc6e-4fcb-9475-bc052daad2f7","typename":"Transporte público"},{"id":"280888bb-56af-4bc3-ba07-a1f571dfe30b","typename":"Licencias y permisos"},{"id":"3091e865-f7a9-45b7-b9c0-1839008ffcad","typename":"Ruidos y contaminación"},{"id":"b41841be-14eb-48a2-83c3-91f4ab6ec029","typename":"Problemas de seguridad"},{"id":"c9aec491-50f3-403e-a51e-204c0bb9d4f5","typename":"Problemas de iluminación"},{"id":"0202cb87-b934-48e8-994e-aa49619cc35e","typename":"Problemas de servicios en línea"}],"model":"TypeClaimModels/getAll"},"timestamp":"2023-08-13 22:09:04"}
{"level":"info","message":{"data":[{"id":"05269505-b463-425a-b5f2-44b201d617ed","typename":"Servicios públicos"},{"id":"28af3e1d-8af8-47fc-b631-1ac3845e8f14","typename":"Infraestructura y obras públicas"},{"id":"7cc4a9e1-dc6e-4fcb-9475-bc052daad2f7","typename":"Transporte público"},{"id":"280888bb-56af-4bc3-ba07-a1f571dfe30b","typename":"Licencias y permisos"},{"id":"3091e865-f7a9-45b7-b9c0-1839008ffcad","typename":"Ruidos y contaminación"},{"id":"b41841be-14eb-48a2-83c3-91f4ab6ec029","typename":"Problemas de seguridad"},{"id":"c9aec491-50f3-403e-a51e-204c0bb9d4f5","typename":"Problemas de iluminación"},{"id":"0202cb87-b934-48e8-994e-aa49619cc35e","typename":"Problemas de servicios en línea"}],"model":"TypeClaimModels/getAll"},"timestamp":"2023-08-13 22:09:04"}
{"level":"info","message":{"body":{},"method":"POST","params":"","query":"","url":"/api/typeclaim/getAll"},"timestamp":"2023-08-13 22:11:04"}
{"level":"info","message":{"data":[{"id":"05269505-b463-425a-b5f2-44b201d617ed","typename":"Servicios públicos"},{"id":"28af3e1d-8af8-47fc-b631-1ac3845e8f14","typename":"Infraestructura y obras públicas"},{"id":"7cc4a9e1-dc6e-4fcb-9475-bc052daad2f7","typename":"Transporte público"},{"id":"280888bb-56af-4bc3-ba07-a1f571dfe30b","typename":"Licencias y permisos"},{"id":"3091e865-f7a9-45b7-b9c0-1839008ffcad","typename":"Ruidos y contaminación"},{"id":"b41841be-14eb-48a2-83c3-91f4ab6ec029","typename":"Problemas de seguridad"},{"id":"c9aec491-50f3-403e-a51e-204c0bb9d4f5","typename":"Problemas de iluminación"},{"id":"0202cb87-b934-48e8-994e-aa49619cc35e","typename":"Problemas de servicios en línea"}],"model":"TypeClaimModels/getAll"},"timestamp":"2023-08-13 22:11:05"}
{"level":"info","message":{"body":{},"method":"POST","params":"","query":"","url":"/api/typeclaim/getAll"},"timestamp":"2023-08-13 22:11:33"}
{"level":"info","message":{"data":[{"id":"05269505-b463-425a-b5f2-44b201d617ed","typename":"Servicios públicos"},{"id":"28af3e1d-8af8-47fc-b631-1ac3845e8f14","typename":"Infraestructura y obras públicas"},{"id":"7cc4a9e1-dc6e-4fcb-9475-bc052daad2f7","typename":"Transporte público"},{"id":"280888bb-56af-4bc3-ba07-a1f571dfe30b","typename":"Licencias y permisos"},{"id":"3091e865-f7a9-45b7-b9c0-1839008ffcad","typename":"Ruidos y contaminación"},{"id":"b41841be-14eb-48a2-83c3-91f4ab6ec029","typename":"Problemas de seguridad"},{"id":"c9aec491-50f3-403e-a51e-204c0bb9d4f5","typename":"Problemas de iluminación"},{"id":"0202cb87-b934-48e8-994e-aa49619cc35e","typename":"Problemas de servicios en línea"}],"model":"TypeClaimModels/getAll"},"timestamp":"2023-08-13 22:11:34"}
{"level":"info","message":{"body":{},"method":"POST","params":"","query":"","url":"/api/typeclaim/getAll"},"timestamp":"2023-08-13 22:12:05"}
{"level":"info","message":{"data":[{"id":"05269505-b463-425a-b5f2-44b201d617ed","typename":"Servicios públicos"},{"id":"28af3e1d-8af8-47fc-b631-1ac3845e8f14","typename":"Infraestructura y obras públicas"},{"id":"7cc4a9e1-dc6e-4fcb-9475-bc052daad2f7","typename":"Transporte público"},{"id":"280888bb-56af-4bc3-ba07-a1f571dfe30b","typename":"Licencias y permisos"},{"id":"3091e865-f7a9-45b7-b9c0-1839008ffcad","typename":"Ruidos y contaminación"},{"id":"b41841be-14eb-48a2-83c3-91f4ab6ec029","typename":"Problemas de seguridad"},{"id":"c9aec491-50f3-403e-a51e-204c0bb9d4f5","typename":"Problemas de iluminación"},{"id":"0202cb87-b934-48e8-994e-aa49619cc35e","typename":"Problemas de servicios en línea"}],"model":"TypeClaimModels/getAll"},"timestamp":"2023-08-13 22:12:06"}
{"level":"info","message":{"body":{"body_claim":"pruebas niemro 1 ","person_id":"","type_id":"28af3e1d-8af8-47fc-b631-1ac3845e8f14"},"method":"POST","params":"","query":"","url":"/api/claim/create"},"timestamp":"2023-08-13 22:12:09"}
{"level":"error","message":{"error":"invalid input syntax for type uuid: \"\"","model":"ModelClaim/create"},"timestamp":"2023-08-13 22:12:09"}
{"level":"info","message":{"body":{"body_claim":"pruebas niemro 1 ","person_id":"","type_id":"28af3e1d-8af8-47fc-b631-1ac3845e8f14"},"method":"POST","params":"","query":"","url":"/api/claim/create"},"timestamp":"2023-08-13 22:12:11"}
{"level":"error","message":{"error":"invalid input syntax for type uuid: \"\"","model":"ModelClaim/create"},"timestamp":"2023-08-13 22:12:12"}
{"level":"info","message":{"body":{},"method":"POST","params":"","query":"","url":"/api/typeclaim/getAll"},"timestamp":"2023-08-13 22:12:34"}
{"level":"info","message":{"data":[{"id":"05269505-b463-425a-b5f2-44b201d617ed","typename":"Servicios públicos"},{"id":"28af3e1d-8af8-47fc-b631-1ac3845e8f14","typename":"Infraestructura y obras públicas"},{"id":"7cc4a9e1-dc6e-4fcb-9475-bc052daad2f7","typename":"Transporte público"},{"id":"280888bb-56af-4bc3-ba07-a1f571dfe30b","typename":"Licencias y permisos"},{"id":"3091e865-f7a9-45b7-b9c0-1839008ffcad","typename":"Ruidos y contaminación"},{"id":"b41841be-14eb-48a2-83c3-91f4ab6ec029","typename":"Problemas de seguridad"},{"id":"c9aec491-50f3-403e-a51e-204c0bb9d4f5","typename":"Problemas de iluminación"},{"id":"0202cb87-b934-48e8-994e-aa49619cc35e","typename":"Problemas de servicios en línea"}],"model":"TypeClaimModels/getAll"},"timestamp":"2023-08-13 22:12:35"}
{"level":"info","message":"API listening port 5400","timestamp":"2023-08-13 22:12:57"}
{"level":"info","message":"Connect Database","timestamp":"2023-08-13 22:12:58"}
{"level":"info","message":{"body":{"rut":"27.648.009-K"},"method":"POST","params":"","query":"","url":"/api/person/getByRut"},"timestamp":"2023-08-13 22:13:02"}
{"level":"info","message":{"data":{"email":"quispeabadquispe@gmail.com","id":"0dbdf4ee-27e8-4080-bc1b-779a38c9d9ef","maternallastname":"Huamani","name":"Abad","paternallastname":"Quispe","phone":"957902342","rut":"27.648.009-K"},"model":"Person/getByRut"},"timestamp":"2023-08-13 22:13:03"}
{"level":"info","message":{"body":{"email":"quispeabadquispe@gmail.com","maternallastname":"Huamani","name":"Abad","paternallastname":"Quispe","phone":"957902342","rut":"27.648.009-K"},"method":"POST","params":"","query":"","url":"/api/person/create"},"timestamp":"2023-08-13 22:13:04"}
{"level":"info","message":{"body":{},"method":"POST","params":"","query":"","url":"/api/typeclaim/getAll"},"timestamp":"2023-08-13 22:13:04"}
{"level":"info","message":{"body":{},"method":"POST","params":"","query":"","url":"/api/typeclaim/getAll"},"timestamp":"2023-08-13 22:13:04"}
{"level":"info","message":{"data":{"email":"quispeabadquispe@gmail.com","id":"0dbdf4ee-27e8-4080-bc1b-779a38c9d9ef","maternallastname":"Huamani","name":"Abad","paternallastname":"Quispe","phone":"957902342","rut":"27.648.009-K"},"model":"Person/create"},"timestamp":"2023-08-13 22:13:04"}
{"level":"info","message":{"data":[{"id":"05269505-b463-425a-b5f2-44b201d617ed","typename":"Servicios públicos"},{"id":"28af3e1d-8af8-47fc-b631-1ac3845e8f14","typename":"Infraestructura y obras públicas"},{"id":"7cc4a9e1-dc6e-4fcb-9475-bc052daad2f7","typename":"Transporte público"},{"id":"280888bb-56af-4bc3-ba07-a1f571dfe30b","typename":"Licencias y permisos"},{"id":"3091e865-f7a9-45b7-b9c0-1839008ffcad","typename":"Ruidos y contaminación"},{"id":"b41841be-14eb-48a2-83c3-91f4ab6ec029","typename":"Problemas de seguridad"},{"id":"c9aec491-50f3-403e-a51e-204c0bb9d4f5","typename":"Problemas de iluminación"},{"id":"0202cb87-b934-48e8-994e-aa49619cc35e","typename":"Problemas de servicios en línea"}],"model":"TypeClaimModels/getAll"},"timestamp":"2023-08-13 22:13:05"}
{"level":"info","message":{"data":[{"id":"05269505-b463-425a-b5f2-44b201d617ed","typename":"Servicios públicos"},{"id":"28af3e1d-8af8-47fc-b631-1ac3845e8f14","typename":"Infraestructura y obras públicas"},{"id":"7cc4a9e1-dc6e-4fcb-9475-bc052daad2f7","typename":"Transporte público"},{"id":"280888bb-56af-4bc3-ba07-a1f571dfe30b","typename":"Licencias y permisos"},{"id":"3091e865-f7a9-45b7-b9c0-1839008ffcad","typename":"Ruidos y contaminación"},{"id":"b41841be-14eb-48a2-83c3-91f4ab6ec029","typename":"Problemas de seguridad"},{"id":"c9aec491-50f3-403e-a51e-204c0bb9d4f5","typename":"Problemas de iluminación"},{"id":"0202cb87-b934-48e8-994e-aa49619cc35e","typename":"Problemas de servicios en línea"}],"model":"TypeClaimModels/getAll"},"timestamp":"2023-08-13 22:13:05"}
{"level":"info","message":{"body":{"body_claim":"pruebas niemro 1 ","person_id":"0dbdf4ee-27e8-4080-bc1b-779a38c9d9ef","type_id":"28af3e1d-8af8-47fc-b631-1ac3845e8f14"},"method":"POST","params":"","query":"","url":"/api/claim/create"},"timestamp":"2023-08-13 22:13:06"}
{"level":"info","message":{"body":{},"method":"POST","params":"","query":"","url":"/api/file/add"},"timestamp":"2023-08-13 22:13:06"}
{"level":"info","message":{"data":{},"model":"file/add"},"timestamp":"2023-08-13 22:13:06"}
{"level":"error","message":{"error":"duplicate key value violates unique constraint \"claim_count_pkey\"","model":"ModelClaim/create"},"timestamp":"2023-08-13 22:13:06"}
{"level":"info","message":{"body":{"email":"quispeabadquispe@gmail.com","maternallastname":"Huamani","name":"Abad","paternallastname":"Quispe","phone":"957902342","rut":"27.648.009-K"},"method":"POST","params":"","query":"","url":"/api/person/create"},"timestamp":"2023-08-13 22:15:25"}
{"level":"info","message":{"body":{},"method":"POST","params":"","query":"","url":"/api/typeclaim/getAll"},"timestamp":"2023-08-13 22:15:25"}
{"level":"info","message":{"body":{},"method":"POST","params":"","query":"","url":"/api/typeclaim/getAll"},"timestamp":"2023-08-13 22:15:25"}
{"level":"info","message":{"body":{"body_claim":"pruebas niemro 1 ","person_id":"0dbdf4ee-27e8-4080-bc1b-779a38c9d9ef","type_id":"28af3e1d-8af8-47fc-b631-1ac3845e8f14"},"method":"POST","params":"","query":"","url":"/api/claim/create"},"timestamp":"2023-08-13 22:15:26"}
{"level":"info","message":{"body":{},"method":"POST","params":"","query":"","url":"/api/file/add"},"timestamp":"2023-08-13 22:15:26"}
{"level":"info","message":{"data":{},"model":"file/add"},"timestamp":"2023-08-13 22:15:26"}
{"level":"info","message":{"data":[{"id":"05269505-b463-425a-b5f2-44b201d617ed","typename":"Servicios públicos"},{"id":"28af3e1d-8af8-47fc-b631-1ac3845e8f14","typename":"Infraestructura y obras públicas"},{"id":"7cc4a9e1-dc6e-4fcb-9475-bc052daad2f7","typename":"Transporte público"},{"id":"280888bb-56af-4bc3-ba07-a1f571dfe30b","typename":"Licencias y permisos"},{"id":"3091e865-f7a9-45b7-b9c0-1839008ffcad","typename":"Ruidos y contaminación"},{"id":"b41841be-14eb-48a2-83c3-91f4ab6ec029","typename":"Problemas de seguridad"},{"id":"c9aec491-50f3-403e-a51e-204c0bb9d4f5","typename":"Problemas de iluminación"},{"id":"0202cb87-b934-48e8-994e-aa49619cc35e","typename":"Problemas de servicios en línea"}],"model":"TypeClaimModels/getAll"},"timestamp":"2023-08-13 22:15:26"}
{"level":"info","message":{"data":[{"id":"05269505-b463-425a-b5f2-44b201d617ed","typename":"Servicios públicos"},{"id":"28af3e1d-8af8-47fc-b631-1ac3845e8f14","typename":"Infraestructura y obras públicas"},{"id":"7cc4a9e1-dc6e-4fcb-9475-bc052daad2f7","typename":"Transporte público"},{"id":"280888bb-56af-4bc3-ba07-a1f571dfe30b","typename":"Licencias y permisos"},{"id":"3091e865-f7a9-45b7-b9c0-1839008ffcad","typename":"Ruidos y contaminación"},{"id":"b41841be-14eb-48a2-83c3-91f4ab6ec029","typename":"Problemas de seguridad"},{"id":"c9aec491-50f3-403e-a51e-204c0bb9d4f5","typename":"Problemas de iluminación"},{"id":"0202cb87-b934-48e8-994e-aa49619cc35e","typename":"Problemas de servicios en línea"}],"model":"TypeClaimModels/getAll"},"timestamp":"2023-08-13 22:15:26"}
{"level":"info","message":{"data":{"email":"quispeabadquispe@gmail.com","id":"0dbdf4ee-27e8-4080-bc1b-779a38c9d9ef","maternallastname":"Huamani","name":"Abad","paternallastname":"Quispe","phone":"957902342","rut":"27.648.009-K"},"model":"Person/create"},"timestamp":"2023-08-13 22:15:26"}
{"level":"info","message":{"data":{"body_claim":"pruebas niemro 1 ","endingdate":"2023-08-14T06:15:28.998Z","id":"f90332c1-6a17-4c20-9228-58feee179429","openingdate":"2023-08-14T06:15:28.998Z","person_id":"0dbdf4ee-27e8-4080-bc1b-779a38c9d9ef","type_id":"28af3e1d-8af8-47fc-b631-1ac3845e8f14"},"model":"ModelClaim/create"},"timestamp":"2023-08-13 22:15:27"}
{"level":"info","message":"API listening port 5400","timestamp":"2023-08-13 22:17:20"}
{"level":"info","message":"Connect Database","timestamp":"2023-08-13 22:17:21"}
{"level":"info","message":"API listening port 5400","timestamp":"2023-08-13 22:17:26"}
{"level":"info","message":"Connect Database","timestamp":"2023-08-13 22:17:26"}
{"level":"info","message":"API listening port 5400","timestamp":"2023-08-13 22:17:31"}
{"level":"info","message":"Connect Database","timestamp":"2023-08-13 22:17:32"}
{"level":"info","message":{"body":{"email":"quispeabadquispe@gmail.com","maternallastname":"Huamani","name":"Abad","paternallastname":"Quispe","phone":"957902342","rut":"27.648.009-K"},"method":"POST","params":"","query":"","url":"/api/person/create"},"timestamp":"2023-08-13 22:17:32"}
{"level":"info","message":{"body":{},"method":"POST","params":"","query":"","url":"/api/typeclaim/getAll"},"timestamp":"2023-08-13 22:17:32"}
{"level":"info","message":{"body":{},"method":"POST","params":"","query":"","url":"/api/typeclaim/getAll"},"timestamp":"2023-08-13 22:17:32"}
{"level":"info","message":{"data":[{"id":"05269505-b463-425a-b5f2-44b201d617ed","typename":"Servicios públicos"},{"id":"28af3e1d-8af8-47fc-b631-1ac3845e8f14","typename":"Infraestructura y obras públicas"},{"id":"7cc4a9e1-dc6e-4fcb-9475-bc052daad2f7","typename":"Transporte público"},{"id":"280888bb-56af-4bc3-ba07-a1f571dfe30b","typename":"Licencias y permisos"},{"id":"3091e865-f7a9-45b7-b9c0-1839008ffcad","typename":"Ruidos y contaminación"},{"id":"b41841be-14eb-48a2-83c3-91f4ab6ec029","typename":"Problemas de seguridad"},{"id":"c9aec491-50f3-403e-a51e-204c0bb9d4f5","typename":"Problemas de iluminación"},{"id":"0202cb87-b934-48e8-994e-aa49619cc35e","typename":"Problemas de servicios en línea"}],"model":"TypeClaimModels/getAll"},"timestamp":"2023-08-13 22:17:33"}
{"level":"info","message":{"data":[{"id":"05269505-b463-425a-b5f2-44b201d617ed","typename":"Servicios públicos"},{"id":"28af3e1d-8af8-47fc-b631-1ac3845e8f14","typename":"Infraestructura y obras públicas"},{"id":"7cc4a9e1-dc6e-4fcb-9475-bc052daad2f7","typename":"Transporte público"},{"id":"280888bb-56af-4bc3-ba07-a1f571dfe30b","typename":"Licencias y permisos"},{"id":"3091e865-f7a9-45b7-b9c0-1839008ffcad","typename":"Ruidos y contaminación"},{"id":"b41841be-14eb-48a2-83c3-91f4ab6ec029","typename":"Problemas de seguridad"},{"id":"c9aec491-50f3-403e-a51e-204c0bb9d4f5","typename":"Problemas de iluminación"},{"id":"0202cb87-b934-48e8-994e-aa49619cc35e","typename":"Problemas de servicios en línea"}],"model":"TypeClaimModels/getAll"},"timestamp":"2023-08-13 22:17:33"}
{"level":"info","message":{"data":{"email":"quispeabadquispe@gmail.com","id":"0dbdf4ee-27e8-4080-bc1b-779a38c9d9ef","maternallastname":"Huamani","name":"Abad","paternallastname":"Quispe","phone":"957902342","rut":"27.648.009-K"},"model":"Person/create"},"timestamp":"2023-08-13 22:17:33"}
{"level":"info","message":{"body":{"body_claim":"pruebas niemro 12","person_id":"0dbdf4ee-27e8-4080-bc1b-779a38c9d9ef","type_id":"28af3e1d-8af8-47fc-b631-1ac3845e8f14"},"method":"POST","params":"","query":"","url":"/api/claim/create"},"timestamp":"2023-08-13 22:17:41"}
{"level":"info","message":{"body":{},"method":"POST","params":"","query":"","url":"/api/file/add"},"timestamp":"2023-08-13 22:17:41"}
{"level":"info","message":{"data":{"body_claim":"pruebas niemro 12","endingdate":"2023-08-14T06:17:43.203Z","id":"2d81acba-f2ac-491d-8596-4208ddee5674","openingdate":"2023-08-14T06:17:43.203Z","person_id":"0dbdf4ee-27e8-4080-bc1b-779a38c9d9ef","type_id":"28af3e1d-8af8-47fc-b631-1ac3845e8f14"},"model":"ModelClaim/create"},"timestamp":"2023-08-13 22:17:41"}
{"level":"info","message":{"data":{},"model":"file/add"},"timestamp":"2023-08-13 22:17:45"}
{"level":"info","message":"API listening port 5400","timestamp":"2023-08-13 22:18:48"}
{"level":"info","message":"Connect Database","timestamp":"2023-08-13 22:18:49"}
{"level":"info","message":"API listening port 5400","timestamp":"2023-08-13 22:21:51"}
{"level":"info","message":"Connect Database","timestamp":"2023-08-13 22:21:52"}
{"level":"info","message":"API listening port 5400","timestamp":"2023-08-13 22:22:24"}
{"level":"info","message":"Connect Database","timestamp":"2023-08-13 22:22:25"}
{"level":"info","message":"API listening port 5400","timestamp":"2023-08-13 22:22:43"}
{"level":"info","message":"Connect Database","timestamp":"2023-08-13 22:22:44"}
{"level":"info","message":"API listening port 5400","timestamp":"2023-08-13 22:22:59"}
{"level":"info","message":"Connect Database","timestamp":"2023-08-13 22:23:00"}
{"level":"info","message":"API listening port 5400","timestamp":"2023-08-13 22:23:11"}
{"level":"info","message":"Connect Database","timestamp":"2023-08-13 22:23:12"}
{"level":"info","message":"API listening port 5400","timestamp":"2023-08-13 22:23:29"}
{"level":"info","message":"Connect Database","timestamp":"2023-08-13 22:23:30"}
{"level":"info","message":"API listening port 5400","timestamp":"2023-08-13 22:23:37"}
{"level":"info","message":"Connect Database","timestamp":"2023-08-13 22:23:37"}
{"level":"info","message":{"body":{},"method":"POST","params":"","query":"","url":"/api/typeclaim/getAll"},"timestamp":"2023-08-13 22:29:39"}
{"level":"info","message":{"body":{},"method":"POST","params":"","query":"","url":"/api/typeclaim/getAll"},"timestamp":"2023-08-13 22:29:39"}
{"level":"info","message":{"data":[{"id":"05269505-b463-425a-b5f2-44b201d617ed","typename":"Servicios públicos"},{"id":"28af3e1d-8af8-47fc-b631-1ac3845e8f14","typename":"Infraestructura y obras públicas"},{"id":"7cc4a9e1-dc6e-4fcb-9475-bc052daad2f7","typename":"Transporte público"},{"id":"280888bb-56af-4bc3-ba07-a1f571dfe30b","typename":"Licencias y permisos"},{"id":"3091e865-f7a9-45b7-b9c0-1839008ffcad","typename":"Ruidos y contaminación"},{"id":"b41841be-14eb-48a2-83c3-91f4ab6ec029","typename":"Problemas de seguridad"},{"id":"c9aec491-50f3-403e-a51e-204c0bb9d4f5","typename":"Problemas de iluminación"},{"id":"0202cb87-b934-48e8-994e-aa49619cc35e","typename":"Problemas de servicios en línea"}],"model":"TypeClaimModels/getAll"},"timestamp":"2023-08-13 22:29:40"}
{"level":"info","message":{"data":[{"id":"05269505-b463-425a-b5f2-44b201d617ed","typename":"Servicios públicos"},{"id":"28af3e1d-8af8-47fc-b631-1ac3845e8f14","typename":"Infraestructura y obras públicas"},{"id":"7cc4a9e1-dc6e-4fcb-9475-bc052daad2f7","typename":"Transporte público"},{"id":"280888bb-56af-4bc3-ba07-a1f571dfe30b","typename":"Licencias y permisos"},{"id":"3091e865-f7a9-45b7-b9c0-1839008ffcad","typename":"Ruidos y contaminación"},{"id":"b41841be-14eb-48a2-83c3-91f4ab6ec029","typename":"Problemas de seguridad"},{"id":"c9aec491-50f3-403e-a51e-204c0bb9d4f5","typename":"Problemas de iluminación"},{"id":"0202cb87-b934-48e8-994e-aa49619cc35e","typename":"Problemas de servicios en línea"}],"model":"TypeClaimModels/getAll"},"timestamp":"2023-08-13 22:29:40"}
{"level":"info","message":{"body":{},"method":"POST","params":"","query":"","url":"/api/typeclaim/getAll"},"timestamp":"2023-08-13 22:29:40"}
{"level":"info","message":{"body":{},"method":"POST","params":"","query":"","url":"/api/typeclaim/getAll"},"timestamp":"2023-08-13 22:29:40"}
{"level":"info","message":{"data":[{"id":"05269505-b463-425a-b5f2-44b201d617ed","typename":"Servicios públicos"},{"id":"28af3e1d-8af8-47fc-b631-1ac3845e8f14","typename":"Infraestructura y obras públicas"},{"id":"7cc4a9e1-dc6e-4fcb-9475-bc052daad2f7","typename":"Transporte público"},{"id":"280888bb-56af-4bc3-ba07-a1f571dfe30b","typename":"Licencias y permisos"},{"id":"3091e865-f7a9-45b7-b9c0-1839008ffcad","typename":"Ruidos y contaminación"},{"id":"b41841be-14eb-48a2-83c3-91f4ab6ec029","typename":"Problemas de seguridad"},{"id":"c9aec491-50f3-403e-a51e-204c0bb9d4f5","typename":"Problemas de iluminación"},{"id":"0202cb87-b934-48e8-994e-aa49619cc35e","typename":"Problemas de servicios en línea"}],"model":"TypeClaimModels/getAll"},"timestamp":"2023-08-13 22:29:41"}
{"level":"info","message":{"data":[{"id":"05269505-b463-425a-b5f2-44b201d617ed","typename":"Servicios públicos"},{"id":"28af3e1d-8af8-47fc-b631-1ac3845e8f14","typename":"Infraestructura y obras públicas"},{"id":"7cc4a9e1-dc6e-4fcb-9475-bc052daad2f7","typename":"Transporte público"},{"id":"280888bb-56af-4bc3-ba07-a1f571dfe30b","typename":"Licencias y permisos"},{"id":"3091e865-f7a9-45b7-b9c0-1839008ffcad","typename":"Ruidos y contaminación"},{"id":"b41841be-14eb-48a2-83c3-91f4ab6ec029","typename":"Problemas de seguridad"},{"id":"c9aec491-50f3-403e-a51e-204c0bb9d4f5","typename":"Problemas de iluminación"},{"id":"0202cb87-b934-48e8-994e-aa49619cc35e","typename":"Problemas de servicios en línea"}],"model":"TypeClaimModels/getAll"},"timestamp":"2023-08-13 22:29:41"}
{"level":"info","message":{"body":{},"method":"POST","params":"","query":"","url":"/api/typeclaim/getAll"},"timestamp":"2023-08-13 22:29:41"}
{"level":"info","message":{"body":{},"method":"POST","params":"","query":"","url":"/api/typeclaim/getAll"},"timestamp":"2023-08-13 22:29:41"}
{"level":"info","message":{"data":[{"id":"05269505-b463-425a-b5f2-44b201d617ed","typename":"Servicios públicos"},{"id":"28af3e1d-8af8-47fc-b631-1ac3845e8f14","typename":"Infraestructura y obras públicas"},{"id":"7cc4a9e1-dc6e-4fcb-9475-bc052daad2f7","typename":"Transporte público"},{"id":"280888bb-56af-4bc3-ba07-a1f571dfe30b","typename":"Licencias y permisos"},{"id":"3091e865-f7a9-45b7-b9c0-1839008ffcad","typename":"Ruidos y contaminación"},{"id":"b41841be-14eb-48a2-83c3-91f4ab6ec029","typename":"Problemas de seguridad"},{"id":"c9aec491-50f3-403e-a51e-204c0bb9d4f5","typename":"Problemas de iluminación"},{"id":"0202cb87-b934-48e8-994e-aa49619cc35e","typename":"Problemas de servicios en línea"}],"model":"TypeClaimModels/getAll"},"timestamp":"2023-08-13 22:29:41"}
{"level":"info","message":{"data":[{"id":"05269505-b463-425a-b5f2-44b201d617ed","typename":"Servicios públicos"},{"id":"28af3e1d-8af8-47fc-b631-1ac3845e8f14","typename":"Infraestructura y obras públicas"},{"id":"7cc4a9e1-dc6e-4fcb-9475-bc052daad2f7","typename":"Transporte público"},{"id":"280888bb-56af-4bc3-ba07-a1f571dfe30b","typename":"Licencias y permisos"},{"id":"3091e865-f7a9-45b7-b9c0-1839008ffcad","typename":"Ruidos y contaminación"},{"id":"b41841be-14eb-48a2-83c3-91f4ab6ec029","typename":"Problemas de seguridad"},{"id":"c9aec491-50f3-403e-a51e-204c0bb9d4f5","typename":"Problemas de iluminación"},{"id":"0202cb87-b934-48e8-994e-aa49619cc35e","typename":"Problemas de servicios en línea"}],"model":"TypeClaimModels/getAll"},"timestamp":"2023-08-13 22:29:41"}
{"level":"info","message":{"body":{},"method":"POST","params":"","query":"","url":"/api/typeclaim/getAll"},"timestamp":"2023-08-13 22:29:42"}
{"level":"info","message":{"body":{},"method":"POST","params":"","query":"","url":"/api/typeclaim/getAll"},"timestamp":"2023-08-13 22:29:42"}
{"level":"info","message":{"data":[{"id":"05269505-b463-425a-b5f2-44b201d617ed","typename":"Servicios públicos"},{"id":"28af3e1d-8af8-47fc-b631-1ac3845e8f14","typename":"Infraestructura y obras públicas"},{"id":"7cc4a9e1-dc6e-4fcb-9475-bc052daad2f7","typename":"Transporte público"},{"id":"280888bb-56af-4bc3-ba07-a1f571dfe30b","typename":"Licencias y permisos"},{"id":"3091e865-f7a9-45b7-b9c0-1839008ffcad","typename":"Ruidos y contaminación"},{"id":"b41841be-14eb-48a2-83c3-91f4ab6ec029","typename":"Problemas de seguridad"},{"id":"c9aec491-50f3-403e-a51e-204c0bb9d4f5","typename":"Problemas de iluminación"},{"id":"0202cb87-b934-48e8-994e-aa49619cc35e","typename":"Problemas de servicios en línea"}],"model":"TypeClaimModels/getAll"},"timestamp":"2023-08-13 22:29:42"}
{"level":"info","message":{"data":[{"id":"05269505-b463-425a-b5f2-44b201d617ed","typename":"Servicios públicos"},{"id":"28af3e1d-8af8-47fc-b631-1ac3845e8f14","typename":"Infraestructura y obras públicas"},{"id":"7cc4a9e1-dc6e-4fcb-9475-bc052daad2f7","typename":"Transporte público"},{"id":"280888bb-56af-4bc3-ba07-a1f571dfe30b","typename":"Licencias y permisos"},{"id":"3091e865-f7a9-45b7-b9c0-1839008ffcad","typename":"Ruidos y contaminación"},{"id":"b41841be-14eb-48a2-83c3-91f4ab6ec029","typename":"Problemas de seguridad"},{"id":"c9aec491-50f3-403e-a51e-204c0bb9d4f5","typename":"Problemas de iluminación"},{"id":"0202cb87-b934-48e8-994e-aa49619cc35e","typename":"Problemas de servicios en línea"}],"model":"TypeClaimModels/getAll"},"timestamp":"2023-08-13 22:29:42"}
{"level":"info","message":{"body":{},"method":"POST","params":"","query":"","url":"/api/typeclaim/getAll"},"timestamp":"2023-08-13 22:30:54"}
{"level":"info","message":{"body":{},"method":"POST","params":"","query":"","url":"/api/typeclaim/getAll"},"timestamp":"2023-08-13 22:30:54"}
{"level":"info","message":{"data":[{"id":"05269505-b463-425a-b5f2-44b201d617ed","typename":"Servicios públicos"},{"id":"28af3e1d-8af8-47fc-b631-1ac3845e8f14","typename":"Infraestructura y obras públicas"},{"id":"7cc4a9e1-dc6e-4fcb-9475-bc052daad2f7","typename":"Transporte público"},{"id":"280888bb-56af-4bc3-ba07-a1f571dfe30b","typename":"Licencias y permisos"},{"id":"3091e865-f7a9-45b7-b9c0-1839008ffcad","typename":"Ruidos y contaminación"},{"id":"b41841be-14eb-48a2-83c3-91f4ab6ec029","typename":"Problemas de seguridad"},{"id":"c9aec491-50f3-403e-a51e-204c0bb9d4f5","typename":"Problemas de iluminación"},{"id":"0202cb87-b934-48e8-994e-aa49619cc35e","typename":"Problemas de servicios en línea"}],"model":"TypeClaimModels/getAll"},"timestamp":"2023-08-13 22:30:55"}
{"level":"info","message":{"data":[{"id":"05269505-b463-425a-b5f2-44b201d617ed","typename":"Servicios públicos"},{"id":"28af3e1d-8af8-47fc-b631-1ac3845e8f14","typename":"Infraestructura y obras públicas"},{"id":"7cc4a9e1-dc6e-4fcb-9475-bc052daad2f7","typename":"Transporte público"},{"id":"280888bb-56af-4bc3-ba07-a1f571dfe30b","typename":"Licencias y permisos"},{"id":"3091e865-f7a9-45b7-b9c0-1839008ffcad","typename":"Ruidos y contaminación"},{"id":"b41841be-14eb-48a2-83c3-91f4ab6ec029","typename":"Problemas de seguridad"},{"id":"c9aec491-50f3-403e-a51e-204c0bb9d4f5","typename":"Problemas de iluminación"},{"id":"0202cb87-b934-48e8-994e-aa49619cc35e","typename":"Problemas de servicios en línea"}],"model":"TypeClaimModels/getAll"},"timestamp":"2023-08-13 22:30:55"}
{"level":"info","message":{"body":{"rut":""},"method":"POST","params":"","query":"","url":"/api/person/getByRut"},"timestamp":"2023-08-13 22:31:59"}
{"level":"info","message":{"data":null,"model":"Person/getByRut"},"timestamp":"2023-08-13 22:32:00"}
{"level":"info","message":{"body":{"rut":"27.648.009-K"},"method":"POST","params":"","query":"","url":"/api/person/getByRut"},"timestamp":"2023-08-13 22:32:01"}
{"level":"info","message":{"data":{"email":"quispeabadquispe@gmail.com","id":"0dbdf4ee-27e8-4080-bc1b-779a38c9d9ef","maternallastname":"Huamani","name":"Abad","paternallastname":"Quispe","phone":"957902342","rut":"27.648.009-K"},"model":"Person/getByRut"},"timestamp":"2023-08-13 22:32:01"}
{"level":"info","message":{"body":{"email":"quispeabadquispe@gmail.com","maternallastname":"Huamani","name":"Abad","paternallastname":"Quispe","phone":"957902342","rut":"27.648.009-K"},"method":"POST","params":"","query":"","url":"/api/person/create"},"timestamp":"2023-08-13 22:32:12"}
{"level":"info","message":{"body":{"body_claim":"","person_id":"","type_id":""},"method":"POST","params":"","query":"","url":"/api/claim/create"},"timestamp":"2023-08-13 22:32:12"}
{"level":"info","message":{"body":{},"method":"POST","params":"","query":"","url":"/api/typeclaim/getAll"},"timestamp":"2023-08-13 22:32:12"}
{"level":"info","message":{"body":{},"method":"POST","params":"","query":"","url":"/api/typeclaim/getAll"},"timestamp":"2023-08-13 22:32:12"}
{"level":"info","message":{"data":[{"id":"05269505-b463-425a-b5f2-44b201d617ed","typename":"Servicios públicos"},{"id":"28af3e1d-8af8-47fc-b631-1ac3845e8f14","typename":"Infraestructura y obras públicas"},{"id":"7cc4a9e1-dc6e-4fcb-9475-bc052daad2f7","typename":"Transporte público"},{"id":"280888bb-56af-4bc3-ba07-a1f571dfe30b","typename":"Licencias y permisos"},{"id":"3091e865-f7a9-45b7-b9c0-1839008ffcad","typename":"Ruidos y contaminación"},{"id":"b41841be-14eb-48a2-83c3-91f4ab6ec029","typename":"Problemas de seguridad"},{"id":"c9aec491-50f3-403e-a51e-204c0bb9d4f5","typename":"Problemas de iluminación"},{"id":"0202cb87-b934-48e8-994e-aa49619cc35e","typename":"Problemas de servicios en línea"}],"model":"TypeClaimModels/getAll"},"timestamp":"2023-08-13 22:32:13"}
{"level":"info","message":{"data":{"email":"quispeabadquispe@gmail.com","id":"0dbdf4ee-27e8-4080-bc1b-779a38c9d9ef","maternallastname":"Huamani","name":"Abad","paternallastname":"Quispe","phone":"957902342","rut":"27.648.009-K"},"model":"Person/create"},"timestamp":"2023-08-13 22:32:13"}
{"level":"error","message":{"error":"invalid input syntax for type uuid: \"\"","model":"ModelClaim/create"},"timestamp":"2023-08-13 22:32:13"}
{"level":"info","message":{"data":[{"id":"05269505-b463-425a-b5f2-44b201d617ed","typename":"Servicios públicos"},{"id":"28af3e1d-8af8-47fc-b631-1ac3845e8f14","typename":"Infraestructura y obras públicas"},{"id":"7cc4a9e1-dc6e-4fcb-9475-bc052daad2f7","typename":"Transporte público"},{"id":"280888bb-56af-4bc3-ba07-a1f571dfe30b","typename":"Licencias y permisos"},{"id":"3091e865-f7a9-45b7-b9c0-1839008ffcad","typename":"Ruidos y contaminación"},{"id":"b41841be-14eb-48a2-83c3-91f4ab6ec029","typename":"Problemas de seguridad"},{"id":"c9aec491-50f3-403e-a51e-204c0bb9d4f5","typename":"Problemas de iluminación"},{"id":"0202cb87-b934-48e8-994e-aa49619cc35e","typename":"Problemas de servicios en línea"}],"model":"TypeClaimModels/getAll"},"timestamp":"2023-08-13 22:32:13"}
{"level":"info","message":{"body":{"email":"quispeabadquispe@gmail.com","maternallastname":"Huamani","name":"Abad","paternallastname":"Quispe","phone":"957902342","rut":"27.648.009-K"},"method":"POST","params":"","query":"","url":"/api/person/create"},"timestamp":"2023-08-13 22:33:10"}
{"level":"info","message":{"body":{"body_claim":"","person_id":"","type_id":""},"method":"POST","params":"","query":"","url":"/api/claim/create"},"timestamp":"2023-08-13 22:33:10"}
{"level":"info","message":{"body":{},"method":"POST","params":"","query":"","url":"/api/typeclaim/getAll"},"timestamp":"2023-08-13 22:33:10"}
{"level":"info","message":{"body":{},"method":"POST","params":"","query":"","url":"/api/typeclaim/getAll"},"timestamp":"2023-08-13 22:33:10"}
{"level":"info","message":{"data":[{"id":"05269505-b463-425a-b5f2-44b201d617ed","typename":"Servicios públicos"},{"id":"28af3e1d-8af8-47fc-b631-1ac3845e8f14","typename":"Infraestructura y obras públicas"},{"id":"7cc4a9e1-dc6e-4fcb-9475-bc052daad2f7","typename":"Transporte público"},{"id":"280888bb-56af-4bc3-ba07-a1f571dfe30b","typename":"Licencias y permisos"},{"id":"3091e865-f7a9-45b7-b9c0-1839008ffcad","typename":"Ruidos y contaminación"},{"id":"b41841be-14eb-48a2-83c3-91f4ab6ec029","typename":"Problemas de seguridad"},{"id":"c9aec491-50f3-403e-a51e-204c0bb9d4f5","typename":"Problemas de iluminación"},{"id":"0202cb87-b934-48e8-994e-aa49619cc35e","typename":"Problemas de servicios en línea"}],"model":"TypeClaimModels/getAll"},"timestamp":"2023-08-13 22:33:11"}
{"level":"error","message":{"error":"invalid input syntax for type uuid: \"\"","model":"ModelClaim/create"},"timestamp":"2023-08-13 22:33:11"}
{"level":"info","message":{"data":{"email":"quispeabadquispe@gmail.com","id":"0dbdf4ee-27e8-4080-bc1b-779a38c9d9ef","maternallastname":"Huamani","name":"Abad","paternallastname":"Quispe","phone":"957902342","rut":"27.648.009-K"},"model":"Person/create"},"timestamp":"2023-08-13 22:33:11"}
{"level":"info","message":{"data":[{"id":"05269505-b463-425a-b5f2-44b201d617ed","typename":"Servicios públicos"},{"id":"28af3e1d-8af8-47fc-b631-1ac3845e8f14","typename":"Infraestructura y obras públicas"},{"id":"7cc4a9e1-dc6e-4fcb-9475-bc052daad2f7","typename":"Transporte público"},{"id":"280888bb-56af-4bc3-ba07-a1f571dfe30b","typename":"Licencias y permisos"},{"id":"3091e865-f7a9-45b7-b9c0-1839008ffcad","typename":"Ruidos y contaminación"},{"id":"b41841be-14eb-48a2-83c3-91f4ab6ec029","typename":"Problemas de seguridad"},{"id":"c9aec491-50f3-403e-a51e-204c0bb9d4f5","typename":"Problemas de iluminación"},{"id":"0202cb87-b934-48e8-994e-aa49619cc35e","typename":"Problemas de servicios en línea"}],"model":"TypeClaimModels/getAll"},"timestamp":"2023-08-13 22:33:11"}
{"level":"info","message":{"body":{"email":"quispeabadquispe@gmail.com","maternallastname":"Huamani","name":"Abad","paternallastname":"Quispe","phone":"957902342","rut":"27.648.009-K"},"method":"POST","params":"","query":"","url":"/api/person/create"},"timestamp":"2023-08-13 22:33:22"}
{"level":"info","message":{"body":{"body_claim":"","person_id":"","type_id":""},"method":"POST","params":"","query":"","url":"/api/claim/create"},"timestamp":"2023-08-13 22:33:22"}
{"level":"error","message":{"error":"invalid input syntax for type uuid: \"\"","model":"ModelClaim/create"},"timestamp":"2023-08-13 22:33:23"}
{"level":"info","message":{"data":{"email":"quispeabadquispe@gmail.com","id":"0dbdf4ee-27e8-4080-bc1b-779a38c9d9ef","maternallastname":"Huamani","name":"Abad","paternallastname":"Quispe","phone":"957902342","rut":"27.648.009-K"},"model":"Person/create"},"timestamp":"2023-08-13 22:33:23"}
{"level":"info","message":"API listening port 5400","timestamp":"2023-08-13 22:39:59"}
{"level":"info","message":"Connect Database","timestamp":"2023-08-13 22:39:59"}
{"level":"info","message":"API listening port 5400","timestamp":"2023-08-13 22:40:03"}
{"level":"info","message":"Connect Database","timestamp":"2023-08-13 22:40:04"}
{"level":"info","message":"API listening port 5400","timestamp":"2023-08-13 22:40:07"}
{"level":"info","message":"Connect Database","timestamp":"2023-08-13 22:40:08"}
{"level":"info","message":"API listening port 5400","timestamp":"2023-08-13 22:40:25"}
{"level":"info","message":"Connect Database","timestamp":"2023-08-13 22:40:26"}
{"level":"info","message":"API listening port 5400","timestamp":"2023-08-13 22:44:08"}
{"level":"info","message":"Connect Database","timestamp":"2023-08-13 22:44:09"}
{"level":"info","message":{"body":{"email":"quispeabadquispe@gmail.com","maternallastname":"Huamani","name":"Abad","paternallastname":"Quispe","phone":"957902342","rut":"27.648.009-K"},"method":"POST","params":"","query":"","url":"/api/person/create"},"timestamp":"2023-08-13 22:44:44"}
{"level":"info","message":{"body":{},"method":"POST","params":"","query":"","url":"/api/claim/create"},"timestamp":"2023-08-13 22:44:44"}
{"level":"info","message":{"data":{"email":"quispeabadquispe@gmail.com","id":"0dbdf4ee-27e8-4080-bc1b-779a38c9d9ef","maternallastname":"Huamani","name":"Abad","paternallastname":"Quispe","phone":"957902342","rut":"27.648.009-K"},"model":"Person/create"},"timestamp":"2023-08-13 22:44:46"}
