{"level":"info","message":{"body":{"address":"Santiago Condor 255","claim_body":"asdasdasd","claim_id":"956a4ba0-f154-4edc-b349-3a512bb273cc","date":"07/10/2023","hour":"01:27","level":"menor","person_id":"776d0cc0-a337-4d8d-8791-cdab1a8b4a74","type_id":"5236f55f-727d-40af-8397-d997dc6952e8"},"method":"POST","params":"","query":"","url":"/api/claimDetail/create"},"timestamp":"2023-10-07 02:28:14"}
{"level":"info","message":{"body":{"claim_id":"956a4ba0-f154-4edc-b349-3a512bb273cc"},"method":"POST","params":"","query":"","url":"/api/claim/getById"},"timestamp":"2023-10-07 02:28:14"}
{"level":"info","message":{"data":{"address":"Santiago Condor 255","claim_body":"asdasdasd","claim_id":"956a4ba0-f154-4edc-b349-3a512bb273cc","date":"07/10/2023","hour":"01:27","id":"572d51f7-3f85-4c03-bfdc-c5a03c8b20ef","level":"menor","type_id":"5236f55f-727d-40af-8397-d997dc6952e8"},"model":"ModelClaim/create"},"timestamp":"2023-10-07 02:28:16"}
{"level":"info","message":{"data":"successful connection to Nodemailer","utils":"emailSender"},"timestamp":"2023-10-07 02:28:17"}
{"level":"info","message":{"data":{"accepted":["quispebadquispe@gmail.com"],"ehlo":["SIZE 35882577","8BITMIME","AUTH LOGIN PLAIN XOAUTH2 PLAIN-CLIENTTOKEN OAUTHBEARER XOAUTH","ENHANCEDSTATUSCODES","PIPELINING","CHUNKING","SMTPUTF8"],"envelope":{"from":"willypruebas6@gmail.com","to":["quispebadquispe@gmail.com"]},"envelopeTime":706,"messageId":"<36b8dcf3-f588-37a0-d2ad-28f8acf0b2a1@gmail.com>","messageSize":24366,"messageTime":573,"rejected":[],"response":"250 2.0.0 OK  1696656499 j10-20020a170902690a00b001c625d6ffccsm4866014plk.129 - gsmtp"},"utils":"emailSender"},"timestamp":"2023-10-07 02:28:18"}
{"level":"info","message":{"body":{},"method":"POST","params":"","query":"","url":"/api/typeclaim/getAll"},"timestamp":"2023-10-07 02:28:55"}
{"level":"info","message":{"body":{"claim_id":"956a4ba0-f154-4edc-b349-3a512bb273cc"},"method":"POST","params":"","query":"","url":"/api/claim/getById"},"timestamp":"2023-10-07 02:28:55"}
{"level":"info","message":{"body":{},"method":"POST","params":"","query":"","url":"/api/typeclaim/getAll"},"timestamp":"2023-10-07 02:28:55"}
{"level":"info","message":{"data":[{"id":"5236f55f-727d-40af-8397-d997dc6952e8","typename":"Tiempo"},{"id":"334dd060-29cf-4f52-98ae-d017a4affcf5","typename":"Seguridad y orden público"}],"model":"TypeClaimModels/getAll"},"timestamp":"2023-10-07 02:28:56"}
{"level":"info","message":{"data":[{"id":"5236f55f-727d-40af-8397-d997dc6952e8","typename":"Tiempo"},{"id":"334dd060-29cf-4f52-98ae-d017a4affcf5","typename":"Seguridad y orden público"}],"model":"TypeClaimModels/getAll"},"timestamp":"2023-10-07 02:28:56"}
{"level":"info","message":{"body":{"address":"Santiago , Condor, 255","claim_body":"asdasdasd","claim_id":"956a4ba0-f154-4edc-b349-3a512bb273cc","date":"07/10/2023","hour":"01:27","level":"menor","person_id":"776d0cc0-a337-4d8d-8791-cdab1a8b4a74","type_id":"5236f55f-727d-40af-8397-d997dc6952e8"},"method":"POST","params":"","query":"","url":"/api/claimDetail/create"},"timestamp":"2023-10-07 02:29:11"}
{"level":"info","message":{"body":{"claim_id":"956a4ba0-f154-4edc-b349-3a512bb273cc"},"method":"POST","params":"","query":"","url":"/api/claim/getById"},"timestamp":"2023-10-07 02:29:11"}
{"level":"info","message":{"data":{"address":"Santiago , Condor, 255","claim_body":"asdasdasd","claim_id":"956a4ba0-f154-4edc-b349-3a512bb273cc","date":"07/10/2023","hour":"01:27","id":"572d51f7-3f85-4c03-bfdc-c5a03c8b20ef","level":"menor","type_id":"5236f55f-727d-40af-8397-d997dc6952e8"},"model":"ModelClaim/create"},"timestamp":"2023-10-07 02:29:13"}
{"level":"info","message":{"data":"successful connection to Nodemailer","utils":"emailSender"},"timestamp":"2023-10-07 02:29:14"}
{"level":"info","message":{"data":{"accepted":["quispebadquispe@gmail.com"],"ehlo":["SIZE 35882577","8BITMIME","AUTH LOGIN PLAIN XOAUTH2 PLAIN-CLIENTTOKEN OAUTHBEARER XOAUTH","ENHANCEDSTATUSCODES","PIPELINING","CHUNKING","SMTPUTF8"],"envelope":{"from":"willypruebas6@gmail.com","to":["quispebadquispe@gmail.com"]},"envelopeTime":561,"messageId":"<162e3a43-6e23-a871-26a6-f32e9adf32c1@gmail.com>","messageSize":24366,"messageTime":523,"rejected":[],"response":"250 2.0.0 OK  1696656555 q8-20020a170902dac800b001b567bbe82dsm4898055plx.150 - gsmtp"},"utils":"emailSender"},"timestamp":"2023-10-07 02:29:15"}
{"level":"info","message":{"body":{"claim_id":"956a4ba0-f154-4edc-b349-3a512bb273cc"},"method":"POST","params":"","query":"","url":"/api/claim/getById"},"timestamp":"2023-10-07 02:29:15"}
{"level":"info","message":{"body":{},"method":"POST","params":"","query":"","url":"/api/typeclaim/getAll"},"timestamp":"2023-10-07 02:29:15"}
{"level":"info","message":{"body":{},"method":"POST","params":"","query":"","url":"/api/typeclaim/getAll"},"timestamp":"2023-10-07 02:29:15"}
{"level":"info","message":{"data":[{"id":"5236f55f-727d-40af-8397-d997dc6952e8","typename":"Tiempo"},{"id":"334dd060-29cf-4f52-98ae-d017a4affcf5","typename":"Seguridad y orden público"}],"model":"TypeClaimModels/getAll"},"timestamp":"2023-10-07 02:29:16"}
{"level":"info","message":{"data":[{"id":"5236f55f-727d-40af-8397-d997dc6952e8","typename":"Tiempo"},{"id":"334dd060-29cf-4f52-98ae-d017a4affcf5","typename":"Seguridad y orden público"}],"model":"TypeClaimModels/getAll"},"timestamp":"2023-10-07 02:29:16"}
{"level":"info","message":{"body":{},"method":"POST","params":"","query":"","url":"/api/typeclaim/getAll"},"timestamp":"2023-10-07 02:29:27"}
{"level":"info","message":{"data":[{"id":"5236f55f-727d-40af-8397-d997dc6952e8","typename":"Tiempo"},{"id":"334dd060-29cf-4f52-98ae-d017a4affcf5","typename":"Seguridad y orden público"}],"model":"TypeClaimModels/getAll"},"timestamp":"2023-10-07 02:29:28"}
{"level":"info","message":"API listening port 5400","timestamp":"2023-10-07 02:39:52"}
{"level":"info","message":"Connected to Database","timestamp":"2023-10-07 02:39:53"}
{"level":"info","message":{"body":{"email":"quispebadquispe@gmail.com","maternallastname":"huamani","name":"willy","paternallastname":"quispe","phone":"958746321","rut":"27.648.009-K"},"method":"POST","params":"","query":"","url":"/api/person/create"},"timestamp":"2023-10-07 02:39:57"}
{"level":"info","message":{"body":{},"method":"POST","params":"","query":"","url":"/api/typeclaim/getAll"},"timestamp":"2023-10-07 02:39:57"}
{"level":"info","message":{"body":{"claim_id":"956a4ba0-f154-4edc-b349-3a512bb273cc"},"method":"POST","params":"","query":"","url":"/api/claim/getById"},"timestamp":"2023-10-07 02:39:57"}
{"level":"info","message":{"body":{},"method":"POST","params":"","query":"","url":"/api/typeclaim/getAll"},"timestamp":"2023-10-07 02:39:57"}
{"level":"info","message":{"data":[{"id":"5236f55f-727d-40af-8397-d997dc6952e8","typename":"Tiempo"},{"id":"334dd060-29cf-4f52-98ae-d017a4affcf5","typename":"Seguridad y orden público"}],"model":"TypeClaimModels/getAll"},"timestamp":"2023-10-07 02:39:58"}
{"level":"info","message":{"data":{"email":"quispebadquispe@gmail.com","id":"776d0cc0-a337-4d8d-8791-cdab1a8b4a74","maternallastname":"huamani","name":"willy","paternallastname":"quispe","phone":"958746321","rut":"27.648.009-K"},"model":"Person/create"},"timestamp":"2023-10-07 02:39:58"}
{"level":"info","message":{"data":[{"id":"5236f55f-727d-40af-8397-d997dc6952e8","typename":"Tiempo"},{"id":"334dd060-29cf-4f52-98ae-d017a4affcf5","typename":"Seguridad y orden público"}],"model":"TypeClaimModels/getAll"},"timestamp":"2023-10-07 02:39:58"}
{"level":"info","message":{"body":{"claim_id":"956a4ba0-f154-4edc-b349-3a512bb273cc"},"method":"POST","params":"","query":"","url":"/api/claim/getById"},"timestamp":"2023-10-07 02:41:16"}
{"level":"info","message":{"body":{"email":"quispebadquispe@gmail.com","maternallastname":"huamani","name":"willy","paternallastname":"quispe","phone":"958746321","rut":"27.648.009-K"},"method":"POST","params":"","query":"","url":"/api/person/create"},"timestamp":"2023-10-07 02:41:17"}
{"level":"info","message":{"body":{"claim_id":"956a4ba0-f154-4edc-b349-3a512bb273cc"},"method":"POST","params":"","query":"","url":"/api/claim/getById"},"timestamp":"2023-10-07 02:41:17"}
{"level":"info","message":{"body":{},"method":"POST","params":"","query":"","url":"/api/typeclaim/getAll"},"timestamp":"2023-10-07 02:41:17"}
{"level":"info","message":{"body":{},"method":"POST","params":"","query":"","url":"/api/typeclaim/getAll"},"timestamp":"2023-10-07 02:41:17"}
{"level":"info","message":{"data":[{"id":"5236f55f-727d-40af-8397-d997dc6952e8","typename":"Tiempo"},{"id":"334dd060-29cf-4f52-98ae-d017a4affcf5","typename":"Seguridad y orden público"}],"model":"TypeClaimModels/getAll"},"timestamp":"2023-10-07 02:41:17"}
{"level":"info","message":{"data":{"email":"quispebadquispe@gmail.com","id":"776d0cc0-a337-4d8d-8791-cdab1a8b4a74","maternallastname":"huamani","name":"willy","paternallastname":"quispe","phone":"958746321","rut":"27.648.009-K"},"model":"Person/create"},"timestamp":"2023-10-07 02:41:18"}
{"level":"info","message":{"data":[{"id":"5236f55f-727d-40af-8397-d997dc6952e8","typename":"Tiempo"},{"id":"334dd060-29cf-4f52-98ae-d017a4affcf5","typename":"Seguridad y orden público"}],"model":"TypeClaimModels/getAll"},"timestamp":"2023-10-07 02:41:18"}
{"level":"info","message":{"body":{"claim_id":"956a4ba0-f154-4edc-b349-3a512bb273cc"},"method":"POST","params":"","query":"","url":"/api/claim/getById"},"timestamp":"2023-10-07 02:46:41"}
{"level":"info","message":{"body":{"email":"quispebadquispe@gmail.com","maternallastname":"huamani","name":"willy","paternallastname":"quispe","phone":"958746321","rut":"27.648.009-K"},"method":"POST","params":"","query":"","url":"/api/person/create"},"timestamp":"2023-10-07 02:46:47"}
{"level":"info","message":{"body":{},"method":"POST","params":"","query":"","url":"/api/typeclaim/getAll"},"timestamp":"2023-10-07 02:46:47"}
{"level":"info","message":{"body":{"claim_id":"956a4ba0-f154-4edc-b349-3a512bb273cc"},"method":"POST","params":"","query":"","url":"/api/claim/getById"},"timestamp":"2023-10-07 02:46:47"}
{"level":"info","message":{"body":{},"method":"POST","params":"","query":"","url":"/api/typeclaim/getAll"},"timestamp":"2023-10-07 02:46:47"}
{"level":"info","message":{"data":{"email":"quispebadquispe@gmail.com","id":"776d0cc0-a337-4d8d-8791-cdab1a8b4a74","maternallastname":"huamani","name":"willy","paternallastname":"quispe","phone":"958746321","rut":"27.648.009-K"},"model":"Person/create"},"timestamp":"2023-10-07 02:46:47"}
{"level":"info","message":{"data":[{"id":"5236f55f-727d-40af-8397-d997dc6952e8","typename":"Tiempo"},{"id":"334dd060-29cf-4f52-98ae-d017a4affcf5","typename":"Seguridad y orden público"}],"model":"TypeClaimModels/getAll"},"timestamp":"2023-10-07 02:46:48"}
{"level":"info","message":{"data":[{"id":"5236f55f-727d-40af-8397-d997dc6952e8","typename":"Tiempo"},{"id":"334dd060-29cf-4f52-98ae-d017a4affcf5","typename":"Seguridad y orden público"}],"model":"TypeClaimModels/getAll"},"timestamp":"2023-10-07 02:46:48"}
{"level":"info","message":{"body":{"address":"Santiago ,  Condor,  255","claim_body":"asdasdasd","claim_id":"956a4ba0-f154-4edc-b349-3a512bb273cc","date":"07/10/2023","hour":"01:27","level":"menor","person_id":"776d0cc0-a337-4d8d-8791-cdab1a8b4a74","type_id":"5236f55f-727d-40af-8397-d997dc6952e8"},"method":"POST","params":"","query":"","url":"/api/claimDetail/create"},"timestamp":"2023-10-07 02:46:53"}
{"level":"info","message":{"data":{"address":"Santiago ,  Condor,  255","claim_body":"asdasdasd","claim_id":"956a4ba0-f154-4edc-b349-3a512bb273cc","date":"07/10/2023","hour":"01:27","id":"572d51f7-3f85-4c03-bfdc-c5a03c8b20ef","level":"menor","type_id":"5236f55f-727d-40af-8397-d997dc6952e8"},"model":"ModelClaim/create"},"timestamp":"2023-10-07 02:46:53"}
{"level":"info","message":{"body":{"claim_id":"956a4ba0-f154-4edc-b349-3a512bb273cc"},"method":"POST","params":"","query":"","url":"/api/claim/getById"},"timestamp":"2023-10-07 02:46:54"}
{"level":"info","message":{"data":"successful connection to Nodemailer","utils":"emailSender"},"timestamp":"2023-10-07 02:46:55"}
{"level":"info","message":{"data":{"accepted":["quispebadquispe@gmail.com"],"ehlo":["SIZE 35882577","8BITMIME","AUTH LOGIN PLAIN XOAUTH2 PLAIN-CLIENTTOKEN OAUTHBEARER XOAUTH","ENHANCEDSTATUSCODES","PIPELINING","CHUNKING","SMTPUTF8"],"envelope":{"from":"willypruebas6@gmail.com","to":["quispebadquispe@gmail.com"]},"envelopeTime":585,"messageId":"<58c99d90-234a-fbc8-8bc2-9031b768b4e8@gmail.com>","messageSize":24366,"messageTime":547,"rejected":[],"response":"250 2.0.0 OK  1696657617 m12-20020a170902db0c00b001c0bf60ba5csm4937003plx.272 - gsmtp"},"utils":"emailSender"},"timestamp":"2023-10-07 02:46:56"}
{"level":"info","message":"API listening port 5400","timestamp":"2023-10-07 02:52:30"}
{"level":"info","message":"Connected to Database","timestamp":"2023-10-07 02:52:31"}
{"level":"info","message":{"body":{"claim_id":"956a4ba0-f154-4edc-b349-3a512bb273cc"},"method":"POST","params":"","query":"","url":"/api/file/add"},"timestamp":"2023-10-07 02:52:39"}
{"level":"info","message":{"data":{"claim_id":"956a4ba0-f154-4edc-b349-3a512bb273cc"},"model":"file/add"},"timestamp":"2023-10-07 02:52:42"}
{"level":"info","message":{"body":{"claim_id":"956a4ba0-f154-4edc-b349-3a512bb273cc","public_id":"is9xuojmdhk2ipiqgdyd"},"method":"POST","params":"","query":"","url":"/api/file/remove"},"timestamp":"2023-10-07 02:55:24"}
{"level":"info","message":{"data":{"claim_id":"956a4ba0-f154-4edc-b349-3a512bb273cc","public_id":"is9xuojmdhk2ipiqgdyd"},"model":"file/remove"},"timestamp":"2023-10-07 02:55:26"}
{"level":"info","message":{"body":{"claim_id":"956a4ba0-f154-4edc-b349-3a512bb273cc","public_id":"j96u3ig1ellssh0wwtqa"},"method":"POST","params":"","query":"","url":"/api/file/remove"},"timestamp":"2023-10-07 02:55:28"}
{"level":"info","message":{"data":{"claim_id":"956a4ba0-f154-4edc-b349-3a512bb273cc","public_id":"j96u3ig1ellssh0wwtqa"},"model":"file/remove"},"timestamp":"2023-10-07 02:55:29"}
{"level":"info","message":"API listening port 5400","timestamp":"2023-10-07 02:55:57"}
{"level":"info","message":"Connected to Database","timestamp":"2023-10-07 02:55:58"}
{"level":"info","message":{"body":{"claim_id":"956a4ba0-f154-4edc-b349-3a512bb273cc"},"method":"POST","params":"","query":"","url":"/api/file/add"},"timestamp":"2023-10-07 02:56:05"}
{"level":"info","message":{"data":{"claim_id":"956a4ba0-f154-4edc-b349-3a512bb273cc"},"model":"file/add"},"timestamp":"2023-10-07 02:56:10"}
{"level":"info","message":{"body":{"address":"Santiago ,   Condor,   255","claim_body":"asdasdasd","claim_id":"956a4ba0-f154-4edc-b349-3a512bb273cc","date":"07/10/2023","hour":"01:27","level":"menor","person_id":"776d0cc0-a337-4d8d-8791-cdab1a8b4a74","type_id":"5236f55f-727d-40af-8397-d997dc6952e8"},"method":"POST","params":"","query":"","url":"/api/claimDetail/create"},"timestamp":"2023-10-07 02:59:51"}
{"level":"info","message":{"body":{"claim_id":"956a4ba0-f154-4edc-b349-3a512bb273cc"},"method":"POST","params":"","query":"","url":"/api/claim/getById"},"timestamp":"2023-10-07 02:59:51"}
{"level":"info","message":{"data":{"address":"Santiago ,   Condor,   255","claim_body":"asdasdasd","claim_id":"956a4ba0-f154-4edc-b349-3a512bb273cc","date":"07/10/2023","hour":"01:27","id":"572d51f7-3f85-4c03-bfdc-c5a03c8b20ef","level":"menor","type_id":"5236f55f-727d-40af-8397-d997dc6952e8"},"model":"ModelClaim/create"},"timestamp":"2023-10-07 02:59:52"}
{"level":"info","message":{"data":"successful connection to Nodemailer","utils":"emailSender"},"timestamp":"2023-10-07 02:59:54"}
{"level":"info","message":{"data":{"accepted":["quispebadquispe@gmail.com"],"ehlo":["SIZE 35882577","8BITMIME","AUTH LOGIN PLAIN XOAUTH2 PLAIN-CLIENTTOKEN OAUTHBEARER XOAUTH","ENHANCEDSTATUSCODES","PIPELINING","CHUNKING","SMTPUTF8"],"envelope":{"from":"willypruebas6@gmail.com","to":["quispebadquispe@gmail.com"]},"envelopeTime":569,"messageId":"<be08c8dd-36cf-5ac7-994a-4560ceb3b91e@gmail.com>","messageSize":24366,"messageTime":623,"rejected":[],"response":"250 2.0.0 OK  1696658395 q8-20020a170902dac800b001b567bbe82dsm4967716plx.150 - gsmtp"},"utils":"emailSender"},"timestamp":"2023-10-07 02:59:55"}
{"level":"info","message":{"body":{"claim_id":"956a4ba0-f154-4edc-b349-3a512bb273cc"},"method":"POST","params":"","query":"","url":"/api/claim/getById"},"timestamp":"2023-10-07 02:59:55"}
{"level":"info","message":{"body":{},"method":"POST","params":"","query":"","url":"/api/typeclaim/getAll"},"timestamp":"2023-10-07 02:59:55"}
{"level":"info","message":{"body":{},"method":"POST","params":"","query":"","url":"/api/typeclaim/getAll"},"timestamp":"2023-10-07 02:59:55"}
{"level":"info","message":{"data":[{"id":"5236f55f-727d-40af-8397-d997dc6952e8","typename":"Tiempo"},{"id":"334dd060-29cf-4f52-98ae-d017a4affcf5","typename":"Seguridad y orden público"}],"model":"TypeClaimModels/getAll"},"timestamp":"2023-10-07 02:59:55"}
{"level":"info","message":{"data":[{"id":"5236f55f-727d-40af-8397-d997dc6952e8","typename":"Tiempo"},{"id":"334dd060-29cf-4f52-98ae-d017a4affcf5","typename":"Seguridad y orden público"}],"model":"TypeClaimModels/getAll"},"timestamp":"2023-10-07 02:59:56"}
{"level":"info","message":{"body":{"claim_id":"956a4ba0-f154-4edc-b349-3a512bb273cc"},"method":"POST","params":"","query":"","url":"/api/claim/getById"},"timestamp":"2023-10-07 03:00:03"}
{"level":"info","message":{"body":{"email":"quispebadquispe@gmail.com","maternallastname":"huamani","name":"willy","paternallastname":"quispe","phone":"958746321","rut":"27.648.009-K"},"method":"POST","params":"","query":"","url":"/api/person/create"},"timestamp":"2023-10-07 03:02:03"}
{"level":"info","message":{"body":{},"method":"POST","params":"","query":"","url":"/api/typeclaim/getAll"},"timestamp":"2023-10-07 03:02:03"}
{"level":"info","message":{"body":{"claim_id":"956a4ba0-f154-4edc-b349-3a512bb273cc"},"method":"POST","params":"","query":"","url":"/api/claim/getById"},"timestamp":"2023-10-07 03:02:03"}
{"level":"info","message":{"body":{},"method":"POST","params":"","query":"","url":"/api/typeclaim/getAll"},"timestamp":"2023-10-07 03:02:03"}
{"level":"info","message":{"data":[{"id":"5236f55f-727d-40af-8397-d997dc6952e8","typename":"Tiempo"},{"id":"334dd060-29cf-4f52-98ae-d017a4affcf5","typename":"Seguridad y orden público"}],"model":"TypeClaimModels/getAll"},"timestamp":"2023-10-07 03:02:04"}
{"level":"info","message":{"data":[{"id":"5236f55f-727d-40af-8397-d997dc6952e8","typename":"Tiempo"},{"id":"334dd060-29cf-4f52-98ae-d017a4affcf5","typename":"Seguridad y orden público"}],"model":"TypeClaimModels/getAll"},"timestamp":"2023-10-07 03:02:04"}
{"level":"info","message":{"data":{"email":"quispebadquispe@gmail.com","id":"776d0cc0-a337-4d8d-8791-cdab1a8b4a74","maternallastname":"huamani","name":"willy","paternallastname":"quispe","phone":"958746321","rut":"27.648.009-K"},"model":"Person/create"},"timestamp":"2023-10-07 03:02:04"}
{"level":"info","message":{"body":{"address":"Santiago ,    Condor,    255","claim_body":"asdasdasd","claim_id":"956a4ba0-f154-4edc-b349-3a512bb273cc","date":"07/10/2023","hour":"01:27","level":"moderado","person_id":"776d0cc0-a337-4d8d-8791-cdab1a8b4a74","type_id":"5236f55f-727d-40af-8397-d997dc6952e8"},"method":"POST","params":"","query":"","url":"/api/claimDetail/create"},"timestamp":"2023-10-07 03:03:25"}
{"level":"info","message":{"body":{"claim_id":"956a4ba0-f154-4edc-b349-3a512bb273cc"},"method":"POST","params":"","query":"","url":"/api/claim/getById"},"timestamp":"2023-10-07 03:03:25"}
{"level":"info","message":{"data":{"address":"Santiago ,    Condor,    255","claim_body":"asdasdasd","claim_id":"956a4ba0-f154-4edc-b349-3a512bb273cc","date":"07/10/2023","hour":"01:27","id":"572d51f7-3f85-4c03-bfdc-c5a03c8b20ef","level":"moderado","type_id":"5236f55f-727d-40af-8397-d997dc6952e8"},"model":"ModelClaim/create"},"timestamp":"2023-10-07 03:03:26"}
{"level":"info","message":{"data":"successful connection to Nodemailer","utils":"emailSender"},"timestamp":"2023-10-07 03:03:27"}
{"level":"info","message":{"data":{"accepted":["quispebadquispe@gmail.com"],"ehlo":["SIZE 35882577","8BITMIME","AUTH LOGIN PLAIN XOAUTH2 PLAIN-CLIENTTOKEN OAUTHBEARER XOAUTH","ENHANCEDSTATUSCODES","PIPELINING","CHUNKING","SMTPUTF8"],"envelope":{"from":"willypruebas6@gmail.com","to":["quispebadquispe@gmail.com"]},"envelopeTime":559,"messageId":"<857eb2be-9fcb-1054-07d2-9c1a2feef0db@gmail.com>","messageSize":24366,"messageTime":545,"rejected":[],"response":"250 2.0.0 OK  1696658609 ev7-20020a17090aeac700b00274922d4b38sm4502584pjb.27 - gsmtp"},"utils":"emailSender"},"timestamp":"2023-10-07 03:03:28"}
{"level":"info","message":{"body":{"claim_id":"956a4ba0-f154-4edc-b349-3a512bb273cc"},"method":"POST","params":"","query":"","url":"/api/claim/getById"},"timestamp":"2023-10-07 03:07:54"}
{"level":"info","message":"API listening port 5400","timestamp":"2023-10-07 10:14:37"}
{"level":"info","message":"Connected to Database","timestamp":"2023-10-07 10:14:38"}
{"level":"info","message":{"body":{"rut":"27.648.009-K"},"method":"POST","params":"","query":"","url":"/api/person/getByRut"},"timestamp":"2023-10-07 10:16:32"}
{"level":"info","message":{"data":{"email":"quispebadquispe@gmail.com","id":"776d0cc0-a337-4d8d-8791-cdab1a8b4a74","maternallastname":"huamani","name":"willy","paternallastname":"quispe","phone":"958746321","rut":"27.648.009-K"},"model":"Person/getByRut"},"timestamp":"2023-10-07 10:16:33"}
{"level":"info","message":{"body":{"email":"quispebadquispe@gmail.com","maternallastname":"huamani","name":"willy","paternallastname":"quispe","phone":"958746321","rut":"27.648.009-K"},"method":"POST","params":"","query":"","url":"/api/person/create"},"timestamp":"2023-10-07 10:16:35"}
{"level":"info","message":{"body":{},"method":"POST","params":"","query":"","url":"/api/claim/create"},"timestamp":"2023-10-07 10:16:35"}
{"level":"info","message":{"data":{"email":"quispebadquispe@gmail.com","id":"776d0cc0-a337-4d8d-8791-cdab1a8b4a74","maternallastname":"huamani","name":"willy","paternallastname":"quispe","phone":"958746321","rut":"27.648.009-K"},"model":"Person/create"},"timestamp":"2023-10-07 10:16:35"}
{"level":"info","message":{"data":{"endingdate":"2023-10-07T16:16:36.503Z","id":"8e27a431-6f2a-45ed-993d-2d8540a23981","openingdate":"2023-10-07T16:16:36.503Z"},"model":"ModelClaim/create"},"timestamp":"2023-10-07 10:16:36"}
{"level":"info","message":{"body":{},"method":"POST","params":"","query":"","url":"/api/typeclaim/getAll"},"timestamp":"2023-10-07 10:16:37"}
{"level":"info","message":{"body":{"claim_id":"8e27a431-6f2a-45ed-993d-2d8540a23981"},"method":"POST","params":"","query":"","url":"/api/claim/getById"},"timestamp":"2023-10-07 10:16:37"}
{"level":"info","message":{"body":{},"method":"POST","params":"","query":"","url":"/api/typeclaim/getAll"},"timestamp":"2023-10-07 10:16:37"}
{"level":"info","message":{"data":[{"id":"5236f55f-727d-40af-8397-d997dc6952e8","typename":"Tiempo"},{"id":"334dd060-29cf-4f52-98ae-d017a4affcf5","typename":"Seguridad y orden público"}],"model":"TypeClaimModels/getAll"},"timestamp":"2023-10-07 10:16:38"}
{"level":"info","message":{"data":[{"id":"5236f55f-727d-40af-8397-d997dc6952e8","typename":"Tiempo"},{"id":"334dd060-29cf-4f52-98ae-d017a4affcf5","typename":"Seguridad y orden público"}],"model":"TypeClaimModels/getAll"},"timestamp":"2023-10-07 10:16:39"}
{"level":"info","message":{"body":{"claim_id":"8e27a431-6f2a-45ed-993d-2d8540a23981"},"method":"POST","params":"","query":"","url":"/api/file/add"},"timestamp":"2023-10-07 10:17:03"}
{"level":"info","message":{"data":{"claim_id":"8e27a431-6f2a-45ed-993d-2d8540a23981"},"model":"file/add"},"timestamp":"2023-10-07 10:17:07"}
{"level":"info","message":"API listening port 5400","timestamp":"2023-10-07 10:35:42"}
{"level":"info","message":"Connected to Database","timestamp":"2023-10-07 10:35:43"}
{"level":"info","message":{"body":{"email":"quispebadquispe@gmail.com","maternallastname":"huamani","name":"willy","paternallastname":"quispe","phone":"958746321","rut":"27.648.009-K"},"method":"POST","params":"","query":"","url":"/api/person/create"},"timestamp":"2023-10-07 10:35:46"}
{"level":"info","message":{"body":{},"method":"POST","params":"","query":"","url":"/api/typeclaim/getAll"},"timestamp":"2023-10-07 10:35:46"}
{"level":"info","message":{"body":{},"method":"POST","params":"","query":"","url":"/api/typeclaim/getAll"},"timestamp":"2023-10-07 10:35:46"}
{"level":"info","message":{"body":{"claim_id":"8e27a431-6f2a-45ed-993d-2d8540a23981"},"method":"POST","params":"","query":"","url":"/api/claim/getById"},"timestamp":"2023-10-07 10:35:46"}
{"level":"info","message":{"data":{"email":"quispebadquispe@gmail.com","id":"776d0cc0-a337-4d8d-8791-cdab1a8b4a74","maternallastname":"huamani","name":"willy","paternallastname":"quispe","phone":"958746321","rut":"27.648.009-K"},"model":"Person/create"},"timestamp":"2023-10-07 10:35:47"}
{"level":"info","message":{"data":[{"id":"5236f55f-727d-40af-8397-d997dc6952e8","typename":"Tiempo"},{"id":"334dd060-29cf-4f52-98ae-d017a4affcf5","typename":"Seguridad y orden público"}],"model":"TypeClaimModels/getAll"},"timestamp":"2023-10-07 10:35:47"}
{"level":"info","message":{"data":[{"id":"5236f55f-727d-40af-8397-d997dc6952e8","typename":"Tiempo"},{"id":"334dd060-29cf-4f52-98ae-d017a4affcf5","typename":"Seguridad y orden público"}],"model":"TypeClaimModels/getAll"},"timestamp":"2023-10-07 10:35:47"}
{"level":"info","message":{"body":{},"method":"POST","params":"","query":"","url":"/api/typeclaim/getAll"},"timestamp":"2023-10-07 10:36:42"}
{"level":"info","message":{"data":[{"id":"5236f55f-727d-40af-8397-d997dc6952e8","typename":"Tiempo"},{"id":"334dd060-29cf-4f52-98ae-d017a4affcf5","typename":"Seguridad y orden público"}],"model":"TypeClaimModels/getAll"},"timestamp":"2023-10-07 10:36:43"}
{"level":"info","message":{"body":{},"method":"POST","params":"","query":"","url":"/api/typeclaim/getAll"},"timestamp":"2023-10-07 10:36:52"}
{"level":"info","message":{"data":[{"id":"5236f55f-727d-40af-8397-d997dc6952e8","typename":"Tiempo"},{"id":"334dd060-29cf-4f52-98ae-d017a4affcf5","typename":"Seguridad y orden público"}],"model":"TypeClaimModels/getAll"},"timestamp":"2023-10-07 10:36:52"}
{"level":"info","message":{"body":{},"method":"POST","params":"","query":"","url":"/api/typeclaim/getAll"},"timestamp":"2023-10-07 10:37:05"}
{"level":"info","message":{"data":[{"id":"5236f55f-727d-40af-8397-d997dc6952e8","typename":"Tiempo"},{"id":"334dd060-29cf-4f52-98ae-d017a4affcf5","typename":"Seguridad y orden público"}],"model":"TypeClaimModels/getAll"},"timestamp":"2023-10-07 10:37:06"}
{"level":"info","message":{"body":{"claim_id":"8e27a431-6f2a-45ed-993d-2d8540a23981"},"method":"POST","params":"","query":"","url":"/api/claim/getById"},"timestamp":"2023-10-07 10:37:32"}
{"level":"info","message":{"body":{},"method":"POST","params":"","query":"","url":"/api/typeclaim/getAll"},"timestamp":"2023-10-07 10:38:21"}
{"level":"info","message":{"body":{},"method":"POST","params":"","query":"","url":"/api/typeclaim/getAll"},"timestamp":"2023-10-07 10:38:21"}
{"level":"info","message":{"body":{"claim_id":"8e27a431-6f2a-45ed-993d-2d8540a23981"},"method":"POST","params":"","query":"","url":"/api/claim/getById"},"timestamp":"2023-10-07 10:38:21"}
{"level":"info","message":{"data":[{"id":"5236f55f-727d-40af-8397-d997dc6952e8","typename":"Tiempo"},{"id":"334dd060-29cf-4f52-98ae-d017a4affcf5","typename":"Seguridad y orden público"}],"model":"TypeClaimModels/getAll"},"timestamp":"2023-10-07 10:38:22"}
{"level":"info","message":{"data":[{"id":"5236f55f-727d-40af-8397-d997dc6952e8","typename":"Tiempo"},{"id":"334dd060-29cf-4f52-98ae-d017a4affcf5","typename":"Seguridad y orden público"}],"model":"TypeClaimModels/getAll"},"timestamp":"2023-10-07 10:38:22"}
{"level":"info","message":{"body":{"claim_id":"8e27a431-6f2a-45ed-993d-2d8540a23981"},"method":"POST","params":"","query":"","url":"/api/claim/getById"},"timestamp":"2023-10-07 10:38:55"}
{"level":"info","message":{"body":{"rut":"27.648.009-K"},"method":"POST","params":"","query":"","url":"/api/person/getByRut"},"timestamp":"2023-10-07 10:40:07"}
{"level":"info","message":{"data":{"email":"quispebadquispe@gmail.com","id":"776d0cc0-a337-4d8d-8791-cdab1a8b4a74","maternallastname":"huamani","name":"willy","paternallastname":"quispe","phone":"958746321","rut":"27.648.009-K"},"model":"Person/getByRut"},"timestamp":"2023-10-07 10:40:08"}
{"level":"info","message":{"body":{"email":"quispebadquispe@gmail.com","maternallastname":"huamani","name":"willy","paternallastname":"quispe","phone":"958746321","rut":"27.648.009-K"},"method":"POST","params":"","query":"","url":"/api/person/create"},"timestamp":"2023-10-07 10:40:13"}
{"level":"info","message":{"body":{},"method":"POST","params":"","query":"","url":"/api/typeclaim/getAll"},"timestamp":"2023-10-07 10:40:13"}
{"level":"info","message":{"body":{},"method":"POST","params":"","query":"","url":"/api/typeclaim/getAll"},"timestamp":"2023-10-07 10:40:13"}
{"level":"info","message":{"body":{"claim_id":"8e27a431-6f2a-45ed-993d-2d8540a23981"},"method":"POST","params":"","query":"","url":"/api/claim/getById"},"timestamp":"2023-10-07 10:40:13"}
{"level":"info","message":{"data":{"email":"quispebadquispe@gmail.com","id":"776d0cc0-a337-4d8d-8791-cdab1a8b4a74","maternallastname":"huamani","name":"willy","paternallastname":"quispe","phone":"958746321","rut":"27.648.009-K"},"model":"Person/create"},"timestamp":"2023-10-07 10:40:13"}
{"level":"info","message":{"data":[{"id":"5236f55f-727d-40af-8397-d997dc6952e8","typename":"Tiempo"},{"id":"334dd060-29cf-4f52-98ae-d017a4affcf5","typename":"Seguridad y orden público"}],"model":"TypeClaimModels/getAll"},"timestamp":"2023-10-07 10:40:14"}
{"level":"info","message":{"data":[{"id":"5236f55f-727d-40af-8397-d997dc6952e8","typename":"Tiempo"},{"id":"334dd060-29cf-4f52-98ae-d017a4affcf5","typename":"Seguridad y orden público"}],"model":"TypeClaimModels/getAll"},"timestamp":"2023-10-07 10:40:14"}
{"level":"info","message":{"body":{"claim_id":"8e27a431-6f2a-45ed-993d-2d8540a23981"},"method":"POST","params":"","query":"","url":"/api/claim/getById"},"timestamp":"2023-10-07 10:44:13"}
{"level":"info","message":{"body":{"claim_id":"8e27a431-6f2a-45ed-993d-2d8540a23981"},"method":"POST","params":"","query":"","url":"/api/claim/getById"},"timestamp":"2023-10-07 10:50:01"}
{"level":"info","message":"API listening port 5400","timestamp":"2023-10-07 11:54:14"}
{"level":"info","message":"Connected to Database","timestamp":"2023-10-07 11:54:15"}
{"level":"info","message":{"body":{"rut":"27.648.009-K"},"method":"POST","params":"","query":"","url":"/api/person/getByRut"},"timestamp":"2023-10-07 11:54:34"}
{"level":"info","message":{"data":{"email":"quispebadquispe@gmail.com","id":"776d0cc0-a337-4d8d-8791-cdab1a8b4a74","maternallastname":"huamani","name":"willy","paternallastname":"quispe","phone":"958746321","rut":"27.648.009-K"},"model":"Person/getByRut"},"timestamp":"2023-10-07 11:54:35"}
{"level":"info","message":{"body":{"email":"quispebadquispe@gmail.com","maternallastname":"huamani","name":"willy","paternallastname":"quispe","phone":"958746321","rut":"27.648.009-K"},"method":"POST","params":"","query":"","url":"/api/person/create"},"timestamp":"2023-10-07 11:54:38"}
{"level":"info","message":{"data":{"email":"quispebadquispe@gmail.com","id":"776d0cc0-a337-4d8d-8791-cdab1a8b4a74","maternallastname":"huamani","name":"willy","paternallastname":"quispe","phone":"958746321","rut":"27.648.009-K"},"model":"Person/create"},"timestamp":"2023-10-07 11:54:38"}
{"level":"info","message":{"body":{},"method":"POST","params":"","query":"","url":"/api/typeclaim/getAll"},"timestamp":"2023-10-07 11:54:39"}
{"level":"info","message":{"body":{},"method":"POST","params":"","query":"","url":"/api/typeclaim/getAll"},"timestamp":"2023-10-07 11:54:39"}
{"level":"info","message":{"body":{"claim_id":"8e27a431-6f2a-45ed-993d-2d8540a23981"},"method":"POST","params":"","query":"","url":"/api/claim/getById"},"timestamp":"2023-10-07 11:54:39"}
{"level":"info","message":{"data":[{"id":"5236f55f-727d-40af-8397-d997dc6952e8","typename":"Tiempo"},{"id":"334dd060-29cf-4f52-98ae-d017a4affcf5","typename":"Seguridad y orden público"}],"model":"TypeClaimModels/getAll"},"timestamp":"2023-10-07 11:54:39"}
{"level":"info","message":{"data":[{"id":"5236f55f-727d-40af-8397-d997dc6952e8","typename":"Tiempo"},{"id":"334dd060-29cf-4f52-98ae-d017a4affcf5","typename":"Seguridad y orden público"}],"model":"TypeClaimModels/getAll"},"timestamp":"2023-10-07 11:54:40"}
{"level":"info","message":{"body":{"address":"Santiago, Rivas, 820","claim_body":"Preuba","claim_id":"8e27a431-6f2a-45ed-993d-2d8540a23981","date":"07/10/2023","hour":"11:54","level":"menor","person_id":"776d0cc0-a337-4d8d-8791-cdab1a8b4a74","type_id":"334dd060-29cf-4f52-98ae-d017a4affcf5"},"method":"POST","params":"","query":"","url":"/api/claimDetail/create"},"timestamp":"2023-10-07 11:56:03"}
{"level":"info","message":{"body":{"claim_id":"8e27a431-6f2a-45ed-993d-2d8540a23981"},"method":"POST","params":"","query":"","url":"/api/claim/getById"},"timestamp":"2023-10-07 11:56:03"}
{"level":"info","message":{"data":{"address":"Santiago, Rivas, 820","claim_body":"Preuba","claim_id":"8e27a431-6f2a-45ed-993d-2d8540a23981","date":"07/10/2023","hour":"11:54","id":"f19dafc2-e173-4aec-9b26-8c2fc6c9e64a","level":"menor","type_id":"334dd060-29cf-4f52-98ae-d017a4affcf5"},"model":"ModelClaim/create"},"timestamp":"2023-10-07 11:56:04"}
{"level":"info","message":{"data":"successful connection to Nodemailer","utils":"emailSender"},"timestamp":"2023-10-07 11:56:06"}
{"level":"info","message":{"data":{"accepted":["quispebadquispe@gmail.com"],"ehlo":["SIZE 35882577","8BITMIME","AUTH LOGIN PLAIN XOAUTH2 PLAIN-CLIENTTOKEN OAUTHBEARER XOAUTH","ENHANCEDSTATUSCODES","PIPELINING","CHUNKING","SMTPUTF8"],"envelope":{"from":"willypruebas6@gmail.com","to":["quispebadquispe@gmail.com"]},"envelopeTime":690,"messageId":"<fd350c3e-820a-2d77-6e68-2595e7cb2dcf@gmail.com>","messageSize":24366,"messageTime":978,"rejected":[],"response":"250 2.0.0 OK  1696690567 iq21-20020a17090afb5500b0027b0bfa3be1sm7177129pjb.11 - gsmtp"},"utils":"emailSender"},"timestamp":"2023-10-07 11:56:07"}
{"level":"info","message":{"body":{"claim_id":"8e27a431-6f2a-45ed-993d-2d8540a23981"},"method":"POST","params":"","query":"","url":"/api/claim/getById"},"timestamp":"2023-10-07 11:56:50"}
{"level":"info","message":{"body":{"email":"quispeabadquispe@gmail.com","maternallastname":"huamani","name":"willy","paternallastname":"quispe","phone":"958746321","rut":"27.648.009-K"},"method":"POST","params":"","query":"","url":"/api/person/create"},"timestamp":"2023-10-07 11:56:53"}
{"level":"info","message":{"body":{},"method":"POST","params":"","query":"","url":"/api/typeclaim/getAll"},"timestamp":"2023-10-07 11:56:53"}
{"level":"info","message":{"body":{"claim_id":"8e27a431-6f2a-45ed-993d-2d8540a23981"},"method":"POST","params":"","query":"","url":"/api/claim/getById"},"timestamp":"2023-10-07 11:56:53"}
{"level":"info","message":{"body":{},"method":"POST","params":"","query":"","url":"/api/typeclaim/getAll"},"timestamp":"2023-10-07 11:56:53"}
{"level":"info","message":{"data":{"email":"quispeabadquispe@gmail.com","id":"776d0cc0-a337-4d8d-8791-cdab1a8b4a74","maternallastname":"huamani","name":"willy","paternallastname":"quispe","phone":"958746321","rut":"27.648.009-K"},"model":"Person/create"},"timestamp":"2023-10-07 11:56:53"}
{"level":"info","message":{"data":[{"id":"5236f55f-727d-40af-8397-d997dc6952e8","typename":"Tiempo"},{"id":"334dd060-29cf-4f52-98ae-d017a4affcf5","typename":"Seguridad y orden público"}],"model":"TypeClaimModels/getAll"},"timestamp":"2023-10-07 11:56:54"}
{"level":"info","message":{"data":[{"id":"5236f55f-727d-40af-8397-d997dc6952e8","typename":"Tiempo"},{"id":"334dd060-29cf-4f52-98ae-d017a4affcf5","typename":"Seguridad y orden público"}],"model":"TypeClaimModels/getAll"},"timestamp":"2023-10-07 11:56:54"}
{"level":"info","message":{"body":{"address":"Santiago,  Rivas,  820","claim_body":"Preuba","claim_id":"8e27a431-6f2a-45ed-993d-2d8540a23981","date":"07/10/2023","hour":"11:54","level":"menor","person_id":"776d0cc0-a337-4d8d-8791-cdab1a8b4a74","type_id":"334dd060-29cf-4f52-98ae-d017a4affcf5"},"method":"POST","params":"","query":"","url":"/api/claimDetail/create"},"timestamp":"2023-10-07 11:56:55"}
{"level":"info","message":{"body":{"claim_id":"8e27a431-6f2a-45ed-993d-2d8540a23981"},"method":"POST","params":"","query":"","url":"/api/claim/getById"},"timestamp":"2023-10-07 11:56:55"}
{"level":"info","message":{"data":{"address":"Santiago,  Rivas,  820","claim_body":"Preuba","claim_id":"8e27a431-6f2a-45ed-993d-2d8540a23981","date":"07/10/2023","hour":"11:54","id":"f19dafc2-e173-4aec-9b26-8c2fc6c9e64a","level":"menor","type_id":"334dd060-29cf-4f52-98ae-d017a4affcf5"},"model":"ModelClaim/create"},"timestamp":"2023-10-07 11:56:55"}
{"level":"info","message":{"data":"successful connection to Nodemailer","utils":"emailSender"},"timestamp":"2023-10-07 11:56:57"}
{"level":"info","message":{"data":{"accepted":["quispeabadquispe@gmail.com"],"ehlo":["SIZE 35882577","8BITMIME","AUTH LOGIN PLAIN XOAUTH2 PLAIN-CLIENTTOKEN OAUTHBEARER XOAUTH","ENHANCEDSTATUSCODES","PIPELINING","CHUNKING","SMTPUTF8"],"envelope":{"from":"willypruebas6@gmail.com","to":["quispeabadquispe@gmail.com"]},"envelopeTime":566,"messageId":"<8192ad40-0e73-d07c-5159-d80e75430aec@gmail.com>","messageSize":24367,"messageTime":568,"rejected":[],"response":"250 2.0.0 OK  1696690618 21-20020a170902c25500b001bc87e6e26bsm5976808plg.222 - gsmtp"},"utils":"emailSender"},"timestamp":"2023-10-07 11:56:58"}
{"level":"info","message":{"body":{"claim_id":"8e27a431-6f2a-45ed-993d-2d8540a23981"},"method":"POST","params":"","query":"","url":"/api/claim/getById"},"timestamp":"2023-10-07 11:57:36"}
{"level":"info","message":{"body":{},"method":"POST","params":"","query":"","url":"/api/typeclaim/getAll"},"timestamp":"2023-10-07 11:57:36"}
{"level":"info","message":{"body":{},"method":"POST","params":"","query":"","url":"/api/typeclaim/getAll"},"timestamp":"2023-10-07 11:57:36"}
{"level":"info","message":{"data":[{"id":"5236f55f-727d-40af-8397-d997dc6952e8","typename":"Tiempo"},{"id":"334dd060-29cf-4f52-98ae-d017a4affcf5","typename":"Seguridad y orden público"}],"model":"TypeClaimModels/getAll"},"timestamp":"2023-10-07 11:57:37"}
{"level":"info","message":{"data":[{"id":"5236f55f-727d-40af-8397-d997dc6952e8","typename":"Tiempo"},{"id":"334dd060-29cf-4f52-98ae-d017a4affcf5","typename":"Seguridad y orden público"}],"model":"TypeClaimModels/getAll"},"timestamp":"2023-10-07 11:57:37"}
{"level":"info","message":"API listening port 5400","timestamp":"2023-10-07 12:08:13"}
{"level":"info","message":"Connected to Database","timestamp":"2023-10-07 12:08:14"}
{"level":"info","message":{"body":{},"method":"POST","params":"","query":"","url":"/api/typeclaim/getAll"},"timestamp":"2023-10-07 12:08:18"}
{"level":"info","message":{"body":{},"method":"POST","params":"","query":"","url":"/api/typeclaim/getAll"},"timestamp":"2023-10-07 12:08:18"}
{"level":"info","message":{"body":{"claim_id":"8e27a431-6f2a-45ed-993d-2d8540a23981"},"method":"POST","params":"","query":"","url":"/api/claim/getById"},"timestamp":"2023-10-07 12:08:18"}
{"level":"info","message":{"data":[{"id":"5236f55f-727d-40af-8397-d997dc6952e8","typename":"Tiempo"},{"id":"334dd060-29cf-4f52-98ae-d017a4affcf5","typename":"Seguridad y orden público"}],"model":"TypeClaimModels/getAll"},"timestamp":"2023-10-07 12:08:19"}
{"level":"info","message":{"data":[{"id":"5236f55f-727d-40af-8397-d997dc6952e8","typename":"Tiempo"},{"id":"334dd060-29cf-4f52-98ae-d017a4affcf5","typename":"Seguridad y orden público"}],"model":"TypeClaimModels/getAll"},"timestamp":"2023-10-07 12:08:19"}
{"level":"info","message":{"body":{"claim_id":"8e27a431-6f2a-45ed-993d-2d8540a23981"},"method":"POST","params":"","query":"","url":"/api/claim/getById"},"timestamp":"2023-10-07 12:09:06"}
{"level":"info","message":{"body":{"email":"quispeabadquispe@gmail.com","maternallastname":"huamani","name":"willy","paternallastname":"quispe","phone":"958746321","rut":"27.648.009-K"},"method":"POST","params":"","query":"","url":"/api/person/create"},"timestamp":"2023-10-07 12:11:55"}
{"level":"info","message":{"body":{},"method":"POST","params":"","query":"","url":"/api/typeclaim/getAll"},"timestamp":"2023-10-07 12:11:55"}
{"level":"info","message":{"body":{},"method":"POST","params":"","query":"","url":"/api/typeclaim/getAll"},"timestamp":"2023-10-07 12:11:55"}
{"level":"info","message":{"body":{"claim_id":"8e27a431-6f2a-45ed-993d-2d8540a23981"},"method":"POST","params":"","query":"","url":"/api/claim/getById"},"timestamp":"2023-10-07 12:11:55"}
{"level":"info","message":{"data":{"email":"quispeabadquispe@gmail.com","id":"776d0cc0-a337-4d8d-8791-cdab1a8b4a74","maternallastname":"huamani","name":"willy","paternallastname":"quispe","phone":"958746321","rut":"27.648.009-K"},"model":"Person/create"},"timestamp":"2023-10-07 12:11:56"}
{"level":"info","message":{"data":[{"id":"5236f55f-727d-40af-8397-d997dc6952e8","typename":"Tiempo"},{"id":"334dd060-29cf-4f52-98ae-d017a4affcf5","typename":"Seguridad y orden público"}],"model":"TypeClaimModels/getAll"},"timestamp":"2023-10-07 12:11:56"}
{"level":"info","message":{"data":[{"id":"5236f55f-727d-40af-8397-d997dc6952e8","typename":"Tiempo"},{"id":"334dd060-29cf-4f52-98ae-d017a4affcf5","typename":"Seguridad y orden público"}],"model":"TypeClaimModels/getAll"},"timestamp":"2023-10-07 12:11:56"}
{"level":"info","message":{"body":{"claim_id":"8e27a431-6f2a-45ed-993d-2d8540a23981"},"method":"POST","params":"","query":"","url":"/api/claim/getById"},"timestamp":"2023-10-07 12:13:25"}
{"level":"info","message":{"body":{"email":"quispeabadquispe@gmail.com","maternallastname":"huamani","name":"willy","paternallastname":"quispe","phone":"958746321","rut":"27.648.009-K"},"method":"POST","params":"","query":"","url":"/api/person/create"},"timestamp":"2023-10-07 12:13:38"}
{"level":"info","message":{"body":{},"method":"POST","params":"","query":"","url":"/api/typeclaim/getAll"},"timestamp":"2023-10-07 12:13:38"}
{"level":"info","message":{"body":{},"method":"POST","params":"","query":"","url":"/api/typeclaim/getAll"},"timestamp":"2023-10-07 12:13:38"}
{"level":"info","message":{"body":{"claim_id":"8e27a431-6f2a-45ed-993d-2d8540a23981"},"method":"POST","params":"","query":"","url":"/api/claim/getById"},"timestamp":"2023-10-07 12:13:38"}
{"level":"info","message":{"data":{"email":"quispeabadquispe@gmail.com","id":"776d0cc0-a337-4d8d-8791-cdab1a8b4a74","maternallastname":"huamani","name":"willy","paternallastname":"quispe","phone":"958746321","rut":"27.648.009-K"},"model":"Person/create"},"timestamp":"2023-10-07 12:13:39"}
{"level":"info","message":{"data":[{"id":"5236f55f-727d-40af-8397-d997dc6952e8","typename":"Tiempo"},{"id":"334dd060-29cf-4f52-98ae-d017a4affcf5","typename":"Seguridad y orden público"}],"model":"TypeClaimModels/getAll"},"timestamp":"2023-10-07 12:13:39"}
{"level":"info","message":{"data":[{"id":"5236f55f-727d-40af-8397-d997dc6952e8","typename":"Tiempo"},{"id":"334dd060-29cf-4f52-98ae-d017a4affcf5","typename":"Seguridad y orden público"}],"model":"TypeClaimModels/getAll"},"timestamp":"2023-10-07 12:13:42"}
{"level":"info","message":{"body":{"claim_id":"8e27a431-6f2a-45ed-993d-2d8540a23981"},"method":"POST","params":"","query":"","url":"/api/claim/getById"},"timestamp":"2023-10-07 12:14:51"}
{"level":"info","message":{"body":{"email":"quispeabadquispe@gmail.com","maternallastname":"huamani","name":"willy","paternallastname":"quispe","phone":"958746321","rut":"27.648.009-K"},"method":"POST","params":"","query":"","url":"/api/person/create"},"timestamp":"2023-10-07 12:14:52"}
{"level":"info","message":{"body":{},"method":"POST","params":"","query":"","url":"/api/typeclaim/getAll"},"timestamp":"2023-10-07 12:14:52"}
{"level":"info","message":{"body":{"claim_id":"8e27a431-6f2a-45ed-993d-2d8540a23981"},"method":"POST","params":"","query":"","url":"/api/claim/getById"},"timestamp":"2023-10-07 12:14:52"}
{"level":"info","message":{"body":{},"method":"POST","params":"","query":"","url":"/api/typeclaim/getAll"},"timestamp":"2023-10-07 12:14:52"}
{"level":"info","message":{"data":{"email":"quispeabadquispe@gmail.com","id":"776d0cc0-a337-4d8d-8791-cdab1a8b4a74","maternallastname":"huamani","name":"willy","paternallastname":"quispe","phone":"958746321","rut":"27.648.009-K"},"model":"Person/create"},"timestamp":"2023-10-07 12:14:52"}
{"level":"info","message":{"data":[{"id":"5236f55f-727d-40af-8397-d997dc6952e8","typename":"Tiempo"},{"id":"334dd060-29cf-4f52-98ae-d017a4affcf5","typename":"Seguridad y orden público"}],"model":"TypeClaimModels/getAll"},"timestamp":"2023-10-07 12:14:53"}
{"level":"info","message":{"data":[{"id":"5236f55f-727d-40af-8397-d997dc6952e8","typename":"Tiempo"},{"id":"334dd060-29cf-4f52-98ae-d017a4affcf5","typename":"Seguridad y orden público"}],"model":"TypeClaimModels/getAll"},"timestamp":"2023-10-07 12:14:53"}
{"level":"info","message":{"body":{"address":"Santiago,   Rivas,   820","claim_body":"Preuba","claim_id":"8e27a431-6f2a-45ed-993d-2d8540a23981","date":"07/10/2023","hour":"11:54","level":"menor","person_id":"776d0cc0-a337-4d8d-8791-cdab1a8b4a74","type_id":"334dd060-29cf-4f52-98ae-d017a4affcf5"},"method":"POST","params":"","query":"","url":"/api/claimDetail/create"},"timestamp":"2023-10-07 12:14:54"}
{"level":"info","message":{"data":{"address":"Santiago,   Rivas,   820","claim_body":"Preuba","claim_id":"8e27a431-6f2a-45ed-993d-2d8540a23981","date":"07/10/2023","hour":"11:54","id":"f19dafc2-e173-4aec-9b26-8c2fc6c9e64a","level":"menor","type_id":"334dd060-29cf-4f52-98ae-d017a4affcf5"},"model":"ModelClaim/create"},"timestamp":"2023-10-07 12:14:54"}
{"level":"info","message":{"body":{"claim_id":"8e27a431-6f2a-45ed-993d-2d8540a23981"},"method":"POST","params":"","query":"","url":"/api/claim/getById"},"timestamp":"2023-10-07 12:14:54"}
{"level":"info","message":{"data":"successful connection to Nodemailer","utils":"emailSender"},"timestamp":"2023-10-07 12:14:55"}
{"level":"info","message":{"data":{"accepted":["quispeabadquispe@gmail.com"],"ehlo":["SIZE 35882577","8BITMIME","AUTH LOGIN PLAIN XOAUTH2 PLAIN-CLIENTTOKEN OAUTHBEARER XOAUTH","ENHANCEDSTATUSCODES","PIPELINING","CHUNKING","SMTPUTF8"],"envelope":{"from":"willypruebas6@gmail.com","to":["quispeabadquispe@gmail.com"]},"envelopeTime":712,"messageId":"<dc37f9c4-f266-473e-0e7d-058f2c5db922@gmail.com>","messageSize":24367,"messageTime":630,"rejected":[],"response":"250 2.0.0 OK  1696691696 21-20020a170902ee5500b001c3267ae317sm6018693plo.165 - gsmtp"},"utils":"emailSender"},"timestamp":"2023-10-07 12:14:56"}
{"level":"info","message":"API listening port 5400","timestamp":"2023-10-07 14:52:29"}
{"level":"info","message":"Connected to Database","timestamp":"2023-10-07 14:52:29"}
