{"level":"info","message":{"body":{},"method":"POST","params":"","query":"","url":"/api/typeClaim/getAll"},"timestamp":"2023-08-15 18:24:10"}
{"level":"info","message":{"body":{},"method":"POST","params":"","query":"","url":"/api/typeClaim/getAll"},"timestamp":"2023-08-15 18:24:10"}
{"level":"info","message":{"data":[{"id":"05269505-b463-425a-b5f2-44b201d617ed","typename":"Servicios públicos"},{"id":"28af3e1d-8af8-47fc-b631-1ac3845e8f14","typename":"Infraestructura y obras públicas"},{"id":"7cc4a9e1-dc6e-4fcb-9475-bc052daad2f7","typename":"Transporte público"},{"id":"280888bb-56af-4bc3-ba07-a1f571dfe30b","typename":"Licencias y permisos"},{"id":"3091e865-f7a9-45b7-b9c0-1839008ffcad","typename":"Ruidos y contaminación"},{"id":"b41841be-14eb-48a2-83c3-91f4ab6ec029","typename":"Problemas de seguridad"},{"id":"c9aec491-50f3-403e-a51e-204c0bb9d4f5","typename":"Problemas de iluminación"},{"id":"0202cb87-b934-48e8-994e-aa49619cc35e","typename":"Problemas de servicios en línea"}],"model":"TypeClaimModels/getAll"},"timestamp":"2023-08-15 18:24:11"}
{"level":"info","message":{"data":[{"id":"05269505-b463-425a-b5f2-44b201d617ed","typename":"Servicios públicos"},{"id":"28af3e1d-8af8-47fc-b631-1ac3845e8f14","typename":"Infraestructura y obras públicas"},{"id":"7cc4a9e1-dc6e-4fcb-9475-bc052daad2f7","typename":"Transporte público"},{"id":"280888bb-56af-4bc3-ba07-a1f571dfe30b","typename":"Licencias y permisos"},{"id":"3091e865-f7a9-45b7-b9c0-1839008ffcad","typename":"Ruidos y contaminación"},{"id":"b41841be-14eb-48a2-83c3-91f4ab6ec029","typename":"Problemas de seguridad"},{"id":"c9aec491-50f3-403e-a51e-204c0bb9d4f5","typename":"Problemas de iluminación"},{"id":"0202cb87-b934-48e8-994e-aa49619cc35e","typename":"Problemas de servicios en línea"}],"model":"TypeClaimModels/getAll"},"timestamp":"2023-08-15 18:24:11"}
{"level":"info","message":{"body":{},"method":"POST","params":"","query":"","url":"/api/typeClaim/getAll"},"timestamp":"2023-08-15 18:25:00"}
{"level":"info","message":{"data":[{"id":"05269505-b463-425a-b5f2-44b201d617ed","typename":"Servicios públicos"},{"id":"28af3e1d-8af8-47fc-b631-1ac3845e8f14","typename":"Infraestructura y obras públicas"},{"id":"7cc4a9e1-dc6e-4fcb-9475-bc052daad2f7","typename":"Transporte público"},{"id":"280888bb-56af-4bc3-ba07-a1f571dfe30b","typename":"Licencias y permisos"},{"id":"3091e865-f7a9-45b7-b9c0-1839008ffcad","typename":"Ruidos y contaminación"},{"id":"b41841be-14eb-48a2-83c3-91f4ab6ec029","typename":"Problemas de seguridad"},{"id":"c9aec491-50f3-403e-a51e-204c0bb9d4f5","typename":"Problemas de iluminación"},{"id":"0202cb87-b934-48e8-994e-aa49619cc35e","typename":"Problemas de servicios en línea"}],"model":"TypeClaimModels/getAll"},"timestamp":"2023-08-15 18:25:01"}
{"level":"info","message":{"body":{},"method":"POST","params":"","query":"","url":"/api/typeClaim/getAll"},"timestamp":"2023-08-15 18:25:01"}
{"level":"info","message":{"data":[{"id":"05269505-b463-425a-b5f2-44b201d617ed","typename":"Servicios públicos"},{"id":"28af3e1d-8af8-47fc-b631-1ac3845e8f14","typename":"Infraestructura y obras públicas"},{"id":"7cc4a9e1-dc6e-4fcb-9475-bc052daad2f7","typename":"Transporte público"},{"id":"280888bb-56af-4bc3-ba07-a1f571dfe30b","typename":"Licencias y permisos"},{"id":"3091e865-f7a9-45b7-b9c0-1839008ffcad","typename":"Ruidos y contaminación"},{"id":"b41841be-14eb-48a2-83c3-91f4ab6ec029","typename":"Problemas de seguridad"},{"id":"c9aec491-50f3-403e-a51e-204c0bb9d4f5","typename":"Problemas de iluminación"},{"id":"0202cb87-b934-48e8-994e-aa49619cc35e","typename":"Problemas de servicios en línea"}],"model":"TypeClaimModels/getAll"},"timestamp":"2023-08-15 18:25:01"}
{"level":"info","message":{"body":{},"method":"POST","params":"","query":"","url":"/api/typeClaim/getAll"},"timestamp":"2023-08-15 18:25:18"}
{"level":"info","message":{"data":[{"id":"05269505-b463-425a-b5f2-44b201d617ed","typename":"Servicios públicos"},{"id":"28af3e1d-8af8-47fc-b631-1ac3845e8f14","typename":"Infraestructura y obras públicas"},{"id":"7cc4a9e1-dc6e-4fcb-9475-bc052daad2f7","typename":"Transporte público"},{"id":"280888bb-56af-4bc3-ba07-a1f571dfe30b","typename":"Licencias y permisos"},{"id":"3091e865-f7a9-45b7-b9c0-1839008ffcad","typename":"Ruidos y contaminación"},{"id":"b41841be-14eb-48a2-83c3-91f4ab6ec029","typename":"Problemas de seguridad"},{"id":"c9aec491-50f3-403e-a51e-204c0bb9d4f5","typename":"Problemas de iluminación"},{"id":"0202cb87-b934-48e8-994e-aa49619cc35e","typename":"Problemas de servicios en línea"}],"model":"TypeClaimModels/getAll"},"timestamp":"2023-08-15 18:25:19"}
{"level":"info","message":{"body":{},"method":"POST","params":"","query":"","url":"/api/typeClaim/getAll"},"timestamp":"2023-08-15 18:31:30"}
{"level":"info","message":{"data":[{"id":"05269505-b463-425a-b5f2-44b201d617ed","typename":"Servicios públicos"},{"id":"28af3e1d-8af8-47fc-b631-1ac3845e8f14","typename":"Infraestructura y obras públicas"},{"id":"7cc4a9e1-dc6e-4fcb-9475-bc052daad2f7","typename":"Transporte público"},{"id":"280888bb-56af-4bc3-ba07-a1f571dfe30b","typename":"Licencias y permisos"},{"id":"3091e865-f7a9-45b7-b9c0-1839008ffcad","typename":"Ruidos y contaminación"},{"id":"b41841be-14eb-48a2-83c3-91f4ab6ec029","typename":"Problemas de seguridad"},{"id":"c9aec491-50f3-403e-a51e-204c0bb9d4f5","typename":"Problemas de iluminación"},{"id":"0202cb87-b934-48e8-994e-aa49619cc35e","typename":"Problemas de servicios en línea"}],"model":"TypeClaimModels/getAll"},"timestamp":"2023-08-15 18:31:31"}
{"level":"info","message":{"body":{},"method":"POST","params":"","query":"","url":"/api/typeClaim/getAll"},"timestamp":"2023-08-15 18:33:36"}
{"level":"info","message":{"body":{},"method":"POST","params":"","query":"","url":"/api/typeClaim/getAll"},"timestamp":"2023-08-15 18:33:36"}
{"level":"info","message":{"data":[{"id":"05269505-b463-425a-b5f2-44b201d617ed","typename":"Servicios públicos"},{"id":"28af3e1d-8af8-47fc-b631-1ac3845e8f14","typename":"Infraestructura y obras públicas"},{"id":"7cc4a9e1-dc6e-4fcb-9475-bc052daad2f7","typename":"Transporte público"},{"id":"280888bb-56af-4bc3-ba07-a1f571dfe30b","typename":"Licencias y permisos"},{"id":"3091e865-f7a9-45b7-b9c0-1839008ffcad","typename":"Ruidos y contaminación"},{"id":"b41841be-14eb-48a2-83c3-91f4ab6ec029","typename":"Problemas de seguridad"},{"id":"c9aec491-50f3-403e-a51e-204c0bb9d4f5","typename":"Problemas de iluminación"},{"id":"0202cb87-b934-48e8-994e-aa49619cc35e","typename":"Problemas de servicios en línea"}],"model":"TypeClaimModels/getAll"},"timestamp":"2023-08-15 18:33:37"}
{"level":"info","message":{"data":[{"id":"05269505-b463-425a-b5f2-44b201d617ed","typename":"Servicios públicos"},{"id":"28af3e1d-8af8-47fc-b631-1ac3845e8f14","typename":"Infraestructura y obras públicas"},{"id":"7cc4a9e1-dc6e-4fcb-9475-bc052daad2f7","typename":"Transporte público"},{"id":"280888bb-56af-4bc3-ba07-a1f571dfe30b","typename":"Licencias y permisos"},{"id":"3091e865-f7a9-45b7-b9c0-1839008ffcad","typename":"Ruidos y contaminación"},{"id":"b41841be-14eb-48a2-83c3-91f4ab6ec029","typename":"Problemas de seguridad"},{"id":"c9aec491-50f3-403e-a51e-204c0bb9d4f5","typename":"Problemas de iluminación"},{"id":"0202cb87-b934-48e8-994e-aa49619cc35e","typename":"Problemas de servicios en línea"}],"model":"TypeClaimModels/getAll"},"timestamp":"2023-08-15 18:33:37"}
{"level":"info","message":{"body":{},"method":"POST","params":"","query":"","url":"/api/typeClaim/getAll"},"timestamp":"2023-08-15 18:33:50"}
{"level":"info","message":{"data":[{"id":"05269505-b463-425a-b5f2-44b201d617ed","typename":"Servicios públicos"},{"id":"28af3e1d-8af8-47fc-b631-1ac3845e8f14","typename":"Infraestructura y obras públicas"},{"id":"7cc4a9e1-dc6e-4fcb-9475-bc052daad2f7","typename":"Transporte público"},{"id":"280888bb-56af-4bc3-ba07-a1f571dfe30b","typename":"Licencias y permisos"},{"id":"3091e865-f7a9-45b7-b9c0-1839008ffcad","typename":"Ruidos y contaminación"},{"id":"b41841be-14eb-48a2-83c3-91f4ab6ec029","typename":"Problemas de seguridad"},{"id":"c9aec491-50f3-403e-a51e-204c0bb9d4f5","typename":"Problemas de iluminación"},{"id":"0202cb87-b934-48e8-994e-aa49619cc35e","typename":"Problemas de servicios en línea"}],"model":"TypeClaimModels/getAll"},"timestamp":"2023-08-15 18:33:51"}
{"level":"info","message":{"body":{},"method":"POST","params":"","query":"","url":"/api/typeClaim/getAll"},"timestamp":"2023-08-15 18:34:17"}
{"level":"error","message":{"error":"Connection terminated unexpectedly","model":"TypeClaimModels/getAll"},"timestamp":"2023-08-15 18:34:18"}
{"level":"info","message":{"body":{},"method":"POST","params":"","query":"","url":"/api/typeClaim/getAll"},"timestamp":"2023-08-15 18:35:48"}
{"level":"info","message":{"data":[{"id":"05269505-b463-425a-b5f2-44b201d617ed","typename":"Servicios públicos"},{"id":"28af3e1d-8af8-47fc-b631-1ac3845e8f14","typename":"Infraestructura y obras públicas"},{"id":"7cc4a9e1-dc6e-4fcb-9475-bc052daad2f7","typename":"Transporte público"},{"id":"280888bb-56af-4bc3-ba07-a1f571dfe30b","typename":"Licencias y permisos"},{"id":"3091e865-f7a9-45b7-b9c0-1839008ffcad","typename":"Ruidos y contaminación"},{"id":"b41841be-14eb-48a2-83c3-91f4ab6ec029","typename":"Problemas de seguridad"},{"id":"c9aec491-50f3-403e-a51e-204c0bb9d4f5","typename":"Problemas de iluminación"},{"id":"0202cb87-b934-48e8-994e-aa49619cc35e","typename":"Problemas de servicios en línea"}],"model":"TypeClaimModels/getAll"},"timestamp":"2023-08-15 18:35:49"}
{"level":"info","message":{"body":{},"method":"POST","params":"","query":"","url":"/api/typeClaim/getAll"},"timestamp":"2023-08-15 18:36:03"}
{"level":"info","message":{"body":{},"method":"POST","params":"","query":"","url":"/api/typeClaim/getAll"},"timestamp":"2023-08-15 18:36:03"}
{"level":"info","message":{"data":[{"id":"05269505-b463-425a-b5f2-44b201d617ed","typename":"Servicios públicos"},{"id":"28af3e1d-8af8-47fc-b631-1ac3845e8f14","typename":"Infraestructura y obras públicas"},{"id":"7cc4a9e1-dc6e-4fcb-9475-bc052daad2f7","typename":"Transporte público"},{"id":"280888bb-56af-4bc3-ba07-a1f571dfe30b","typename":"Licencias y permisos"},{"id":"3091e865-f7a9-45b7-b9c0-1839008ffcad","typename":"Ruidos y contaminación"},{"id":"b41841be-14eb-48a2-83c3-91f4ab6ec029","typename":"Problemas de seguridad"},{"id":"c9aec491-50f3-403e-a51e-204c0bb9d4f5","typename":"Problemas de iluminación"},{"id":"0202cb87-b934-48e8-994e-aa49619cc35e","typename":"Problemas de servicios en línea"}],"model":"TypeClaimModels/getAll"},"timestamp":"2023-08-15 18:36:04"}
{"level":"info","message":{"data":[{"id":"05269505-b463-425a-b5f2-44b201d617ed","typename":"Servicios públicos"},{"id":"28af3e1d-8af8-47fc-b631-1ac3845e8f14","typename":"Infraestructura y obras públicas"},{"id":"7cc4a9e1-dc6e-4fcb-9475-bc052daad2f7","typename":"Transporte público"},{"id":"280888bb-56af-4bc3-ba07-a1f571dfe30b","typename":"Licencias y permisos"},{"id":"3091e865-f7a9-45b7-b9c0-1839008ffcad","typename":"Ruidos y contaminación"},{"id":"b41841be-14eb-48a2-83c3-91f4ab6ec029","typename":"Problemas de seguridad"},{"id":"c9aec491-50f3-403e-a51e-204c0bb9d4f5","typename":"Problemas de iluminación"},{"id":"0202cb87-b934-48e8-994e-aa49619cc35e","typename":"Problemas de servicios en línea"}],"model":"TypeClaimModels/getAll"},"timestamp":"2023-08-15 18:36:04"}
{"level":"info","message":"API listening port 5400","timestamp":"2023-08-15 19:01:50"}
{"level":"info","message":"Connect Database","timestamp":"2023-08-15 19:01:51"}
{"level":"info","message":{"body":{},"method":"POST","params":"","query":"","url":"/api/typeClaim/getAll"},"timestamp":"2023-08-15 19:01:56"}
{"level":"info","message":{"body":{},"method":"POST","params":"","query":"","url":"/api/typeClaim/getAll"},"timestamp":"2023-08-15 19:01:56"}
{"level":"info","message":{"data":[{"id":"05269505-b463-425a-b5f2-44b201d617ed","typename":"Servicios públicos"},{"id":"28af3e1d-8af8-47fc-b631-1ac3845e8f14","typename":"Infraestructura y obras públicas"},{"id":"7cc4a9e1-dc6e-4fcb-9475-bc052daad2f7","typename":"Transporte público"},{"id":"280888bb-56af-4bc3-ba07-a1f571dfe30b","typename":"Licencias y permisos"},{"id":"3091e865-f7a9-45b7-b9c0-1839008ffcad","typename":"Ruidos y contaminación"},{"id":"b41841be-14eb-48a2-83c3-91f4ab6ec029","typename":"Problemas de seguridad"},{"id":"c9aec491-50f3-403e-a51e-204c0bb9d4f5","typename":"Problemas de iluminación"},{"id":"0202cb87-b934-48e8-994e-aa49619cc35e","typename":"Problemas de servicios en línea"}],"model":"TypeClaimModels/getAll"},"timestamp":"2023-08-15 19:01:57"}
{"level":"info","message":{"data":[{"id":"05269505-b463-425a-b5f2-44b201d617ed","typename":"Servicios públicos"},{"id":"28af3e1d-8af8-47fc-b631-1ac3845e8f14","typename":"Infraestructura y obras públicas"},{"id":"7cc4a9e1-dc6e-4fcb-9475-bc052daad2f7","typename":"Transporte público"},{"id":"280888bb-56af-4bc3-ba07-a1f571dfe30b","typename":"Licencias y permisos"},{"id":"3091e865-f7a9-45b7-b9c0-1839008ffcad","typename":"Ruidos y contaminación"},{"id":"b41841be-14eb-48a2-83c3-91f4ab6ec029","typename":"Problemas de seguridad"},{"id":"c9aec491-50f3-403e-a51e-204c0bb9d4f5","typename":"Problemas de iluminación"},{"id":"0202cb87-b934-48e8-994e-aa49619cc35e","typename":"Problemas de servicios en línea"}],"model":"TypeClaimModels/getAll"},"timestamp":"2023-08-15 19:01:57"}
{"level":"info","message":"API listening port 5400","timestamp":"2023-08-15 20:05:20"}
{"level":"info","message":"Connect Database","timestamp":"2023-08-15 20:05:21"}
{"level":"info","message":{"body":{},"method":"POST","params":"","query":"","url":"/api/typeClaim/getAll"},"timestamp":"2023-08-15 20:05:24"}
{"level":"info","message":{"body":{},"method":"POST","params":"","query":"","url":"/api/typeClaim/getAll"},"timestamp":"2023-08-15 20:05:24"}
{"level":"info","message":{"data":[{"id":"05269505-b463-425a-b5f2-44b201d617ed","typename":"Servicios públicos"},{"id":"28af3e1d-8af8-47fc-b631-1ac3845e8f14","typename":"Infraestructura y obras públicas"},{"id":"7cc4a9e1-dc6e-4fcb-9475-bc052daad2f7","typename":"Transporte público"},{"id":"280888bb-56af-4bc3-ba07-a1f571dfe30b","typename":"Licencias y permisos"},{"id":"3091e865-f7a9-45b7-b9c0-1839008ffcad","typename":"Ruidos y contaminación"},{"id":"b41841be-14eb-48a2-83c3-91f4ab6ec029","typename":"Problemas de seguridad"},{"id":"c9aec491-50f3-403e-a51e-204c0bb9d4f5","typename":"Problemas de iluminación"},{"id":"0202cb87-b934-48e8-994e-aa49619cc35e","typename":"Problemas de servicios en línea"}],"model":"TypeClaimModels/getAll"},"timestamp":"2023-08-15 20:05:25"}
{"level":"info","message":{"data":[{"id":"05269505-b463-425a-b5f2-44b201d617ed","typename":"Servicios públicos"},{"id":"28af3e1d-8af8-47fc-b631-1ac3845e8f14","typename":"Infraestructura y obras públicas"},{"id":"7cc4a9e1-dc6e-4fcb-9475-bc052daad2f7","typename":"Transporte público"},{"id":"280888bb-56af-4bc3-ba07-a1f571dfe30b","typename":"Licencias y permisos"},{"id":"3091e865-f7a9-45b7-b9c0-1839008ffcad","typename":"Ruidos y contaminación"},{"id":"b41841be-14eb-48a2-83c3-91f4ab6ec029","typename":"Problemas de seguridad"},{"id":"c9aec491-50f3-403e-a51e-204c0bb9d4f5","typename":"Problemas de iluminación"},{"id":"0202cb87-b934-48e8-994e-aa49619cc35e","typename":"Problemas de servicios en línea"}],"model":"TypeClaimModels/getAll"},"timestamp":"2023-08-15 20:05:25"}
{"level":"info","message":"API listening port 5400","timestamp":"2023-08-15 20:06:29"}
{"level":"info","message":"Connect Database","timestamp":"2023-08-15 20:06:30"}
{"level":"info","message":"API listening port 5400","timestamp":"2023-08-15 20:06:38"}
{"level":"info","message":"Connect Database","timestamp":"2023-08-15 20:06:39"}
{"level":"info","message":"API listening port 5400","timestamp":"2023-08-15 20:08:42"}
{"level":"info","message":"Connect Database","timestamp":"2023-08-15 20:08:43"}
{"level":"info","message":"API listening port 5400","timestamp":"2023-08-15 20:08:59"}
{"level":"info","message":"Connect Database","timestamp":"2023-08-15 20:09:00"}
{"level":"info","message":"API listening port 5400","timestamp":"2023-08-15 20:09:07"}
{"level":"info","message":"Connect Database","timestamp":"2023-08-15 20:09:08"}
{"level":"info","message":"API listening port 5400","timestamp":"2023-08-15 20:09:28"}
{"level":"info","message":"Connect Database","timestamp":"2023-08-15 20:09:29"}
{"level":"info","message":"API listening port 5400","timestamp":"2023-08-15 20:09:59"}
{"level":"info","message":"Connect Database","timestamp":"2023-08-15 20:09:59"}
{"level":"info","message":"API listening port 5400","timestamp":"2023-08-15 20:10:04"}
{"level":"info","message":"Connect Database","timestamp":"2023-08-15 20:10:05"}
{"level":"info","message":"API listening port 5400","timestamp":"2023-08-15 20:10:07"}
{"level":"info","message":"Connect Database","timestamp":"2023-08-15 20:10:08"}
{"level":"info","message":"API listening port 5400","timestamp":"2023-08-15 20:11:16"}
{"level":"info","message":"Connect Database","timestamp":"2023-08-15 20:11:17"}
{"level":"info","message":"API listening port 5400","timestamp":"2023-08-15 20:11:22"}
{"level":"info","message":"Connect Database","timestamp":"2023-08-15 20:11:23"}
{"level":"info","message":"API listening port 5400","timestamp":"2023-08-15 20:11:27"}
{"level":"info","message":"Connect Database","timestamp":"2023-08-15 20:11:27"}
{"level":"info","message":"API listening port 5400","timestamp":"2023-08-15 20:11:33"}
{"level":"info","message":"Connect Database","timestamp":"2023-08-15 20:11:35"}
{"level":"info","message":"API listening port 5400","timestamp":"2023-08-15 20:11:47"}
{"level":"info","message":"Connect Database","timestamp":"2023-08-15 20:11:48"}
{"level":"info","message":"API listening port 5400","timestamp":"2023-08-15 20:12:19"}
{"level":"info","message":"Connect Database","timestamp":"2023-08-15 20:12:20"}
{"level":"info","message":"API listening port 5400","timestamp":"2023-08-15 20:12:24"}
{"level":"info","message":"Connect Database","timestamp":"2023-08-15 20:12:25"}
{"level":"info","message":"API listening port 5400","timestamp":"2023-08-15 20:12:29"}
{"level":"info","message":"Connect Database","timestamp":"2023-08-15 20:12:29"}
{"level":"info","message":"API listening port 5400","timestamp":"2023-08-15 20:12:35"}
{"level":"info","message":"API listening port 5400","timestamp":"2023-08-15 20:12:37"}
{"level":"info","message":"Connect Database","timestamp":"2023-08-15 20:12:38"}
{"level":"info","message":"API listening port 5400","timestamp":"2023-08-15 20:12:49"}
{"level":"info","message":"Connect Database","timestamp":"2023-08-15 20:12:50"}
{"level":"info","message":"API listening port 5400","timestamp":"2023-08-15 20:13:02"}
{"level":"info","message":"Connect Database","timestamp":"2023-08-15 20:13:03"}
{"level":"info","message":"API listening port 5400","timestamp":"2023-08-15 20:13:15"}
{"level":"info","message":"Connect Database","timestamp":"2023-08-15 20:13:16"}
{"level":"info","message":"API listening port 5400","timestamp":"2023-08-15 20:13:21"}
{"level":"info","message":"Connect Database","timestamp":"2023-08-15 20:13:22"}
{"level":"info","message":"API listening port 5400","timestamp":"2023-08-15 20:13:24"}
{"level":"info","message":"API listening port 5400","timestamp":"2023-08-15 20:13:29"}
{"level":"info","message":"Connect Database","timestamp":"2023-08-15 20:13:29"}
{"level":"info","message":"API listening port 5400","timestamp":"2023-08-15 20:13:36"}
{"level":"info","message":"Connect Database","timestamp":"2023-08-15 20:13:37"}
{"level":"info","message":"API listening port 5400","timestamp":"2023-08-15 20:13:48"}
{"level":"info","message":"Connect Database","timestamp":"2023-08-15 20:13:49"}
{"level":"info","message":"API listening port 5400","timestamp":"2023-08-15 20:14:07"}
{"level":"info","message":"API listening port 5400","timestamp":"2023-08-15 20:14:10"}
{"level":"info","message":"Connect Database","timestamp":"2023-08-15 20:14:11"}
{"level":"info","message":"API listening port 5400","timestamp":"2023-08-15 20:14:14"}
{"level":"info","message":"Connect Database","timestamp":"2023-08-15 20:14:15"}
{"level":"info","message":"API listening port 5400","timestamp":"2023-08-15 20:14:22"}
{"level":"info","message":"Connect Database","timestamp":"2023-08-15 20:14:23"}
{"level":"info","message":"API listening port 5400","timestamp":"2023-08-15 20:14:34"}
{"level":"info","message":"Connect Database","timestamp":"2023-08-15 20:14:35"}
{"level":"info","message":"API listening port 5400","timestamp":"2023-08-15 20:14:42"}
{"level":"info","message":"Connect Database","timestamp":"2023-08-15 20:14:43"}
{"level":"info","message":"API listening port 5400","timestamp":"2023-08-15 20:15:08"}
{"level":"info","message":"Connect Database","timestamp":"2023-08-15 20:15:09"}
{"level":"info","message":"API listening port 5400","timestamp":"2023-08-15 20:15:18"}
{"level":"info","message":"Connect Database","timestamp":"2023-08-15 20:15:19"}
{"level":"info","message":"API listening port 5400","timestamp":"2023-08-15 20:15:29"}
{"level":"info","message":"Connect Database","timestamp":"2023-08-15 20:15:30"}
{"level":"info","message":{"body":{},"method":"POST","params":"","query":"","url":"/api/typeClaim/getAll"},"timestamp":"2023-08-15 20:15:57"}
{"level":"info","message":{"data":[{"id":"05269505-b463-425a-b5f2-44b201d617ed","typename":"Servicios públicos"},{"id":"28af3e1d-8af8-47fc-b631-1ac3845e8f14","typename":"Infraestructura y obras públicas"},{"id":"7cc4a9e1-dc6e-4fcb-9475-bc052daad2f7","typename":"Transporte público"},{"id":"280888bb-56af-4bc3-ba07-a1f571dfe30b","typename":"Licencias y permisos"},{"id":"3091e865-f7a9-45b7-b9c0-1839008ffcad","typename":"Ruidos y contaminación"},{"id":"b41841be-14eb-48a2-83c3-91f4ab6ec029","typename":"Problemas de seguridad"},{"id":"c9aec491-50f3-403e-a51e-204c0bb9d4f5","typename":"Problemas de iluminación"},{"id":"0202cb87-b934-48e8-994e-aa49619cc35e","typename":"Problemas de servicios en línea"}],"model":"TypeClaimModels/getAll"},"timestamp":"2023-08-15 20:15:58"}
{"level":"info","message":{"body":{},"method":"POST","params":"","query":"","url":"/api/typeClaim/getAll"},"timestamp":"2023-08-15 20:16:01"}
{"level":"info","message":{"data":[{"id":"05269505-b463-425a-b5f2-44b201d617ed","typename":"Servicios públicos"},{"id":"28af3e1d-8af8-47fc-b631-1ac3845e8f14","typename":"Infraestructura y obras públicas"},{"id":"7cc4a9e1-dc6e-4fcb-9475-bc052daad2f7","typename":"Transporte público"},{"id":"280888bb-56af-4bc3-ba07-a1f571dfe30b","typename":"Licencias y permisos"},{"id":"3091e865-f7a9-45b7-b9c0-1839008ffcad","typename":"Ruidos y contaminación"},{"id":"b41841be-14eb-48a2-83c3-91f4ab6ec029","typename":"Problemas de seguridad"},{"id":"c9aec491-50f3-403e-a51e-204c0bb9d4f5","typename":"Problemas de iluminación"},{"id":"0202cb87-b934-48e8-994e-aa49619cc35e","typename":"Problemas de servicios en línea"}],"model":"TypeClaimModels/getAll"},"timestamp":"2023-08-15 20:16:01"}
{"level":"info","message":{"body":{},"method":"POST","params":"","query":"","url":"/api/typeClaim/getAll"},"timestamp":"2023-08-15 20:16:12"}
{"level":"info","message":{"data":[{"id":"05269505-b463-425a-b5f2-44b201d617ed","typename":"Servicios públicos"},{"id":"28af3e1d-8af8-47fc-b631-1ac3845e8f14","typename":"Infraestructura y obras públicas"},{"id":"7cc4a9e1-dc6e-4fcb-9475-bc052daad2f7","typename":"Transporte público"},{"id":"280888bb-56af-4bc3-ba07-a1f571dfe30b","typename":"Licencias y permisos"},{"id":"3091e865-f7a9-45b7-b9c0-1839008ffcad","typename":"Ruidos y contaminación"},{"id":"b41841be-14eb-48a2-83c3-91f4ab6ec029","typename":"Problemas de seguridad"},{"id":"c9aec491-50f3-403e-a51e-204c0bb9d4f5","typename":"Problemas de iluminación"},{"id":"0202cb87-b934-48e8-994e-aa49619cc35e","typename":"Problemas de servicios en línea"}],"model":"TypeClaimModels/getAll"},"timestamp":"2023-08-15 20:16:13"}
{"level":"info","message":{"body":{},"method":"POST","params":"","query":"","url":"/api/typeClaim/getAll"},"timestamp":"2023-08-15 20:16:21"}
{"level":"info","message":{"data":[{"id":"05269505-b463-425a-b5f2-44b201d617ed","typename":"Servicios públicos"},{"id":"28af3e1d-8af8-47fc-b631-1ac3845e8f14","typename":"Infraestructura y obras públicas"},{"id":"7cc4a9e1-dc6e-4fcb-9475-bc052daad2f7","typename":"Transporte público"},{"id":"280888bb-56af-4bc3-ba07-a1f571dfe30b","typename":"Licencias y permisos"},{"id":"3091e865-f7a9-45b7-b9c0-1839008ffcad","typename":"Ruidos y contaminación"},{"id":"b41841be-14eb-48a2-83c3-91f4ab6ec029","typename":"Problemas de seguridad"},{"id":"c9aec491-50f3-403e-a51e-204c0bb9d4f5","typename":"Problemas de iluminación"},{"id":"0202cb87-b934-48e8-994e-aa49619cc35e","typename":"Problemas de servicios en línea"}],"model":"TypeClaimModels/getAll"},"timestamp":"2023-08-15 20:16:21"}
{"level":"info","message":{"body":{},"method":"POST","params":"","query":"","url":"/api/typeClaim/getAll"},"timestamp":"2023-08-15 20:16:27"}
{"level":"info","message":{"data":[{"id":"05269505-b463-425a-b5f2-44b201d617ed","typename":"Servicios públicos"},{"id":"28af3e1d-8af8-47fc-b631-1ac3845e8f14","typename":"Infraestructura y obras públicas"},{"id":"7cc4a9e1-dc6e-4fcb-9475-bc052daad2f7","typename":"Transporte público"},{"id":"280888bb-56af-4bc3-ba07-a1f571dfe30b","typename":"Licencias y permisos"},{"id":"3091e865-f7a9-45b7-b9c0-1839008ffcad","typename":"Ruidos y contaminación"},{"id":"b41841be-14eb-48a2-83c3-91f4ab6ec029","typename":"Problemas de seguridad"},{"id":"c9aec491-50f3-403e-a51e-204c0bb9d4f5","typename":"Problemas de iluminación"},{"id":"0202cb87-b934-48e8-994e-aa49619cc35e","typename":"Problemas de servicios en línea"}],"model":"TypeClaimModels/getAll"},"timestamp":"2023-08-15 20:16:28"}
{"level":"info","message":{"body":{},"method":"POST","params":"","query":"","url":"/api/typeClaim/getAll"},"timestamp":"2023-08-15 20:16:29"}
{"level":"info","message":{"data":[{"id":"05269505-b463-425a-b5f2-44b201d617ed","typename":"Servicios públicos"},{"id":"28af3e1d-8af8-47fc-b631-1ac3845e8f14","typename":"Infraestructura y obras públicas"},{"id":"7cc4a9e1-dc6e-4fcb-9475-bc052daad2f7","typename":"Transporte público"},{"id":"280888bb-56af-4bc3-ba07-a1f571dfe30b","typename":"Licencias y permisos"},{"id":"3091e865-f7a9-45b7-b9c0-1839008ffcad","typename":"Ruidos y contaminación"},{"id":"b41841be-14eb-48a2-83c3-91f4ab6ec029","typename":"Problemas de seguridad"},{"id":"c9aec491-50f3-403e-a51e-204c0bb9d4f5","typename":"Problemas de iluminación"},{"id":"0202cb87-b934-48e8-994e-aa49619cc35e","typename":"Problemas de servicios en línea"}],"model":"TypeClaimModels/getAll"},"timestamp":"2023-08-15 20:16:29"}
{"level":"info","message":{"body":{},"method":"POST","params":"","query":"","url":"/api/typeClaim/getAll"},"timestamp":"2023-08-15 20:18:20"}
{"level":"info","message":{"data":[{"id":"05269505-b463-425a-b5f2-44b201d617ed","typename":"Servicios públicos"},{"id":"28af3e1d-8af8-47fc-b631-1ac3845e8f14","typename":"Infraestructura y obras públicas"},{"id":"7cc4a9e1-dc6e-4fcb-9475-bc052daad2f7","typename":"Transporte público"},{"id":"280888bb-56af-4bc3-ba07-a1f571dfe30b","typename":"Licencias y permisos"},{"id":"3091e865-f7a9-45b7-b9c0-1839008ffcad","typename":"Ruidos y contaminación"},{"id":"b41841be-14eb-48a2-83c3-91f4ab6ec029","typename":"Problemas de seguridad"},{"id":"c9aec491-50f3-403e-a51e-204c0bb9d4f5","typename":"Problemas de iluminación"},{"id":"0202cb87-b934-48e8-994e-aa49619cc35e","typename":"Problemas de servicios en línea"}],"model":"TypeClaimModels/getAll"},"timestamp":"2023-08-15 20:18:21"}
{"level":"info","message":{"body":{},"method":"POST","params":"","query":"","url":"/api/typeClaim/getAll"},"timestamp":"2023-08-15 20:18:23"}
{"level":"info","message":{"data":[{"id":"05269505-b463-425a-b5f2-44b201d617ed","typename":"Servicios públicos"},{"id":"28af3e1d-8af8-47fc-b631-1ac3845e8f14","typename":"Infraestructura y obras públicas"},{"id":"7cc4a9e1-dc6e-4fcb-9475-bc052daad2f7","typename":"Transporte público"},{"id":"280888bb-56af-4bc3-ba07-a1f571dfe30b","typename":"Licencias y permisos"},{"id":"3091e865-f7a9-45b7-b9c0-1839008ffcad","typename":"Ruidos y contaminación"},{"id":"b41841be-14eb-48a2-83c3-91f4ab6ec029","typename":"Problemas de seguridad"},{"id":"c9aec491-50f3-403e-a51e-204c0bb9d4f5","typename":"Problemas de iluminación"},{"id":"0202cb87-b934-48e8-994e-aa49619cc35e","typename":"Problemas de servicios en línea"}],"model":"TypeClaimModels/getAll"},"timestamp":"2023-08-15 20:18:23"}
{"level":"info","message":{"body":{},"method":"POST","params":"","query":"","url":"/api/typeClaim/getAll"},"timestamp":"2023-08-15 20:18:50"}
{"level":"info","message":{"data":[{"id":"05269505-b463-425a-b5f2-44b201d617ed","typename":"Servicios públicos"},{"id":"28af3e1d-8af8-47fc-b631-1ac3845e8f14","typename":"Infraestructura y obras públicas"},{"id":"7cc4a9e1-dc6e-4fcb-9475-bc052daad2f7","typename":"Transporte público"},{"id":"280888bb-56af-4bc3-ba07-a1f571dfe30b","typename":"Licencias y permisos"},{"id":"3091e865-f7a9-45b7-b9c0-1839008ffcad","typename":"Ruidos y contaminación"},{"id":"b41841be-14eb-48a2-83c3-91f4ab6ec029","typename":"Problemas de seguridad"},{"id":"c9aec491-50f3-403e-a51e-204c0bb9d4f5","typename":"Problemas de iluminación"},{"id":"0202cb87-b934-48e8-994e-aa49619cc35e","typename":"Problemas de servicios en línea"}],"model":"TypeClaimModels/getAll"},"timestamp":"2023-08-15 20:18:51"}
{"level":"info","message":{"body":{},"method":"POST","params":"","query":"","url":"/api/typeClaim/getAll"},"timestamp":"2023-08-15 20:20:59"}
{"level":"info","message":{"body":{},"method":"POST","params":"","query":"","url":"/api/typeClaim/getAll"},"timestamp":"2023-08-15 20:21:00"}
{"level":"info","message":{"data":[{"id":"05269505-b463-425a-b5f2-44b201d617ed","typename":"Servicios públicos"},{"id":"28af3e1d-8af8-47fc-b631-1ac3845e8f14","typename":"Infraestructura y obras públicas"},{"id":"7cc4a9e1-dc6e-4fcb-9475-bc052daad2f7","typename":"Transporte público"},{"id":"280888bb-56af-4bc3-ba07-a1f571dfe30b","typename":"Licencias y permisos"},{"id":"3091e865-f7a9-45b7-b9c0-1839008ffcad","typename":"Ruidos y contaminación"},{"id":"b41841be-14eb-48a2-83c3-91f4ab6ec029","typename":"Problemas de seguridad"},{"id":"c9aec491-50f3-403e-a51e-204c0bb9d4f5","typename":"Problemas de iluminación"},{"id":"0202cb87-b934-48e8-994e-aa49619cc35e","typename":"Problemas de servicios en línea"}],"model":"TypeClaimModels/getAll"},"timestamp":"2023-08-15 20:21:01"}
{"level":"info","message":{"data":[{"id":"05269505-b463-425a-b5f2-44b201d617ed","typename":"Servicios públicos"},{"id":"28af3e1d-8af8-47fc-b631-1ac3845e8f14","typename":"Infraestructura y obras públicas"},{"id":"7cc4a9e1-dc6e-4fcb-9475-bc052daad2f7","typename":"Transporte público"},{"id":"280888bb-56af-4bc3-ba07-a1f571dfe30b","typename":"Licencias y permisos"},{"id":"3091e865-f7a9-45b7-b9c0-1839008ffcad","typename":"Ruidos y contaminación"},{"id":"b41841be-14eb-48a2-83c3-91f4ab6ec029","typename":"Problemas de seguridad"},{"id":"c9aec491-50f3-403e-a51e-204c0bb9d4f5","typename":"Problemas de iluminación"},{"id":"0202cb87-b934-48e8-994e-aa49619cc35e","typename":"Problemas de servicios en línea"}],"model":"TypeClaimModels/getAll"},"timestamp":"2023-08-15 20:21:01"}
{"level":"info","message":"API listening port 5400","timestamp":"2023-08-15 20:30:25"}
{"level":"info","message":"Connect Database","timestamp":"2023-08-15 20:30:26"}
{"level":"info","message":{"body":{"typename":"Mi nuevo tipo"},"method":"POST","params":"","query":"","url":"/api/typeClaim/create"},"timestamp":"2023-08-15 20:30:37"}
{"level":"info","message":{"data":{"id":"27f122a6-fda2-49be-a5e1-64de8f31873c","typename":"Mi nuevo tipo"},"model":"TypeClaimModels/create"},"timestamp":"2023-08-15 20:30:40"}
{"level":"info","message":{"body":{"typename":"Mi nuevo tipo"},"method":"POST","params":"","query":"","url":"/api/typeClaim/create"},"timestamp":"2023-08-15 20:30:41"}
{"level":"info","message":{"data":{"id":"027d280c-b0a1-4a12-958a-dcfd45e2e0f7","typename":"Mi nuevo tipo"},"model":"TypeClaimModels/create"},"timestamp":"2023-08-15 20:30:41"}
{"level":"info","message":{"body":{"typename":"Mi nuevo tipo"},"method":"POST","params":"","query":"","url":"/api/typeClaim/create"},"timestamp":"2023-08-15 20:30:42"}
{"level":"info","message":{"data":{"id":"c73e5f42-6676-4954-a876-4d6ecdc585f1","typename":"Mi nuevo tipo"},"model":"TypeClaimModels/create"},"timestamp":"2023-08-15 20:30:42"}
{"level":"info","message":{"body":{},"method":"POST","params":"","query":"","url":"/api/typeClaim/getAll"},"timestamp":"2023-08-15 20:30:58"}
{"level":"info","message":{"body":{},"method":"POST","params":"","query":"","url":"/api/typeClaim/getAll"},"timestamp":"2023-08-15 20:30:58"}
{"level":"info","message":{"data":[{"id":"05269505-b463-425a-b5f2-44b201d617ed","typename":"Servicios públicos"},{"id":"28af3e1d-8af8-47fc-b631-1ac3845e8f14","typename":"Infraestructura y obras públicas"},{"id":"7cc4a9e1-dc6e-4fcb-9475-bc052daad2f7","typename":"Transporte público"},{"id":"280888bb-56af-4bc3-ba07-a1f571dfe30b","typename":"Licencias y permisos"},{"id":"3091e865-f7a9-45b7-b9c0-1839008ffcad","typename":"Ruidos y contaminación"},{"id":"b41841be-14eb-48a2-83c3-91f4ab6ec029","typename":"Problemas de seguridad"},{"id":"c9aec491-50f3-403e-a51e-204c0bb9d4f5","typename":"Problemas de iluminación"},{"id":"0202cb87-b934-48e8-994e-aa49619cc35e","typename":"Problemas de servicios en línea"},{"id":"27f122a6-fda2-49be-a5e1-64de8f31873c","typename":"Mi nuevo tipo"},{"id":"027d280c-b0a1-4a12-958a-dcfd45e2e0f7","typename":"Mi nuevo tipo"},{"id":"c73e5f42-6676-4954-a876-4d6ecdc585f1","typename":"Mi nuevo tipo"}],"model":"TypeClaimModels/getAll"},"timestamp":"2023-08-15 20:30:59"}
{"level":"info","message":{"data":[{"id":"05269505-b463-425a-b5f2-44b201d617ed","typename":"Servicios públicos"},{"id":"28af3e1d-8af8-47fc-b631-1ac3845e8f14","typename":"Infraestructura y obras públicas"},{"id":"7cc4a9e1-dc6e-4fcb-9475-bc052daad2f7","typename":"Transporte público"},{"id":"280888bb-56af-4bc3-ba07-a1f571dfe30b","typename":"Licencias y permisos"},{"id":"3091e865-f7a9-45b7-b9c0-1839008ffcad","typename":"Ruidos y contaminación"},{"id":"b41841be-14eb-48a2-83c3-91f4ab6ec029","typename":"Problemas de seguridad"},{"id":"c9aec491-50f3-403e-a51e-204c0bb9d4f5","typename":"Problemas de iluminación"},{"id":"0202cb87-b934-48e8-994e-aa49619cc35e","typename":"Problemas de servicios en línea"},{"id":"27f122a6-fda2-49be-a5e1-64de8f31873c","typename":"Mi nuevo tipo"},{"id":"027d280c-b0a1-4a12-958a-dcfd45e2e0f7","typename":"Mi nuevo tipo"},{"id":"c73e5f42-6676-4954-a876-4d6ecdc585f1","typename":"Mi nuevo tipo"}],"model":"TypeClaimModels/getAll"},"timestamp":"2023-08-15 20:30:59"}
{"level":"info","message":{"body":{},"method":"POST","params":"","query":"","url":"/api/typeClaim/getAll"},"timestamp":"2023-08-15 20:31:10"}
{"level":"info","message":{"data":[{"id":"05269505-b463-425a-b5f2-44b201d617ed","typename":"Servicios públicos"},{"id":"28af3e1d-8af8-47fc-b631-1ac3845e8f14","typename":"Infraestructura y obras públicas"},{"id":"7cc4a9e1-dc6e-4fcb-9475-bc052daad2f7","typename":"Transporte público"},{"id":"280888bb-56af-4bc3-ba07-a1f571dfe30b","typename":"Licencias y permisos"},{"id":"3091e865-f7a9-45b7-b9c0-1839008ffcad","typename":"Ruidos y contaminación"},{"id":"b41841be-14eb-48a2-83c3-91f4ab6ec029","typename":"Problemas de seguridad"},{"id":"c9aec491-50f3-403e-a51e-204c0bb9d4f5","typename":"Problemas de iluminación"},{"id":"0202cb87-b934-48e8-994e-aa49619cc35e","typename":"Problemas de servicios en línea"},{"id":"27f122a6-fda2-49be-a5e1-64de8f31873c","typename":"Mi nuevo tipo"},{"id":"027d280c-b0a1-4a12-958a-dcfd45e2e0f7","typename":"Mi nuevo tipo"},{"id":"c73e5f42-6676-4954-a876-4d6ecdc585f1","typename":"Mi nuevo tipo"}],"model":"TypeClaimModels/getAll"},"timestamp":"2023-08-15 20:31:11"}
{"level":"info","message":{"body":{},"method":"POST","params":"","query":"","url":"/api/typeClaim/getAll"},"timestamp":"2023-08-15 20:31:12"}
{"level":"info","message":{"data":[{"id":"05269505-b463-425a-b5f2-44b201d617ed","typename":"Servicios públicos"},{"id":"28af3e1d-8af8-47fc-b631-1ac3845e8f14","typename":"Infraestructura y obras públicas"},{"id":"7cc4a9e1-dc6e-4fcb-9475-bc052daad2f7","typename":"Transporte público"},{"id":"280888bb-56af-4bc3-ba07-a1f571dfe30b","typename":"Licencias y permisos"},{"id":"3091e865-f7a9-45b7-b9c0-1839008ffcad","typename":"Ruidos y contaminación"},{"id":"b41841be-14eb-48a2-83c3-91f4ab6ec029","typename":"Problemas de seguridad"},{"id":"c9aec491-50f3-403e-a51e-204c0bb9d4f5","typename":"Problemas de iluminación"},{"id":"0202cb87-b934-48e8-994e-aa49619cc35e","typename":"Problemas de servicios en línea"},{"id":"27f122a6-fda2-49be-a5e1-64de8f31873c","typename":"Mi nuevo tipo"},{"id":"027d280c-b0a1-4a12-958a-dcfd45e2e0f7","typename":"Mi nuevo tipo"},{"id":"c73e5f42-6676-4954-a876-4d6ecdc585f1","typename":"Mi nuevo tipo"}],"model":"TypeClaimModels/getAll"},"timestamp":"2023-08-15 20:31:12"}
{"level":"info","message":{"body":{},"method":"POST","params":"","query":"","url":"/api/typeClaim/getAll"},"timestamp":"2023-08-15 20:31:31"}
{"level":"info","message":{"body":{},"method":"POST","params":"","query":"","url":"/api/typeClaim/getAll"},"timestamp":"2023-08-15 20:31:31"}
{"level":"info","message":{"data":[{"id":"05269505-b463-425a-b5f2-44b201d617ed","typename":"Servicios públicos"},{"id":"28af3e1d-8af8-47fc-b631-1ac3845e8f14","typename":"Infraestructura y obras públicas"},{"id":"7cc4a9e1-dc6e-4fcb-9475-bc052daad2f7","typename":"Transporte público"},{"id":"280888bb-56af-4bc3-ba07-a1f571dfe30b","typename":"Licencias y permisos"},{"id":"3091e865-f7a9-45b7-b9c0-1839008ffcad","typename":"Ruidos y contaminación"},{"id":"b41841be-14eb-48a2-83c3-91f4ab6ec029","typename":"Problemas de seguridad"},{"id":"c9aec491-50f3-403e-a51e-204c0bb9d4f5","typename":"Problemas de iluminación"},{"id":"0202cb87-b934-48e8-994e-aa49619cc35e","typename":"Problemas de servicios en línea"},{"id":"27f122a6-fda2-49be-a5e1-64de8f31873c","typename":"Mi nuevo tipo"},{"id":"027d280c-b0a1-4a12-958a-dcfd45e2e0f7","typename":"Mi nuevo tipo"},{"id":"c73e5f42-6676-4954-a876-4d6ecdc585f1","typename":"Mi nuevo tipo"}],"model":"TypeClaimModels/getAll"},"timestamp":"2023-08-15 20:31:32"}
{"level":"info","message":{"data":[{"id":"05269505-b463-425a-b5f2-44b201d617ed","typename":"Servicios públicos"},{"id":"28af3e1d-8af8-47fc-b631-1ac3845e8f14","typename":"Infraestructura y obras públicas"},{"id":"7cc4a9e1-dc6e-4fcb-9475-bc052daad2f7","typename":"Transporte público"},{"id":"280888bb-56af-4bc3-ba07-a1f571dfe30b","typename":"Licencias y permisos"},{"id":"3091e865-f7a9-45b7-b9c0-1839008ffcad","typename":"Ruidos y contaminación"},{"id":"b41841be-14eb-48a2-83c3-91f4ab6ec029","typename":"Problemas de seguridad"},{"id":"c9aec491-50f3-403e-a51e-204c0bb9d4f5","typename":"Problemas de iluminación"},{"id":"0202cb87-b934-48e8-994e-aa49619cc35e","typename":"Problemas de servicios en línea"},{"id":"27f122a6-fda2-49be-a5e1-64de8f31873c","typename":"Mi nuevo tipo"},{"id":"027d280c-b0a1-4a12-958a-dcfd45e2e0f7","typename":"Mi nuevo tipo"},{"id":"c73e5f42-6676-4954-a876-4d6ecdc585f1","typename":"Mi nuevo tipo"}],"model":"TypeClaimModels/getAll"},"timestamp":"2023-08-15 20:31:32"}
{"level":"info","message":{"body":{},"method":"POST","params":"","query":"","url":"/api/typeClaim/getAll"},"timestamp":"2023-08-15 20:32:50"}
{"level":"info","message":{"body":{},"method":"POST","params":"","query":"","url":"/api/typeClaim/getAll"},"timestamp":"2023-08-15 20:32:51"}
{"level":"info","message":{"data":[{"id":"05269505-b463-425a-b5f2-44b201d617ed","typename":"Servicios públicos"},{"id":"28af3e1d-8af8-47fc-b631-1ac3845e8f14","typename":"Infraestructura y obras públicas"},{"id":"7cc4a9e1-dc6e-4fcb-9475-bc052daad2f7","typename":"Transporte público"},{"id":"280888bb-56af-4bc3-ba07-a1f571dfe30b","typename":"Licencias y permisos"},{"id":"3091e865-f7a9-45b7-b9c0-1839008ffcad","typename":"Ruidos y contaminación"},{"id":"b41841be-14eb-48a2-83c3-91f4ab6ec029","typename":"Problemas de seguridad"},{"id":"c9aec491-50f3-403e-a51e-204c0bb9d4f5","typename":"Problemas de iluminación"},{"id":"0202cb87-b934-48e8-994e-aa49619cc35e","typename":"Problemas de servicios en línea"},{"id":"27f122a6-fda2-49be-a5e1-64de8f31873c","typename":"Mi nuevo tipo"},{"id":"027d280c-b0a1-4a12-958a-dcfd45e2e0f7","typename":"Mi nuevo tipo"},{"id":"c73e5f42-6676-4954-a876-4d6ecdc585f1","typename":"Mi nuevo tipo"}],"model":"TypeClaimModels/getAll"},"timestamp":"2023-08-15 20:32:51"}
{"level":"info","message":{"data":[{"id":"05269505-b463-425a-b5f2-44b201d617ed","typename":"Servicios públicos"},{"id":"28af3e1d-8af8-47fc-b631-1ac3845e8f14","typename":"Infraestructura y obras públicas"},{"id":"7cc4a9e1-dc6e-4fcb-9475-bc052daad2f7","typename":"Transporte público"},{"id":"280888bb-56af-4bc3-ba07-a1f571dfe30b","typename":"Licencias y permisos"},{"id":"3091e865-f7a9-45b7-b9c0-1839008ffcad","typename":"Ruidos y contaminación"},{"id":"b41841be-14eb-48a2-83c3-91f4ab6ec029","typename":"Problemas de seguridad"},{"id":"c9aec491-50f3-403e-a51e-204c0bb9d4f5","typename":"Problemas de iluminación"},{"id":"0202cb87-b934-48e8-994e-aa49619cc35e","typename":"Problemas de servicios en línea"},{"id":"27f122a6-fda2-49be-a5e1-64de8f31873c","typename":"Mi nuevo tipo"},{"id":"027d280c-b0a1-4a12-958a-dcfd45e2e0f7","typename":"Mi nuevo tipo"},{"id":"c73e5f42-6676-4954-a876-4d6ecdc585f1","typename":"Mi nuevo tipo"}],"model":"TypeClaimModels/getAll"},"timestamp":"2023-08-15 20:32:58"}
{"level":"info","message":{"body":{"id":"027d280c-b0a1-4a12-958a-dcfd45e2e0f7","typename":"Mi nuevo tipo 2"},"method":"POST","params":"","query":"","url":"/api/typeClaim/update"},"timestamp":"2023-08-15 20:33:10"}
{"level":"info","message":{"data":{"id":"027d280c-b0a1-4a12-958a-dcfd45e2e0f7","typename":"Mi nuevo tipo 2"},"model":"TypeClaimModels/update"},"timestamp":"2023-08-15 20:33:11"}
{"level":"info","message":{"body":{},"method":"POST","params":"","query":"","url":"/api/typeClaim/getAll"},"timestamp":"2023-08-15 20:33:33"}
{"level":"info","message":{"data":[{"id":"05269505-b463-425a-b5f2-44b201d617ed","typename":"Servicios públicos"},{"id":"28af3e1d-8af8-47fc-b631-1ac3845e8f14","typename":"Infraestructura y obras públicas"},{"id":"7cc4a9e1-dc6e-4fcb-9475-bc052daad2f7","typename":"Transporte público"},{"id":"280888bb-56af-4bc3-ba07-a1f571dfe30b","typename":"Licencias y permisos"},{"id":"3091e865-f7a9-45b7-b9c0-1839008ffcad","typename":"Ruidos y contaminación"},{"id":"b41841be-14eb-48a2-83c3-91f4ab6ec029","typename":"Problemas de seguridad"},{"id":"c9aec491-50f3-403e-a51e-204c0bb9d4f5","typename":"Problemas de iluminación"},{"id":"0202cb87-b934-48e8-994e-aa49619cc35e","typename":"Problemas de servicios en línea"},{"id":"27f122a6-fda2-49be-a5e1-64de8f31873c","typename":"Mi nuevo tipo"},{"id":"c73e5f42-6676-4954-a876-4d6ecdc585f1","typename":"Mi nuevo tipo"},{"id":"027d280c-b0a1-4a12-958a-dcfd45e2e0f7","typename":"Mi nuevo tipo 2"}],"model":"TypeClaimModels/getAll"},"timestamp":"2023-08-15 20:33:34"}
{"level":"info","message":{"body":{},"method":"POST","params":"","query":"","url":"/api/typeClaim/getAll"},"timestamp":"2023-08-15 20:33:34"}
{"level":"info","message":{"data":[{"id":"05269505-b463-425a-b5f2-44b201d617ed","typename":"Servicios públicos"},{"id":"28af3e1d-8af8-47fc-b631-1ac3845e8f14","typename":"Infraestructura y obras públicas"},{"id":"7cc4a9e1-dc6e-4fcb-9475-bc052daad2f7","typename":"Transporte público"},{"id":"280888bb-56af-4bc3-ba07-a1f571dfe30b","typename":"Licencias y permisos"},{"id":"3091e865-f7a9-45b7-b9c0-1839008ffcad","typename":"Ruidos y contaminación"},{"id":"b41841be-14eb-48a2-83c3-91f4ab6ec029","typename":"Problemas de seguridad"},{"id":"c9aec491-50f3-403e-a51e-204c0bb9d4f5","typename":"Problemas de iluminación"},{"id":"0202cb87-b934-48e8-994e-aa49619cc35e","typename":"Problemas de servicios en línea"},{"id":"27f122a6-fda2-49be-a5e1-64de8f31873c","typename":"Mi nuevo tipo"},{"id":"c73e5f42-6676-4954-a876-4d6ecdc585f1","typename":"Mi nuevo tipo"},{"id":"027d280c-b0a1-4a12-958a-dcfd45e2e0f7","typename":"Mi nuevo tipo 2"}],"model":"TypeClaimModels/getAll"},"timestamp":"2023-08-15 20:33:34"}
{"level":"info","message":{"body":{},"method":"POST","params":"","query":"","url":"/api/typeClaim/getAll"},"timestamp":"2023-08-15 20:33:40"}
{"level":"info","message":{"body":{},"method":"POST","params":"","query":"","url":"/api/typeClaim/getAll"},"timestamp":"2023-08-15 20:33:40"}
{"level":"info","message":{"data":[{"id":"05269505-b463-425a-b5f2-44b201d617ed","typename":"Servicios públicos"},{"id":"28af3e1d-8af8-47fc-b631-1ac3845e8f14","typename":"Infraestructura y obras públicas"},{"id":"7cc4a9e1-dc6e-4fcb-9475-bc052daad2f7","typename":"Transporte público"},{"id":"280888bb-56af-4bc3-ba07-a1f571dfe30b","typename":"Licencias y permisos"},{"id":"3091e865-f7a9-45b7-b9c0-1839008ffcad","typename":"Ruidos y contaminación"},{"id":"b41841be-14eb-48a2-83c3-91f4ab6ec029","typename":"Problemas de seguridad"},{"id":"c9aec491-50f3-403e-a51e-204c0bb9d4f5","typename":"Problemas de iluminación"},{"id":"0202cb87-b934-48e8-994e-aa49619cc35e","typename":"Problemas de servicios en línea"},{"id":"27f122a6-fda2-49be-a5e1-64de8f31873c","typename":"Mi nuevo tipo"},{"id":"c73e5f42-6676-4954-a876-4d6ecdc585f1","typename":"Mi nuevo tipo"},{"id":"027d280c-b0a1-4a12-958a-dcfd45e2e0f7","typename":"Mi nuevo tipo 2"}],"model":"TypeClaimModels/getAll"},"timestamp":"2023-08-15 20:33:40"}
{"level":"info","message":{"data":[{"id":"05269505-b463-425a-b5f2-44b201d617ed","typename":"Servicios públicos"},{"id":"28af3e1d-8af8-47fc-b631-1ac3845e8f14","typename":"Infraestructura y obras públicas"},{"id":"7cc4a9e1-dc6e-4fcb-9475-bc052daad2f7","typename":"Transporte público"},{"id":"280888bb-56af-4bc3-ba07-a1f571dfe30b","typename":"Licencias y permisos"},{"id":"3091e865-f7a9-45b7-b9c0-1839008ffcad","typename":"Ruidos y contaminación"},{"id":"b41841be-14eb-48a2-83c3-91f4ab6ec029","typename":"Problemas de seguridad"},{"id":"c9aec491-50f3-403e-a51e-204c0bb9d4f5","typename":"Problemas de iluminación"},{"id":"0202cb87-b934-48e8-994e-aa49619cc35e","typename":"Problemas de servicios en línea"},{"id":"27f122a6-fda2-49be-a5e1-64de8f31873c","typename":"Mi nuevo tipo"},{"id":"c73e5f42-6676-4954-a876-4d6ecdc585f1","typename":"Mi nuevo tipo"},{"id":"027d280c-b0a1-4a12-958a-dcfd45e2e0f7","typename":"Mi nuevo tipo 2"}],"model":"TypeClaimModels/getAll"},"timestamp":"2023-08-15 20:33:41"}
{"level":"info","message":{"body":{"id":"027d280c-b0a1-4a12-958a-dcfd45e2e0f7","typename":"Mi nuevo tipo mi nuevo valor"},"method":"POST","params":"","query":"","url":"/api/typeClaim/update"},"timestamp":"2023-08-15 20:33:47"}
{"level":"info","message":{"data":{"id":"027d280c-b0a1-4a12-958a-dcfd45e2e0f7","typename":"Mi nuevo tipo mi nuevo valor"},"model":"TypeClaimModels/update"},"timestamp":"2023-08-15 20:33:47"}
{"level":"info","message":{"body":{},"method":"POST","params":"","query":"","url":"/api/typeClaim/getAll"},"timestamp":"2023-08-15 20:33:50"}
{"level":"info","message":{"body":{},"method":"POST","params":"","query":"","url":"/api/typeClaim/getAll"},"timestamp":"2023-08-15 20:33:50"}
{"level":"info","message":{"data":[{"id":"05269505-b463-425a-b5f2-44b201d617ed","typename":"Servicios públicos"},{"id":"28af3e1d-8af8-47fc-b631-1ac3845e8f14","typename":"Infraestructura y obras públicas"},{"id":"7cc4a9e1-dc6e-4fcb-9475-bc052daad2f7","typename":"Transporte público"},{"id":"280888bb-56af-4bc3-ba07-a1f571dfe30b","typename":"Licencias y permisos"},{"id":"3091e865-f7a9-45b7-b9c0-1839008ffcad","typename":"Ruidos y contaminación"},{"id":"b41841be-14eb-48a2-83c3-91f4ab6ec029","typename":"Problemas de seguridad"},{"id":"c9aec491-50f3-403e-a51e-204c0bb9d4f5","typename":"Problemas de iluminación"},{"id":"0202cb87-b934-48e8-994e-aa49619cc35e","typename":"Problemas de servicios en línea"},{"id":"27f122a6-fda2-49be-a5e1-64de8f31873c","typename":"Mi nuevo tipo"},{"id":"c73e5f42-6676-4954-a876-4d6ecdc585f1","typename":"Mi nuevo tipo"},{"id":"027d280c-b0a1-4a12-958a-dcfd45e2e0f7","typename":"Mi nuevo tipo mi nuevo valor"}],"model":"TypeClaimModels/getAll"},"timestamp":"2023-08-15 20:33:50"}
{"level":"info","message":{"data":[{"id":"05269505-b463-425a-b5f2-44b201d617ed","typename":"Servicios públicos"},{"id":"28af3e1d-8af8-47fc-b631-1ac3845e8f14","typename":"Infraestructura y obras públicas"},{"id":"7cc4a9e1-dc6e-4fcb-9475-bc052daad2f7","typename":"Transporte público"},{"id":"280888bb-56af-4bc3-ba07-a1f571dfe30b","typename":"Licencias y permisos"},{"id":"3091e865-f7a9-45b7-b9c0-1839008ffcad","typename":"Ruidos y contaminación"},{"id":"b41841be-14eb-48a2-83c3-91f4ab6ec029","typename":"Problemas de seguridad"},{"id":"c9aec491-50f3-403e-a51e-204c0bb9d4f5","typename":"Problemas de iluminación"},{"id":"0202cb87-b934-48e8-994e-aa49619cc35e","typename":"Problemas de servicios en línea"},{"id":"27f122a6-fda2-49be-a5e1-64de8f31873c","typename":"Mi nuevo tipo"},{"id":"c73e5f42-6676-4954-a876-4d6ecdc585f1","typename":"Mi nuevo tipo"},{"id":"027d280c-b0a1-4a12-958a-dcfd45e2e0f7","typename":"Mi nuevo tipo mi nuevo valor"}],"model":"TypeClaimModels/getAll"},"timestamp":"2023-08-15 20:33:52"}
{"level":"info","message":{"body":{"id":"c73e5f42-6676-4954-a876-4d6ecdc585f1"},"method":"POST","params":"","query":"","url":"/api/typeClaim/remove"},"timestamp":"2023-08-15 20:33:55"}
{"level":"info","message":{"data":null,"model":"TypeClaimModels/remove"},"timestamp":"2023-08-15 20:33:56"}
{"level":"info","message":{"body":{},"method":"POST","params":"","query":"","url":"/api/typeClaim/getAll"},"timestamp":"2023-08-15 20:33:58"}
{"level":"info","message":{"body":{},"method":"POST","params":"","query":"","url":"/api/typeClaim/getAll"},"timestamp":"2023-08-15 20:33:58"}
{"level":"info","message":{"data":[{"id":"05269505-b463-425a-b5f2-44b201d617ed","typename":"Servicios públicos"},{"id":"28af3e1d-8af8-47fc-b631-1ac3845e8f14","typename":"Infraestructura y obras públicas"},{"id":"7cc4a9e1-dc6e-4fcb-9475-bc052daad2f7","typename":"Transporte público"},{"id":"280888bb-56af-4bc3-ba07-a1f571dfe30b","typename":"Licencias y permisos"},{"id":"3091e865-f7a9-45b7-b9c0-1839008ffcad","typename":"Ruidos y contaminación"},{"id":"b41841be-14eb-48a2-83c3-91f4ab6ec029","typename":"Problemas de seguridad"},{"id":"c9aec491-50f3-403e-a51e-204c0bb9d4f5","typename":"Problemas de iluminación"},{"id":"0202cb87-b934-48e8-994e-aa49619cc35e","typename":"Problemas de servicios en línea"},{"id":"27f122a6-fda2-49be-a5e1-64de8f31873c","typename":"Mi nuevo tipo"},{"id":"027d280c-b0a1-4a12-958a-dcfd45e2e0f7","typename":"Mi nuevo tipo mi nuevo valor"}],"model":"TypeClaimModels/getAll"},"timestamp":"2023-08-15 20:33:58"}
{"level":"info","message":{"data":[{"id":"05269505-b463-425a-b5f2-44b201d617ed","typename":"Servicios públicos"},{"id":"28af3e1d-8af8-47fc-b631-1ac3845e8f14","typename":"Infraestructura y obras públicas"},{"id":"7cc4a9e1-dc6e-4fcb-9475-bc052daad2f7","typename":"Transporte público"},{"id":"280888bb-56af-4bc3-ba07-a1f571dfe30b","typename":"Licencias y permisos"},{"id":"3091e865-f7a9-45b7-b9c0-1839008ffcad","typename":"Ruidos y contaminación"},{"id":"b41841be-14eb-48a2-83c3-91f4ab6ec029","typename":"Problemas de seguridad"},{"id":"c9aec491-50f3-403e-a51e-204c0bb9d4f5","typename":"Problemas de iluminación"},{"id":"0202cb87-b934-48e8-994e-aa49619cc35e","typename":"Problemas de servicios en línea"},{"id":"27f122a6-fda2-49be-a5e1-64de8f31873c","typename":"Mi nuevo tipo"},{"id":"027d280c-b0a1-4a12-958a-dcfd45e2e0f7","typename":"Mi nuevo tipo mi nuevo valor"}],"model":"TypeClaimModels/getAll"},"timestamp":"2023-08-15 20:33:58"}
