{"level":"info","message":{"data":[{"id":"05269505-b463-425a-b5f2-44b201d617ed","typename":"Servicios públicos"},{"id":"28af3e1d-8af8-47fc-b631-1ac3845e8f14","typename":"Infraestructura y obras públicas"},{"id":"7cc4a9e1-dc6e-4fcb-9475-bc052daad2f7","typename":"Transporte público"},{"id":"280888bb-56af-4bc3-ba07-a1f571dfe30b","typename":"Licencias y permisos"},{"id":"3091e865-f7a9-45b7-b9c0-1839008ffcad","typename":"Ruidos y contaminación"},{"id":"b41841be-14eb-48a2-83c3-91f4ab6ec029","typename":"Problemas de seguridad"},{"id":"c9aec491-50f3-403e-a51e-204c0bb9d4f5","typename":"Problemas de iluminación"},{"id":"0202cb87-b934-48e8-994e-aa49619cc35e","typename":"Problemas de servicios en línea"}],"model":"TypeClaimModels/getAll"},"timestamp":"2023-08-15 00:06:21"}
{"level":"info","message":{"body":{},"method":"POST","params":"","query":"","url":"/api/typeclaim/getAll"},"timestamp":"2023-08-15 00:06:24"}
{"level":"info","message":{"data":[{"id":"05269505-b463-425a-b5f2-44b201d617ed","typename":"Servicios públicos"},{"id":"28af3e1d-8af8-47fc-b631-1ac3845e8f14","typename":"Infraestructura y obras públicas"},{"id":"7cc4a9e1-dc6e-4fcb-9475-bc052daad2f7","typename":"Transporte público"},{"id":"280888bb-56af-4bc3-ba07-a1f571dfe30b","typename":"Licencias y permisos"},{"id":"3091e865-f7a9-45b7-b9c0-1839008ffcad","typename":"Ruidos y contaminación"},{"id":"b41841be-14eb-48a2-83c3-91f4ab6ec029","typename":"Problemas de seguridad"},{"id":"c9aec491-50f3-403e-a51e-204c0bb9d4f5","typename":"Problemas de iluminación"},{"id":"0202cb87-b934-48e8-994e-aa49619cc35e","typename":"Problemas de servicios en línea"}],"model":"TypeClaimModels/getAll"},"timestamp":"2023-08-15 00:06:25"}
{"level":"info","message":{"body":{},"method":"POST","params":"","query":"","url":"/api/typeclaim/getAll"},"timestamp":"2023-08-15 00:06:25"}
{"level":"info","message":{"data":[{"id":"05269505-b463-425a-b5f2-44b201d617ed","typename":"Servicios públicos"},{"id":"28af3e1d-8af8-47fc-b631-1ac3845e8f14","typename":"Infraestructura y obras públicas"},{"id":"7cc4a9e1-dc6e-4fcb-9475-bc052daad2f7","typename":"Transporte público"},{"id":"280888bb-56af-4bc3-ba07-a1f571dfe30b","typename":"Licencias y permisos"},{"id":"3091e865-f7a9-45b7-b9c0-1839008ffcad","typename":"Ruidos y contaminación"},{"id":"b41841be-14eb-48a2-83c3-91f4ab6ec029","typename":"Problemas de seguridad"},{"id":"c9aec491-50f3-403e-a51e-204c0bb9d4f5","typename":"Problemas de iluminación"},{"id":"0202cb87-b934-48e8-994e-aa49619cc35e","typename":"Problemas de servicios en línea"}],"model":"TypeClaimModels/getAll"},"timestamp":"2023-08-15 00:06:26"}
{"level":"info","message":{"body":{"claim_id":"097d542e-a2f3-4ab4-9b19-56a490a9d96b"},"method":"POST","params":"","query":"","url":"/api/file/add"},"timestamp":"2023-08-15 00:06:30"}
{"level":"info","message":{"data":{"claim_id":"097d542e-a2f3-4ab4-9b19-56a490a9d96b"},"model":"file/add"},"timestamp":"2023-08-15 00:06:34"}
{"level":"info","message":{"body":{"claim_id":"097d542e-a2f3-4ab4-9b19-56a490a9d96b","public_id":"apz5xenurymvzx2ejcsp"},"method":"POST","params":"","query":"","url":"/api/file/remove"},"timestamp":"2023-08-15 00:06:38"}
{"level":"info","message":{"data":{"claim_id":"097d542e-a2f3-4ab4-9b19-56a490a9d96b","public_id":"apz5xenurymvzx2ejcsp"},"model":"file/remove"},"timestamp":"2023-08-15 00:06:39"}
{"level":"info","message":{"body":{"claim_id":"097d542e-a2f3-4ab4-9b19-56a490a9d96b","public_id":"bvunarphkftt2lmriygg"},"method":"POST","params":"","query":"","url":"/api/file/remove"},"timestamp":"2023-08-15 00:06:40"}
{"level":"info","message":{"data":{"claim_id":"097d542e-a2f3-4ab4-9b19-56a490a9d96b","public_id":"bvunarphkftt2lmriygg"},"model":"file/remove"},"timestamp":"2023-08-15 00:06:40"}
{"level":"info","message":{"body":{"claim_id":"097d542e-a2f3-4ab4-9b19-56a490a9d96b","public_id":"rvh9eumpojvlhimvlmqm"},"method":"POST","params":"","query":"","url":"/api/file/remove"},"timestamp":"2023-08-15 00:06:43"}
{"level":"info","message":{"data":{"claim_id":"097d542e-a2f3-4ab4-9b19-56a490a9d96b","public_id":"rvh9eumpojvlhimvlmqm"},"model":"file/remove"},"timestamp":"2023-08-15 00:06:44"}
{"level":"info","message":"API listening port 5400","timestamp":"2023-08-15 00:09:11"}
{"level":"info","message":"Connect Database","timestamp":"2023-08-15 00:09:12"}
{"level":"info","message":{"body":{"claim_id":"097d542e-a2f3-4ab4-9b19-56a490a9d96b"},"method":"POST","params":"","query":"","url":"/api/file/add"},"timestamp":"2023-08-15 00:09:24"}
{"level":"info","message":{"data":{"claim_id":"097d542e-a2f3-4ab4-9b19-56a490a9d96b"},"model":"file/add"},"timestamp":"2023-08-15 00:09:29"}
{"level":"info","message":"API listening port 5400","timestamp":"2023-08-15 00:30:55"}
{"level":"info","message":{"body":{"rut":"27.648.009-K"},"method":"POST","params":"","query":"","url":"/api/person/getByRut"},"timestamp":"2023-08-15 00:30:57"}
{"level":"info","message":"Connect Database","timestamp":"2023-08-15 00:30:57"}
{"level":"info","message":{"data":{"email":"quispeabadquispe@gmail.com","id":"0dbdf4ee-27e8-4080-bc1b-779a38c9d9ef","maternallastname":"Huamani","name":"Abad","paternallastname":"Quispe","phone":"957902342","rut":"27.648.009-K"},"model":"Person/getByRut"},"timestamp":"2023-08-15 00:30:58"}
{"level":"info","message":{"body":{"email":"quispeabadquispe@gmail.com","maternallastname":"Huamani","name":"Abad","paternallastname":"Quispe","phone":"957902342","rut":"27.648.009-K"},"method":"POST","params":"","query":"","url":"/api/person/create"},"timestamp":"2023-08-15 00:30:59"}
{"level":"info","message":{"body":{},"method":"POST","params":"","query":"","url":"/api/claim/create"},"timestamp":"2023-08-15 00:30:59"}
{"level":"info","message":{"data":{"email":"quispeabadquispe@gmail.com","id":"0dbdf4ee-27e8-4080-bc1b-779a38c9d9ef","maternallastname":"Huamani","name":"Abad","paternallastname":"Quispe","phone":"957902342","rut":"27.648.009-K"},"model":"Person/create"},"timestamp":"2023-08-15 00:30:59"}
{"level":"info","message":{"data":{"endingdate":"2023-08-15T08:31:00.542Z","id":"be577e4d-a409-425a-98cd-fb19e49d4762","openingdate":"2023-08-15T08:31:00.542Z"},"model":"ModelClaim/create"},"timestamp":"2023-08-15 00:31:00"}
{"level":"info","message":{"body":{},"method":"POST","params":"","query":"","url":"/api/typeclaim/getAll"},"timestamp":"2023-08-15 00:31:00"}
{"level":"info","message":{"body":{},"method":"POST","params":"","query":"","url":"/api/typeclaim/getAll"},"timestamp":"2023-08-15 00:31:00"}
{"level":"info","message":{"data":[{"id":"05269505-b463-425a-b5f2-44b201d617ed","typename":"Servicios públicos"},{"id":"28af3e1d-8af8-47fc-b631-1ac3845e8f14","typename":"Infraestructura y obras públicas"},{"id":"7cc4a9e1-dc6e-4fcb-9475-bc052daad2f7","typename":"Transporte público"},{"id":"280888bb-56af-4bc3-ba07-a1f571dfe30b","typename":"Licencias y permisos"},{"id":"3091e865-f7a9-45b7-b9c0-1839008ffcad","typename":"Ruidos y contaminación"},{"id":"b41841be-14eb-48a2-83c3-91f4ab6ec029","typename":"Problemas de seguridad"},{"id":"c9aec491-50f3-403e-a51e-204c0bb9d4f5","typename":"Problemas de iluminación"},{"id":"0202cb87-b934-48e8-994e-aa49619cc35e","typename":"Problemas de servicios en línea"}],"model":"TypeClaimModels/getAll"},"timestamp":"2023-08-15 00:31:00"}
{"level":"info","message":{"data":[{"id":"05269505-b463-425a-b5f2-44b201d617ed","typename":"Servicios públicos"},{"id":"28af3e1d-8af8-47fc-b631-1ac3845e8f14","typename":"Infraestructura y obras públicas"},{"id":"7cc4a9e1-dc6e-4fcb-9475-bc052daad2f7","typename":"Transporte público"},{"id":"280888bb-56af-4bc3-ba07-a1f571dfe30b","typename":"Licencias y permisos"},{"id":"3091e865-f7a9-45b7-b9c0-1839008ffcad","typename":"Ruidos y contaminación"},{"id":"b41841be-14eb-48a2-83c3-91f4ab6ec029","typename":"Problemas de seguridad"},{"id":"c9aec491-50f3-403e-a51e-204c0bb9d4f5","typename":"Problemas de iluminación"},{"id":"0202cb87-b934-48e8-994e-aa49619cc35e","typename":"Problemas de servicios en línea"}],"model":"TypeClaimModels/getAll"},"timestamp":"2023-08-15 00:31:00"}
{"level":"info","message":{"body":{},"method":"POST","params":"","query":"","url":"/api/typeclaim/getAll"},"timestamp":"2023-08-15 00:31:07"}
{"level":"info","message":{"body":{},"method":"POST","params":"","query":"","url":"/api/typeclaim/getAll"},"timestamp":"2023-08-15 00:31:07"}
{"level":"info","message":{"data":[{"id":"05269505-b463-425a-b5f2-44b201d617ed","typename":"Servicios públicos"},{"id":"28af3e1d-8af8-47fc-b631-1ac3845e8f14","typename":"Infraestructura y obras públicas"},{"id":"7cc4a9e1-dc6e-4fcb-9475-bc052daad2f7","typename":"Transporte público"},{"id":"280888bb-56af-4bc3-ba07-a1f571dfe30b","typename":"Licencias y permisos"},{"id":"3091e865-f7a9-45b7-b9c0-1839008ffcad","typename":"Ruidos y contaminación"},{"id":"b41841be-14eb-48a2-83c3-91f4ab6ec029","typename":"Problemas de seguridad"},{"id":"c9aec491-50f3-403e-a51e-204c0bb9d4f5","typename":"Problemas de iluminación"},{"id":"0202cb87-b934-48e8-994e-aa49619cc35e","typename":"Problemas de servicios en línea"}],"model":"TypeClaimModels/getAll"},"timestamp":"2023-08-15 00:31:07"}
{"level":"info","message":{"data":[{"id":"05269505-b463-425a-b5f2-44b201d617ed","typename":"Servicios públicos"},{"id":"28af3e1d-8af8-47fc-b631-1ac3845e8f14","typename":"Infraestructura y obras públicas"},{"id":"7cc4a9e1-dc6e-4fcb-9475-bc052daad2f7","typename":"Transporte público"},{"id":"280888bb-56af-4bc3-ba07-a1f571dfe30b","typename":"Licencias y permisos"},{"id":"3091e865-f7a9-45b7-b9c0-1839008ffcad","typename":"Ruidos y contaminación"},{"id":"b41841be-14eb-48a2-83c3-91f4ab6ec029","typename":"Problemas de seguridad"},{"id":"c9aec491-50f3-403e-a51e-204c0bb9d4f5","typename":"Problemas de iluminación"},{"id":"0202cb87-b934-48e8-994e-aa49619cc35e","typename":"Problemas de servicios en línea"}],"model":"TypeClaimModels/getAll"},"timestamp":"2023-08-15 00:31:07"}
{"level":"info","message":{"body":{},"method":"POST","params":"","query":"","url":"/api/typeclaim/getAll"},"timestamp":"2023-08-15 00:31:27"}
{"level":"info","message":{"data":[{"id":"05269505-b463-425a-b5f2-44b201d617ed","typename":"Servicios públicos"},{"id":"28af3e1d-8af8-47fc-b631-1ac3845e8f14","typename":"Infraestructura y obras públicas"},{"id":"7cc4a9e1-dc6e-4fcb-9475-bc052daad2f7","typename":"Transporte público"},{"id":"280888bb-56af-4bc3-ba07-a1f571dfe30b","typename":"Licencias y permisos"},{"id":"3091e865-f7a9-45b7-b9c0-1839008ffcad","typename":"Ruidos y contaminación"},{"id":"b41841be-14eb-48a2-83c3-91f4ab6ec029","typename":"Problemas de seguridad"},{"id":"c9aec491-50f3-403e-a51e-204c0bb9d4f5","typename":"Problemas de iluminación"},{"id":"0202cb87-b934-48e8-994e-aa49619cc35e","typename":"Problemas de servicios en línea"}],"model":"TypeClaimModels/getAll"},"timestamp":"2023-08-15 00:31:28"}
{"level":"info","message":{"body":{},"method":"POST","params":"","query":"","url":"/api/typeclaim/getAll"},"timestamp":"2023-08-15 00:31:31"}
{"level":"info","message":{"data":[{"id":"05269505-b463-425a-b5f2-44b201d617ed","typename":"Servicios públicos"},{"id":"28af3e1d-8af8-47fc-b631-1ac3845e8f14","typename":"Infraestructura y obras públicas"},{"id":"7cc4a9e1-dc6e-4fcb-9475-bc052daad2f7","typename":"Transporte público"},{"id":"280888bb-56af-4bc3-ba07-a1f571dfe30b","typename":"Licencias y permisos"},{"id":"3091e865-f7a9-45b7-b9c0-1839008ffcad","typename":"Ruidos y contaminación"},{"id":"b41841be-14eb-48a2-83c3-91f4ab6ec029","typename":"Problemas de seguridad"},{"id":"c9aec491-50f3-403e-a51e-204c0bb9d4f5","typename":"Problemas de iluminación"},{"id":"0202cb87-b934-48e8-994e-aa49619cc35e","typename":"Problemas de servicios en línea"}],"model":"TypeClaimModels/getAll"},"timestamp":"2023-08-15 00:31:31"}
{"level":"info","message":{"body":{"claim_id":"be577e4d-a409-425a-98cd-fb19e49d4762"},"method":"POST","params":"","query":"","url":"/api/file/add"},"timestamp":"2023-08-15 00:31:53"}
{"level":"info","message":{"data":{"claim_id":"be577e4d-a409-425a-98cd-fb19e49d4762"},"model":"file/add"},"timestamp":"2023-08-15 00:32:00"}
{"level":"info","message":{"body":{"claim_id":"be577e4d-a409-425a-98cd-fb19e49d4762","public_id":"npu0zgftyfatibrfovxz"},"method":"POST","params":"","query":"","url":"/api/file/remove"},"timestamp":"2023-08-15 00:32:12"}
{"level":"info","message":{"data":{"claim_id":"be577e4d-a409-425a-98cd-fb19e49d4762","public_id":"npu0zgftyfatibrfovxz"},"model":"file/remove"},"timestamp":"2023-08-15 00:32:14"}
{"level":"info","message":{"body":{"claim_id":"be577e4d-a409-425a-98cd-fb19e49d4762","public_id":"o4nfr5urirorib5b7hie"},"method":"POST","params":"","query":"","url":"/api/file/remove"},"timestamp":"2023-08-15 00:32:15"}
{"level":"info","message":{"data":{"claim_id":"be577e4d-a409-425a-98cd-fb19e49d4762","public_id":"o4nfr5urirorib5b7hie"},"model":"file/remove"},"timestamp":"2023-08-15 00:32:16"}
{"level":"info","message":"API listening port 5400","timestamp":"2023-08-15 00:58:47"}
{"level":"info","message":"Connect Database","timestamp":"2023-08-15 00:58:48"}
{"level":"info","message":"API listening port 5400","timestamp":"2023-08-15 00:59:00"}
{"level":"info","message":"Connect Database","timestamp":"2023-08-15 00:59:01"}
{"level":"info","message":"API listening port 5400","timestamp":"2023-08-15 01:01:56"}
{"level":"info","message":"Connect Database","timestamp":"2023-08-15 01:01:58"}
{"level":"info","message":"API listening port 5400","timestamp":"2023-08-15 01:02:02"}
{"level":"info","message":"Connect Database","timestamp":"2023-08-15 01:02:03"}
{"level":"info","message":"API listening port 5400","timestamp":"2023-08-15 01:02:37"}
{"level":"info","message":"API listening port 5400","timestamp":"2023-08-15 01:02:39"}
{"level":"info","message":"Connect Database","timestamp":"2023-08-15 01:02:40"}
{"level":"info","message":"API listening port 5400","timestamp":"2023-08-15 01:03:11"}
{"level":"info","message":"Connect Database","timestamp":"2023-08-15 01:03:12"}
{"level":"info","message":"API listening port 5400","timestamp":"2023-08-15 01:03:47"}
{"level":"info","message":"Connect Database","timestamp":"2023-08-15 01:03:47"}
{"level":"info","message":"API listening port 5400","timestamp":"2023-08-15 01:04:10"}
{"level":"info","message":"Connect Database","timestamp":"2023-08-15 01:04:11"}
{"level":"info","message":"API listening port 5400","timestamp":"2023-08-15 01:04:20"}
{"level":"info","message":"Connect Database","timestamp":"2023-08-15 01:04:21"}
{"level":"info","message":"API listening port 5400","timestamp":"2023-08-15 01:04:40"}
{"level":"info","message":"Connect Database","timestamp":"2023-08-15 01:04:41"}
{"level":"info","message":"API listening port 5400","timestamp":"2023-08-15 01:04:47"}
{"level":"info","message":"Connect Database","timestamp":"2023-08-15 01:04:48"}
{"level":"info","message":"API listening port 5400","timestamp":"2023-08-15 01:05:14"}
{"level":"info","message":"Connect Database","timestamp":"2023-08-15 01:05:15"}
{"level":"info","message":"API listening port 5400","timestamp":"2023-08-15 01:05:39"}
{"level":"info","message":"Connect Database","timestamp":"2023-08-15 01:05:40"}
{"level":"info","message":"API listening port 5400","timestamp":"2023-08-15 01:06:24"}
{"level":"info","message":"API listening port 5400","timestamp":"2023-08-15 01:06:26"}
{"level":"info","message":"Connect Database","timestamp":"2023-08-15 01:06:26"}
{"level":"info","message":"API listening port 5400","timestamp":"2023-08-15 01:06:34"}
{"level":"info","message":"Connect Database","timestamp":"2023-08-15 01:06:35"}
{"level":"info","message":"API listening port 5400","timestamp":"2023-08-15 01:06:48"}
{"level":"info","message":"Connect Database","timestamp":"2023-08-15 01:06:49"}
{"level":"info","message":"API listening port 5400","timestamp":"2023-08-15 01:07:17"}
{"level":"info","message":"Connect Database","timestamp":"2023-08-15 01:07:18"}
{"level":"info","message":"API listening port 5400","timestamp":"2023-08-15 01:07:20"}
{"level":"info","message":"Connect Database","timestamp":"2023-08-15 01:07:21"}
{"level":"info","message":"API listening port 5400","timestamp":"2023-08-15 01:07:27"}
{"level":"info","message":"Connect Database","timestamp":"2023-08-15 01:07:28"}
{"level":"info","message":"API listening port 5400","timestamp":"2023-08-15 01:07:43"}
{"level":"info","message":"Connect Database","timestamp":"2023-08-15 01:07:44"}
{"level":"info","message":"API listening port 5400","timestamp":"2023-08-15 01:15:21"}
{"level":"info","message":"Connect Database","timestamp":"2023-08-15 01:15:22"}
{"level":"info","message":{"body":{"rut":"27.648.009-K"},"method":"POST","params":"","query":"","url":"/api/person/getByRut"},"timestamp":"2023-08-15 01:15:32"}
{"level":"info","message":{"data":{"email":"quispeabadquispe@gmail.com","id":"0dbdf4ee-27e8-4080-bc1b-779a38c9d9ef","maternallastname":"Huamani","name":"Abad","paternallastname":"Quispe","phone":"957902342","rut":"27.648.009-K"},"model":"Person/getByRut"},"timestamp":"2023-08-15 01:15:33"}
{"level":"info","message":{"body":{"email":"quispeabadquispe@gmail.com","maternallastname":"Huamani","name":"Abad","paternallastname":"Quispe","phone":"957902342","rut":"27.648.009-K"},"method":"POST","params":"","query":"","url":"/api/person/create"},"timestamp":"2023-08-15 01:15:34"}
{"level":"info","message":{"body":{},"method":"POST","params":"","query":"","url":"/api/claim/create"},"timestamp":"2023-08-15 01:15:34"}
{"level":"info","message":{"data":{"email":"quispeabadquispe@gmail.com","id":"0dbdf4ee-27e8-4080-bc1b-779a38c9d9ef","maternallastname":"Huamani","name":"Abad","paternallastname":"Quispe","phone":"957902342","rut":"27.648.009-K"},"model":"Person/create"},"timestamp":"2023-08-15 01:15:34"}
{"level":"info","message":{"data":{"endingdate":"2023-08-15T09:15:35.742Z","id":"213d9b9e-b9aa-430b-9a80-981899ad7400","openingdate":"2023-08-15T09:15:35.742Z"},"model":"ModelClaim/create"},"timestamp":"2023-08-15 01:15:35"}
{"level":"info","message":{"body":{},"method":"POST","params":"","query":"","url":"/api/typeclaim/getAll"},"timestamp":"2023-08-15 01:15:35"}
{"level":"info","message":{"body":{},"method":"POST","params":"","query":"","url":"/api/typeclaim/getAll"},"timestamp":"2023-08-15 01:15:35"}
{"level":"info","message":{"data":[{"id":"05269505-b463-425a-b5f2-44b201d617ed","typename":"Servicios públicos"},{"id":"28af3e1d-8af8-47fc-b631-1ac3845e8f14","typename":"Infraestructura y obras públicas"},{"id":"7cc4a9e1-dc6e-4fcb-9475-bc052daad2f7","typename":"Transporte público"},{"id":"280888bb-56af-4bc3-ba07-a1f571dfe30b","typename":"Licencias y permisos"},{"id":"3091e865-f7a9-45b7-b9c0-1839008ffcad","typename":"Ruidos y contaminación"},{"id":"b41841be-14eb-48a2-83c3-91f4ab6ec029","typename":"Problemas de seguridad"},{"id":"c9aec491-50f3-403e-a51e-204c0bb9d4f5","typename":"Problemas de iluminación"},{"id":"0202cb87-b934-48e8-994e-aa49619cc35e","typename":"Problemas de servicios en línea"}],"model":"TypeClaimModels/getAll"},"timestamp":"2023-08-15 01:15:35"}
{"level":"info","message":{"data":[{"id":"05269505-b463-425a-b5f2-44b201d617ed","typename":"Servicios públicos"},{"id":"28af3e1d-8af8-47fc-b631-1ac3845e8f14","typename":"Infraestructura y obras públicas"},{"id":"7cc4a9e1-dc6e-4fcb-9475-bc052daad2f7","typename":"Transporte público"},{"id":"280888bb-56af-4bc3-ba07-a1f571dfe30b","typename":"Licencias y permisos"},{"id":"3091e865-f7a9-45b7-b9c0-1839008ffcad","typename":"Ruidos y contaminación"},{"id":"b41841be-14eb-48a2-83c3-91f4ab6ec029","typename":"Problemas de seguridad"},{"id":"c9aec491-50f3-403e-a51e-204c0bb9d4f5","typename":"Problemas de iluminación"},{"id":"0202cb87-b934-48e8-994e-aa49619cc35e","typename":"Problemas de servicios en línea"}],"model":"TypeClaimModels/getAll"},"timestamp":"2023-08-15 01:15:35"}
{"level":"info","message":{"body":{"claim_body":"Mi primer reclamo","claim_id":"213d9b9e-b9aa-430b-9a80-981899ad7400","person_id":"0dbdf4ee-27e8-4080-bc1b-779a38c9d9ef","type_id":"280888bb-56af-4bc3-ba07-a1f571dfe30b"},"method":"POST","params":"","query":"","url":"/api/claimDetail/create"},"timestamp":"2023-08-15 01:16:02"}
{"level":"info","message":{"data":{"endingdate":"2023-08-15T09:16:03.286Z","id":"5290ceb3-48fd-4484-9888-8a05f9351dfc","openingdate":"2023-08-15T09:16:03.286Z"},"model":"ModelClaim/create"},"timestamp":"2023-08-15 01:16:03"}
{"level":"info","message":"API listening port 5400","timestamp":"2023-08-15 01:16:48"}
{"level":"info","message":"Connect Database","timestamp":"2023-08-15 01:16:48"}
{"level":"info","message":"API listening port 5400","timestamp":"2023-08-15 01:17:11"}
{"level":"info","message":"Connect Database","timestamp":"2023-08-15 01:17:12"}
{"level":"info","message":"API listening port 5400","timestamp":"2023-08-15 01:17:14"}
{"level":"info","message":"Connect Database","timestamp":"2023-08-15 01:17:15"}
{"level":"info","message":"API listening port 5400","timestamp":"2023-08-15 01:17:25"}
{"level":"info","message":"Connect Database","timestamp":"2023-08-15 01:17:26"}
{"level":"info","message":{"body":{},"method":"POST","params":"","query":"","url":"/api/typeclaim/getAll"},"timestamp":"2023-08-15 01:17:39"}
{"level":"info","message":{"body":{},"method":"POST","params":"","query":"","url":"/api/typeclaim/getAll"},"timestamp":"2023-08-15 01:17:39"}
{"level":"info","message":{"data":[{"id":"05269505-b463-425a-b5f2-44b201d617ed","typename":"Servicios públicos"},{"id":"28af3e1d-8af8-47fc-b631-1ac3845e8f14","typename":"Infraestructura y obras públicas"},{"id":"7cc4a9e1-dc6e-4fcb-9475-bc052daad2f7","typename":"Transporte público"},{"id":"280888bb-56af-4bc3-ba07-a1f571dfe30b","typename":"Licencias y permisos"},{"id":"3091e865-f7a9-45b7-b9c0-1839008ffcad","typename":"Ruidos y contaminación"},{"id":"b41841be-14eb-48a2-83c3-91f4ab6ec029","typename":"Problemas de seguridad"},{"id":"c9aec491-50f3-403e-a51e-204c0bb9d4f5","typename":"Problemas de iluminación"},{"id":"0202cb87-b934-48e8-994e-aa49619cc35e","typename":"Problemas de servicios en línea"}],"model":"TypeClaimModels/getAll"},"timestamp":"2023-08-15 01:17:40"}
{"level":"info","message":{"data":[{"id":"05269505-b463-425a-b5f2-44b201d617ed","typename":"Servicios públicos"},{"id":"28af3e1d-8af8-47fc-b631-1ac3845e8f14","typename":"Infraestructura y obras públicas"},{"id":"7cc4a9e1-dc6e-4fcb-9475-bc052daad2f7","typename":"Transporte público"},{"id":"280888bb-56af-4bc3-ba07-a1f571dfe30b","typename":"Licencias y permisos"},{"id":"3091e865-f7a9-45b7-b9c0-1839008ffcad","typename":"Ruidos y contaminación"},{"id":"b41841be-14eb-48a2-83c3-91f4ab6ec029","typename":"Problemas de seguridad"},{"id":"c9aec491-50f3-403e-a51e-204c0bb9d4f5","typename":"Problemas de iluminación"},{"id":"0202cb87-b934-48e8-994e-aa49619cc35e","typename":"Problemas de servicios en línea"}],"model":"TypeClaimModels/getAll"},"timestamp":"2023-08-15 01:17:40"}
{"level":"info","message":{"body":{"email":"quispeabadquispe@gmail.com","maternallastname":"Huamani","name":"Abad","paternallastname":"Quispe","phone":"957902342","rut":"27.648.009-K"},"method":"POST","params":"","query":"","url":"/api/person/create"},"timestamp":"2023-08-15 01:18:12"}
{"level":"info","message":{"body":{},"method":"POST","params":"","query":"","url":"/api/claim/create"},"timestamp":"2023-08-15 01:18:12"}
{"level":"info","message":{"body":{},"method":"POST","params":"","query":"","url":"/api/typeclaim/getAll"},"timestamp":"2023-08-15 01:18:12"}
{"level":"info","message":{"body":{},"method":"POST","params":"","query":"","url":"/api/typeclaim/getAll"},"timestamp":"2023-08-15 01:18:12"}
{"level":"info","message":{"data":[{"id":"05269505-b463-425a-b5f2-44b201d617ed","typename":"Servicios públicos"},{"id":"28af3e1d-8af8-47fc-b631-1ac3845e8f14","typename":"Infraestructura y obras públicas"},{"id":"7cc4a9e1-dc6e-4fcb-9475-bc052daad2f7","typename":"Transporte público"},{"id":"280888bb-56af-4bc3-ba07-a1f571dfe30b","typename":"Licencias y permisos"},{"id":"3091e865-f7a9-45b7-b9c0-1839008ffcad","typename":"Ruidos y contaminación"},{"id":"b41841be-14eb-48a2-83c3-91f4ab6ec029","typename":"Problemas de seguridad"},{"id":"c9aec491-50f3-403e-a51e-204c0bb9d4f5","typename":"Problemas de iluminación"},{"id":"0202cb87-b934-48e8-994e-aa49619cc35e","typename":"Problemas de servicios en línea"}],"model":"TypeClaimModels/getAll"},"timestamp":"2023-08-15 01:18:13"}
{"level":"info","message":{"data":[{"id":"05269505-b463-425a-b5f2-44b201d617ed","typename":"Servicios públicos"},{"id":"28af3e1d-8af8-47fc-b631-1ac3845e8f14","typename":"Infraestructura y obras públicas"},{"id":"7cc4a9e1-dc6e-4fcb-9475-bc052daad2f7","typename":"Transporte público"},{"id":"280888bb-56af-4bc3-ba07-a1f571dfe30b","typename":"Licencias y permisos"},{"id":"3091e865-f7a9-45b7-b9c0-1839008ffcad","typename":"Ruidos y contaminación"},{"id":"b41841be-14eb-48a2-83c3-91f4ab6ec029","typename":"Problemas de seguridad"},{"id":"c9aec491-50f3-403e-a51e-204c0bb9d4f5","typename":"Problemas de iluminación"},{"id":"0202cb87-b934-48e8-994e-aa49619cc35e","typename":"Problemas de servicios en línea"}],"model":"TypeClaimModels/getAll"},"timestamp":"2023-08-15 01:18:13"}
{"level":"info","message":{"data":{"email":"quispeabadquispe@gmail.com","id":"0dbdf4ee-27e8-4080-bc1b-779a38c9d9ef","maternallastname":"Huamani","name":"Abad","paternallastname":"Quispe","phone":"957902342","rut":"27.648.009-K"},"model":"Person/create"},"timestamp":"2023-08-15 01:18:13"}
{"level":"info","message":{"data":{"endingdate":"2023-08-15T09:18:14.096Z","id":"d0d92e0f-9319-4092-8a57-75d6bc968197","openingdate":"2023-08-15T09:18:14.096Z"},"model":"ModelClaim/create"},"timestamp":"2023-08-15 01:18:13"}
{"level":"info","message":{"body":{"claim_body":"Mi segundo reclaomo","claim_id":"213d9b9e-b9aa-430b-9a80-981899ad7400","person_id":"0dbdf4ee-27e8-4080-bc1b-779a38c9d9ef","type_id":"28af3e1d-8af8-47fc-b631-1ac3845e8f14"},"method":"POST","params":"","query":"","url":"/api/claimDetail/create"},"timestamp":"2023-08-15 01:18:22"}
{"level":"info","message":{"data":{"endingdate":"2023-08-15T09:18:22.944Z","id":"dd5603dd-ef6b-4b0d-ad42-5a14bfab8fb1","openingdate":"2023-08-15T09:18:22.944Z"},"model":"ModelClaim/create"},"timestamp":"2023-08-15 01:18:22"}
{"level":"info","message":{"body":{},"method":"POST","params":"","query":"","url":"/api/typeclaim/getAll"},"timestamp":"2023-08-15 01:20:36"}
{"level":"info","message":{"body":{},"method":"POST","params":"","query":"","url":"/api/typeclaim/getAll"},"timestamp":"2023-08-15 01:20:36"}
{"level":"info","message":{"data":[{"id":"05269505-b463-425a-b5f2-44b201d617ed","typename":"Servicios públicos"},{"id":"28af3e1d-8af8-47fc-b631-1ac3845e8f14","typename":"Infraestructura y obras públicas"},{"id":"7cc4a9e1-dc6e-4fcb-9475-bc052daad2f7","typename":"Transporte público"},{"id":"280888bb-56af-4bc3-ba07-a1f571dfe30b","typename":"Licencias y permisos"},{"id":"3091e865-f7a9-45b7-b9c0-1839008ffcad","typename":"Ruidos y contaminación"},{"id":"b41841be-14eb-48a2-83c3-91f4ab6ec029","typename":"Problemas de seguridad"},{"id":"c9aec491-50f3-403e-a51e-204c0bb9d4f5","typename":"Problemas de iluminación"},{"id":"0202cb87-b934-48e8-994e-aa49619cc35e","typename":"Problemas de servicios en línea"}],"model":"TypeClaimModels/getAll"},"timestamp":"2023-08-15 01:20:37"}
{"level":"info","message":{"data":[{"id":"05269505-b463-425a-b5f2-44b201d617ed","typename":"Servicios públicos"},{"id":"28af3e1d-8af8-47fc-b631-1ac3845e8f14","typename":"Infraestructura y obras públicas"},{"id":"7cc4a9e1-dc6e-4fcb-9475-bc052daad2f7","typename":"Transporte público"},{"id":"280888bb-56af-4bc3-ba07-a1f571dfe30b","typename":"Licencias y permisos"},{"id":"3091e865-f7a9-45b7-b9c0-1839008ffcad","typename":"Ruidos y contaminación"},{"id":"b41841be-14eb-48a2-83c3-91f4ab6ec029","typename":"Problemas de seguridad"},{"id":"c9aec491-50f3-403e-a51e-204c0bb9d4f5","typename":"Problemas de iluminación"},{"id":"0202cb87-b934-48e8-994e-aa49619cc35e","typename":"Problemas de servicios en línea"}],"model":"TypeClaimModels/getAll"},"timestamp":"2023-08-15 01:20:37"}
{"level":"info","message":{"body":{"email":"quispeabadquispe@gmail.com","maternallastname":"Huamani","name":"Abad","paternallastname":"Quispe","phone":"957902342","rut":"27.648.009-K"},"method":"POST","params":"","query":"","url":"/api/person/create"},"timestamp":"2023-08-15 01:20:49"}
{"level":"info","message":{"body":{},"method":"POST","params":"","query":"","url":"/api/claim/create"},"timestamp":"2023-08-15 01:20:49"}
{"level":"info","message":{"body":{},"method":"POST","params":"","query":"","url":"/api/typeclaim/getAll"},"timestamp":"2023-08-15 01:20:50"}
{"level":"info","message":{"body":{},"method":"POST","params":"","query":"","url":"/api/typeclaim/getAll"},"timestamp":"2023-08-15 01:20:50"}
{"level":"info","message":{"data":[{"id":"05269505-b463-425a-b5f2-44b201d617ed","typename":"Servicios públicos"},{"id":"28af3e1d-8af8-47fc-b631-1ac3845e8f14","typename":"Infraestructura y obras públicas"},{"id":"7cc4a9e1-dc6e-4fcb-9475-bc052daad2f7","typename":"Transporte público"},{"id":"280888bb-56af-4bc3-ba07-a1f571dfe30b","typename":"Licencias y permisos"},{"id":"3091e865-f7a9-45b7-b9c0-1839008ffcad","typename":"Ruidos y contaminación"},{"id":"b41841be-14eb-48a2-83c3-91f4ab6ec029","typename":"Problemas de seguridad"},{"id":"c9aec491-50f3-403e-a51e-204c0bb9d4f5","typename":"Problemas de iluminación"},{"id":"0202cb87-b934-48e8-994e-aa49619cc35e","typename":"Problemas de servicios en línea"}],"model":"TypeClaimModels/getAll"},"timestamp":"2023-08-15 01:20:51"}
{"level":"info","message":{"data":[{"id":"05269505-b463-425a-b5f2-44b201d617ed","typename":"Servicios públicos"},{"id":"28af3e1d-8af8-47fc-b631-1ac3845e8f14","typename":"Infraestructura y obras públicas"},{"id":"7cc4a9e1-dc6e-4fcb-9475-bc052daad2f7","typename":"Transporte público"},{"id":"280888bb-56af-4bc3-ba07-a1f571dfe30b","typename":"Licencias y permisos"},{"id":"3091e865-f7a9-45b7-b9c0-1839008ffcad","typename":"Ruidos y contaminación"},{"id":"b41841be-14eb-48a2-83c3-91f4ab6ec029","typename":"Problemas de seguridad"},{"id":"c9aec491-50f3-403e-a51e-204c0bb9d4f5","typename":"Problemas de iluminación"},{"id":"0202cb87-b934-48e8-994e-aa49619cc35e","typename":"Problemas de servicios en línea"}],"model":"TypeClaimModels/getAll"},"timestamp":"2023-08-15 01:20:51"}
{"level":"info","message":{"data":{"email":"quispeabadquispe@gmail.com","id":"0dbdf4ee-27e8-4080-bc1b-779a38c9d9ef","maternallastname":"Huamani","name":"Abad","paternallastname":"Quispe","phone":"957902342","rut":"27.648.009-K"},"model":"Person/create"},"timestamp":"2023-08-15 01:20:51"}
{"level":"info","message":{"data":{"endingdate":"2023-08-15T09:20:51.225Z","id":"8df0f227-3e10-4e01-b0f7-1e1b32cb3604","openingdate":"2023-08-15T09:20:51.225Z"},"model":"ModelClaim/create"},"timestamp":"2023-08-15 01:20:51"}
{"level":"info","message":{"body":{"claim_body":"mi primer reclmao","claim_id":"d0d92e0f-9319-4092-8a57-75d6bc968197","person_id":"0dbdf4ee-27e8-4080-bc1b-779a38c9d9ef","type_id":"28af3e1d-8af8-47fc-b631-1ac3845e8f14"},"method":"POST","params":"","query":"","url":"/api/claimDetail/create"},"timestamp":"2023-08-15 01:21:21"}
{"level":"info","message":{"data":{"endingdate":"2023-08-15T09:21:23.115Z","id":"52b94a0c-1892-457b-8609-feaed754c9e1","openingdate":"2023-08-15T09:21:23.115Z"},"model":"ModelClaim/create"},"timestamp":"2023-08-15 01:21:22"}
{"level":"info","message":"API listening port 5400","timestamp":"2023-08-15 01:23:30"}
{"level":"info","message":"Connect Database","timestamp":"2023-08-15 01:23:31"}
{"level":"info","message":"API listening port 5400","timestamp":"2023-08-15 01:23:35"}
{"level":"info","message":"Connect Database","timestamp":"2023-08-15 01:23:36"}
{"level":"info","message":"API listening port 5400","timestamp":"2023-08-15 01:23:40"}
{"level":"info","message":{"body":{},"method":"POST","params":"","query":"","url":"/api/typeclaim/getAll"},"timestamp":"2023-08-15 01:23:41"}
{"level":"info","message":{"body":{},"method":"POST","params":"","query":"","url":"/api/typeclaim/getAll"},"timestamp":"2023-08-15 01:23:41"}
{"level":"info","message":"Connect Database","timestamp":"2023-08-15 01:23:41"}
{"level":"info","message":{"data":[{"id":"05269505-b463-425a-b5f2-44b201d617ed","typename":"Servicios públicos"},{"id":"28af3e1d-8af8-47fc-b631-1ac3845e8f14","typename":"Infraestructura y obras públicas"},{"id":"7cc4a9e1-dc6e-4fcb-9475-bc052daad2f7","typename":"Transporte público"},{"id":"280888bb-56af-4bc3-ba07-a1f571dfe30b","typename":"Licencias y permisos"},{"id":"3091e865-f7a9-45b7-b9c0-1839008ffcad","typename":"Ruidos y contaminación"},{"id":"b41841be-14eb-48a2-83c3-91f4ab6ec029","typename":"Problemas de seguridad"},{"id":"c9aec491-50f3-403e-a51e-204c0bb9d4f5","typename":"Problemas de iluminación"},{"id":"0202cb87-b934-48e8-994e-aa49619cc35e","typename":"Problemas de servicios en línea"}],"model":"TypeClaimModels/getAll"},"timestamp":"2023-08-15 01:23:42"}
{"level":"info","message":{"data":[{"id":"05269505-b463-425a-b5f2-44b201d617ed","typename":"Servicios públicos"},{"id":"28af3e1d-8af8-47fc-b631-1ac3845e8f14","typename":"Infraestructura y obras públicas"},{"id":"7cc4a9e1-dc6e-4fcb-9475-bc052daad2f7","typename":"Transporte público"},{"id":"280888bb-56af-4bc3-ba07-a1f571dfe30b","typename":"Licencias y permisos"},{"id":"3091e865-f7a9-45b7-b9c0-1839008ffcad","typename":"Ruidos y contaminación"},{"id":"b41841be-14eb-48a2-83c3-91f4ab6ec029","typename":"Problemas de seguridad"},{"id":"c9aec491-50f3-403e-a51e-204c0bb9d4f5","typename":"Problemas de iluminación"},{"id":"0202cb87-b934-48e8-994e-aa49619cc35e","typename":"Problemas de servicios en línea"}],"model":"TypeClaimModels/getAll"},"timestamp":"2023-08-15 01:23:42"}
{"level":"info","message":{"body":{"email":"quispeabadquispe@gmail.com","maternallastname":"Huamani","name":"Abad","paternallastname":"Quispe","phone":"957902342","rut":"27.648.009-K"},"method":"POST","params":"","query":"","url":"/api/person/create"},"timestamp":"2023-08-15 01:23:52"}
{"level":"info","message":{"body":{},"method":"POST","params":"","query":"","url":"/api/claim/create"},"timestamp":"2023-08-15 01:23:52"}
{"level":"info","message":{"body":{},"method":"POST","params":"","query":"","url":"/api/typeclaim/getAll"},"timestamp":"2023-08-15 01:23:52"}
{"level":"info","message":{"body":{},"method":"POST","params":"","query":"","url":"/api/typeclaim/getAll"},"timestamp":"2023-08-15 01:23:52"}
{"level":"info","message":{"data":{"email":"quispeabadquispe@gmail.com","id":"0dbdf4ee-27e8-4080-bc1b-779a38c9d9ef","maternallastname":"Huamani","name":"Abad","paternallastname":"Quispe","phone":"957902342","rut":"27.648.009-K"},"model":"Person/create"},"timestamp":"2023-08-15 01:23:53"}
{"level":"info","message":{"data":{"endingdate":"2023-08-15T09:23:53.304Z","id":"b1a251f5-a510-449d-a999-892a4ce2d34a","openingdate":"2023-08-15T09:23:53.304Z"},"model":"ModelClaim/create"},"timestamp":"2023-08-15 01:23:53"}
{"level":"info","message":{"data":[{"id":"05269505-b463-425a-b5f2-44b201d617ed","typename":"Servicios públicos"},{"id":"28af3e1d-8af8-47fc-b631-1ac3845e8f14","typename":"Infraestructura y obras públicas"},{"id":"7cc4a9e1-dc6e-4fcb-9475-bc052daad2f7","typename":"Transporte público"},{"id":"280888bb-56af-4bc3-ba07-a1f571dfe30b","typename":"Licencias y permisos"},{"id":"3091e865-f7a9-45b7-b9c0-1839008ffcad","typename":"Ruidos y contaminación"},{"id":"b41841be-14eb-48a2-83c3-91f4ab6ec029","typename":"Problemas de seguridad"},{"id":"c9aec491-50f3-403e-a51e-204c0bb9d4f5","typename":"Problemas de iluminación"},{"id":"0202cb87-b934-48e8-994e-aa49619cc35e","typename":"Problemas de servicios en línea"}],"model":"TypeClaimModels/getAll"},"timestamp":"2023-08-15 01:23:53"}
{"level":"info","message":{"data":[{"id":"05269505-b463-425a-b5f2-44b201d617ed","typename":"Servicios públicos"},{"id":"28af3e1d-8af8-47fc-b631-1ac3845e8f14","typename":"Infraestructura y obras públicas"},{"id":"7cc4a9e1-dc6e-4fcb-9475-bc052daad2f7","typename":"Transporte público"},{"id":"280888bb-56af-4bc3-ba07-a1f571dfe30b","typename":"Licencias y permisos"},{"id":"3091e865-f7a9-45b7-b9c0-1839008ffcad","typename":"Ruidos y contaminación"},{"id":"b41841be-14eb-48a2-83c3-91f4ab6ec029","typename":"Problemas de seguridad"},{"id":"c9aec491-50f3-403e-a51e-204c0bb9d4f5","typename":"Problemas de iluminación"},{"id":"0202cb87-b934-48e8-994e-aa49619cc35e","typename":"Problemas de servicios en línea"}],"model":"TypeClaimModels/getAll"},"timestamp":"2023-08-15 01:23:53"}
{"level":"info","message":{"body":{"claim_body":"mi primer reclmao","claim_id":"8df0f227-3e10-4e01-b0f7-1e1b32cb3604","person_id":"0dbdf4ee-27e8-4080-bc1b-779a38c9d9ef","type_id":"28af3e1d-8af8-47fc-b631-1ac3845e8f14"},"method":"POST","params":"","query":"","url":"/api/claimDetail/create"},"timestamp":"2023-08-15 01:24:51"}
{"level":"info","message":{"data":{"claim_body":"mi primer reclmao","claim_id":"8df0f227-3e10-4e01-b0f7-1e1b32cb3604","id":"9bbb4455-6382-4e03-bd13-750e71150b6c","type_id":"28af3e1d-8af8-47fc-b631-1ac3845e8f14"},"model":"ModelClaim/create"},"timestamp":"2023-08-15 01:24:52"}
{"level":"info","message":{"body":{},"method":"POST","params":"","query":"","url":"/api/typeclaim/getAll"},"timestamp":"2023-08-15 01:25:50"}
{"level":"info","message":{"body":{},"method":"POST","params":"","query":"","url":"/api/typeclaim/getAll"},"timestamp":"2023-08-15 01:25:50"}
{"level":"info","message":{"data":[{"id":"05269505-b463-425a-b5f2-44b201d617ed","typename":"Servicios públicos"},{"id":"28af3e1d-8af8-47fc-b631-1ac3845e8f14","typename":"Infraestructura y obras públicas"},{"id":"7cc4a9e1-dc6e-4fcb-9475-bc052daad2f7","typename":"Transporte público"},{"id":"280888bb-56af-4bc3-ba07-a1f571dfe30b","typename":"Licencias y permisos"},{"id":"3091e865-f7a9-45b7-b9c0-1839008ffcad","typename":"Ruidos y contaminación"},{"id":"b41841be-14eb-48a2-83c3-91f4ab6ec029","typename":"Problemas de seguridad"},{"id":"c9aec491-50f3-403e-a51e-204c0bb9d4f5","typename":"Problemas de iluminación"},{"id":"0202cb87-b934-48e8-994e-aa49619cc35e","typename":"Problemas de servicios en línea"}],"model":"TypeClaimModels/getAll"},"timestamp":"2023-08-15 01:25:52"}
{"level":"info","message":{"data":[{"id":"05269505-b463-425a-b5f2-44b201d617ed","typename":"Servicios públicos"},{"id":"28af3e1d-8af8-47fc-b631-1ac3845e8f14","typename":"Infraestructura y obras públicas"},{"id":"7cc4a9e1-dc6e-4fcb-9475-bc052daad2f7","typename":"Transporte público"},{"id":"280888bb-56af-4bc3-ba07-a1f571dfe30b","typename":"Licencias y permisos"},{"id":"3091e865-f7a9-45b7-b9c0-1839008ffcad","typename":"Ruidos y contaminación"},{"id":"b41841be-14eb-48a2-83c3-91f4ab6ec029","typename":"Problemas de seguridad"},{"id":"c9aec491-50f3-403e-a51e-204c0bb9d4f5","typename":"Problemas de iluminación"},{"id":"0202cb87-b934-48e8-994e-aa49619cc35e","typename":"Problemas de servicios en línea"}],"model":"TypeClaimModels/getAll"},"timestamp":"2023-08-15 01:25:52"}
{"level":"info","message":"API listening port 5400","timestamp":"2023-08-15 01:34:58"}
{"level":"info","message":"Connect Database","timestamp":"2023-08-15 01:34:58"}
{"level":"info","message":{"body":{"rut":"67.642.188-2"},"method":"POST","params":"","query":"","url":"/api/person/getByRut"},"timestamp":"2023-08-15 01:35:06"}
{"level":"info","message":{"data":null,"model":"Person/getByRut"},"timestamp":"2023-08-15 01:35:08"}
{"level":"info","message":{"body":{"email":"portalfirma@gmail.com","maternallastname":"Huamani","name":"Juan","paternallastname":"montero","phone":"957902342","rut":"67.642.188-2"},"method":"POST","params":"","query":"","url":"/api/person/create"},"timestamp":"2023-08-15 01:35:15"}
{"level":"info","message":{"body":{},"method":"POST","params":"","query":"","url":"/api/claim/create"},"timestamp":"2023-08-15 01:35:15"}
{"level":"info","message":{"body":{},"method":"POST","params":"","query":"","url":"/api/typeclaim/getAll"},"timestamp":"2023-08-15 01:35:15"}
{"level":"info","message":{"body":{},"method":"POST","params":"","query":"","url":"/api/typeclaim/getAll"},"timestamp":"2023-08-15 01:35:15"}
{"level":"info","message":{"data":{"email":"portalfirma@gmail.com","id":"2dd1c245-e0e2-4932-9c4a-6e3a846b8c24","maternallastname":"Huamani","name":"Juan","paternallastname":"montero","phone":"957902342","rut":"67.642.188-2"},"model":"Person/create"},"timestamp":"2023-08-15 01:35:15"}
{"level":"info","message":{"data":[{"id":"05269505-b463-425a-b5f2-44b201d617ed","typename":"Servicios públicos"},{"id":"28af3e1d-8af8-47fc-b631-1ac3845e8f14","typename":"Infraestructura y obras públicas"},{"id":"7cc4a9e1-dc6e-4fcb-9475-bc052daad2f7","typename":"Transporte público"},{"id":"280888bb-56af-4bc3-ba07-a1f571dfe30b","typename":"Licencias y permisos"},{"id":"3091e865-f7a9-45b7-b9c0-1839008ffcad","typename":"Ruidos y contaminación"},{"id":"b41841be-14eb-48a2-83c3-91f4ab6ec029","typename":"Problemas de seguridad"},{"id":"c9aec491-50f3-403e-a51e-204c0bb9d4f5","typename":"Problemas de iluminación"},{"id":"0202cb87-b934-48e8-994e-aa49619cc35e","typename":"Problemas de servicios en línea"}],"model":"TypeClaimModels/getAll"},"timestamp":"2023-08-15 01:35:16"}
{"level":"info","message":{"data":[{"id":"05269505-b463-425a-b5f2-44b201d617ed","typename":"Servicios públicos"},{"id":"28af3e1d-8af8-47fc-b631-1ac3845e8f14","typename":"Infraestructura y obras públicas"},{"id":"7cc4a9e1-dc6e-4fcb-9475-bc052daad2f7","typename":"Transporte público"},{"id":"280888bb-56af-4bc3-ba07-a1f571dfe30b","typename":"Licencias y permisos"},{"id":"3091e865-f7a9-45b7-b9c0-1839008ffcad","typename":"Ruidos y contaminación"},{"id":"b41841be-14eb-48a2-83c3-91f4ab6ec029","typename":"Problemas de seguridad"},{"id":"c9aec491-50f3-403e-a51e-204c0bb9d4f5","typename":"Problemas de iluminación"},{"id":"0202cb87-b934-48e8-994e-aa49619cc35e","typename":"Problemas de servicios en línea"}],"model":"TypeClaimModels/getAll"},"timestamp":"2023-08-15 01:35:16"}
{"level":"info","message":{"data":{"endingdate":"2023-08-15T09:35:16.831Z","id":"b958beba-5795-4eaf-a4f9-2e6266e50bf9","openingdate":"2023-08-15T09:35:16.831Z"},"model":"ModelClaim/create"},"timestamp":"2023-08-15 01:35:16"}
{"level":"info","message":{"body":{"claim_id":"b1a251f5-a510-449d-a999-892a4ce2d34a","public_id":"xkjf3huix31qygft8teo"},"method":"POST","params":"","query":"","url":"/api/file/remove"},"timestamp":"2023-08-15 01:36:53"}
{"level":"info","message":{"data":{"claim_id":"b1a251f5-a510-449d-a999-892a4ce2d34a","public_id":"xkjf3huix31qygft8teo"},"model":"file/remove"},"timestamp":"2023-08-15 01:36:55"}
{"level":"info","message":{"body":{"claim_id":"b1a251f5-a510-449d-a999-892a4ce2d34a"},"method":"POST","params":"","query":"","url":"/api/file/add"},"timestamp":"2023-08-15 01:37:00"}
{"level":"info","message":{"data":{"claim_id":"b1a251f5-a510-449d-a999-892a4ce2d34a"},"model":"file/add"},"timestamp":"2023-08-15 01:37:03"}
{"level":"info","message":{"body":{"claim_body":"MI recalmo es esto por que so po no","claim_id":"b1a251f5-a510-449d-a999-892a4ce2d34a","person_id":"2dd1c245-e0e2-4932-9c4a-6e3a846b8c24","type_id":"28af3e1d-8af8-47fc-b631-1ac3845e8f14"},"method":"POST","params":"","query":"","url":"/api/claimDetail/create"},"timestamp":"2023-08-15 01:37:08"}
{"level":"info","message":{"data":{"claim_body":"MI recalmo es esto por que so po no","claim_id":"b1a251f5-a510-449d-a999-892a4ce2d34a","id":"84592202-88c8-4e2f-b320-e7742ffcfeba","type_id":"28af3e1d-8af8-47fc-b631-1ac3845e8f14"},"model":"ModelClaim/create"},"timestamp":"2023-08-15 01:37:09"}
{"level":"info","message":{"body":{},"method":"POST","params":"","query":"","url":"/api/typeclaim/getAll"},"timestamp":"2023-08-15 01:37:13"}
{"level":"info","message":{"body":{},"method":"POST","params":"","query":"","url":"/api/typeclaim/getAll"},"timestamp":"2023-08-15 01:37:13"}
{"level":"info","message":{"data":[{"id":"05269505-b463-425a-b5f2-44b201d617ed","typename":"Servicios públicos"},{"id":"28af3e1d-8af8-47fc-b631-1ac3845e8f14","typename":"Infraestructura y obras públicas"},{"id":"7cc4a9e1-dc6e-4fcb-9475-bc052daad2f7","typename":"Transporte público"},{"id":"280888bb-56af-4bc3-ba07-a1f571dfe30b","typename":"Licencias y permisos"},{"id":"3091e865-f7a9-45b7-b9c0-1839008ffcad","typename":"Ruidos y contaminación"},{"id":"b41841be-14eb-48a2-83c3-91f4ab6ec029","typename":"Problemas de seguridad"},{"id":"c9aec491-50f3-403e-a51e-204c0bb9d4f5","typename":"Problemas de iluminación"},{"id":"0202cb87-b934-48e8-994e-aa49619cc35e","typename":"Problemas de servicios en línea"}],"model":"TypeClaimModels/getAll"},"timestamp":"2023-08-15 01:37:13"}
{"level":"info","message":{"data":[{"id":"05269505-b463-425a-b5f2-44b201d617ed","typename":"Servicios públicos"},{"id":"28af3e1d-8af8-47fc-b631-1ac3845e8f14","typename":"Infraestructura y obras públicas"},{"id":"7cc4a9e1-dc6e-4fcb-9475-bc052daad2f7","typename":"Transporte público"},{"id":"280888bb-56af-4bc3-ba07-a1f571dfe30b","typename":"Licencias y permisos"},{"id":"3091e865-f7a9-45b7-b9c0-1839008ffcad","typename":"Ruidos y contaminación"},{"id":"b41841be-14eb-48a2-83c3-91f4ab6ec029","typename":"Problemas de seguridad"},{"id":"c9aec491-50f3-403e-a51e-204c0bb9d4f5","typename":"Problemas de iluminación"},{"id":"0202cb87-b934-48e8-994e-aa49619cc35e","typename":"Problemas de servicios en línea"}],"model":"TypeClaimModels/getAll"},"timestamp":"2023-08-15 01:37:14"}
{"level":"info","message":"API listening port 5400","timestamp":"2023-08-15 01:55:27"}
{"level":"info","message":"Connect Database","timestamp":"2023-08-15 01:55:29"}
{"level":"info","message":{"body":{},"method":"POST","params":"","query":"","url":"/api/typeclaim/getAll"},"timestamp":"2023-08-15 01:55:48"}
{"level":"info","message":{"body":{"claim_id":"b1a251f5-a510-449d-a999-892a4ce2d34a"},"method":"POST","params":"","query":"","url":"/api/claim/getById"},"timestamp":"2023-08-15 01:55:48"}
{"level":"info","message":{"body":{},"method":"POST","params":"","query":"","url":"/api/typeclaim/getAll"},"timestamp":"2023-08-15 01:55:48"}
{"level":"info","message":{"data":[{"id":"05269505-b463-425a-b5f2-44b201d617ed","typename":"Servicios públicos"},{"id":"28af3e1d-8af8-47fc-b631-1ac3845e8f14","typename":"Infraestructura y obras públicas"},{"id":"7cc4a9e1-dc6e-4fcb-9475-bc052daad2f7","typename":"Transporte público"},{"id":"280888bb-56af-4bc3-ba07-a1f571dfe30b","typename":"Licencias y permisos"},{"id":"3091e865-f7a9-45b7-b9c0-1839008ffcad","typename":"Ruidos y contaminación"},{"id":"b41841be-14eb-48a2-83c3-91f4ab6ec029","typename":"Problemas de seguridad"},{"id":"c9aec491-50f3-403e-a51e-204c0bb9d4f5","typename":"Problemas de iluminación"},{"id":"0202cb87-b934-48e8-994e-aa49619cc35e","typename":"Problemas de servicios en línea"}],"model":"TypeClaimModels/getAll"},"timestamp":"2023-08-15 01:55:49"}
{"level":"info","message":{"data":[{"id":"05269505-b463-425a-b5f2-44b201d617ed","typename":"Servicios públicos"},{"id":"28af3e1d-8af8-47fc-b631-1ac3845e8f14","typename":"Infraestructura y obras públicas"},{"id":"7cc4a9e1-dc6e-4fcb-9475-bc052daad2f7","typename":"Transporte público"},{"id":"280888bb-56af-4bc3-ba07-a1f571dfe30b","typename":"Licencias y permisos"},{"id":"3091e865-f7a9-45b7-b9c0-1839008ffcad","typename":"Ruidos y contaminación"},{"id":"b41841be-14eb-48a2-83c3-91f4ab6ec029","typename":"Problemas de seguridad"},{"id":"c9aec491-50f3-403e-a51e-204c0bb9d4f5","typename":"Problemas de iluminación"},{"id":"0202cb87-b934-48e8-994e-aa49619cc35e","typename":"Problemas de servicios en línea"}],"model":"TypeClaimModels/getAll"},"timestamp":"2023-08-15 01:55:49"}
{"level":"info","message":"API listening port 5400","timestamp":"2023-08-15 02:00:30"}
{"level":"info","message":"Connect Database","timestamp":"2023-08-15 02:00:31"}
{"level":"info","message":"API listening port 5400","timestamp":"2023-08-15 02:00:40"}
{"level":"info","message":"API listening port 5400","timestamp":"2023-08-15 02:00:44"}
{"level":"info","message":"Connect Database","timestamp":"2023-08-15 02:00:46"}
{"level":"info","message":"API listening port 5400","timestamp":"2023-08-15 02:00:50"}
{"level":"info","message":"Connect Database","timestamp":"2023-08-15 02:00:51"}
{"level":"info","message":"API listening port 5400","timestamp":"2023-08-15 02:01:12"}
{"level":"info","message":"Connect Database","timestamp":"2023-08-15 02:01:13"}
{"level":"info","message":"API listening port 5400","timestamp":"2023-08-15 02:01:22"}
{"level":"info","message":"Connect Database","timestamp":"2023-08-15 02:01:23"}
{"level":"info","message":{"body":{},"method":"POST","params":"","query":"","url":"/api/typeclaim/getAll"},"timestamp":"2023-08-15 02:01:38"}
{"level":"info","message":{"body":{"claim_id":"b1a251f5-a510-449d-a999-892a4ce2d34a"},"method":"POST","params":"","query":"","url":"/api/claim/getById"},"timestamp":"2023-08-15 02:01:38"}
{"level":"info","message":{"body":{},"method":"POST","params":"","query":"","url":"/api/typeclaim/getAll"},"timestamp":"2023-08-15 02:01:38"}
{"level":"info","message":{"data":[{"id":"05269505-b463-425a-b5f2-44b201d617ed","typename":"Servicios públicos"},{"id":"28af3e1d-8af8-47fc-b631-1ac3845e8f14","typename":"Infraestructura y obras públicas"},{"id":"7cc4a9e1-dc6e-4fcb-9475-bc052daad2f7","typename":"Transporte público"},{"id":"280888bb-56af-4bc3-ba07-a1f571dfe30b","typename":"Licencias y permisos"},{"id":"3091e865-f7a9-45b7-b9c0-1839008ffcad","typename":"Ruidos y contaminación"},{"id":"b41841be-14eb-48a2-83c3-91f4ab6ec029","typename":"Problemas de seguridad"},{"id":"c9aec491-50f3-403e-a51e-204c0bb9d4f5","typename":"Problemas de iluminación"},{"id":"0202cb87-b934-48e8-994e-aa49619cc35e","typename":"Problemas de servicios en línea"}],"model":"TypeClaimModels/getAll"},"timestamp":"2023-08-15 02:01:39"}
{"level":"info","message":{"data":[{"id":"05269505-b463-425a-b5f2-44b201d617ed","typename":"Servicios públicos"},{"id":"28af3e1d-8af8-47fc-b631-1ac3845e8f14","typename":"Infraestructura y obras públicas"},{"id":"7cc4a9e1-dc6e-4fcb-9475-bc052daad2f7","typename":"Transporte público"},{"id":"280888bb-56af-4bc3-ba07-a1f571dfe30b","typename":"Licencias y permisos"},{"id":"3091e865-f7a9-45b7-b9c0-1839008ffcad","typename":"Ruidos y contaminación"},{"id":"b41841be-14eb-48a2-83c3-91f4ab6ec029","typename":"Problemas de seguridad"},{"id":"c9aec491-50f3-403e-a51e-204c0bb9d4f5","typename":"Problemas de iluminación"},{"id":"0202cb87-b934-48e8-994e-aa49619cc35e","typename":"Problemas de servicios en línea"}],"model":"TypeClaimModels/getAll"},"timestamp":"2023-08-15 02:01:39"}
{"level":"info","message":"API listening port 5400","timestamp":"2023-08-15 02:02:49"}
{"level":"info","message":"Connect Database","timestamp":"2023-08-15 02:02:50"}
{"level":"info","message":{"body":{},"method":"POST","params":"","query":"","url":"/api/typeclaim/getAll"},"timestamp":"2023-08-15 02:02:54"}
{"level":"info","message":{"body":{"claim_id":"b1a251f5-a510-449d-a999-892a4ce2d34a"},"method":"POST","params":"","query":"","url":"/api/claim/getById"},"timestamp":"2023-08-15 02:02:54"}
{"level":"info","message":{"body":{},"method":"POST","params":"","query":"","url":"/api/typeclaim/getAll"},"timestamp":"2023-08-15 02:02:54"}
{"level":"info","message":{"data":[{"id":"05269505-b463-425a-b5f2-44b201d617ed","typename":"Servicios públicos"},{"id":"28af3e1d-8af8-47fc-b631-1ac3845e8f14","typename":"Infraestructura y obras públicas"},{"id":"7cc4a9e1-dc6e-4fcb-9475-bc052daad2f7","typename":"Transporte público"},{"id":"280888bb-56af-4bc3-ba07-a1f571dfe30b","typename":"Licencias y permisos"},{"id":"3091e865-f7a9-45b7-b9c0-1839008ffcad","typename":"Ruidos y contaminación"},{"id":"b41841be-14eb-48a2-83c3-91f4ab6ec029","typename":"Problemas de seguridad"},{"id":"c9aec491-50f3-403e-a51e-204c0bb9d4f5","typename":"Problemas de iluminación"},{"id":"0202cb87-b934-48e8-994e-aa49619cc35e","typename":"Problemas de servicios en línea"}],"model":"TypeClaimModels/getAll"},"timestamp":"2023-08-15 02:02:55"}
