{"level":"info","message":"API listening port 5400","timestamp":"2023-08-06 17:31:43"}
{"level":"info","message":"Connect Database","timestamp":"2023-08-06 17:31:44"}
{"level":"info","message":"API listening port 5400","timestamp":"2023-08-06 17:37:17"}
{"level":"info","message":"Connect Database","timestamp":"2023-08-06 17:37:18"}
{"level":"info","message":{"body":{"rut":"27.648.009-K"},"method":"POST","params":"","query":"","url":"/api/person/getByRut"},"timestamp":"2023-08-06 17:37:27"}
{"level":"info","message":{"data":{"email":"quispeabadquispe@gmail.com","id":"0dbdf4ee-27e8-4080-bc1b-779a38c9d9ef","maternallastname":"Huamani","name":"Abad","paternallastname":"Quispe","phone":"957902342","rut":"27.648.009-K"},"model":"Person/getByRut"},"timestamp":"2023-08-06 17:37:29"}
{"level":"info","message":{"body":{"email":"quispeabadquispe@gmail.com","maternallastname":"Huamani","name":"Abad","paternallastname":"Quispe","phone":"957902342","rut":"27.648.009-K"},"method":"POST","params":"","query":"","url":"/api/person/create"},"timestamp":"2023-08-06 17:37:33"}
{"level":"info","message":{"data":{"email":"quispeabadquispe@gmail.com","id":"0dbdf4ee-27e8-4080-bc1b-779a38c9d9ef","maternallastname":"Huamani","name":"Abad","paternallastname":"Quispe","phone":"957902342","rut":"27.648.009-K"},"model":"Person/create"},"timestamp":"2023-08-06 17:37:33"}
{"level":"info","message":{"body":{},"method":"POST","params":"","query":"","url":"/api/typeclaim/getAll"},"timestamp":"2023-08-06 17:37:34"}
{"level":"info","message":{"body":{},"method":"POST","params":"","query":"","url":"/api/typeclaim/getAll"},"timestamp":"2023-08-06 17:37:34"}
{"level":"info","message":{"data":[],"model":"TypeClaimModels/getAll"},"timestamp":"2023-08-06 17:37:34"}
{"level":"info","message":{"data":[],"model":"TypeClaimModels/getAll"},"timestamp":"2023-08-06 17:37:35"}
{"level":"info","message":{"body":{"email":"quispeabadquispe@gmail.com","maternallastname":"Huamani","name":"Abad","paternallastname":"Quispe","phone":"957902342","rut":"27.648.009-K"},"method":"POST","params":"","query":"","url":"/api/person/create"},"timestamp":"2023-08-06 17:45:05"}
{"level":"info","message":{"body":{},"method":"POST","params":"","query":"","url":"/api/typeclaim/getAll"},"timestamp":"2023-08-06 17:45:05"}
{"level":"info","message":{"body":{},"method":"POST","params":"","query":"","url":"/api/typeclaim/getAll"},"timestamp":"2023-08-06 17:45:05"}
{"level":"info","message":{"data":{"email":"quispeabadquispe@gmail.com","id":"0dbdf4ee-27e8-4080-bc1b-779a38c9d9ef","maternallastname":"Huamani","name":"Abad","paternallastname":"Quispe","phone":"957902342","rut":"27.648.009-K"},"model":"Person/create"},"timestamp":"2023-08-06 17:45:06"}
{"level":"info","message":{"data":[],"model":"TypeClaimModels/getAll"},"timestamp":"2023-08-06 17:45:06"}
{"level":"info","message":{"data":[],"model":"TypeClaimModels/getAll"},"timestamp":"2023-08-06 17:45:06"}
{"level":"info","message":{"body":{"email":"quispeabadquispe@gmail.com","maternallastname":"Huamani","name":"Abad","paternallastname":"Quispe","phone":"957902342","rut":"27.648.009-K"},"method":"POST","params":"","query":"","url":"/api/person/create"},"timestamp":"2023-08-06 17:48:05"}
{"level":"info","message":{"body":{},"method":"POST","params":"","query":"","url":"/api/typeclaim/getAll"},"timestamp":"2023-08-06 17:48:05"}
{"level":"info","message":{"body":{},"method":"POST","params":"","query":"","url":"/api/typeclaim/getAll"},"timestamp":"2023-08-06 17:48:05"}
{"level":"info","message":{"data":{"email":"quispeabadquispe@gmail.com","id":"0dbdf4ee-27e8-4080-bc1b-779a38c9d9ef","maternallastname":"Huamani","name":"Abad","paternallastname":"Quispe","phone":"957902342","rut":"27.648.009-K"},"model":"Person/create"},"timestamp":"2023-08-06 17:48:06"}
{"level":"info","message":{"data":[{"id":"05269505-b463-425a-b5f2-44b201d617ed","typename":"Servicios públicos"}],"model":"TypeClaimModels/getAll"},"timestamp":"2023-08-06 17:48:06"}
{"level":"info","message":{"data":[{"id":"05269505-b463-425a-b5f2-44b201d617ed","typename":"Servicios públicos"}],"model":"TypeClaimModels/getAll"},"timestamp":"2023-08-06 17:48:06"}
{"level":"info","message":{"body":{"rut":"11.111.111-1"},"method":"POST","params":"","query":"","url":"/api/person/getByRut"},"timestamp":"2023-08-06 17:48:16"}
{"level":"info","message":{"data":null,"model":"Person/getByRut"},"timestamp":"2023-08-06 17:48:16"}
{"level":"info","message":{"body":{"rut":"27.648.009-K"},"method":"POST","params":"","query":"","url":"/api/person/getByRut"},"timestamp":"2023-08-06 17:48:20"}
{"level":"info","message":{"data":{"email":"quispeabadquispe@gmail.com","id":"0dbdf4ee-27e8-4080-bc1b-779a38c9d9ef","maternallastname":"Huamani","name":"Abad","paternallastname":"Quispe","phone":"957902342","rut":"27.648.009-K"},"model":"Person/getByRut"},"timestamp":"2023-08-06 17:48:20"}
{"level":"info","message":{"body":{"email":"quispeabadquispe@gmail.com","maternallastname":"Huamani","name":"Abad","paternallastname":"Quispe","phone":"957902342","rut":"27.648.009-K"},"method":"POST","params":"","query":"","url":"/api/person/create"},"timestamp":"2023-08-06 17:48:21"}
{"level":"info","message":{"body":{},"method":"POST","params":"","query":"","url":"/api/typeclaim/getAll"},"timestamp":"2023-08-06 17:48:21"}
{"level":"info","message":{"body":{},"method":"POST","params":"","query":"","url":"/api/typeclaim/getAll"},"timestamp":"2023-08-06 17:48:21"}
{"level":"info","message":{"data":{"email":"quispeabadquispe@gmail.com","id":"0dbdf4ee-27e8-4080-bc1b-779a38c9d9ef","maternallastname":"Huamani","name":"Abad","paternallastname":"Quispe","phone":"957902342","rut":"27.648.009-K"},"model":"Person/create"},"timestamp":"2023-08-06 17:48:21"}
{"level":"info","message":{"data":[{"id":"05269505-b463-425a-b5f2-44b201d617ed","typename":"Servicios públicos"}],"model":"TypeClaimModels/getAll"},"timestamp":"2023-08-06 17:48:22"}
{"level":"info","message":{"data":[{"id":"05269505-b463-425a-b5f2-44b201d617ed","typename":"Servicios públicos"}],"model":"TypeClaimModels/getAll"},"timestamp":"2023-08-06 17:48:22"}
{"level":"info","message":{"body":{"email":"quispeabadquispe@gmail.com","maternallastname":"Huamani","name":"Abad","paternallastname":"Quispe","phone":"957902342","rut":"27.648.009-K"},"method":"POST","params":"","query":"","url":"/api/person/create"},"timestamp":"2023-08-06 17:50:18"}
{"level":"info","message":{"body":{},"method":"POST","params":"","query":"","url":"/api/typeclaim/getAll"},"timestamp":"2023-08-06 17:50:18"}
{"level":"info","message":{"body":{},"method":"POST","params":"","query":"","url":"/api/typeclaim/getAll"},"timestamp":"2023-08-06 17:50:18"}
{"level":"info","message":{"data":{"email":"quispeabadquispe@gmail.com","id":"0dbdf4ee-27e8-4080-bc1b-779a38c9d9ef","maternallastname":"Huamani","name":"Abad","paternallastname":"Quispe","phone":"957902342","rut":"27.648.009-K"},"model":"Person/create"},"timestamp":"2023-08-06 17:50:19"}
{"level":"info","message":{"data":[{"id":"05269505-b463-425a-b5f2-44b201d617ed","typename":"Servicios públicos"},{"id":"28af3e1d-8af8-47fc-b631-1ac3845e8f14","typename":"Infraestructura y obras públicas"},{"id":"7cc4a9e1-dc6e-4fcb-9475-bc052daad2f7","typename":"Transporte público"},{"id":"280888bb-56af-4bc3-ba07-a1f571dfe30b","typename":"Licencias y permisos"},{"id":"3091e865-f7a9-45b7-b9c0-1839008ffcad","typename":"Ruidos y contaminación"},{"id":"b41841be-14eb-48a2-83c3-91f4ab6ec029","typename":"Problemas de seguridad"},{"id":"c9aec491-50f3-403e-a51e-204c0bb9d4f5","typename":"Problemas de iluminación"},{"id":"0202cb87-b934-48e8-994e-aa49619cc35e","typename":"Problemas de servicios en línea"}],"model":"TypeClaimModels/getAll"},"timestamp":"2023-08-06 17:50:19"}
{"level":"info","message":{"data":[{"id":"05269505-b463-425a-b5f2-44b201d617ed","typename":"Servicios públicos"},{"id":"28af3e1d-8af8-47fc-b631-1ac3845e8f14","typename":"Infraestructura y obras públicas"},{"id":"7cc4a9e1-dc6e-4fcb-9475-bc052daad2f7","typename":"Transporte público"},{"id":"280888bb-56af-4bc3-ba07-a1f571dfe30b","typename":"Licencias y permisos"},{"id":"3091e865-f7a9-45b7-b9c0-1839008ffcad","typename":"Ruidos y contaminación"},{"id":"b41841be-14eb-48a2-83c3-91f4ab6ec029","typename":"Problemas de seguridad"},{"id":"c9aec491-50f3-403e-a51e-204c0bb9d4f5","typename":"Problemas de iluminación"},{"id":"0202cb87-b934-48e8-994e-aa49619cc35e","typename":"Problemas de servicios en línea"}],"model":"TypeClaimModels/getAll"},"timestamp":"2023-08-06 17:50:19"}
{"level":"info","message":{"body":{},"method":"POST","params":"","query":"","url":"/api/typeclaim/getAll"},"timestamp":"2023-08-06 17:52:27"}
{"level":"info","message":{"body":{},"method":"POST","params":"","query":"","url":"/api/typeclaim/getAll"},"timestamp":"2023-08-06 17:52:27"}
{"level":"info","message":{"data":[{"id":"05269505-b463-425a-b5f2-44b201d617ed","typename":"Servicios públicos"},{"id":"28af3e1d-8af8-47fc-b631-1ac3845e8f14","typename":"Infraestructura y obras públicas"},{"id":"7cc4a9e1-dc6e-4fcb-9475-bc052daad2f7","typename":"Transporte público"},{"id":"280888bb-56af-4bc3-ba07-a1f571dfe30b","typename":"Licencias y permisos"},{"id":"3091e865-f7a9-45b7-b9c0-1839008ffcad","typename":"Ruidos y contaminación"},{"id":"b41841be-14eb-48a2-83c3-91f4ab6ec029","typename":"Problemas de seguridad"},{"id":"c9aec491-50f3-403e-a51e-204c0bb9d4f5","typename":"Problemas de iluminación"},{"id":"0202cb87-b934-48e8-994e-aa49619cc35e","typename":"Problemas de servicios en línea"}],"model":"TypeClaimModels/getAll"},"timestamp":"2023-08-06 17:52:28"}
{"level":"info","message":{"data":[{"id":"05269505-b463-425a-b5f2-44b201d617ed","typename":"Servicios públicos"},{"id":"28af3e1d-8af8-47fc-b631-1ac3845e8f14","typename":"Infraestructura y obras públicas"},{"id":"7cc4a9e1-dc6e-4fcb-9475-bc052daad2f7","typename":"Transporte público"},{"id":"280888bb-56af-4bc3-ba07-a1f571dfe30b","typename":"Licencias y permisos"},{"id":"3091e865-f7a9-45b7-b9c0-1839008ffcad","typename":"Ruidos y contaminación"},{"id":"b41841be-14eb-48a2-83c3-91f4ab6ec029","typename":"Problemas de seguridad"},{"id":"c9aec491-50f3-403e-a51e-204c0bb9d4f5","typename":"Problemas de iluminación"},{"id":"0202cb87-b934-48e8-994e-aa49619cc35e","typename":"Problemas de servicios en línea"}],"model":"TypeClaimModels/getAll"},"timestamp":"2023-08-06 17:52:28"}
{"level":"info","message":{"body":{},"method":"POST","params":"","query":"","url":"/api/typeclaim/getAll"},"timestamp":"2023-08-06 17:52:32"}
{"level":"info","message":{"body":{},"method":"POST","params":"","query":"","url":"/api/typeclaim/getAll"},"timestamp":"2023-08-06 17:52:32"}
{"level":"info","message":{"data":[{"id":"05269505-b463-425a-b5f2-44b201d617ed","typename":"Servicios públicos"},{"id":"28af3e1d-8af8-47fc-b631-1ac3845e8f14","typename":"Infraestructura y obras públicas"},{"id":"7cc4a9e1-dc6e-4fcb-9475-bc052daad2f7","typename":"Transporte público"},{"id":"280888bb-56af-4bc3-ba07-a1f571dfe30b","typename":"Licencias y permisos"},{"id":"3091e865-f7a9-45b7-b9c0-1839008ffcad","typename":"Ruidos y contaminación"},{"id":"b41841be-14eb-48a2-83c3-91f4ab6ec029","typename":"Problemas de seguridad"},{"id":"c9aec491-50f3-403e-a51e-204c0bb9d4f5","typename":"Problemas de iluminación"},{"id":"0202cb87-b934-48e8-994e-aa49619cc35e","typename":"Problemas de servicios en línea"}],"model":"TypeClaimModels/getAll"},"timestamp":"2023-08-06 17:52:32"}
{"level":"info","message":{"data":[{"id":"05269505-b463-425a-b5f2-44b201d617ed","typename":"Servicios públicos"},{"id":"28af3e1d-8af8-47fc-b631-1ac3845e8f14","typename":"Infraestructura y obras públicas"},{"id":"7cc4a9e1-dc6e-4fcb-9475-bc052daad2f7","typename":"Transporte público"},{"id":"280888bb-56af-4bc3-ba07-a1f571dfe30b","typename":"Licencias y permisos"},{"id":"3091e865-f7a9-45b7-b9c0-1839008ffcad","typename":"Ruidos y contaminación"},{"id":"b41841be-14eb-48a2-83c3-91f4ab6ec029","typename":"Problemas de seguridad"},{"id":"c9aec491-50f3-403e-a51e-204c0bb9d4f5","typename":"Problemas de iluminación"},{"id":"0202cb87-b934-48e8-994e-aa49619cc35e","typename":"Problemas de servicios en línea"}],"model":"TypeClaimModels/getAll"},"timestamp":"2023-08-06 17:52:32"}
{"level":"info","message":"API listening port 5400","timestamp":"2023-08-06 18:17:08"}
{"level":"info","message":"Connect Database","timestamp":"2023-08-06 18:17:09"}
{"level":"info","message":{"body":{"rut":"27.648.009-K"},"method":"POST","params":"","query":"","url":"/api/person/getByRut"},"timestamp":"2023-08-06 18:17:12"}
{"level":"info","message":{"data":{"email":"quispeabadquispe@gmail.com","id":"0dbdf4ee-27e8-4080-bc1b-779a38c9d9ef","maternallastname":"Huamani","name":"Abad","paternallastname":"Quispe","phone":"957902342","rut":"27.648.009-K"},"model":"Person/getByRut"},"timestamp":"2023-08-06 18:17:13"}
{"level":"info","message":{"body":{"email":"quispeabadquispe@gmail.com","maternallastname":"Huamani","name":"Abad","paternallastname":"Quispe","phone":"957902342","rut":"27.648.009-K"},"method":"POST","params":"","query":"","url":"/api/person/create"},"timestamp":"2023-08-06 18:17:15"}
{"level":"info","message":{"body":{},"method":"POST","params":"","query":"","url":"/api/typeclaim/getAll"},"timestamp":"2023-08-06 18:17:15"}
{"level":"info","message":{"body":{},"method":"POST","params":"","query":"","url":"/api/typeclaim/getAll"},"timestamp":"2023-08-06 18:17:15"}
{"level":"info","message":{"data":{"email":"quispeabadquispe@gmail.com","id":"0dbdf4ee-27e8-4080-bc1b-779a38c9d9ef","maternallastname":"Huamani","name":"Abad","paternallastname":"Quispe","phone":"957902342","rut":"27.648.009-K"},"model":"Person/create"},"timestamp":"2023-08-06 18:17:15"}
{"level":"info","message":{"data":[{"id":"05269505-b463-425a-b5f2-44b201d617ed","typename":"Servicios públicos"},{"id":"28af3e1d-8af8-47fc-b631-1ac3845e8f14","typename":"Infraestructura y obras públicas"},{"id":"7cc4a9e1-dc6e-4fcb-9475-bc052daad2f7","typename":"Transporte público"},{"id":"280888bb-56af-4bc3-ba07-a1f571dfe30b","typename":"Licencias y permisos"},{"id":"3091e865-f7a9-45b7-b9c0-1839008ffcad","typename":"Ruidos y contaminación"},{"id":"b41841be-14eb-48a2-83c3-91f4ab6ec029","typename":"Problemas de seguridad"},{"id":"c9aec491-50f3-403e-a51e-204c0bb9d4f5","typename":"Problemas de iluminación"},{"id":"0202cb87-b934-48e8-994e-aa49619cc35e","typename":"Problemas de servicios en línea"}],"model":"TypeClaimModels/getAll"},"timestamp":"2023-08-06 18:17:16"}
{"level":"info","message":{"data":[{"id":"05269505-b463-425a-b5f2-44b201d617ed","typename":"Servicios públicos"},{"id":"28af3e1d-8af8-47fc-b631-1ac3845e8f14","typename":"Infraestructura y obras públicas"},{"id":"7cc4a9e1-dc6e-4fcb-9475-bc052daad2f7","typename":"Transporte público"},{"id":"280888bb-56af-4bc3-ba07-a1f571dfe30b","typename":"Licencias y permisos"},{"id":"3091e865-f7a9-45b7-b9c0-1839008ffcad","typename":"Ruidos y contaminación"},{"id":"b41841be-14eb-48a2-83c3-91f4ab6ec029","typename":"Problemas de seguridad"},{"id":"c9aec491-50f3-403e-a51e-204c0bb9d4f5","typename":"Problemas de iluminación"},{"id":"0202cb87-b934-48e8-994e-aa49619cc35e","typename":"Problemas de servicios en línea"}],"model":"TypeClaimModels/getAll"},"timestamp":"2023-08-06 18:17:16"}
{"level":"info","message":"API listening port 5400","timestamp":"2023-08-06 20:26:31"}
{"level":"info","message":"Connect Database","timestamp":"2023-08-06 20:26:32"}
{"level":"info","message":"API listening port 5400","timestamp":"2023-08-06 20:40:26"}
{"level":"info","message":"Connect Database","timestamp":"2023-08-06 20:40:27"}
{"level":"info","message":{"body":{"claimId":"Este es mi aid"},"method":"POST","params":"","query":"","url":"/api/file/add"},"timestamp":"2023-08-06 20:40:52"}
{"level":"info","message":"API listening port 5400","timestamp":"2023-08-06 20:42:49"}
{"level":"info","message":"Connect Database","timestamp":"2023-08-06 20:42:50"}
{"level":"info","message":"API listening port 5400","timestamp":"2023-08-06 20:43:08"}
{"level":"info","message":"Connect Database","timestamp":"2023-08-06 20:43:09"}
{"level":"info","message":"API listening port 5400","timestamp":"2023-08-06 20:43:50"}
{"level":"info","message":"Connect Database","timestamp":"2023-08-06 20:43:51"}
{"level":"info","message":"API listening port 5400","timestamp":"2023-08-06 20:44:00"}
{"level":"info","message":"Connect Database","timestamp":"2023-08-06 20:44:01"}
{"level":"info","message":{"body":{"claimId":"Este es mi aid"},"method":"POST","params":"","query":"","url":"/api/file/add"},"timestamp":"2023-08-06 20:44:35"}
{"level":"info","message":"API listening port 5400","timestamp":"2023-08-06 20:45:11"}
{"level":"info","message":"Connect Database","timestamp":"2023-08-06 20:45:12"}
{"level":"info","message":{"body":{"claimId":"Este es mi aid"},"method":"POST","params":"","query":"","url":"/api/file/add"},"timestamp":"2023-08-06 20:45:13"}
{"level":"info","message":"API listening port 5400","timestamp":"2023-08-06 20:45:32"}
{"level":"info","message":"Connect Database","timestamp":"2023-08-06 20:45:33"}
{"level":"info","message":{"body":{"claimId":"Este es mi aid"},"method":"POST","params":"","query":"","url":"/api/file/add"},"timestamp":"2023-08-06 20:45:35"}
{"level":"info","message":"API listening port 5400","timestamp":"2023-08-06 20:45:48"}
{"level":"info","message":"Connect Database","timestamp":"2023-08-06 20:45:49"}
{"level":"info","message":"API listening port 5400","timestamp":"2023-08-06 20:46:17"}
{"level":"info","message":"Connect Database","timestamp":"2023-08-06 20:46:17"}
{"level":"info","message":{"body":{"claimId":"Este es mi aid"},"method":"POST","params":"","query":"","url":"/api/file/add"},"timestamp":"2023-08-06 20:46:18"}
{"level":"info","message":{"data":{"claimId":"Este es mi aid"},"model":"file/add"},"timestamp":"2023-08-06 20:46:18"}
{"level":"info","message":"API listening port 5400","timestamp":"2023-08-06 20:53:52"}
{"level":"info","message":"Connect Database","timestamp":"2023-08-06 20:53:53"}
{"level":"info","message":"API listening port 5400","timestamp":"2023-08-06 21:05:55"}
{"level":"info","message":"Connect Database","timestamp":"2023-08-06 21:05:56"}
{"level":"info","message":{"body":{"claimId":"Este es mi aid"},"method":"POST","params":"","query":"","url":"/api/file/add"},"timestamp":"2023-08-06 21:05:58"}
{"level":"info","message":{"data":{"claimId":"Este es mi aid"},"model":"file/add"},"timestamp":"2023-08-06 21:05:58"}
{"level":"info","message":"API listening port 5400","timestamp":"2023-08-06 21:06:44"}
{"level":"info","message":"Connect Database","timestamp":"2023-08-06 21:06:45"}
{"level":"info","message":"API listening port 5400","timestamp":"2023-08-06 21:07:02"}
{"level":"info","message":"Connect Database","timestamp":"2023-08-06 21:07:03"}
{"level":"info","message":{"body":{"claimId":"Este es mi aid"},"method":"POST","params":"","query":"","url":"/api/file/add"},"timestamp":"2023-08-06 21:07:31"}
{"level":"info","message":{"data":{"claimId":"Este es mi aid"},"model":"file/add"},"timestamp":"2023-08-06 21:07:31"}
{"level":"info","message":{"body":{"claimId":"Este es mi aid"},"method":"POST","params":"","query":"","url":"/api/file/add"},"timestamp":"2023-08-06 21:07:48"}
{"level":"info","message":{"data":{"claimId":"Este es mi aid"},"model":"file/add"},"timestamp":"2023-08-06 21:07:48"}
{"level":"info","message":"API listening port 5400","timestamp":"2023-08-06 21:08:22"}
{"level":"info","message":{"body":{"claimId":"Este es mi aid"},"method":"POST","params":"","query":"","url":"/api/file/add"},"timestamp":"2023-08-06 21:08:23"}
{"level":"info","message":{"data":{"claimId":"Este es mi aid"},"model":"file/add"},"timestamp":"2023-08-06 21:08:23"}
{"level":"info","message":"Connect Database","timestamp":"2023-08-06 21:08:23"}
{"level":"info","message":"API listening port 5400","timestamp":"2023-08-06 21:08:54"}
{"level":"info","message":"Connect Database","timestamp":"2023-08-06 21:08:55"}
{"level":"info","message":"API listening port 5400","timestamp":"2023-08-06 21:08:59"}
{"level":"info","message":"Connect Database","timestamp":"2023-08-06 21:09:00"}
{"level":"info","message":"API listening port 5400","timestamp":"2023-08-06 21:13:54"}
{"level":"info","message":"Connect Database","timestamp":"2023-08-06 21:13:55"}
{"level":"info","message":{"body":{"claimId":"Este es mi aid"},"method":"POST","params":"","query":"","url":"/api/file/add"},"timestamp":"2023-08-06 21:13:57"}
{"level":"info","message":{"data":{"claimId":"Este es mi aid"},"model":"file/add"},"timestamp":"2023-08-06 21:13:57"}
{"level":"info","message":"API listening port 5400","timestamp":"2023-08-06 21:16:03"}
{"level":"info","message":"Connect Database","timestamp":"2023-08-06 21:16:04"}
{"level":"info","message":{"body":{"claimId":"Este es mi aid"},"method":"POST","params":"","query":"","url":"/api/file/add"},"timestamp":"2023-08-06 21:16:07"}
{"level":"info","message":{"data":{"claimId":"Este es mi aid"},"model":"file/add"},"timestamp":"2023-08-06 21:16:07"}
{"level":"info","message":"API listening port 5400","timestamp":"2023-08-06 21:16:55"}
{"level":"info","message":"Connect Database","timestamp":"2023-08-06 21:16:56"}
{"level":"info","message":{"body":{"claimId":"Este es mi aid"},"method":"POST","params":"","query":"","url":"/api/file/add"},"timestamp":"2023-08-06 21:16:56"}
{"level":"info","message":{"data":{"claimId":"Este es mi aid"},"model":"file/add"},"timestamp":"2023-08-06 21:16:56"}
{"level":"info","message":"API listening port 5400","timestamp":"2023-08-06 21:17:19"}
{"level":"info","message":"Connect Database","timestamp":"2023-08-06 21:17:35"}
{"level":"info","message":"API listening port 5400","timestamp":"2023-08-06 21:17:38"}
{"level":"info","message":"Connect Database","timestamp":"2023-08-06 21:17:39"}
{"level":"info","message":"API listening port 5400","timestamp":"2023-08-06 21:18:48"}
{"level":"info","message":"Connect Database","timestamp":"2023-08-06 21:18:50"}
{"level":"info","message":"API listening port 5400","timestamp":"2023-08-06 21:20:05"}
{"level":"info","message":"Connect Database","timestamp":"2023-08-06 21:20:06"}
{"level":"info","message":"API listening port 5400","timestamp":"2023-08-06 21:20:26"}
{"level":"info","message":"Connect Database","timestamp":"2023-08-06 21:20:27"}
{"level":"info","message":{"body":{"claimId":"Este es mi aid"},"method":"POST","params":"","query":"","url":"/api/file/add"},"timestamp":"2023-08-06 21:20:31"}
{"level":"info","message":"API listening port 5400","timestamp":"2023-08-06 21:21:00"}
{"level":"info","message":"Connect Database","timestamp":"2023-08-06 21:21:01"}
{"level":"info","message":"API listening port 5400","timestamp":"2023-08-06 21:21:06"}
{"level":"info","message":"Connect Database","timestamp":"2023-08-06 21:21:06"}
{"level":"info","message":"API listening port 5400","timestamp":"2023-08-06 21:21:24"}
{"level":"info","message":"Connect Database","timestamp":"2023-08-06 21:21:25"}
{"level":"info","message":{"body":{"claimId":"Este es mi aid"},"method":"POST","params":"","query":"","url":"/api/file/add"},"timestamp":"2023-08-06 21:21:28"}
{"level":"info","message":{"body":{"claimId":"Este es mi aid"},"method":"POST","params":"","query":"","url":"/api/file/add"},"timestamp":"2023-08-06 21:21:40"}
{"level":"info","message":"API listening port 5400","timestamp":"2023-08-06 21:22:20"}
{"level":"info","message":"Connect Database","timestamp":"2023-08-06 21:22:21"}
{"level":"info","message":"API listening port 5400","timestamp":"2023-08-06 21:22:43"}
{"level":"info","message":"Connect Database","timestamp":"2023-08-06 21:22:44"}
{"level":"info","message":{"body":{"claimId":"Este es mi aid"},"method":"POST","params":"","query":"","url":"/api/file/add"},"timestamp":"2023-08-06 21:22:46"}
{"level":"info","message":"API listening port 5400","timestamp":"2023-08-06 21:23:01"}
{"level":"info","message":"Connect Database","timestamp":"2023-08-06 21:23:02"}
{"level":"info","message":{"body":{"claimId":"Este es mi aid"},"method":"POST","params":"","query":"","url":"/api/file/add"},"timestamp":"2023-08-06 21:23:03"}
{"level":"info","message":"API listening port 5400","timestamp":"2023-08-06 21:25:14"}
{"level":"info","message":"Connect Database","timestamp":"2023-08-06 21:25:15"}
{"level":"info","message":{"body":{"claimId":"Este es mi aid"},"method":"POST","params":"","query":"","url":"/api/file/add"},"timestamp":"2023-08-06 21:25:19"}
{"level":"info","message":"API listening port 5400","timestamp":"2023-08-06 21:25:43"}
{"level":"info","message":"Connect Database","timestamp":"2023-08-06 21:25:43"}
{"level":"info","message":{"body":{"claimId":"Este es mi aid"},"method":"POST","params":"","query":"","url":"/api/file/add"},"timestamp":"2023-08-06 21:25:48"}
{"level":"info","message":"API listening port 5400","timestamp":"2023-08-06 21:27:05"}
{"level":"info","message":"Connect Database","timestamp":"2023-08-06 21:27:06"}
{"level":"info","message":"API listening port 5400","timestamp":"2023-08-06 21:28:45"}
{"level":"info","message":"Connect Database","timestamp":"2023-08-06 21:28:46"}
{"level":"info","message":{"body":{"claimId":"Este es mi aid"},"method":"POST","params":"","query":"","url":"/api/file/add"},"timestamp":"2023-08-06 21:28:47"}
{"level":"info","message":"API listening port 5400","timestamp":"2023-08-06 21:29:46"}
{"level":"info","message":"Connect Database","timestamp":"2023-08-06 21:29:47"}
{"level":"info","message":{"body":{"claimId":"Este es mi aid"},"method":"POST","params":"","query":"","url":"/api/file/add"},"timestamp":"2023-08-06 21:29:57"}
{"level":"info","message":"API listening port 5400","timestamp":"2023-08-06 21:30:54"}
{"level":"info","message":"Connect Database","timestamp":"2023-08-06 21:30:55"}
{"level":"info","message":{"body":{"claimId":"Este es mi aid"},"method":"POST","params":"","query":"","url":"/api/file/add"},"timestamp":"2023-08-06 21:30:59"}
{"level":"info","message":"API listening port 5400","timestamp":"2023-08-06 21:31:12"}
{"level":"info","message":"Connect Database","timestamp":"2023-08-06 21:31:13"}
{"level":"info","message":{"body":{"claimId":"Este es mi aid"},"method":"POST","params":"","query":"","url":"/api/file/add"},"timestamp":"2023-08-06 21:31:16"}
{"level":"info","message":{"data":{"claimId":"Este es mi aid"},"model":"file/add"},"timestamp":"2023-08-06 21:31:18"}
{"level":"info","message":"API listening port 5400","timestamp":"2023-08-06 21:32:13"}
{"level":"info","message":"Connect Database","timestamp":"2023-08-06 21:32:14"}
{"level":"info","message":"API listening port 5400","timestamp":"2023-08-06 21:32:47"}
{"level":"info","message":"Connect Database","timestamp":"2023-08-06 21:32:49"}
{"level":"info","message":"API listening port 5400","timestamp":"2023-08-06 21:32:55"}
{"level":"info","message":"Connect Database","timestamp":"2023-08-06 21:32:56"}
{"level":"info","message":"API listening port 5400","timestamp":"2023-08-06 21:33:13"}
{"level":"info","message":"Connect Database","timestamp":"2023-08-06 21:33:14"}
{"level":"info","message":"API listening port 5400","timestamp":"2023-08-06 21:33:26"}
{"level":"info","message":"Connect Database","timestamp":"2023-08-06 21:33:27"}
{"level":"info","message":{"body":{"claimId":"Este es mi aid"},"method":"POST","params":"","query":"","url":"/api/file/add"},"timestamp":"2023-08-06 21:33:36"}
{"level":"info","message":{"data":{"claimId":"Este es mi aid"},"model":"file/add"},"timestamp":"2023-08-06 21:33:39"}
{"level":"info","message":"API listening port 5400","timestamp":"2023-08-06 23:22:36"}
{"level":"info","message":"Connect Database","timestamp":"2023-08-06 23:22:37"}
{"level":"info","message":"API listening port 5400","timestamp":"2023-08-07 00:03:47"}
{"level":"info","message":"Connect Database","timestamp":"2023-08-07 00:03:48"}
{"level":"info","message":{"body":{"rut":"27.648.009-K"},"method":"POST","params":"","query":"","url":"/api/person/getByRut"},"timestamp":"2023-08-07 00:04:17"}
{"level":"info","message":{"data":{"email":"quispeabadquispe@gmail.com","id":"0dbdf4ee-27e8-4080-bc1b-779a38c9d9ef","maternallastname":"Huamani","name":"Abad","paternallastname":"Quispe","phone":"957902342","rut":"27.648.009-K"},"model":"Person/getByRut"},"timestamp":"2023-08-07 00:04:18"}
{"level":"info","message":{"body":{"email":"quispeabadquispe@gmail.com","maternallastname":"Huamani","name":"Abad","paternallastname":"Quispe","phone":"957902342","rut":"27.648.009-K"},"method":"POST","params":"","query":"","url":"/api/person/create"},"timestamp":"2023-08-07 00:04:19"}
{"level":"info","message":{"data":{"email":"quispeabadquispe@gmail.com","id":"0dbdf4ee-27e8-4080-bc1b-779a38c9d9ef","maternallastname":"Huamani","name":"Abad","paternallastname":"Quispe","phone":"957902342","rut":"27.648.009-K"},"model":"Person/create"},"timestamp":"2023-08-07 00:04:19"}
{"level":"info","message":{"body":{},"method":"POST","params":"","query":"","url":"/api/typeclaim/getAll"},"timestamp":"2023-08-07 00:04:20"}
{"level":"info","message":{"body":{},"method":"POST","params":"","query":"","url":"/api/typeclaim/getAll"},"timestamp":"2023-08-07 00:04:20"}
{"level":"info","message":{"data":[{"id":"05269505-b463-425a-b5f2-44b201d617ed","typename":"Servicios públicos"},{"id":"28af3e1d-8af8-47fc-b631-1ac3845e8f14","typename":"Infraestructura y obras públicas"},{"id":"7cc4a9e1-dc6e-4fcb-9475-bc052daad2f7","typename":"Transporte público"},{"id":"280888bb-56af-4bc3-ba07-a1f571dfe30b","typename":"Licencias y permisos"},{"id":"3091e865-f7a9-45b7-b9c0-1839008ffcad","typename":"Ruidos y contaminación"},{"id":"b41841be-14eb-48a2-83c3-91f4ab6ec029","typename":"Problemas de seguridad"},{"id":"c9aec491-50f3-403e-a51e-204c0bb9d4f5","typename":"Problemas de iluminación"},{"id":"0202cb87-b934-48e8-994e-aa49619cc35e","typename":"Problemas de servicios en línea"}],"model":"TypeClaimModels/getAll"},"timestamp":"2023-08-07 00:04:20"}
{"level":"info","message":{"data":[{"id":"05269505-b463-425a-b5f2-44b201d617ed","typename":"Servicios públicos"},{"id":"28af3e1d-8af8-47fc-b631-1ac3845e8f14","typename":"Infraestructura y obras públicas"},{"id":"7cc4a9e1-dc6e-4fcb-9475-bc052daad2f7","typename":"Transporte público"},{"id":"280888bb-56af-4bc3-ba07-a1f571dfe30b","typename":"Licencias y permisos"},{"id":"3091e865-f7a9-45b7-b9c0-1839008ffcad","typename":"Ruidos y contaminación"},{"id":"b41841be-14eb-48a2-83c3-91f4ab6ec029","typename":"Problemas de seguridad"},{"id":"c9aec491-50f3-403e-a51e-204c0bb9d4f5","typename":"Problemas de iluminación"},{"id":"0202cb87-b934-48e8-994e-aa49619cc35e","typename":"Problemas de servicios en línea"}],"model":"TypeClaimModels/getAll"},"timestamp":"2023-08-07 00:04:21"}
{"level":"info","message":{"body":{},"method":"POST","params":"","query":"","url":"/api/typeclaim/getAll"},"timestamp":"2023-08-07 00:04:55"}
{"level":"info","message":{"data":[{"id":"05269505-b463-425a-b5f2-44b201d617ed","typename":"Servicios públicos"},{"id":"28af3e1d-8af8-47fc-b631-1ac3845e8f14","typename":"Infraestructura y obras públicas"},{"id":"7cc4a9e1-dc6e-4fcb-9475-bc052daad2f7","typename":"Transporte público"},{"id":"280888bb-56af-4bc3-ba07-a1f571dfe30b","typename":"Licencias y permisos"},{"id":"3091e865-f7a9-45b7-b9c0-1839008ffcad","typename":"Ruidos y contaminación"},{"id":"b41841be-14eb-48a2-83c3-91f4ab6ec029","typename":"Problemas de seguridad"},{"id":"c9aec491-50f3-403e-a51e-204c0bb9d4f5","typename":"Problemas de iluminación"},{"id":"0202cb87-b934-48e8-994e-aa49619cc35e","typename":"Problemas de servicios en línea"}],"model":"TypeClaimModels/getAll"},"timestamp":"2023-08-07 00:04:58"}
{"level":"info","message":"API listening port 5400","timestamp":"2023-08-07 00:05:16"}
{"level":"info","message":"Connect Database","timestamp":"2023-08-07 00:05:17"}
{"level":"info","message":{"body":{},"method":"POST","params":"","query":"","url":"/api/typeclaim/getAll"},"timestamp":"2023-08-07 00:05:19"}
{"level":"info","message":{"data":[{"id":"05269505-b463-425a-b5f2-44b201d617ed","typename":"Servicios públicos"},{"id":"28af3e1d-8af8-47fc-b631-1ac3845e8f14","typename":"Infraestructura y obras públicas"},{"id":"7cc4a9e1-dc6e-4fcb-9475-bc052daad2f7","typename":"Transporte público"},{"id":"280888bb-56af-4bc3-ba07-a1f571dfe30b","typename":"Licencias y permisos"},{"id":"3091e865-f7a9-45b7-b9c0-1839008ffcad","typename":"Ruidos y contaminación"},{"id":"b41841be-14eb-48a2-83c3-91f4ab6ec029","typename":"Problemas de seguridad"},{"id":"c9aec491-50f3-403e-a51e-204c0bb9d4f5","typename":"Problemas de iluminación"},{"id":"0202cb87-b934-48e8-994e-aa49619cc35e","typename":"Problemas de servicios en línea"}],"model":"TypeClaimModels/getAll"},"timestamp":"2023-08-07 00:05:20"}
{"level":"info","message":{"body":{},"method":"POST","params":"","query":"","url":"/api/typeclaim/getAll"},"timestamp":"2023-08-07 00:05:54"}
{"level":"info","message":{"body":{},"method":"POST","params":"","query":"","url":"/api/typeclaim/getAll"},"timestamp":"2023-08-07 00:05:54"}
{"level":"info","message":{"body":{},"method":"POST","params":"","query":"","url":"/api/typeclaim/getAll"},"timestamp":"2023-08-07 00:05:55"}
{"level":"info","message":{"body":{},"method":"POST","params":"","query":"","url":"/api/typeclaim/getAll"},"timestamp":"2023-08-07 00:05:55"}
{"level":"info","message":{"data":[{"id":"05269505-b463-425a-b5f2-44b201d617ed","typename":"Servicios públicos"},{"id":"28af3e1d-8af8-47fc-b631-1ac3845e8f14","typename":"Infraestructura y obras públicas"},{"id":"7cc4a9e1-dc6e-4fcb-9475-bc052daad2f7","typename":"Transporte público"},{"id":"280888bb-56af-4bc3-ba07-a1f571dfe30b","typename":"Licencias y permisos"},{"id":"3091e865-f7a9-45b7-b9c0-1839008ffcad","typename":"Ruidos y contaminación"},{"id":"b41841be-14eb-48a2-83c3-91f4ab6ec029","typename":"Problemas de seguridad"},{"id":"c9aec491-50f3-403e-a51e-204c0bb9d4f5","typename":"Problemas de iluminación"},{"id":"0202cb87-b934-48e8-994e-aa49619cc35e","typename":"Problemas de servicios en línea"}],"model":"TypeClaimModels/getAll"},"timestamp":"2023-08-07 00:05:56"}
{"level":"info","message":{"data":[{"id":"05269505-b463-425a-b5f2-44b201d617ed","typename":"Servicios públicos"},{"id":"28af3e1d-8af8-47fc-b631-1ac3845e8f14","typename":"Infraestructura y obras públicas"},{"id":"7cc4a9e1-dc6e-4fcb-9475-bc052daad2f7","typename":"Transporte público"},{"id":"280888bb-56af-4bc3-ba07-a1f571dfe30b","typename":"Licencias y permisos"},{"id":"3091e865-f7a9-45b7-b9c0-1839008ffcad","typename":"Ruidos y contaminación"},{"id":"b41841be-14eb-48a2-83c3-91f4ab6ec029","typename":"Problemas de seguridad"},{"id":"c9aec491-50f3-403e-a51e-204c0bb9d4f5","typename":"Problemas de iluminación"},{"id":"0202cb87-b934-48e8-994e-aa49619cc35e","typename":"Problemas de servicios en línea"}],"model":"TypeClaimModels/getAll"},"timestamp":"2023-08-07 00:05:56"}
{"level":"info","message":{"data":[{"id":"05269505-b463-425a-b5f2-44b201d617ed","typename":"Servicios públicos"},{"id":"28af3e1d-8af8-47fc-b631-1ac3845e8f14","typename":"Infraestructura y obras públicas"},{"id":"7cc4a9e1-dc6e-4fcb-9475-bc052daad2f7","typename":"Transporte público"},{"id":"280888bb-56af-4bc3-ba07-a1f571dfe30b","typename":"Licencias y permisos"},{"id":"3091e865-f7a9-45b7-b9c0-1839008ffcad","typename":"Ruidos y contaminación"},{"id":"b41841be-14eb-48a2-83c3-91f4ab6ec029","typename":"Problemas de seguridad"},{"id":"c9aec491-50f3-403e-a51e-204c0bb9d4f5","typename":"Problemas de iluminación"},{"id":"0202cb87-b934-48e8-994e-aa49619cc35e","typename":"Problemas de servicios en línea"}],"model":"TypeClaimModels/getAll"},"timestamp":"2023-08-07 00:05:56"}
{"level":"info","message":{"data":[{"id":"05269505-b463-425a-b5f2-44b201d617ed","typename":"Servicios públicos"},{"id":"28af3e1d-8af8-47fc-b631-1ac3845e8f14","typename":"Infraestructura y obras públicas"},{"id":"7cc4a9e1-dc6e-4fcb-9475-bc052daad2f7","typename":"Transporte público"},{"id":"280888bb-56af-4bc3-ba07-a1f571dfe30b","typename":"Licencias y permisos"},{"id":"3091e865-f7a9-45b7-b9c0-1839008ffcad","typename":"Ruidos y contaminación"},{"id":"b41841be-14eb-48a2-83c3-91f4ab6ec029","typename":"Problemas de seguridad"},{"id":"c9aec491-50f3-403e-a51e-204c0bb9d4f5","typename":"Problemas de iluminación"},{"id":"0202cb87-b934-48e8-994e-aa49619cc35e","typename":"Problemas de servicios en línea"}],"model":"TypeClaimModels/getAll"},"timestamp":"2023-08-07 00:05:56"}
{"level":"info","message":"API listening port 5400","timestamp":"2023-08-07 00:09:56"}
{"level":"info","message":{"body":{},"method":"POST","params":"","query":"","url":"/api/typeclaim/getAll"},"timestamp":"2023-08-07 00:09:56"}
{"level":"info","message":{"body":{},"method":"POST","params":"","query":"","url":"/api/typeclaim/getAll"},"timestamp":"2023-08-07 00:09:56"}
{"level":"info","message":"Connect Database","timestamp":"2023-08-07 00:09:57"}
{"level":"info","message":{"data":[{"id":"05269505-b463-425a-b5f2-44b201d617ed","typename":"Servicios públicos"},{"id":"28af3e1d-8af8-47fc-b631-1ac3845e8f14","typename":"Infraestructura y obras públicas"},{"id":"7cc4a9e1-dc6e-4fcb-9475-bc052daad2f7","typename":"Transporte público"},{"id":"280888bb-56af-4bc3-ba07-a1f571dfe30b","typename":"Licencias y permisos"},{"id":"3091e865-f7a9-45b7-b9c0-1839008ffcad","typename":"Ruidos y contaminación"},{"id":"b41841be-14eb-48a2-83c3-91f4ab6ec029","typename":"Problemas de seguridad"},{"id":"c9aec491-50f3-403e-a51e-204c0bb9d4f5","typename":"Problemas de iluminación"},{"id":"0202cb87-b934-48e8-994e-aa49619cc35e","typename":"Problemas de servicios en línea"}],"model":"TypeClaimModels/getAll"},"timestamp":"2023-08-07 00:09:57"}
{"level":"info","message":{"data":[{"id":"05269505-b463-425a-b5f2-44b201d617ed","typename":"Servicios públicos"},{"id":"28af3e1d-8af8-47fc-b631-1ac3845e8f14","typename":"Infraestructura y obras públicas"},{"id":"7cc4a9e1-dc6e-4fcb-9475-bc052daad2f7","typename":"Transporte público"},{"id":"280888bb-56af-4bc3-ba07-a1f571dfe30b","typename":"Licencias y permisos"},{"id":"3091e865-f7a9-45b7-b9c0-1839008ffcad","typename":"Ruidos y contaminación"},{"id":"b41841be-14eb-48a2-83c3-91f4ab6ec029","typename":"Problemas de seguridad"},{"id":"c9aec491-50f3-403e-a51e-204c0bb9d4f5","typename":"Problemas de iluminación"},{"id":"0202cb87-b934-48e8-994e-aa49619cc35e","typename":"Problemas de servicios en línea"}],"model":"TypeClaimModels/getAll"},"timestamp":"2023-08-07 00:09:57"}
{"level":"info","message":{"body":{"claimId":"file"},"method":"POST","params":"","query":"","url":"/api/file/add"},"timestamp":"2023-08-07 00:10:05"}
{"level":"info","message":{"data":{"claimId":"file"},"model":"file/add"},"timestamp":"2023-08-07 00:10:08"}
{"level":"info","message":"API listening port 5400","timestamp":"2023-08-07 00:12:09"}
{"level":"info","message":"Connect Database","timestamp":"2023-08-07 00:12:10"}
{"level":"info","message":"API listening port 5400","timestamp":"2023-08-07 00:13:55"}
{"level":"info","message":"Connect Database","timestamp":"2023-08-07 00:13:56"}
{"level":"info","message":"API listening port 5400","timestamp":"2023-08-07 00:14:00"}
{"level":"info","message":"Connect Database","timestamp":"2023-08-07 00:14:01"}
{"level":"info","message":"API listening port 5400","timestamp":"2023-08-07 00:14:16"}
{"level":"info","message":"Connect Database","timestamp":"2023-08-07 00:14:18"}
{"level":"info","message":"API listening port 5400","timestamp":"2023-08-07 00:14:32"}
{"level":"info","message":"Connect Database","timestamp":"2023-08-07 00:14:33"}
