{"level":"info","message":"API listening port 5400","timestamp":"2023-10-08 18:02:09"}
{"level":"info","message":"Connected to Database","timestamp":"2023-10-08 18:02:10"}
{"level":"info","message":"API listening port 5400","timestamp":"2023-10-08 18:16:12"}
{"level":"info","message":"Connected to Database","timestamp":"2023-10-08 18:16:13"}
{"level":"info","message":{"body":{"rut":"27.648.009-K"},"method":"POST","params":"","query":"","url":"/api/person/getByRut"},"timestamp":"2023-10-08 18:16:17"}
{"level":"info","message":{"data":{"email":"quispeabadquispe@gmail.com","id":"776d0cc0-a337-4d8d-8791-cdab1a8b4a74","maternallastname":"Huamani","name":"Willy","paternallastname":"Quispe","phone":"958746321","rut":"27.648.009-K"},"model":"Person/getByRut"},"timestamp":"2023-10-08 18:16:18"}
{"level":"info","message":{"body":{"email":"quispeabadquispe@gmail.com","maternallastname":"Huamani","name":"Willy","paternallastname":"Quispe","phone":"958746321","rut":"27.648.009-K"},"method":"POST","params":"","query":"","url":"/api/person/create"},"timestamp":"2023-10-08 18:16:21"}
{"level":"info","message":{"body":{},"method":"POST","params":"","query":"","url":"/api/claim/create"},"timestamp":"2023-10-08 18:16:21"}
{"level":"info","message":{"data":{"email":"quispeabadquispe@gmail.com","id":"776d0cc0-a337-4d8d-8791-cdab1a8b4a74","maternallastname":"Huamani","name":"Willy","paternallastname":"Quispe","phone":"958746321","rut":"27.648.009-K"},"model":"Person/create"},"timestamp":"2023-10-08 18:16:21"}
{"level":"info","message":{"data":{"endingdate":"2023-10-09T00:16:23.403Z","id":"4f904329-cc3c-48f6-b6b5-5c6429829aa5","openingdate":"2023-10-09T00:16:23.403Z"},"model":"ModelClaim/create"},"timestamp":"2023-10-08 18:16:22"}
{"level":"info","message":{"body":{},"method":"POST","params":"","query":"","url":"/api/typeclaim/getAll"},"timestamp":"2023-10-08 18:16:23"}
{"level":"info","message":{"body":{"claim_id":"4f904329-cc3c-48f6-b6b5-5c6429829aa5"},"method":"POST","params":"","query":"","url":"/api/claim/getById"},"timestamp":"2023-10-08 18:16:23"}
{"level":"info","message":{"body":{},"method":"POST","params":"","query":"","url":"/api/typeclaim/getAll"},"timestamp":"2023-10-08 18:16:23"}
{"level":"info","message":{"data":[{"id":"5236f55f-727d-40af-8397-d997dc6952e8","typename":"Tiempo"},{"id":"334dd060-29cf-4f52-98ae-d017a4affcf5","typename":"Seguridad y orden público"}],"model":"TypeClaimModels/getAll"},"timestamp":"2023-10-08 18:16:24"}
{"level":"info","message":{"data":[{"id":"5236f55f-727d-40af-8397-d997dc6952e8","typename":"Tiempo"},{"id":"334dd060-29cf-4f52-98ae-d017a4affcf5","typename":"Seguridad y orden público"}],"model":"TypeClaimModels/getAll"},"timestamp":"2023-10-08 18:16:24"}
{"level":"info","message":"API listening port 5400","timestamp":"2023-10-08 18:18:23"}
{"level":"info","message":"Connected to Database","timestamp":"2023-10-08 18:18:24"}
{"level":"info","message":{"body":{"claim_id":"4f904329-cc3c-48f6-b6b5-5c6429829aa5"},"method":"POST","params":"","query":"","url":"/api/file/add"},"timestamp":"2023-10-08 18:19:19"}
{"level":"info","message":{"data":{"claim_id":"4f904329-cc3c-48f6-b6b5-5c6429829aa5"},"model":"file/add"},"timestamp":"2023-10-08 18:19:22"}
{"level":"info","message":{"body":{"address":"Comunidad, Condor, 255","claim_body":"Estoy teniendo problemas  ala hoera de publicar un video en las mejores aplicaiones","claim_id":"4f904329-cc3c-48f6-b6b5-5c6429829aa5","date":"08/10/2023","hour":"18:16","level":"moderado","person_id":"776d0cc0-a337-4d8d-8791-cdab1a8b4a74","type_id":"334dd060-29cf-4f52-98ae-d017a4affcf5"},"method":"POST","params":"","query":"","url":"/api/claimDetail/create"},"timestamp":"2023-10-08 18:19:52"}
{"level":"info","message":{"body":{"claim_id":"4f904329-cc3c-48f6-b6b5-5c6429829aa5"},"method":"POST","params":"","query":"","url":"/api/claim/getById"},"timestamp":"2023-10-08 18:19:53"}
{"level":"info","message":{"data":{"address":"Comunidad, Condor, 255","claim_body":"Estoy teniendo problemas  ala hoera de publicar un video en las mejores aplicaiones","claim_id":"4f904329-cc3c-48f6-b6b5-5c6429829aa5","date":"08/10/2023","hour":"18:16","id":"0bf68faf-8bf9-4106-b4eb-60a77ca687c8","level":"moderado","type_id":"334dd060-29cf-4f52-98ae-d017a4affcf5"},"model":"ModelClaim/create"},"timestamp":"2023-10-08 18:19:54"}
{"level":"info","message":{"data":"successful connection to Nodemailer","utils":"emailSender"},"timestamp":"2023-10-08 18:19:55"}
{"level":"info","message":{"data":{"accepted":["quispeabadquispe@gmail.com"],"ehlo":["SIZE 35882577","8BITMIME","AUTH LOGIN PLAIN XOAUTH2 PLAIN-CLIENTTOKEN OAUTHBEARER XOAUTH","ENHANCEDSTATUSCODES","PIPELINING","CHUNKING","SMTPUTF8"],"envelope":{"from":"willypruebas6@gmail.com","to":["quispeabadquispe@gmail.com"]},"envelopeTime":814,"messageId":"<4e197172-b161-b210-e6c8-29a80945696e@gmail.com>","messageSize":24367,"messageTime":917,"rejected":[],"response":"250 2.0.0 OK  1696799997 x10-20020a170902820a00b001bbdd44bbb6sm7866264pln.136 - gsmtp"},"utils":"emailSender"},"timestamp":"2023-10-08 18:19:57"}
{"level":"info","message":"API listening port 5400","timestamp":"2023-10-08 19:02:55"}
{"level":"info","message":"Connected to Database","timestamp":"2023-10-08 19:02:55"}
{"level":"info","message":{"body":{"claim_id":"4f904329-cc3c-48f6-b6b5-5c6429829aa5"},"method":"POST","params":"","query":"","url":"/api/claim/getById"},"timestamp":"2023-10-08 19:03:07"}
{"level":"info","message":{"body":{"rut":"27648009K987143126"},"method":"POST","params":"","query":"","url":"/api/person/getByRut"},"timestamp":"2023-10-08 19:03:08"}
{"level":"info","message":{"data":null,"model":"Person/getByRut"},"timestamp":"2023-10-08 19:03:09"}
{"level":"info","message":{"body":{"rut":"98.714.312-6"},"method":"POST","params":"","query":"","url":"/api/person/getByRut"},"timestamp":"2023-10-08 19:03:10"}
{"level":"info","message":{"data":null,"model":"Person/getByRut"},"timestamp":"2023-10-08 19:03:10"}
{"level":"info","message":{"body":{"email":"portalfirma@gmail.com","maternallastname":"Huamani","name":"Luis","paternallastname":"Ramos","phone":"957902342","rut":"98.714.312-6"},"method":"POST","params":"","query":"","url":"/api/person/create"},"timestamp":"2023-10-08 19:03:25"}
{"level":"info","message":{"data":{"email":"portalfirma@gmail.com","id":"352cbc1e-0df6-494a-a94e-1df8b870653f","maternallastname":"Huamani","name":"Luis","paternallastname":"Ramos","phone":"957902342","rut":"98.714.312-6"},"model":"Person/create"},"timestamp":"2023-10-08 19:03:26"}
{"level":"info","message":{"body":{},"method":"POST","params":"","query":"","url":"/api/typeclaim/getAll"},"timestamp":"2023-10-08 19:03:26"}
{"level":"info","message":{"body":{},"method":"POST","params":"","query":"","url":"/api/typeclaim/getAll"},"timestamp":"2023-10-08 19:03:26"}
{"level":"info","message":{"body":{"claim_id":"4f904329-cc3c-48f6-b6b5-5c6429829aa5"},"method":"POST","params":"","query":"","url":"/api/claim/getById"},"timestamp":"2023-10-08 19:03:26"}
{"level":"info","message":{"data":[{"id":"5236f55f-727d-40af-8397-d997dc6952e8","typename":"Tiempo"},{"id":"334dd060-29cf-4f52-98ae-d017a4affcf5","typename":"Seguridad y orden público"}],"model":"TypeClaimModels/getAll"},"timestamp":"2023-10-08 19:03:26"}
{"level":"info","message":{"data":[{"id":"5236f55f-727d-40af-8397-d997dc6952e8","typename":"Tiempo"},{"id":"334dd060-29cf-4f52-98ae-d017a4affcf5","typename":"Seguridad y orden público"}],"model":"TypeClaimModels/getAll"},"timestamp":"2023-10-08 19:03:27"}
{"level":"info","message":{"body":{"claim_id":"4f904329-cc3c-48f6-b6b5-5c6429829aa5"},"method":"POST","params":"","query":"","url":"/api/claim/getById"},"timestamp":"2023-10-08 19:03:31"}
{"level":"info","message":{"body":{"claim_id":"4f904329-cc3c-48f6-b6b5-5c6429829aa5"},"method":"POST","params":"","query":"","url":"/api/claim/getById"},"timestamp":"2023-10-08 19:03:33"}
{"level":"info","message":{"body":{"email":"quispeabadquispe@gmail.com","maternallastname":"Huamani","name":"Willy","paternallastname":"Quispe","phone":"958746321","rut":"27.648.009-K"},"method":"POST","params":"","query":"","url":"/api/person/create"},"timestamp":"2023-10-08 19:03:35"}
{"level":"info","message":{"body":{"claim_id":"4f904329-cc3c-48f6-b6b5-5c6429829aa5"},"method":"POST","params":"","query":"","url":"/api/claim/getById"},"timestamp":"2023-10-08 19:03:35"}
{"level":"info","message":{"body":{},"method":"POST","params":"","query":"","url":"/api/typeclaim/getAll"},"timestamp":"2023-10-08 19:03:35"}
{"level":"info","message":{"body":{},"method":"POST","params":"","query":"","url":"/api/typeclaim/getAll"},"timestamp":"2023-10-08 19:03:35"}
{"level":"info","message":{"data":{"email":"quispeabadquispe@gmail.com","id":"776d0cc0-a337-4d8d-8791-cdab1a8b4a74","maternallastname":"Huamani","name":"Willy","paternallastname":"Quispe","phone":"958746321","rut":"27.648.009-K"},"model":"Person/create"},"timestamp":"2023-10-08 19:03:35"}
{"level":"info","message":{"data":[{"id":"5236f55f-727d-40af-8397-d997dc6952e8","typename":"Tiempo"},{"id":"334dd060-29cf-4f52-98ae-d017a4affcf5","typename":"Seguridad y orden público"}],"model":"TypeClaimModels/getAll"},"timestamp":"2023-10-08 19:03:35"}
{"level":"info","message":{"body":{"address":"Comunidad,  Condor,  255","claim_body":"Estoy teniendo problemas  ala hoera de publicar un video en las mejores aplicaiones","claim_id":"4f904329-cc3c-48f6-b6b5-5c6429829aa5","date":"08/10/2023","hour":"18:16","level":"moderado","person_id":"776d0cc0-a337-4d8d-8791-cdab1a8b4a74","type_id":"334dd060-29cf-4f52-98ae-d017a4affcf5"},"method":"POST","params":"","query":"","url":"/api/claimDetail/create"},"timestamp":"2023-10-08 19:03:36"}
{"level":"info","message":{"data":[{"id":"5236f55f-727d-40af-8397-d997dc6952e8","typename":"Tiempo"},{"id":"334dd060-29cf-4f52-98ae-d017a4affcf5","typename":"Seguridad y orden público"}],"model":"TypeClaimModels/getAll"},"timestamp":"2023-10-08 19:03:36"}
{"level":"info","message":{"data":{"address":"Comunidad,  Condor,  255","claim_body":"Estoy teniendo problemas  ala hoera de publicar un video en las mejores aplicaiones","claim_id":"4f904329-cc3c-48f6-b6b5-5c6429829aa5","date":"08/10/2023","hour":"18:16","id":"0bf68faf-8bf9-4106-b4eb-60a77ca687c8","level":"moderado","type_id":"334dd060-29cf-4f52-98ae-d017a4affcf5"},"model":"ModelClaim/create"},"timestamp":"2023-10-08 19:03:36"}
{"level":"info","message":{"body":{"claim_id":"4f904329-cc3c-48f6-b6b5-5c6429829aa5"},"method":"POST","params":"","query":"","url":"/api/claim/getById"},"timestamp":"2023-10-08 19:03:37"}
{"level":"info","message":{"data":"successful connection to Nodemailer","utils":"emailSender"},"timestamp":"2023-10-08 19:03:38"}
{"level":"info","message":{"data":{"accepted":["quispeabadquispe@gmail.com"],"ehlo":["SIZE 35882577","8BITMIME","AUTH LOGIN PLAIN XOAUTH2 PLAIN-CLIENTTOKEN OAUTHBEARER XOAUTH","ENHANCEDSTATUSCODES","PIPELINING","CHUNKING","SMTPUTF8"],"envelope":{"from":"willypruebas6@gmail.com","to":["quispeabadquispe@gmail.com"]},"envelopeTime":747,"messageId":"<511ad702-91b2-19c7-4207-d19e713c3a3e@gmail.com>","messageSize":24367,"messageTime":968,"rejected":[],"response":"250 2.0.0 OK  1696802621 r11-20020aa7844b000000b0069b772c4325sm4959625pfn.87 - gsmtp"},"utils":"emailSender"},"timestamp":"2023-10-08 19:03:40"}
{"level":"info","message":{"body":{"rut":"27.648.009-K"},"method":"POST","params":"","query":"","url":"/api/person/getByRut"},"timestamp":"2023-10-08 19:03:43"}
{"level":"info","message":{"data":{"email":"quispeabadquispe@gmail.com","id":"776d0cc0-a337-4d8d-8791-cdab1a8b4a74","maternallastname":"Huamani","name":"Willy","paternallastname":"Quispe","phone":"958746321","rut":"27.648.009-K"},"model":"Person/getByRut"},"timestamp":"2023-10-08 19:03:43"}
{"level":"info","message":{"body":{"rut":"98.714.312-6"},"method":"POST","params":"","query":"","url":"/api/person/getByRut"},"timestamp":"2023-10-08 19:03:45"}
{"level":"info","message":{"data":{"email":"portalfirma@gmail.com","id":"352cbc1e-0df6-494a-a94e-1df8b870653f","maternallastname":"Huamani","name":"Luis","paternallastname":"Ramos","phone":"957902342","rut":"98.714.312-6"},"model":"Person/getByRut"},"timestamp":"2023-10-08 19:03:46"}
{"level":"info","message":{"body":{"email":"portalfirma@gmail.com","maternallastname":"Huamani","name":"Luis","paternallastname":"Ramos","phone":"957902342","rut":"98.714.312-6"},"method":"POST","params":"","query":"","url":"/api/person/create"},"timestamp":"2023-10-08 19:03:47"}
{"level":"info","message":{"body":{},"method":"POST","params":"","query":"","url":"/api/claim/create"},"timestamp":"2023-10-08 19:03:47"}
{"level":"info","message":{"data":{"email":"portalfirma@gmail.com","id":"352cbc1e-0df6-494a-a94e-1df8b870653f","maternallastname":"Huamani","name":"Luis","paternallastname":"Ramos","phone":"957902342","rut":"98.714.312-6"},"model":"Person/create"},"timestamp":"2023-10-08 19:03:47"}
{"level":"info","message":{"data":{"endingdate":"2023-10-09T01:03:48.889Z","id":"4d30ea81-9dd8-41f9-9430-a5c03151d7f5","openingdate":"2023-10-09T01:03:48.889Z"},"model":"ModelClaim/create"},"timestamp":"2023-10-08 19:03:48"}
{"level":"info","message":{"body":{},"method":"POST","params":"","query":"","url":"/api/typeclaim/getAll"},"timestamp":"2023-10-08 19:03:48"}
{"level":"info","message":{"body":{"claim_id":"4d30ea81-9dd8-41f9-9430-a5c03151d7f5"},"method":"POST","params":"","query":"","url":"/api/claim/getById"},"timestamp":"2023-10-08 19:03:48"}
{"level":"info","message":{"body":{},"method":"POST","params":"","query":"","url":"/api/typeclaim/getAll"},"timestamp":"2023-10-08 19:03:48"}
{"level":"info","message":{"data":[{"id":"5236f55f-727d-40af-8397-d997dc6952e8","typename":"Tiempo"},{"id":"334dd060-29cf-4f52-98ae-d017a4affcf5","typename":"Seguridad y orden público"}],"model":"TypeClaimModels/getAll"},"timestamp":"2023-10-08 19:03:48"}
{"level":"info","message":{"data":[{"id":"5236f55f-727d-40af-8397-d997dc6952e8","typename":"Tiempo"},{"id":"334dd060-29cf-4f52-98ae-d017a4affcf5","typename":"Seguridad y orden público"}],"model":"TypeClaimModels/getAll"},"timestamp":"2023-10-08 19:03:49"}
{"level":"info","message":{"body":{"claim_id":"4d30ea81-9dd8-41f9-9430-a5c03151d7f5"},"method":"POST","params":"","query":"","url":"/api/file/add"},"timestamp":"2023-10-08 19:04:06"}
{"level":"info","message":{"data":{"claim_id":"4d30ea81-9dd8-41f9-9430-a5c03151d7f5"},"model":"file/add"},"timestamp":"2023-10-08 19:04:08"}
{"level":"info","message":{"body":{"address":"Santiafo, Rivas, 255","claim_body":"MI reclamo","claim_id":"4d30ea81-9dd8-41f9-9430-a5c03151d7f5","date":"08/10/2023","hour":"19:03","level":"moderado","person_id":"352cbc1e-0df6-494a-a94e-1df8b870653f","type_id":"5236f55f-727d-40af-8397-d997dc6952e8"},"method":"POST","params":"","query":"","url":"/api/claimDetail/create"},"timestamp":"2023-10-08 19:04:10"}
{"level":"info","message":{"body":{"claim_id":"4d30ea81-9dd8-41f9-9430-a5c03151d7f5"},"method":"POST","params":"","query":"","url":"/api/claim/getById"},"timestamp":"2023-10-08 19:04:10"}
{"level":"info","message":{"data":{"address":"Santiafo, Rivas, 255","claim_body":"MI reclamo","claim_id":"4d30ea81-9dd8-41f9-9430-a5c03151d7f5","date":"08/10/2023","hour":"19:03","id":"a90a74e8-0c51-4a3b-a28f-33414b3cf5cb","level":"moderado","type_id":"5236f55f-727d-40af-8397-d997dc6952e8"},"model":"ModelClaim/create"},"timestamp":"2023-10-08 19:04:10"}
{"level":"info","message":"API listening port 5400","timestamp":"2023-10-08 19:42:15"}
{"level":"info","message":"Connected to Database","timestamp":"2023-10-08 19:42:16"}
{"level":"info","message":"API listening port 5400","timestamp":"2023-10-08 19:43:00"}
{"level":"info","message":"Connected to Database","timestamp":"2023-10-08 19:43:01"}
{"level":"info","message":"API listening port 5400","timestamp":"2023-10-08 19:43:33"}
{"level":"info","message":"Connected to Database","timestamp":"2023-10-08 19:43:34"}
{"level":"info","message":"API listening port 5400","timestamp":"2023-10-08 19:43:44"}
{"level":"info","message":"Connected to Database","timestamp":"2023-10-08 19:43:45"}
