{"level":"info","message":"API listening port 5400","timestamp":"2023-08-16 22:16:59"}
{"level":"info","message":"Connect Database","timestamp":"2023-08-16 22:17:00"}
{"level":"info","message":"API listening port 5400","timestamp":"2023-08-16 22:18:38"}
{"level":"info","message":"Connect Database","timestamp":"2023-08-16 22:18:45"}
{"level":"info","message":"API listening port 5400","timestamp":"2023-08-16 22:18:52"}
{"level":"info","message":"Connect Database","timestamp":"2023-08-16 22:18:53"}
{"level":"info","message":"API listening port 5400","timestamp":"2023-08-16 22:19:15"}
{"level":"info","message":"Connect Database","timestamp":"2023-08-16 22:19:16"}
{"level":"info","message":"API listening port 5400","timestamp":"2023-08-16 22:19:56"}
{"level":"info","message":"Connect Database","timestamp":"2023-08-16 22:19:57"}
{"level":"info","message":"API listening port 5400","timestamp":"2023-08-16 22:21:05"}
{"level":"info","message":"Connect Database","timestamp":"2023-08-16 22:21:06"}
{"level":"info","message":"API listening port 5400","timestamp":"2023-08-16 22:21:18"}
{"level":"info","message":"Connect Database","timestamp":"2023-08-16 22:21:19"}
{"level":"info","message":"API listening port 5400","timestamp":"2023-08-16 22:21:31"}
{"level":"info","message":"Connect Database","timestamp":"2023-08-16 22:21:32"}
{"level":"info","message":"API listening port 5400","timestamp":"2023-08-16 22:21:36"}
{"level":"info","message":"Connect Database","timestamp":"2023-08-16 22:21:36"}
{"level":"info","message":"API listening port 5400","timestamp":"2023-08-16 22:21:42"}
{"level":"info","message":"Connect Database","timestamp":"2023-08-16 22:21:43"}
{"level":"info","message":"API listening port 5400","timestamp":"2023-08-16 22:22:09"}
{"level":"info","message":"Connect Database","timestamp":"2023-08-16 22:22:10"}
{"level":"info","message":"API listening port 5400","timestamp":"2023-08-16 22:22:16"}
{"level":"info","message":"Connect Database","timestamp":"2023-08-16 22:22:17"}
{"level":"info","message":"API listening port 5400","timestamp":"2023-08-16 22:26:39"}
{"level":"info","message":"Connect Database","timestamp":"2023-08-16 22:26:40"}
{"level":"info","message":"API listening port 5400","timestamp":"2023-08-16 22:26:55"}
{"level":"info","message":"Connect Database","timestamp":"2023-08-16 22:26:56"}
{"level":"info","message":"API listening port 5400","timestamp":"2023-08-16 22:27:02"}
{"level":"info","message":"Connect Database","timestamp":"2023-08-16 22:27:03"}
{"level":"info","message":"API listening port 5400","timestamp":"2023-08-16 22:27:15"}
{"level":"info","message":"Connect Database","timestamp":"2023-08-16 22:27:16"}
{"level":"info","message":"API listening port 5400","timestamp":"2023-08-16 22:27:53"}
{"level":"info","message":"Connect Database","timestamp":"2023-08-16 22:27:54"}
{"level":"info","message":"API listening port 5400","timestamp":"2023-08-16 22:31:16"}
{"level":"info","message":"Connect Database","timestamp":"2023-08-16 22:31:17"}
{"level":"info","message":"API listening port 5400","timestamp":"2023-08-16 22:31:36"}
{"level":"info","message":"Connect Database","timestamp":"2023-08-16 22:31:37"}
{"level":"info","message":"API listening port 5400","timestamp":"2023-08-16 22:31:43"}
{"level":"info","message":"Connect Database","timestamp":"2023-08-16 22:31:44"}
{"level":"info","message":"API listening port 5400","timestamp":"2023-08-16 22:31:48"}
{"level":"info","message":"Connect Database","timestamp":"2023-08-16 22:31:49"}
{"level":"info","message":"API listening port 5400","timestamp":"2023-08-16 22:31:56"}
{"level":"info","message":"Connect Database","timestamp":"2023-08-16 22:31:57"}
{"level":"info","message":"API listening port 5400","timestamp":"2023-08-16 22:32:04"}
{"level":"info","message":"Connect Database","timestamp":"2023-08-16 22:32:05"}
{"level":"info","message":"API listening port 5400","timestamp":"2023-08-16 22:32:53"}
{"level":"info","message":"Connect Database","timestamp":"2023-08-16 22:32:53"}
{"level":"info","message":"API listening port 5400","timestamp":"2023-08-16 22:33:32"}
{"level":"info","message":"Connect Database","timestamp":"2023-08-16 22:33:33"}
{"level":"info","message":"API listening port 5400","timestamp":"2023-08-16 22:33:36"}
{"level":"info","message":"Connect Database","timestamp":"2023-08-16 22:33:37"}
{"level":"info","message":"API listening port 5400","timestamp":"2023-08-16 22:34:10"}
{"level":"info","message":"Connect Database","timestamp":"2023-08-16 22:34:12"}
{"level":"info","message":"API listening port 5400","timestamp":"2023-08-16 22:34:16"}
{"level":"info","message":"Connect Database","timestamp":"2023-08-16 22:34:17"}
{"level":"info","message":"API listening port 5400","timestamp":"2023-08-16 22:34:22"}
{"level":"info","message":"Connect Database","timestamp":"2023-08-16 22:34:23"}
{"level":"info","message":"API listening port 5400","timestamp":"2023-08-16 22:34:25"}
{"level":"info","message":"Connect Database","timestamp":"2023-08-16 22:34:26"}
{"level":"info","message":"API listening port 5400","timestamp":"2023-08-16 22:34:44"}
{"level":"info","message":"Connect Database","timestamp":"2023-08-16 22:34:45"}
{"level":"info","message":"API listening port 5400","timestamp":"2023-08-16 22:35:02"}
{"level":"info","message":"Connect Database","timestamp":"2023-08-16 22:35:03"}
{"level":"info","message":"API listening port 5400","timestamp":"2023-08-16 22:35:09"}
{"level":"info","message":"Connect Database","timestamp":"2023-08-16 22:35:10"}
{"level":"info","message":"API listening port 5400","timestamp":"2023-08-16 22:35:13"}
{"level":"info","message":"Connect Database","timestamp":"2023-08-16 22:35:13"}
{"level":"info","message":"API listening port 5400","timestamp":"2023-08-16 22:35:30"}
{"level":"info","message":"Connect Database","timestamp":"2023-08-16 22:35:31"}
{"level":"info","message":"API listening port 5400","timestamp":"2023-08-16 22:35:42"}
{"level":"info","message":"Connect Database","timestamp":"2023-08-16 22:35:43"}
{"level":"info","message":"API listening port 5400","timestamp":"2023-08-16 22:35:56"}
{"level":"info","message":"Connect Database","timestamp":"2023-08-16 22:35:57"}
{"level":"info","message":"API listening port 5400","timestamp":"2023-08-16 22:36:10"}
{"level":"info","message":"Connect Database","timestamp":"2023-08-16 22:36:11"}
{"level":"info","message":"API listening port 5400","timestamp":"2023-08-16 22:36:20"}
{"level":"info","message":"Connect Database","timestamp":"2023-08-16 22:36:21"}
{"level":"info","message":"API listening port 5400","timestamp":"2023-08-16 22:37:22"}
{"level":"info","message":"Connect Database","timestamp":"2023-08-16 22:37:23"}
{"level":"info","message":"API listening port 5400","timestamp":"2023-08-16 22:37:32"}
{"level":"info","message":"Connect Database","timestamp":"2023-08-16 22:37:33"}
{"level":"info","message":"API listening port 5400","timestamp":"2023-08-16 22:37:39"}
{"level":"info","message":"Connect Database","timestamp":"2023-08-16 22:37:40"}
{"level":"info","message":"API listening port 5400","timestamp":"2023-08-16 22:37:46"}
{"level":"info","message":"Connect Database","timestamp":"2023-08-16 22:37:47"}
{"level":"info","message":"API listening port 5400","timestamp":"2023-08-16 22:38:11"}
{"level":"info","message":"Connect Database","timestamp":"2023-08-16 22:38:12"}
{"level":"info","message":"API listening port 5400","timestamp":"2023-08-16 22:38:30"}
{"level":"info","message":"API listening port 5400","timestamp":"2023-08-16 22:38:35"}
{"level":"info","message":"Connect Database","timestamp":"2023-08-16 22:38:36"}
{"level":"info","message":"API listening port 5400","timestamp":"2023-08-16 22:38:39"}
{"level":"info","message":"Connect Database","timestamp":"2023-08-16 22:38:40"}
{"level":"info","message":"API listening port 5400","timestamp":"2023-08-16 22:40:22"}
{"level":"info","message":"Connect Database","timestamp":"2023-08-16 22:40:23"}
{"level":"info","message":"API listening port 5400","timestamp":"2023-08-16 22:40:28"}
{"level":"info","message":"Connect Database","timestamp":"2023-08-16 22:40:29"}
{"level":"info","message":"API listening port 5400","timestamp":"2023-08-16 22:41:15"}
{"level":"info","message":"Connect Database","timestamp":"2023-08-16 22:41:15"}
{"level":"info","message":"API listening port 5400","timestamp":"2023-08-16 22:41:25"}
{"level":"info","message":"Connect Database","timestamp":"2023-08-16 22:41:26"}
{"level":"info","message":"API listening port 5400","timestamp":"2023-08-16 22:41:39"}
{"level":"info","message":"Connect Database","timestamp":"2023-08-16 22:41:40"}
{"level":"info","message":"API listening port 5400","timestamp":"2023-08-16 22:41:53"}
{"level":"info","message":"Connect Database","timestamp":"2023-08-16 22:41:53"}
{"level":"info","message":"API listening port 5400","timestamp":"2023-08-16 22:42:41"}
{"level":"info","message":"Connect Database","timestamp":"2023-08-16 22:42:42"}
{"level":"info","message":"API listening port 5400","timestamp":"2023-08-16 22:44:12"}
{"level":"info","message":"Connect Database","timestamp":"2023-08-16 22:44:13"}
{"level":"info","message":"API listening port 5400","timestamp":"2023-08-16 22:44:21"}
{"level":"info","message":"Connect Database","timestamp":"2023-08-16 22:44:22"}
{"level":"info","message":"API listening port 5400","timestamp":"2023-08-16 22:44:44"}
{"level":"info","message":"Connect Database","timestamp":"2023-08-16 22:44:45"}
{"level":"info","message":"API listening port 5400","timestamp":"2023-08-16 22:45:06"}
{"level":"info","message":"Connect Database","timestamp":"2023-08-16 22:45:07"}
{"level":"info","message":"API listening port 5400","timestamp":"2023-08-16 22:45:14"}
{"level":"info","message":"Connect Database","timestamp":"2023-08-16 22:45:15"}
{"level":"info","message":"API listening port 5400","timestamp":"2023-08-16 22:46:20"}
{"level":"info","message":"Connect Database","timestamp":"2023-08-16 22:46:21"}
{"level":"info","message":"API listening port 5400","timestamp":"2023-08-16 22:46:27"}
{"level":"info","message":"Connect Database","timestamp":"2023-08-16 22:46:28"}
{"level":"info","message":"API listening port 5400","timestamp":"2023-08-16 22:46:33"}
{"level":"info","message":"Connect Database","timestamp":"2023-08-16 22:46:34"}
{"level":"info","message":"API listening port 5400","timestamp":"2023-08-16 22:46:57"}
{"level":"info","message":"Connect Database","timestamp":"2023-08-16 22:46:58"}
{"level":"info","message":"API listening port 5400","timestamp":"2023-08-16 22:47:09"}
{"level":"info","message":"Connect Database","timestamp":"2023-08-16 22:47:10"}
{"level":"info","message":"API listening port 5400","timestamp":"2023-08-16 22:47:18"}
{"level":"info","message":"Connect Database","timestamp":"2023-08-16 22:47:19"}
{"level":"info","message":"API listening port 5400","timestamp":"2023-08-16 22:47:42"}
{"level":"info","message":"API listening port 5400","timestamp":"2023-08-16 22:47:45"}
{"level":"info","message":"Connect Database","timestamp":"2023-08-16 22:47:46"}
{"level":"info","message":"API listening port 5400","timestamp":"2023-08-16 22:47:54"}
{"level":"info","message":"Connect Database","timestamp":"2023-08-16 22:47:55"}
{"level":"info","message":"API listening port 5400","timestamp":"2023-08-16 22:47:58"}
{"level":"info","message":"Connect Database","timestamp":"2023-08-16 22:47:59"}
{"level":"info","message":"API listening port 5400","timestamp":"2023-08-16 22:48:02"}
{"level":"info","message":"Connect Database","timestamp":"2023-08-16 22:48:03"}
{"level":"info","message":"API listening port 5400","timestamp":"2023-08-16 22:48:05"}
{"level":"info","message":"Connect Database","timestamp":"2023-08-16 22:48:06"}
{"level":"info","message":"API listening port 5400","timestamp":"2023-08-16 22:48:12"}
{"level":"info","message":"Connect Database","timestamp":"2023-08-16 22:48:13"}
{"level":"info","message":"API listening port 5400","timestamp":"2023-08-16 22:48:58"}
{"level":"info","message":"API listening port 5400","timestamp":"2023-08-16 22:49:02"}
{"level":"info","message":"Connect Database","timestamp":"2023-08-16 22:49:03"}
{"level":"info","message":"API listening port 5400","timestamp":"2023-08-16 22:49:09"}
{"level":"info","message":"Connect Database","timestamp":"2023-08-16 22:49:10"}
{"level":"info","message":"API listening port 5400","timestamp":"2023-08-16 22:57:16"}
{"level":"info","message":"Connect Database","timestamp":"2023-08-16 22:57:17"}
{"level":"info","message":"API listening port 5400","timestamp":"2023-08-16 22:57:37"}
{"level":"info","message":"Connect Database","timestamp":"2023-08-16 22:57:38"}
{"level":"info","message":"API listening port 5400","timestamp":"2023-08-16 22:57:44"}
{"level":"info","message":"Connect Database","timestamp":"2023-08-16 22:57:45"}
{"level":"info","message":"API listening port 5400","timestamp":"2023-08-16 22:57:50"}
{"level":"info","message":"Connect Database","timestamp":"2023-08-16 22:57:50"}
{"level":"info","message":"API listening port 5400","timestamp":"2023-08-16 22:57:55"}
{"level":"info","message":"Connect Database","timestamp":"2023-08-16 22:57:56"}
{"level":"info","message":"API listening port 5400","timestamp":"2023-08-16 22:58:21"}
{"level":"info","message":"Connect Database","timestamp":"2023-08-16 22:58:22"}
{"level":"info","message":"API listening port 5400","timestamp":"2023-08-16 23:00:01"}
{"level":"info","message":"API listening port 5400","timestamp":"2023-08-16 23:00:06"}
{"level":"info","message":"Connect Database","timestamp":"2023-08-16 23:00:07"}
{"level":"info","message":"API listening port 5400","timestamp":"2023-08-16 23:00:12"}
{"level":"info","message":"Connect Database","timestamp":"2023-08-16 23:00:13"}
{"level":"info","message":"API listening port 5400","timestamp":"2023-08-16 23:00:23"}
{"level":"info","message":"Connect Database","timestamp":"2023-08-16 23:00:24"}
{"level":"info","message":"API listening port 5400","timestamp":"2023-08-16 23:00:36"}
{"level":"info","message":"Connect Database","timestamp":"2023-08-16 23:00:37"}
{"level":"info","message":{"body":{"password":"admin","person_id":"2c4e9964-4d34-4c99-8fea-9ed72ce7588e"},"method":"POST","params":"","query":"","url":"/api/user/create"},"timestamp":"2023-08-16 23:01:13"}
{"level":"info","message":"API listening port 5400","timestamp":"2023-08-16 23:05:01"}
{"level":"info","message":"Connect Database","timestamp":"2023-08-16 23:05:02"}
{"level":"info","message":{"body":{"password":"admin","person_id":"portalreclamo@gmail.com"},"method":"POST","params":"","query":"","url":"/api/user/validate"},"timestamp":"2023-08-16 23:05:07"}
{"level":"info","message":{"body":{"gmail":"portalreclamo@gmail.com","password":"admin"},"method":"POST","params":"","query":"","url":"/api/user/validate"},"timestamp":"2023-08-16 23:05:20"}
{"level":"info","message":{"body":{"email":"portalreclamo@gmail.com","password":"admin"},"method":"POST","params":"","query":"","url":"/api/user/validate"},"timestamp":"2023-08-16 23:05:30"}
{"level":"info","message":"API listening port 5400","timestamp":"2023-08-16 23:06:06"}
{"level":"info","message":"Connect Database","timestamp":"2023-08-16 23:06:07"}
{"level":"info","message":{"body":{"email":"portalreclamo@gmail.com","password":"admin"},"method":"POST","params":"","query":"","url":"/api/user/validate"},"timestamp":"2023-08-16 23:06:07"}
{"level":"info","message":"API listening port 5400","timestamp":"2023-08-16 23:06:25"}
{"level":"info","message":"Connect Database","timestamp":"2023-08-16 23:06:26"}
{"level":"info","message":"API listening port 5400","timestamp":"2023-08-16 23:06:39"}
{"level":"info","message":{"body":{"email":"portalreclamo@gmail.com","password":"admin"},"method":"POST","params":"","query":"","url":"/api/user/validate"},"timestamp":"2023-08-16 23:06:39"}
{"level":"info","message":"Connect Database","timestamp":"2023-08-16 23:06:40"}
{"level":"info","message":"API listening port 5400","timestamp":"2023-08-16 23:06:59"}
{"level":"info","message":"Connect Database","timestamp":"2023-08-16 23:06:59"}
{"level":"info","message":{"body":{"email":"portalreclamo@gmail.com","password":"admin"},"method":"POST","params":"","query":"","url":"/api/user/validate"},"timestamp":"2023-08-16 23:07:03"}
{"level":"info","message":{"body":{"email":"portalreclamo@gmail.com","password":"admn"},"method":"POST","params":"","query":"","url":"/api/user/validate"},"timestamp":"2023-08-16 23:07:09"}
{"level":"info","message":{"body":{"email":"portalreclamo@gmail.com","password":"admin"},"method":"POST","params":"","query":"","url":"/api/user/validate"},"timestamp":"2023-08-16 23:07:14"}
{"level":"info","message":{"body":{"email":"portalreclamo@gmil.com","password":"admin"},"method":"POST","params":"","query":"","url":"/api/user/validate"},"timestamp":"2023-08-16 23:07:17"}
{"level":"info","message":"API listening port 5400","timestamp":"2023-08-16 23:08:04"}
{"level":"info","message":"Connect Database","timestamp":"2023-08-16 23:08:05"}
{"level":"info","message":"API listening port 5400","timestamp":"2023-08-16 23:08:08"}
{"level":"info","message":"Connect Database","timestamp":"2023-08-16 23:08:09"}
{"level":"info","message":{"body":{"email":"portalreclamo@gmil.com","password":"admin"},"method":"POST","params":"","query":"","url":"/api/user/validate"},"timestamp":"2023-08-16 23:08:12"}
{"level":"info","message":"API listening port 5400","timestamp":"2023-08-16 23:09:08"}
{"level":"info","message":"Connect Database","timestamp":"2023-08-16 23:09:09"}
{"level":"info","message":{"body":{"email":"portalreclamo@gmil.com","password":"admin"},"method":"POST","params":"","query":"","url":"/api/user/validate"},"timestamp":"2023-08-16 23:09:10"}
{"level":"info","message":"API listening port 5400","timestamp":"2023-08-16 23:09:32"}
{"level":"info","message":"Connect Database","timestamp":"2023-08-16 23:09:33"}
{"level":"info","message":"API listening port 5400","timestamp":"2023-08-16 23:09:52"}
{"level":"info","message":"Connect Database","timestamp":"2023-08-16 23:09:53"}
{"level":"info","message":"API listening port 5400","timestamp":"2023-08-16 23:09:56"}
{"level":"info","message":"API listening port 5400","timestamp":"2023-08-16 23:09:58"}
{"level":"info","message":"Connect Database","timestamp":"2023-08-16 23:09:59"}
{"level":"info","message":{"body":{"email":"portalreclamo@gmil.com","password":"admin"},"method":"POST","params":"","query":"","url":"/api/user/validate"},"timestamp":"2023-08-16 23:10:04"}
{"level":"info","message":{"body":{"email":"portalreclamo@gmail.com","password":"admin"},"method":"POST","params":"","query":"","url":"/api/user/validate"},"timestamp":"2023-08-16 23:10:13"}
{"level":"info","message":{"body":{"password":"admin"},"method":"POST","params":"","query":"","url":"/api/user/validate"},"timestamp":"2023-08-16 23:10:17"}
{"level":"info","message":{"body":{"email":"portalreclamo@gmail.com","password":"admin"},"method":"POST","params":"","query":"","url":"/api/user/validate"},"timestamp":"2023-08-16 23:10:24"}
{"level":"info","message":{"body":{"email":"portalfirma@gmail.com","password":"95790245"},"method":"POST","params":"","query":"","url":"/api/user/validate"},"timestamp":"2023-08-16 23:16:27"}
{"level":"info","message":{"body":{"email":"portalfirma@gmail.com","password":"admin"},"method":"POST","params":"","query":"","url":"/api/user/validate"},"timestamp":"2023-08-16 23:20:55"}
{"level":"info","message":{"body":{"email":"portalreclamo@gmail.com","password":"admin"},"method":"POST","params":"","query":"","url":"/api/user/validate"},"timestamp":"2023-08-16 23:21:04"}
{"level":"info","message":{"body":{"email":"portalreclamo@gmail.com","password":"admin"},"method":"POST","params":"","query":"","url":"/api/user/validate"},"timestamp":"2023-08-16 23:21:21"}
{"level":"info","message":{"body":{},"method":"POST","params":"","query":"","url":"/api/typeClaim/getAll"},"timestamp":"2023-08-16 23:23:53"}
{"level":"info","message":{"body":{},"method":"POST","params":"","query":"","url":"/api/typeClaim/getAll"},"timestamp":"2023-08-16 23:23:53"}
{"level":"info","message":{"data":[{"id":"28af3e1d-8af8-47fc-b631-1ac3845e8f14","typename":"Infraestructura y obras públicas"},{"id":"7cc4a9e1-dc6e-4fcb-9475-bc052daad2f7","typename":"Transporte público"},{"id":"280888bb-56af-4bc3-ba07-a1f571dfe30b","typename":"Licencias y permisos"},{"id":"3091e865-f7a9-45b7-b9c0-1839008ffcad","typename":"Ruidos y contaminación"},{"id":"b41841be-14eb-48a2-83c3-91f4ab6ec029","typename":"Problemas de seguridad"},{"id":"c9aec491-50f3-403e-a51e-204c0bb9d4f5","typename":"Problemas de iluminación"},{"id":"0202cb87-b934-48e8-994e-aa49619cc35e","typename":"Problemas de servicios en línea"},{"id":"027d280c-b0a1-4a12-958a-dcfd45e2e0f7","typename":"Mi nuevo tipo mi nuevo valor"},{"id":"e43bd7b2-f6c4-4994-85bc-a0d30b95b850","typename":"Problemas de Alumbrado"},{"id":"05269505-b463-425a-b5f2-44b201d617ed","typename":"Servicios públicos anidados"}],"model":"TypeClaimModels/getAll"},"timestamp":"2023-08-16 23:23:54"}
{"level":"info","message":{"data":[{"id":"28af3e1d-8af8-47fc-b631-1ac3845e8f14","typename":"Infraestructura y obras públicas"},{"id":"7cc4a9e1-dc6e-4fcb-9475-bc052daad2f7","typename":"Transporte público"},{"id":"280888bb-56af-4bc3-ba07-a1f571dfe30b","typename":"Licencias y permisos"},{"id":"3091e865-f7a9-45b7-b9c0-1839008ffcad","typename":"Ruidos y contaminación"},{"id":"b41841be-14eb-48a2-83c3-91f4ab6ec029","typename":"Problemas de seguridad"},{"id":"c9aec491-50f3-403e-a51e-204c0bb9d4f5","typename":"Problemas de iluminación"},{"id":"0202cb87-b934-48e8-994e-aa49619cc35e","typename":"Problemas de servicios en línea"},{"id":"027d280c-b0a1-4a12-958a-dcfd45e2e0f7","typename":"Mi nuevo tipo mi nuevo valor"},{"id":"e43bd7b2-f6c4-4994-85bc-a0d30b95b850","typename":"Problemas de Alumbrado"},{"id":"05269505-b463-425a-b5f2-44b201d617ed","typename":"Servicios públicos anidados"}],"model":"TypeClaimModels/getAll"},"timestamp":"2023-08-16 23:23:54"}
{"level":"info","message":{"body":{"email":"portalreclamo@gmail.com","password":"admin"},"method":"POST","params":"","query":"","url":"/api/user/validate"},"timestamp":"2023-08-16 23:24:50"}
{"level":"info","message":{"body":{},"method":"POST","params":"","query":"","url":"/api/typeClaim/getAll"},"timestamp":"2023-08-16 23:24:51"}
{"level":"info","message":{"body":{},"method":"POST","params":"","query":"","url":"/api/typeClaim/getAll"},"timestamp":"2023-08-16 23:24:51"}
{"level":"info","message":{"data":[{"id":"28af3e1d-8af8-47fc-b631-1ac3845e8f14","typename":"Infraestructura y obras públicas"},{"id":"7cc4a9e1-dc6e-4fcb-9475-bc052daad2f7","typename":"Transporte público"},{"id":"280888bb-56af-4bc3-ba07-a1f571dfe30b","typename":"Licencias y permisos"},{"id":"3091e865-f7a9-45b7-b9c0-1839008ffcad","typename":"Ruidos y contaminación"},{"id":"b41841be-14eb-48a2-83c3-91f4ab6ec029","typename":"Problemas de seguridad"},{"id":"c9aec491-50f3-403e-a51e-204c0bb9d4f5","typename":"Problemas de iluminación"},{"id":"0202cb87-b934-48e8-994e-aa49619cc35e","typename":"Problemas de servicios en línea"},{"id":"027d280c-b0a1-4a12-958a-dcfd45e2e0f7","typename":"Mi nuevo tipo mi nuevo valor"},{"id":"e43bd7b2-f6c4-4994-85bc-a0d30b95b850","typename":"Problemas de Alumbrado"},{"id":"05269505-b463-425a-b5f2-44b201d617ed","typename":"Servicios públicos anidados"}],"model":"TypeClaimModels/getAll"},"timestamp":"2023-08-16 23:24:52"}
{"level":"info","message":{"data":[{"id":"28af3e1d-8af8-47fc-b631-1ac3845e8f14","typename":"Infraestructura y obras públicas"},{"id":"7cc4a9e1-dc6e-4fcb-9475-bc052daad2f7","typename":"Transporte público"},{"id":"280888bb-56af-4bc3-ba07-a1f571dfe30b","typename":"Licencias y permisos"},{"id":"3091e865-f7a9-45b7-b9c0-1839008ffcad","typename":"Ruidos y contaminación"},{"id":"b41841be-14eb-48a2-83c3-91f4ab6ec029","typename":"Problemas de seguridad"},{"id":"c9aec491-50f3-403e-a51e-204c0bb9d4f5","typename":"Problemas de iluminación"},{"id":"0202cb87-b934-48e8-994e-aa49619cc35e","typename":"Problemas de servicios en línea"},{"id":"027d280c-b0a1-4a12-958a-dcfd45e2e0f7","typename":"Mi nuevo tipo mi nuevo valor"},{"id":"e43bd7b2-f6c4-4994-85bc-a0d30b95b850","typename":"Problemas de Alumbrado"},{"id":"05269505-b463-425a-b5f2-44b201d617ed","typename":"Servicios públicos anidados"}],"model":"TypeClaimModels/getAll"},"timestamp":"2023-08-16 23:24:52"}
{"level":"info","message":"API listening port 5400","timestamp":"2023-08-16 23:35:57"}
{"level":"info","message":"Connect Database","timestamp":"2023-08-16 23:36:03"}
{"level":"info","message":{"body":{"email":"portalreclamo@gmail.com","password":"admin"},"method":"POST","params":"","query":"","url":"/api/user/validate"},"timestamp":"2023-08-16 23:36:05"}
