{"level":"info","message":"API listening port 5400","timestamp":"2023-07-22 09:56:10"}
{"level":"info","message":"Connect Database","timestamp":"2023-07-22 09:56:10"}
{"level":"info","message":{"body":{"email":"Willyabadquispehuamani@gmail.com","maternallastname":"Huamani","name":"Willy","paternallastname":"Quispe","phone":"957902342","rut":"27.648.009-K"},"method":"POST","params":"","query":"","url":"/api/person/create"},"timestamp":"2023-07-22 09:59:42"}
{"level":"error","message":{"error":"no existe la relación «persona»","model":"Person/create"},"timestamp":"2023-07-22 09:59:42"}
{"level":"info","message":"API listening port 5400","timestamp":"2023-07-22 10:00:35"}
{"level":"info","message":"Connect Database","timestamp":"2023-07-22 10:00:35"}
{"level":"info","message":{"body":{"email":"Willyabadquispehuamani@gmail.com","maternallastname":"Huamani","name":"Willy","paternallastname":"Quispe","phone":"957902342","rut":"27.648.009-K"},"method":"POST","params":"","query":"","url":"/api/person/create"},"timestamp":"2023-07-22 10:00:36"}
{"level":"info","message":{"data":{"RowCtor":null,"_types":{"_types":{"arrayParser":{},"builtins":{"ABSTIME":702,"ACLITEM":1033,"BIT":1560,"BOOL":16,"BPCHAR":1042,"BYTEA":17,"CHAR":18,"CID":29,"CIDR":650,"CIRCLE":718,"DATE":1082,"FLOAT4":700,"FLOAT8":701,"GTSVECTOR":3642,"INET":869,"INT2":21,"INT4":23,"INT8":20,"INTERVAL":1186,"JSON":114,"JSONB":3802,"MACADDR":829,"MACADDR8":774,"MONEY":790,"NUMERIC":1700,"OID":26,"PATH":602,"PG_DEPENDENCIES":3402,"PG_LSN":3220,"PG_NDISTINCT":3361,"PG_NODE_TREE":194,"POLYGON":604,"REFCURSOR":1790,"REGCLASS":2205,"REGCONFIG":3734,"REGDICTIONARY":3769,"REGNAMESPACE":4089,"REGOPER":2203,"REGOPERATOR":2204,"REGPROC":24,"REGPROCEDURE":2202,"REGROLE":4096,"REGTYPE":2206,"RELTIME":703,"SMGR":210,"TEXT":25,"TID":27,"TIME":1083,"TIMESTAMP":1114,"TIMESTAMPTZ":1184,"TIMETZ":1266,"TINTERVAL":704,"TSQUERY":3615,"TSVECTOR":3614,"TXID_SNAPSHOT":2970,"UUID":2950,"VARBIT":1562,"VARCHAR":1043,"XID":28,"XML":142}},"binary":{},"text":{}},"command":"INSERT","fields":[],"oid":0,"rowAsArray":false,"rowCount":1,"rows":[]},"model":"Person/create"},"timestamp":"2023-07-22 10:00:36"}
{"level":"info","message":"API listening port 5400","timestamp":"2023-07-22 10:01:28"}
{"level":"info","message":"Connect Database","timestamp":"2023-07-22 10:01:28"}
{"level":"info","message":"API listening port 5400","timestamp":"2023-07-22 10:01:46"}
{"level":"info","message":"Connect Database","timestamp":"2023-07-22 10:01:46"}
{"level":"info","message":{"body":{"email":"Willyabadquispehuamani@gmail.com","maternallastname":"Huamani","name":"Willy","paternallastname":"Quispe","phone":"957902342","rut":"27.648.009-K"},"method":"POST","params":"","query":"","url":"/api/person/create"},"timestamp":"2023-07-22 10:01:47"}
{"level":"info","message":{"data":{"email":"Willyabadquispehuamani@gmail.com","id":"fd9940d9-04f2-477e-a600-11956f581e19","maternallastname":"Huamani","name":"Willy","paternallastname":"Quispe","phone":"957902342","rut":"27.648.009-K"},"model":"Person/create"},"timestamp":"2023-07-22 10:01:47"}
{"level":"info","message":"API listening port 5400","timestamp":"2023-07-22 10:01:59"}
{"level":"info","message":"Connect Database","timestamp":"2023-07-22 10:01:59"}
{"level":"info","message":"API listening port 5400","timestamp":"2023-07-22 10:02:02"}
{"level":"info","message":"Connect Database","timestamp":"2023-07-22 10:02:03"}
{"level":"info","message":{"body":{"email":"Willyabadquispehuamani@gmail.com","maternallastname":"Huamani","name":"Willy","paternallastname":"Quispe","phone":"957902342","rut":"27.648.009-K"},"method":"POST","params":"","query":"","url":"/api/person/create"},"timestamp":"2023-07-22 10:02:10"}
{"level":"info","message":{"data":{"email":"Willyabadquispehuamani@gmail.com","id":"fd9940d9-04f2-477e-a600-11956f581e19","maternallastname":"Huamani","name":"Willy","paternallastname":"Quispe","phone":"957902342","rut":"27.648.009-K"},"model":"Person/create"},"timestamp":"2023-07-22 10:02:10"}
{"level":"info","message":"API listening port 5400","timestamp":"2023-07-22 11:14:48"}
{"level":"info","message":"Connect Database","timestamp":"2023-07-22 11:14:48"}
{"level":"info","message":"API listening port 5400","timestamp":"2023-07-22 11:16:41"}
{"level":"info","message":"Connect Database","timestamp":"2023-07-22 11:16:41"}
{"level":"info","message":{"body":{"email":"Willyabadquispehuamani@gmail.com","maternallastname":"Huamani","name":"Willy","paternallastname":"Quispe","phone":"957902342","rut":"27.648.009-K"},"method":"POST","params":"","query":"","url":"/api/person/create"},"timestamp":"2023-07-22 11:30:25"}
{"level":"info","message":{"data":{"email":"Willyabadquispehuamani@gmail.com","id":"fd9940d9-04f2-477e-a600-11956f581e19","maternallastname":"Huamani","name":"Willy","paternallastname":"Quispe","phone":"957902342","rut":"27.648.009-K"},"model":"Person/create"},"timestamp":"2023-07-22 11:30:25"}
{"level":"info","message":{"body":{"email":"quispeabadquispe@gmail.com","maternallastname":"Lujan","name":"Matias","paternallastname":"montero","phone":"957902342","rut":"11.111.111-1"},"method":"POST","params":"","query":"","url":"/api/person/create"},"timestamp":"2023-07-22 11:50:45"}
{"level":"info","message":{"data":{"email":"quispeabadquispe@gmail.com","id":"4aa7ec7a-34e4-475d-b31b-9d4419713916","maternallastname":"Lujan","name":"Matias","paternallastname":"montero","phone":"957902342","rut":"11.111.111-1"},"model":"Person/create"},"timestamp":"2023-07-22 11:50:45"}
{"level":"info","message":{"body":{"email":"portalfirma@gmail.com","maternallastname":"Huamani","name":"Abad","paternallastname":"Quispe","phone":"957902342","rut":"27.648.009-K"},"method":"POST","params":"","query":"","url":"/api/person/create"},"timestamp":"2023-07-22 12:43:41"}
{"level":"info","message":{"data":{"email":"portalfirma@gmail.com","id":"fd9940d9-04f2-477e-a600-11956f581e19","maternallastname":"Huamani","name":"Abad","paternallastname":"Quispe","phone":"957902342","rut":"27.648.009-K"},"model":"Person/create"},"timestamp":"2023-07-22 12:43:41"}
{"level":"info","message":"API listening port 5400","timestamp":"2023-07-22 12:44:47"}
{"level":"info","message":"Connect Database","timestamp":"2023-07-22 12:44:47"}
{"level":"info","message":"API listening port 5400","timestamp":"2023-07-22 12:45:35"}
{"level":"info","message":"Connect Database","timestamp":"2023-07-22 12:45:36"}
{"level":"info","message":"API listening port 5400","timestamp":"2023-07-22 12:45:49"}
{"level":"info","message":"Connect Database","timestamp":"2023-07-22 12:45:49"}
{"level":"info","message":"API listening port 5400","timestamp":"2023-07-22 12:46:08"}
{"level":"info","message":"Connect Database","timestamp":"2023-07-22 12:46:08"}
{"level":"info","message":"API listening port 5400","timestamp":"2023-07-22 12:46:12"}
{"level":"info","message":"Connect Database","timestamp":"2023-07-22 12:46:12"}
{"level":"info","message":"API listening port 5400","timestamp":"2023-07-22 12:46:24"}
{"level":"info","message":"Connect Database","timestamp":"2023-07-22 12:46:24"}
{"level":"info","message":"API listening port 5400","timestamp":"2023-07-22 12:46:38"}
{"level":"info","message":"Connect Database","timestamp":"2023-07-22 12:46:38"}
{"level":"info","message":"API listening port 5400","timestamp":"2023-07-22 12:46:45"}
{"level":"info","message":"Connect Database","timestamp":"2023-07-22 12:46:45"}
{"level":"info","message":{"body":{"rut":"27.648.009-K"},"method":"POST","params":"","query":"","url":"/api/person/getByRut"},"timestamp":"2023-07-22 12:47:19"}
{"level":"info","message":{"data":{"email":null,"id":"fd9940d9-04f2-477e-a600-11956f581e19","maternallastname":null,"name":null,"paternallastname":null,"phone":null,"rut":"27.648.009-K"},"model":"Person/getByRut"},"timestamp":"2023-07-22 12:47:19"}
{"level":"info","message":{"body":{"email":"Willyabadquispehuamani@gmail.com","maternallastname":"Huamani","name":"Willy","paternallastname":"Quispe","phone":"957902342","rut":"27.648.009-K"},"method":"POST","params":"","query":"","url":"/api/person/create"},"timestamp":"2023-07-22 12:58:16"}
{"level":"info","message":{"data":{"email":"Willyabadquispehuamani@gmail.com","id":"fd9940d9-04f2-477e-a600-11956f581e19","maternallastname":"Huamani","name":"Willy","paternallastname":"Quispe","phone":"957902342","rut":"27.648.009-K"},"model":"Person/create"},"timestamp":"2023-07-22 12:58:16"}
{"level":"info","message":{"body":{"rut":"27.648.009-K"},"method":"POST","params":"","query":"","url":"/api/person/getByRut"},"timestamp":"2023-07-22 12:58:21"}
{"level":"info","message":{"data":{"email":null,"id":"fd9940d9-04f2-477e-a600-11956f581e19","maternallastname":null,"name":null,"paternallastname":null,"phone":null,"rut":"27.648.009-K"},"model":"Person/getByRut"},"timestamp":"2023-07-22 12:58:21"}
{"level":"info","message":{"body":{"email":"Willyabadquispehuamani@gmail.com","maternallastname":"Huamani","name":"Willy","paternallastname":"Quispe","phone":"957902342","rut":"27.648.009-K"},"method":"POST","params":"","query":"","url":"/api/person/create"},"timestamp":"2023-07-22 12:58:57"}
{"level":"info","message":{"data":{"email":"Willyabadquispehuamani@gmail.com","id":"fd9940d9-04f2-477e-a600-11956f581e19","maternallastname":"Huamani","name":"Willy","paternallastname":"Quispe","phone":"957902342","rut":"27.648.009-K"},"model":"Person/create"},"timestamp":"2023-07-22 12:58:57"}
{"level":"info","message":{"body":{"rut":"27.648.009-K"},"method":"POST","params":"","query":"","url":"/api/person/getByRut"},"timestamp":"2023-07-22 12:59:07"}
{"level":"info","message":{"data":{"email":null,"id":"fd9940d9-04f2-477e-a600-11956f581e19","maternallastname":null,"name":null,"paternallastname":null,"phone":null,"rut":"27.648.009-K"},"model":"Person/getByRut"},"timestamp":"2023-07-22 12:59:07"}
{"level":"info","message":{"body":{"email":"Willyabadquispehuamani@gmail.com","maternallastname":"Huamani","name":"Willy","paternallastname":"Quispe","phone":"957902342","rut":"27.648.009-K"},"method":"POST","params":"","query":"","url":"/api/person/create"},"timestamp":"2023-07-22 12:59:30"}
{"level":"info","message":{"data":{"email":"Willyabadquispehuamani@gmail.com","id":"fd9940d9-04f2-477e-a600-11956f581e19","maternallastname":"Huamani","name":"Willy","paternallastname":"Quispe","phone":"957902342","rut":"27.648.009-K"},"model":"Person/create"},"timestamp":"2023-07-22 12:59:30"}
{"level":"info","message":{"body":{"rut":"27.648.009-K"},"method":"POST","params":"","query":"","url":"/api/person/getByRut"},"timestamp":"2023-07-22 12:59:41"}
{"level":"info","message":{"data":{"email":null,"id":"fd9940d9-04f2-477e-a600-11956f581e19","maternallastname":null,"name":null,"paternallastname":null,"phone":null,"rut":"27.648.009-K"},"model":"Person/getByRut"},"timestamp":"2023-07-22 12:59:41"}
{"level":"info","message":"API listening port 5400","timestamp":"2023-07-22 13:00:02"}
{"level":"info","message":"Connect Database","timestamp":"2023-07-22 13:00:02"}
{"level":"info","message":{"body":{"email":"Willyabadquispehuamani@gmail.com","maternallastname":"Huamani","name":"Willy","paternallastname":"Quispe","phone":"957902342","rut":"27.648.009-K"},"method":"POST","params":"","query":"","url":"/api/person/create"},"timestamp":"2023-07-22 13:00:07"}
{"level":"info","message":{"data":{"email":"Willyabadquispehuamani@gmail.com","id":"fd9940d9-04f2-477e-a600-11956f581e19","maternallastname":"Huamani","name":"Willy","paternallastname":"Quispe","phone":"957902342","rut":"27.648.009-K"},"model":"Person/create"},"timestamp":"2023-07-22 13:00:08"}
{"level":"info","message":{"body":{"rut":"27.648.009-K"},"method":"POST","params":"","query":"","url":"/api/person/getByRut"},"timestamp":"2023-07-22 13:00:09"}
{"level":"info","message":{"data":{"email":"Willyabadquispehuamani@gmail.com","id":"fd9940d9-04f2-477e-a600-11956f581e19","maternallastname":"Huamani","name":"Willy","paternallastname":"Quispe","phone":"957902342","rut":"27.648.009-K"},"model":"Person/getByRut"},"timestamp":"2023-07-22 13:00:09"}
{"level":"info","message":{"body":{"rut":"27.648.009-K"},"method":"POST","params":"","query":"","url":"/api/person/getByRut"},"timestamp":"2023-07-22 13:00:18"}
{"level":"info","message":{"data":{"email":"Willyabadquispehuamani@gmail.com","id":"fd9940d9-04f2-477e-a600-11956f581e19","maternallastname":"Huamani","name":"Willy","paternallastname":"Quispe","phone":"957902342","rut":"27.648.009-K"},"model":"Person/getByRut"},"timestamp":"2023-07-22 13:00:18"}
{"level":"info","message":{"body":{"rut":"27.648.009-K"},"method":"POST","params":"","query":"","url":"/api/person/getByRut"},"timestamp":"2023-07-22 13:01:20"}
{"level":"info","message":{"data":{"email":"Willyabadquispehuamani@gmail.com","id":"fd9940d9-04f2-477e-a600-11956f581e19","maternallastname":"Huamani","name":"Willy","paternallastname":"Quispe","phone":"957902342","rut":"27.648.009-K"},"model":"Person/getByRut"},"timestamp":"2023-07-22 13:01:20"}
{"level":"info","message":{"body":{"rut":"27.648.009-K"},"method":"POST","params":"","query":"","url":"/api/person/getByRut"},"timestamp":"2023-07-22 13:01:29"}
{"level":"info","message":{"data":{"email":"Willyabadquispehuamani@gmail.com","id":"fd9940d9-04f2-477e-a600-11956f581e19","maternallastname":"Huamani","name":"Willy","paternallastname":"Quispe","phone":"957902342","rut":"27.648.009-K"},"model":"Person/getByRut"},"timestamp":"2023-07-22 13:01:29"}
{"level":"info","message":{"body":{"rut":"27.648.009-K"},"method":"POST","params":"","query":"","url":"/api/person/getByRut"},"timestamp":"2023-07-22 13:01:32"}
{"level":"info","message":{"data":{"email":"Willyabadquispehuamani@gmail.com","id":"fd9940d9-04f2-477e-a600-11956f581e19","maternallastname":"Huamani","name":"Willy","paternallastname":"Quispe","phone":"957902342","rut":"27.648.009-K"},"model":"Person/getByRut"},"timestamp":"2023-07-22 13:01:32"}
{"level":"info","message":{"body":{"rut":"27.648.009-K"},"method":"POST","params":"","query":"","url":"/api/person/getByRut"},"timestamp":"2023-07-22 13:01:33"}
{"level":"info","message":{"data":{"email":"Willyabadquispehuamani@gmail.com","id":"fd9940d9-04f2-477e-a600-11956f581e19","maternallastname":"Huamani","name":"Willy","paternallastname":"Quispe","phone":"957902342","rut":"27.648.009-K"},"model":"Person/getByRut"},"timestamp":"2023-07-22 13:01:33"}
{"level":"info","message":{"body":{"rut":"11.111.111-1"},"method":"POST","params":"","query":"","url":"/api/person/getByRut"},"timestamp":"2023-07-22 13:01:49"}
{"level":"info","message":{"data":{"email":"quispeabadquispe@gmail.com","id":"4aa7ec7a-34e4-475d-b31b-9d4419713916","maternallastname":"Lujan","name":"Matias","paternallastname":"montero","phone":"957902342","rut":"11.111.111-1"},"model":"Person/getByRut"},"timestamp":"2023-07-22 13:01:49"}
{"level":"info","message":{"body":{"rut":"11.111.111-1"},"method":"POST","params":"","query":"","url":"/api/person/getByRut"},"timestamp":"2023-07-22 13:05:15"}
{"level":"info","message":{"data":{"email":"quispeabadquispe@gmail.com","id":"4aa7ec7a-34e4-475d-b31b-9d4419713916","maternallastname":"Lujan","name":"Matias","paternallastname":"montero","phone":"957902342","rut":"11.111.111-1"},"model":"Person/getByRut"},"timestamp":"2023-07-22 13:05:15"}
{"level":"info","message":{"body":{"rut":"11.111.111-1"},"method":"POST","params":"","query":"","url":"/api/person/getByRut"},"timestamp":"2023-07-22 13:08:00"}
{"level":"info","message":{"data":{"email":"quispeabadquispe@gmail.com","id":"4aa7ec7a-34e4-475d-b31b-9d4419713916","maternallastname":"Lujan","name":"Matias","paternallastname":"montero","phone":"957902342","rut":"11.111.111-1"},"model":"Person/getByRut"},"timestamp":"2023-07-22 13:08:00"}
{"level":"info","message":{"body":{"rut":"11.111.111-1"},"method":"POST","params":"","query":"","url":"/api/person/getByRut"},"timestamp":"2023-07-22 13:08:38"}
{"level":"info","message":{"data":{"email":"quispeabadquispe@gmail.com","id":"4aa7ec7a-34e4-475d-b31b-9d4419713916","maternallastname":"Lujan","name":"Matias","paternallastname":"montero","phone":"957902342","rut":"11.111.111-1"},"model":"Person/getByRut"},"timestamp":"2023-07-22 13:08:38"}
{"level":"info","message":{"body":{"rut":"11.111.111-1"},"method":"POST","params":"","query":"","url":"/api/person/getByRut"},"timestamp":"2023-07-22 13:10:01"}
{"level":"info","message":{"data":{"email":"quispeabadquispe@gmail.com","id":"4aa7ec7a-34e4-475d-b31b-9d4419713916","maternallastname":"Lujan","name":"Matias","paternallastname":"montero","phone":"957902342","rut":"11.111.111-1"},"model":"Person/getByRut"},"timestamp":"2023-07-22 13:10:01"}
{"level":"info","message":{"body":{"rut":"11.111.111-1"},"method":"POST","params":"","query":"","url":"/api/person/getByRut"},"timestamp":"2023-07-22 13:10:03"}
{"level":"info","message":{"data":{"email":"quispeabadquispe@gmail.com","id":"4aa7ec7a-34e4-475d-b31b-9d4419713916","maternallastname":"Lujan","name":"Matias","paternallastname":"montero","phone":"957902342","rut":"11.111.111-1"},"model":"Person/getByRut"},"timestamp":"2023-07-22 13:10:03"}
{"level":"info","message":{"body":{"email":"quispeabadquispe@gmail.com","maternallastname":"Lujan","name":"Matias","paternallastname":"montero","phone":"957902342","rut":"11.111.111-1"},"method":"POST","params":"","query":"","url":"/api/person/create"},"timestamp":"2023-07-22 13:16:25"}
{"level":"info","message":{"data":{"email":"quispeabadquispe@gmail.com","id":"4aa7ec7a-34e4-475d-b31b-9d4419713916","maternallastname":"Lujan","name":"Matias","paternallastname":"montero","phone":"957902342","rut":"11.111.111-1"},"model":"Person/create"},"timestamp":"2023-07-22 13:16:25"}
{"level":"info","message":{"body":{"email":"quispeabadquispe@gmail.com","maternallastname":"Lujan","name":"Matias","paternallastname":"montero","phone":"957902342","rut":"11.111.111-1"},"method":"POST","params":"","query":"","url":"/api/person/create"},"timestamp":"2023-07-22 13:22:18"}
{"level":"info","message":{"data":{"email":"quispeabadquispe@gmail.com","id":"4aa7ec7a-34e4-475d-b31b-9d4419713916","maternallastname":"Lujan","name":"Matias","paternallastname":"montero","phone":"957902342","rut":"11.111.111-1"},"model":"Person/create"},"timestamp":"2023-07-22 13:22:18"}
{"level":"info","message":{"body":{"email":"quispeabadquispe@gmail.com","maternallastname":"Lujan","name":"Matias","paternallastname":"montero","phone":"957902342","rut":"11.111.111-1"},"method":"POST","params":"","query":"","url":"/api/person/create"},"timestamp":"2023-07-22 13:23:39"}
{"level":"info","message":{"data":{"email":"quispeabadquispe@gmail.com","id":"4aa7ec7a-34e4-475d-b31b-9d4419713916","maternallastname":"Lujan","name":"Matias","paternallastname":"montero","phone":"957902342","rut":"11.111.111-1"},"model":"Person/create"},"timestamp":"2023-07-22 13:23:39"}
{"level":"info","message":{"body":{"rut":"11.111.111-1"},"method":"POST","params":"","query":"","url":"/api/person/getByRut"},"timestamp":"2023-07-22 13:25:49"}
{"level":"info","message":{"data":{"email":"quispeabadquispe@gmail.com","id":"4aa7ec7a-34e4-475d-b31b-9d4419713916","maternallastname":"Lujan","name":"Matias","paternallastname":"montero","phone":"957902342","rut":"11.111.111-1"},"model":"Person/getByRut"},"timestamp":"2023-07-22 13:25:49"}
{"level":"info","message":{"body":{"email":"quispeabadquispe@gmail.com","maternallastname":"Lujan","name":"Matias","paternallastname":"montero","phone":"957902342","rut":"11.111.111-1"},"method":"POST","params":"","query":"","url":"/api/person/create"},"timestamp":"2023-07-22 13:26:03"}
{"level":"info","message":{"data":{"email":"quispeabadquispe@gmail.com","id":"4aa7ec7a-34e4-475d-b31b-9d4419713916","maternallastname":"Lujan","name":"Matias","paternallastname":"montero","phone":"957902342","rut":"11.111.111-1"},"model":"Person/create"},"timestamp":"2023-07-22 13:26:03"}
{"level":"info","message":{"body":{"rut":"11.111.111-1"},"method":"POST","params":"","query":"","url":"/api/person/getByRut"},"timestamp":"2023-07-22 13:27:14"}
{"level":"info","message":{"data":{"email":"quispeabadquispe@gmail.com","id":"4aa7ec7a-34e4-475d-b31b-9d4419713916","maternallastname":"Lujan","name":"Matias","paternallastname":"montero","phone":"957902342","rut":"11.111.111-1"},"model":"Person/getByRut"},"timestamp":"2023-07-22 13:27:14"}
{"level":"info","message":{"body":{"rut":"11.111.111-1"},"method":"POST","params":"","query":"","url":"/api/person/getByRut"},"timestamp":"2023-07-22 13:27:16"}
{"level":"info","message":{"data":{"email":"quispeabadquispe@gmail.com","id":"4aa7ec7a-34e4-475d-b31b-9d4419713916","maternallastname":"Lujan","name":"Matias","paternallastname":"montero","phone":"957902342","rut":"11.111.111-1"},"model":"Person/getByRut"},"timestamp":"2023-07-22 13:27:16"}
{"level":"info","message":{"body":{"email":"quispeabadquispe@gmail.com","maternallastname":"Lujan","name":"Matias","paternallastname":"montero","phone":"957902342","rut":"11.111.111-1"},"method":"POST","params":"","query":"","url":"/api/person/create"},"timestamp":"2023-07-22 13:27:58"}
{"level":"info","message":{"data":{"email":"quispeabadquispe@gmail.com","id":"4aa7ec7a-34e4-475d-b31b-9d4419713916","maternallastname":"Lujan","name":"Matias","paternallastname":"montero","phone":"957902342","rut":"11.111.111-1"},"model":"Person/create"},"timestamp":"2023-07-22 13:27:58"}
{"level":"info","message":{"body":{"rut":"27.648.009-K"},"method":"POST","params":"","query":"","url":"/api/person/getByRut"},"timestamp":"2023-07-22 13:28:11"}
{"level":"info","message":{"data":{"email":"Willyabadquispehuamani@gmail.com","id":"fd9940d9-04f2-477e-a600-11956f581e19","maternallastname":"Huamani","name":"Willy","paternallastname":"Quispe","phone":"957902342","rut":"27.648.009-K"},"model":"Person/getByRut"},"timestamp":"2023-07-22 13:28:11"}
{"level":"info","message":"API listening port 5400","timestamp":"2023-07-22 14:30:23"}
{"level":"info","message":"Connect Database","timestamp":"2023-07-22 14:30:23"}
{"level":"info","message":{"body":{"rut":"27.648.009-K"},"method":"POST","params":"","query":"","url":"/api/person/getByRut"},"timestamp":"2023-07-22 14:30:42"}
{"level":"info","message":{"data":{"email":"Willyabadquispehuamani@gmail.com","id":"fd9940d9-04f2-477e-a600-11956f581e19","maternallastname":"Huamani","name":"Willy","paternallastname":"Quispe","phone":"957902342","rut":"27.648.009-K"},"model":"Person/getByRut"},"timestamp":"2023-07-22 14:30:42"}
{"level":"info","message":{"body":{"email":"Willyabadquispehuamani@gmail.com","maternallastname":"Huamani","name":"Willy","paternallastname":"Quispe","phone":"957902342","rut":"27.648.009-K"},"method":"POST","params":"","query":"","url":"/api/person/create"},"timestamp":"2023-07-22 14:47:54"}
{"level":"info","message":{"data":{"email":"Willyabadquispehuamani@gmail.com","id":"fd9940d9-04f2-477e-a600-11956f581e19","maternallastname":"Huamani","name":"Willy","paternallastname":"Quispe","phone":"957902342","rut":"27.648.009-K"},"model":"Person/create"},"timestamp":"2023-07-22 14:47:54"}
{"level":"info","message":{"body":{"rut":"27.648.009-K"},"method":"POST","params":"","query":"","url":"/api/person/getByRut"},"timestamp":"2023-07-22 17:40:41"}
{"level":"info","message":{"data":{"email":"Willyabadquispehuamani@gmail.com","id":"fd9940d9-04f2-477e-a600-11956f581e19","maternallastname":"Huamani","name":"Willy","paternallastname":"Quispe","phone":"957902342","rut":"27.648.009-K"},"model":"Person/getByRut"},"timestamp":"2023-07-22 17:40:41"}
{"level":"info","message":{"body":{"email":"Willyabadquispehuamani@gmail.com","maternallastname":"Huamani","name":"Willy","paternallastname":"Quispe","phone":"957902342","rut":"27.648.009-K"},"method":"POST","params":"","query":"","url":"/api/person/create"},"timestamp":"2023-07-22 17:40:51"}
{"level":"info","message":{"data":{"email":"Willyabadquispehuamani@gmail.com","id":"fd9940d9-04f2-477e-a600-11956f581e19","maternallastname":"Huamani","name":"Willy","paternallastname":"Quispe","phone":"957902342","rut":"27.648.009-K"},"model":"Person/create"},"timestamp":"2023-07-22 17:40:51"}
{"level":"info","message":{"body":{"email":"Willyabadquispehuamani@gmail.com","maternallastname":"Huamani","name":"Willy","paternallastname":"Quispe","phone":"957902342","rut":"27.648.009-K"},"method":"POST","params":"","query":"","url":"/api/person/create"},"timestamp":"2023-07-22 17:41:39"}
{"level":"info","message":{"data":{"email":"Willyabadquispehuamani@gmail.com","id":"fd9940d9-04f2-477e-a600-11956f581e19","maternallastname":"Huamani","name":"Willy","paternallastname":"Quispe","phone":"957902342","rut":"27.648.009-K"},"model":"Person/create"},"timestamp":"2023-07-22 17:41:39"}
{"level":"info","message":{"body":{"email":"Willyabadquispehuamani@gmail.com","maternallastname":"Huamani","name":"Willy","paternallastname":"Quispe","phone":"957902342","rut":"27.648.009-K"},"method":"POST","params":"","query":"","url":"/api/person/create"},"timestamp":"2023-07-22 18:05:55"}
{"level":"info","message":{"data":{"email":"Willyabadquispehuamani@gmail.com","id":"fd9940d9-04f2-477e-a600-11956f581e19","maternallastname":"Huamani","name":"Willy","paternallastname":"Quispe","phone":"957902342","rut":"27.648.009-K"},"model":"Person/create"},"timestamp":"2023-07-22 18:05:55"}
{"level":"info","message":{"body":{"email":"Willyabadquispehuamani@gmail.com","maternallastname":"Huamani","name":"Willy","paternallastname":"Quispe","phone":"957902342","rut":"27.648.009-K"},"method":"POST","params":"","query":"","url":"/api/person/create"},"timestamp":"2023-07-22 18:06:59"}
{"level":"info","message":{"data":{"email":"Willyabadquispehuamani@gmail.com","id":"fd9940d9-04f2-477e-a600-11956f581e19","maternallastname":"Huamani","name":"Willy","paternallastname":"Quispe","phone":"957902342","rut":"27.648.009-K"},"model":"Person/create"},"timestamp":"2023-07-22 18:06:59"}
{"level":"info","message":{"body":{"rut":"11.111.111-1"},"method":"POST","params":"","query":"","url":"/api/person/getByRut"},"timestamp":"2023-07-22 18:12:28"}
{"level":"info","message":{"data":{"email":"quispeabadquispe@gmail.com","id":"4aa7ec7a-34e4-475d-b31b-9d4419713916","maternallastname":"Lujan","name":"Matias","paternallastname":"montero","phone":"957902342","rut":"11.111.111-1"},"model":"Person/getByRut"},"timestamp":"2023-07-22 18:12:28"}
{"level":"info","message":{"body":{"rut":"11.111.111-1"},"method":"POST","params":"","query":"","url":"/api/person/getByRut"},"timestamp":"2023-07-22 18:12:31"}
{"level":"info","message":{"data":{"email":"quispeabadquispe@gmail.com","id":"4aa7ec7a-34e4-475d-b31b-9d4419713916","maternallastname":"Lujan","name":"Matias","paternallastname":"montero","phone":"957902342","rut":"11.111.111-1"},"model":"Person/getByRut"},"timestamp":"2023-07-22 18:12:31"}
{"level":"info","message":{"body":{"rut":"11.111.111-1"},"method":"POST","params":"","query":"","url":"/api/person/getByRut"},"timestamp":"2023-07-22 18:12:33"}
{"level":"info","message":{"data":{"email":"quispeabadquispe@gmail.com","id":"4aa7ec7a-34e4-475d-b31b-9d4419713916","maternallastname":"Lujan","name":"Matias","paternallastname":"montero","phone":"957902342","rut":"11.111.111-1"},"model":"Person/getByRut"},"timestamp":"2023-07-22 18:12:33"}
{"level":"info","message":{"body":{"email":"quispeabadquispe@gmail.com","maternallastname":"Lujan","name":"Matias","paternallastname":"montero","phone":"957902342","rut":"11.111.111-1"},"method":"POST","params":"","query":"","url":"/api/person/create"},"timestamp":"2023-07-22 18:12:36"}
{"level":"info","message":{"data":{"email":"quispeabadquispe@gmail.com","id":"4aa7ec7a-34e4-475d-b31b-9d4419713916","maternallastname":"Lujan","name":"Matias","paternallastname":"montero","phone":"957902342","rut":"11.111.111-1"},"model":"Person/create"},"timestamp":"2023-07-22 18:12:36"}
{"level":"info","message":{"body":{"rut":"11.111.111-1"},"method":"POST","params":"","query":"","url":"/api/person/getByRut"},"timestamp":"2023-07-22 18:16:39"}
{"level":"info","message":{"data":{"email":"quispeabadquispe@gmail.com","id":"4aa7ec7a-34e4-475d-b31b-9d4419713916","maternallastname":"Lujan","name":"Matias","paternallastname":"montero","phone":"957902342","rut":"11.111.111-1"},"model":"Person/getByRut"},"timestamp":"2023-07-22 18:16:39"}
{"level":"info","message":{"body":{"email":"quispeabadquispe@gmail.com","maternallastname":"Lujan","name":"Matias","paternallastname":"montero","phone":"111111111","rut":"11.111.111-1"},"method":"POST","params":"","query":"","url":"/api/person/create"},"timestamp":"2023-07-22 18:16:49"}
{"level":"info","message":{"data":{"email":"quispeabadquispe@gmail.com","id":"4aa7ec7a-34e4-475d-b31b-9d4419713916","maternallastname":"Lujan","name":"Matias","paternallastname":"montero","phone":"111111111","rut":"11.111.111-1"},"model":"Person/create"},"timestamp":"2023-07-22 18:16:49"}
{"level":"info","message":{"body":{"rut":"11.111.111-1"},"method":"POST","params":"","query":"","url":"/api/person/getByRut"},"timestamp":"2023-07-22 18:16:52"}
{"level":"info","message":{"data":{"email":"quispeabadquispe@gmail.com","id":"4aa7ec7a-34e4-475d-b31b-9d4419713916","maternallastname":"Lujan","name":"Matias","paternallastname":"montero","phone":"111111111","rut":"11.111.111-1"},"model":"Person/getByRut"},"timestamp":"2023-07-22 18:16:52"}
