{"level":"info","message":"API listening port 5400","timestamp":"2023-08-19 17:36:59"}
{"level":"info","message":"Connect Database","timestamp":"2023-08-19 17:37:00"}
{"level":"info","message":{"body":"","method":"GET","params":{},"query":{},"url":"/api/claim/getAll"},"timestamp":"2023-08-19 17:38:03"}
{"level":"info","message":{"body":"","method":"GET","params":{},"query":{},"url":"/api/claim/getAll"},"timestamp":"2023-08-19 17:38:05"}
{"level":"info","message":{"body":{"rut":"27.648.009-K"},"method":"POST","params":"","query":"","url":"/api/person/getByRut"},"timestamp":"2023-08-19 17:38:15"}
{"level":"info","message":{"data":{"email":"quispeabadquispe@gmail.com","id":"0dbdf4ee-27e8-4080-bc1b-779a38c9d9ef","maternallastname":"Huamani","name":"Abad","paternallastname":"Quispe","phone":"957902342","rut":"27.648.009-K"},"model":"Person/getByRut"},"timestamp":"2023-08-19 17:38:16"}
{"level":"info","message":{"body":{"email":"quispeabadquispe@gmail.com","maternallastname":"Huamani","name":"Abad","paternallastname":"Quispe","phone":"957902342","rut":"27.648.009-K"},"method":"POST","params":"","query":"","url":"/api/person/create"},"timestamp":"2023-08-19 17:38:18"}
{"level":"info","message":{"body":{},"method":"POST","params":"","query":"","url":"/api/claim/create"},"timestamp":"2023-08-19 17:38:18"}
{"level":"info","message":{"data":{"email":"quispeabadquispe@gmail.com","id":"0dbdf4ee-27e8-4080-bc1b-779a38c9d9ef","maternallastname":"Huamani","name":"Abad","paternallastname":"Quispe","phone":"957902342","rut":"27.648.009-K"},"model":"Person/create"},"timestamp":"2023-08-19 17:38:18"}
{"level":"info","message":{"data":{"endingdate":"2023-08-20T01:38:20.886Z","id":"7b1566cd-65d3-4c07-bee6-0b8769d003e5","openingdate":"2023-08-20T01:38:20.886Z"},"model":"ModelClaim/create"},"timestamp":"2023-08-19 17:38:19"}
{"level":"info","message":{"body":{},"method":"POST","params":"","query":"","url":"/api/typeclaim/getAll"},"timestamp":"2023-08-19 17:38:20"}
{"level":"info","message":{"body":{},"method":"POST","params":"","query":"","url":"/api/typeclaim/getAll"},"timestamp":"2023-08-19 17:38:20"}
{"level":"info","message":{"body":{"claim_id":"7b1566cd-65d3-4c07-bee6-0b8769d003e5"},"method":"POST","params":"","query":"","url":"/api/claim/getById"},"timestamp":"2023-08-19 17:38:20"}
{"level":"info","message":{"data":[{"id":"28af3e1d-8af8-47fc-b631-1ac3845e8f14","typename":"Infraestructura y obras públicas"},{"id":"7cc4a9e1-dc6e-4fcb-9475-bc052daad2f7","typename":"Transporte público"},{"id":"280888bb-56af-4bc3-ba07-a1f571dfe30b","typename":"Licencias y permisos"},{"id":"3091e865-f7a9-45b7-b9c0-1839008ffcad","typename":"Ruidos y contaminación"},{"id":"b41841be-14eb-48a2-83c3-91f4ab6ec029","typename":"Problemas de seguridad"},{"id":"c9aec491-50f3-403e-a51e-204c0bb9d4f5","typename":"Problemas de iluminación"},{"id":"0202cb87-b934-48e8-994e-aa49619cc35e","typename":"Problemas de servicios en línea"},{"id":"027d280c-b0a1-4a12-958a-dcfd45e2e0f7","typename":"Mi nuevo tipo mi nuevo valor"},{"id":"e43bd7b2-f6c4-4994-85bc-a0d30b95b850","typename":"Problemas de Alumbrado"},{"id":"05269505-b463-425a-b5f2-44b201d617ed","typename":"Servicios públicos anidados"}],"model":"TypeClaimModels/getAll"},"timestamp":"2023-08-19 17:38:20"}
{"level":"info","message":{"data":[{"id":"28af3e1d-8af8-47fc-b631-1ac3845e8f14","typename":"Infraestructura y obras públicas"},{"id":"7cc4a9e1-dc6e-4fcb-9475-bc052daad2f7","typename":"Transporte público"},{"id":"280888bb-56af-4bc3-ba07-a1f571dfe30b","typename":"Licencias y permisos"},{"id":"3091e865-f7a9-45b7-b9c0-1839008ffcad","typename":"Ruidos y contaminación"},{"id":"b41841be-14eb-48a2-83c3-91f4ab6ec029","typename":"Problemas de seguridad"},{"id":"c9aec491-50f3-403e-a51e-204c0bb9d4f5","typename":"Problemas de iluminación"},{"id":"0202cb87-b934-48e8-994e-aa49619cc35e","typename":"Problemas de servicios en línea"},{"id":"027d280c-b0a1-4a12-958a-dcfd45e2e0f7","typename":"Mi nuevo tipo mi nuevo valor"},{"id":"e43bd7b2-f6c4-4994-85bc-a0d30b95b850","typename":"Problemas de Alumbrado"},{"id":"05269505-b463-425a-b5f2-44b201d617ed","typename":"Servicios públicos anidados"}],"model":"TypeClaimModels/getAll"},"timestamp":"2023-08-19 17:38:20"}
{"level":"info","message":{"body":{"claim_id":"7b1566cd-65d3-4c07-bee6-0b8769d003e5"},"method":"POST","params":"","query":"","url":"/api/file/add"},"timestamp":"2023-08-19 17:38:31"}
{"level":"info","message":{"data":{"claim_id":"7b1566cd-65d3-4c07-bee6-0b8769d003e5"},"model":"file/add"},"timestamp":"2023-08-19 17:38:34"}
{"level":"info","message":{"body":{"claim_body":"Otro reclamo","claim_id":"7b1566cd-65d3-4c07-bee6-0b8769d003e5","person_id":"0dbdf4ee-27e8-4080-bc1b-779a38c9d9ef","type_id":"28af3e1d-8af8-47fc-b631-1ac3845e8f14"},"method":"POST","params":"","query":"","url":"/api/claimDetail/create"},"timestamp":"2023-08-19 17:38:38"}
{"level":"info","message":{"data":{"claim_body":"Otro reclamo","claim_id":"7b1566cd-65d3-4c07-bee6-0b8769d003e5","id":"99d1064b-a332-4597-a4a9-8f180eaf1fa9","type_id":"28af3e1d-8af8-47fc-b631-1ac3845e8f14"},"model":"ModelClaim/create"},"timestamp":"2023-08-19 17:38:39"}
{"level":"info","message":{"body":{"claim_id":"7b1566cd-65d3-4c07-bee6-0b8769d003e5"},"method":"POST","params":"","query":"","url":"/api/claim/getById"},"timestamp":"2023-08-19 17:38:39"}
{"level":"info","message":{"body":{"claim_id":"7b1566cd-65d3-4c07-bee6-0b8769d003e5"},"method":"POST","params":"","query":"","url":"/api/claim/getById"},"timestamp":"2023-08-19 17:38:54"}
{"level":"info","message":{"body":"","method":"GET","params":{},"query":{},"url":"/api/claim/getAll"},"timestamp":"2023-08-19 17:39:00"}
{"level":"info","message":{"body":"","method":"GET","params":{},"query":{},"url":"/api/claim/getAll"},"timestamp":"2023-08-19 17:39:00"}
{"level":"info","message":{"body":{"claim_id":"7b1566cd-65d3-4c07-bee6-0b8769d003e5"},"method":"POST","params":"","query":"","url":"/api/claim/getById"},"timestamp":"2023-08-19 17:39:06"}
{"level":"info","message":{"body":{"claim_id":"7b1566cd-65d3-4c07-bee6-0b8769d003e5"},"method":"POST","params":"","query":"","url":"/api/claim/getById"},"timestamp":"2023-08-19 17:39:06"}
{"level":"info","message":"API listening port 5400","timestamp":"2023-08-19 17:54:24"}
{"level":"info","message":"Connect Database","timestamp":"2023-08-19 17:54:25"}
{"level":"info","message":{"body":{"claim_id":"02037dca-2128-412d-90cd-d8bbbb65232a"},"method":"POST","params":"","query":"","url":"/api/claim/getById"},"timestamp":"2023-08-19 17:54:32"}
{"level":"info","message":{"body":{"claim_id":"02037dca-2128-412d-90cd-d8bbbb65232a"},"method":"POST","params":"","query":"","url":"/api/claim/getById"},"timestamp":"2023-08-19 17:54:32"}
{"level":"info","message":{"body":{},"method":"POST","params":"","query":"","url":"/api/typeClaim/getAll"},"timestamp":"2023-08-19 17:56:33"}
{"level":"info","message":{"body":{},"method":"POST","params":"","query":"","url":"/api/typeClaim/getAll"},"timestamp":"2023-08-19 17:56:33"}
{"level":"info","message":{"data":[{"id":"28af3e1d-8af8-47fc-b631-1ac3845e8f14","typename":"Infraestructura y obras públicas"},{"id":"7cc4a9e1-dc6e-4fcb-9475-bc052daad2f7","typename":"Transporte público"},{"id":"280888bb-56af-4bc3-ba07-a1f571dfe30b","typename":"Licencias y permisos"},{"id":"3091e865-f7a9-45b7-b9c0-1839008ffcad","typename":"Ruidos y contaminación"},{"id":"b41841be-14eb-48a2-83c3-91f4ab6ec029","typename":"Problemas de seguridad"},{"id":"c9aec491-50f3-403e-a51e-204c0bb9d4f5","typename":"Problemas de iluminación"},{"id":"0202cb87-b934-48e8-994e-aa49619cc35e","typename":"Problemas de servicios en línea"},{"id":"027d280c-b0a1-4a12-958a-dcfd45e2e0f7","typename":"Mi nuevo tipo mi nuevo valor"},{"id":"e43bd7b2-f6c4-4994-85bc-a0d30b95b850","typename":"Problemas de Alumbrado"},{"id":"05269505-b463-425a-b5f2-44b201d617ed","typename":"Servicios públicos anidados"}],"model":"TypeClaimModels/getAll"},"timestamp":"2023-08-19 17:56:35"}
{"level":"info","message":{"data":[{"id":"28af3e1d-8af8-47fc-b631-1ac3845e8f14","typename":"Infraestructura y obras públicas"},{"id":"7cc4a9e1-dc6e-4fcb-9475-bc052daad2f7","typename":"Transporte público"},{"id":"280888bb-56af-4bc3-ba07-a1f571dfe30b","typename":"Licencias y permisos"},{"id":"3091e865-f7a9-45b7-b9c0-1839008ffcad","typename":"Ruidos y contaminación"},{"id":"b41841be-14eb-48a2-83c3-91f4ab6ec029","typename":"Problemas de seguridad"},{"id":"c9aec491-50f3-403e-a51e-204c0bb9d4f5","typename":"Problemas de iluminación"},{"id":"0202cb87-b934-48e8-994e-aa49619cc35e","typename":"Problemas de servicios en línea"},{"id":"027d280c-b0a1-4a12-958a-dcfd45e2e0f7","typename":"Mi nuevo tipo mi nuevo valor"},{"id":"e43bd7b2-f6c4-4994-85bc-a0d30b95b850","typename":"Problemas de Alumbrado"},{"id":"05269505-b463-425a-b5f2-44b201d617ed","typename":"Servicios públicos anidados"}],"model":"TypeClaimModels/getAll"},"timestamp":"2023-08-19 17:56:35"}
{"level":"info","message":{"body":"","method":"GET","params":{},"query":{},"url":"/api/claim/getAll"},"timestamp":"2023-08-19 17:56:50"}
{"level":"info","message":{"body":"","method":"GET","params":{},"query":{},"url":"/api/claim/getAll"},"timestamp":"2023-08-19 17:56:51"}
{"level":"info","message":{"body":{"claim_id":"e95e4b3a-f415-4102-becd-b56e3ef7e861"},"method":"POST","params":"","query":"","url":"/api/claim/getById"},"timestamp":"2023-08-19 17:56:57"}
{"level":"info","message":{"body":{"claim_id":"e95e4b3a-f415-4102-becd-b56e3ef7e861"},"method":"POST","params":"","query":"","url":"/api/claim/getById"},"timestamp":"2023-08-19 17:56:57"}
{"level":"info","message":"API listening port 5400","timestamp":"2023-08-19 18:04:55"}
{"level":"info","message":"Connect Database","timestamp":"2023-08-19 18:04:56"}
{"level":"info","message":{"body":{"claim_id":"02037dca-2128-412d-90cd-d8bbbb65232a"},"method":"POST","params":"","query":"","url":"/api/claim/getById"},"timestamp":"2023-08-19 18:05:30"}
{"level":"info","message":{"body":{"claim_id":"02037dca-2128-412d-90cd-d8bbbb65232a"},"method":"POST","params":"","query":"","url":"/api/claim/getById"},"timestamp":"2023-08-19 18:05:30"}
{"level":"info","message":{"body":{"claim_id":"04a4fa75-fcd6-4b17-a51c-d01d7cafe36d"},"method":"POST","params":"","query":"","url":"/api/claim/getById"},"timestamp":"2023-08-19 18:05:41"}
{"level":"info","message":{"body":{"claim_id":"04a4fa75-fcd6-4b17-a51c-d01d7cafe36d"},"method":"POST","params":"","query":"","url":"/api/claim/getById"},"timestamp":"2023-08-19 18:05:41"}
{"level":"info","message":{"body":{"claim_id":"7b1566cd-65d3-4c07-bee6-0b8769d003e5"},"method":"POST","params":"","query":"","url":"/api/claim/getById"},"timestamp":"2023-08-19 18:09:00"}
{"level":"info","message":{"body":{"claim_id":"7b1566cd-65d3-4c07-bee6-0b8769d003e5"},"method":"POST","params":"","query":"","url":"/api/claim/getById"},"timestamp":"2023-08-19 18:09:06"}
{"level":"info","message":{"body":{"claim_id":"7b1566cd-65d3-4c07-bee6-0b8769d003e5"},"method":"POST","params":"","query":"","url":"/api/claim/getById"},"timestamp":"2023-08-19 18:36:42"}
{"level":"info","message":{"body":{"claim_id":"7b1566cd-65d3-4c07-bee6-0b8769d003e5"},"method":"POST","params":"","query":"","url":"/api/claim/getById"},"timestamp":"2023-08-19 18:36:42"}
{"level":"info","message":"API listening port 5400","timestamp":"2023-08-19 18:45:15"}
{"level":"info","message":"Connect Database","timestamp":"2023-08-19 18:45:16"}
{"level":"info","message":"API listening port 5400","timestamp":"2023-08-19 18:46:18"}
{"level":"info","message":"Connect Database","timestamp":"2023-08-19 18:46:19"}
{"level":"info","message":"API listening port 5400","timestamp":"2023-08-19 18:46:31"}
{"level":"info","message":"Connect Database","timestamp":"2023-08-19 18:46:33"}
{"level":"info","message":"API listening port 5400","timestamp":"2023-08-19 18:46:59"}
{"level":"info","message":"Connect Database","timestamp":"2023-08-19 18:47:00"}
{"level":"info","message":"API listening port 5400","timestamp":"2023-08-19 18:47:24"}
{"level":"info","message":"Connect Database","timestamp":"2023-08-19 18:47:25"}
{"level":"info","message":"API listening port 5400","timestamp":"2023-08-19 18:47:32"}
{"level":"info","message":"Connect Database","timestamp":"2023-08-19 18:47:33"}
{"level":"info","message":"API listening port 5400","timestamp":"2023-08-19 18:50:27"}
{"level":"info","message":"Connect Database","timestamp":"2023-08-19 18:50:28"}
{"level":"info","message":"API listening port 5400","timestamp":"2023-08-19 18:52:49"}
{"level":"info","message":"Connect Database","timestamp":"2023-08-19 18:52:50"}
{"level":"info","message":{"body":{"rut":"27.648.009-K"},"method":"POST","params":"","query":"","url":"/api/person/getByRut"},"timestamp":"2023-08-19 18:53:31"}
{"level":"info","message":{"data":{"email":"quispeabadquispe@gmail.com","id":"0dbdf4ee-27e8-4080-bc1b-779a38c9d9ef","maternallastname":"Huamani","name":"Abad","paternallastname":"Quispe","phone":"957902342","rut":"27.648.009-K"},"model":"Person/getByRut"},"timestamp":"2023-08-19 18:53:32"}
{"level":"info","message":{"body":{"email":"quispeabadquispe@gmail.com","maternallastname":"Huamani","name":"Alexander","paternallastname":"Quispe","phone":"957902342","rut":"27.648.009-K"},"method":"POST","params":"","query":"","url":"/api/person/create"},"timestamp":"2023-08-19 18:53:35"}
{"level":"info","message":{"body":{},"method":"POST","params":"","query":"","url":"/api/claim/create"},"timestamp":"2023-08-19 18:53:35"}
{"level":"info","message":{"data":{"email":"quispeabadquispe@gmail.com","id":"0dbdf4ee-27e8-4080-bc1b-779a38c9d9ef","maternallastname":"Huamani","name":"Alexander","paternallastname":"Quispe","phone":"957902342","rut":"27.648.009-K"},"model":"Person/create"},"timestamp":"2023-08-19 18:53:35"}
{"level":"info","message":{"data":{"endingdate":"2023-08-20T02:53:37.808Z","id":"66f1e3ca-50af-4186-8cbf-7b12b79f14e6","openingdate":"2023-08-20T02:53:37.808Z"},"model":"ModelClaim/create"},"timestamp":"2023-08-19 18:53:36"}
{"level":"info","message":{"body":{},"method":"POST","params":"","query":"","url":"/api/typeclaim/getAll"},"timestamp":"2023-08-19 18:53:36"}
{"level":"info","message":{"body":{"claim_id":"66f1e3ca-50af-4186-8cbf-7b12b79f14e6"},"method":"POST","params":"","query":"","url":"/api/claim/getById"},"timestamp":"2023-08-19 18:53:36"}
{"level":"info","message":{"body":{},"method":"POST","params":"","query":"","url":"/api/typeclaim/getAll"},"timestamp":"2023-08-19 18:53:36"}
{"level":"info","message":{"data":[{"id":"28af3e1d-8af8-47fc-b631-1ac3845e8f14","typename":"Infraestructura y obras públicas"},{"id":"7cc4a9e1-dc6e-4fcb-9475-bc052daad2f7","typename":"Transporte público"},{"id":"280888bb-56af-4bc3-ba07-a1f571dfe30b","typename":"Licencias y permisos"},{"id":"3091e865-f7a9-45b7-b9c0-1839008ffcad","typename":"Ruidos y contaminación"},{"id":"b41841be-14eb-48a2-83c3-91f4ab6ec029","typename":"Problemas de seguridad"},{"id":"c9aec491-50f3-403e-a51e-204c0bb9d4f5","typename":"Problemas de iluminación"},{"id":"0202cb87-b934-48e8-994e-aa49619cc35e","typename":"Problemas de servicios en línea"},{"id":"027d280c-b0a1-4a12-958a-dcfd45e2e0f7","typename":"Mi nuevo tipo mi nuevo valor"},{"id":"e43bd7b2-f6c4-4994-85bc-a0d30b95b850","typename":"Problemas de Alumbrado"},{"id":"05269505-b463-425a-b5f2-44b201d617ed","typename":"Servicios públicos anidados"}],"model":"TypeClaimModels/getAll"},"timestamp":"2023-08-19 18:53:36"}
{"level":"info","message":{"data":[{"id":"28af3e1d-8af8-47fc-b631-1ac3845e8f14","typename":"Infraestructura y obras públicas"},{"id":"7cc4a9e1-dc6e-4fcb-9475-bc052daad2f7","typename":"Transporte público"},{"id":"280888bb-56af-4bc3-ba07-a1f571dfe30b","typename":"Licencias y permisos"},{"id":"3091e865-f7a9-45b7-b9c0-1839008ffcad","typename":"Ruidos y contaminación"},{"id":"b41841be-14eb-48a2-83c3-91f4ab6ec029","typename":"Problemas de seguridad"},{"id":"c9aec491-50f3-403e-a51e-204c0bb9d4f5","typename":"Problemas de iluminación"},{"id":"0202cb87-b934-48e8-994e-aa49619cc35e","typename":"Problemas de servicios en línea"},{"id":"027d280c-b0a1-4a12-958a-dcfd45e2e0f7","typename":"Mi nuevo tipo mi nuevo valor"},{"id":"e43bd7b2-f6c4-4994-85bc-a0d30b95b850","typename":"Problemas de Alumbrado"},{"id":"05269505-b463-425a-b5f2-44b201d617ed","typename":"Servicios públicos anidados"}],"model":"TypeClaimModels/getAll"},"timestamp":"2023-08-19 18:53:37"}
{"level":"info","message":"API listening port 5400","timestamp":"2023-08-19 18:54:15"}
{"level":"info","message":"Connect Database","timestamp":"2023-08-19 18:54:16"}
{"level":"info","message":{"body":{"claim_id":"66f1e3ca-50af-4186-8cbf-7b12b79f14e6"},"method":"POST","params":"","query":"","url":"/api/file/add"},"timestamp":"2023-08-19 18:54:23"}
{"level":"info","message":{"data":{"claim_id":"66f1e3ca-50af-4186-8cbf-7b12b79f14e6"},"model":"file/add"},"timestamp":"2023-08-19 18:54:30"}
{"level":"info","message":{"body":{"claim_body":"El chofer no quiso para en la avenida 25 de San Miguel","claim_id":"66f1e3ca-50af-4186-8cbf-7b12b79f14e6","person_id":"0dbdf4ee-27e8-4080-bc1b-779a38c9d9ef","type_id":"7cc4a9e1-dc6e-4fcb-9475-bc052daad2f7"},"method":"POST","params":"","query":"","url":"/api/claimDetail/create"},"timestamp":"2023-08-19 18:54:36"}
{"level":"info","message":{"data":{"claim_body":"El chofer no quiso para en la avenida 25 de San Miguel","claim_id":"66f1e3ca-50af-4186-8cbf-7b12b79f14e6","id":"3d0636d1-8764-4e2c-a50e-35ef4e424387","level":"Urgente","type_id":"7cc4a9e1-dc6e-4fcb-9475-bc052daad2f7"},"model":"ModelClaim/create"},"timestamp":"2023-08-19 18:54:36"}
{"level":"info","message":{"body":{"claim_id":"66f1e3ca-50af-4186-8cbf-7b12b79f14e6"},"method":"POST","params":"","query":"","url":"/api/claim/getById"},"timestamp":"2023-08-19 18:54:37"}
{"level":"info","message":{"body":{"claim_id":"66f1e3ca-50af-4186-8cbf-7b12b79f14e6"},"method":"POST","params":"","query":"","url":"/api/claim/getById"},"timestamp":"2023-08-19 18:54:47"}
{"level":"info","message":{"body":"","method":"GET","params":{},"query":{},"url":"/api/claim/getAll"},"timestamp":"2023-08-19 18:54:59"}
{"level":"info","message":{"body":"","method":"GET","params":{},"query":{},"url":"/api/claim/getAll"},"timestamp":"2023-08-19 18:55:00"}
{"level":"info","message":{"body":{"claim_id":"66f1e3ca-50af-4186-8cbf-7b12b79f14e6"},"method":"POST","params":"","query":"","url":"/api/claim/getById"},"timestamp":"2023-08-19 18:55:08"}
{"level":"info","message":{"body":{"claim_id":"66f1e3ca-50af-4186-8cbf-7b12b79f14e6"},"method":"POST","params":"","query":"","url":"/api/claim/getById"},"timestamp":"2023-08-19 18:55:08"}
{"level":"info","message":{"body":{"claim_id":"66f1e3ca-50af-4186-8cbf-7b12b79f14e6"},"method":"POST","params":"","query":"","url":"/api/claim/getById"},"timestamp":"2023-08-19 19:00:34"}
{"level":"info","message":{"body":{"claim_id":"66f1e3ca-50af-4186-8cbf-7b12b79f14e6"},"method":"POST","params":"","query":"","url":"/api/claim/getById"},"timestamp":"2023-08-19 19:01:20"}
{"level":"info","message":{"body":"","method":"GET","params":{},"query":{},"url":"/api/claim/getAll"},"timestamp":"2023-08-19 19:01:29"}
{"level":"info","message":{"body":"","method":"GET","params":{},"query":{},"url":"/api/claim/getAll"},"timestamp":"2023-08-19 19:01:29"}
{"level":"info","message":{"body":"","method":"GET","params":{},"query":{},"url":"/api/claim/getAll"},"timestamp":"2023-08-19 19:01:39"}
{"level":"info","message":{"body":"","method":"GET","params":{},"query":{},"url":"/api/claim/getAll"},"timestamp":"2023-08-19 19:01:39"}
{"level":"info","message":{"body":{"claim_id":"66f1e3ca-50af-4186-8cbf-7b12b79f14e6"},"method":"POST","params":"","query":"","url":"/api/claim/getById"},"timestamp":"2023-08-19 19:02:05"}
{"level":"info","message":{"body":{"rut":"88.996.501-0"},"method":"POST","params":"","query":"","url":"/api/person/getByRut"},"timestamp":"2023-08-19 19:02:17"}
{"level":"info","message":{"data":null,"model":"Person/getByRut"},"timestamp":"2023-08-19 19:02:18"}
{"level":"info","message":"API listening port 5400","timestamp":"2023-08-19 19:03:11"}
{"level":"info","message":"Connect Database","timestamp":"2023-08-19 19:03:12"}
{"level":"info","message":{"body":{"email":"OrlandoMontes@gmail.com","maternallastname":"Montes","name":"Orlando","paternallastname":"Cruz","phone":"957902342","rut":"88.996.501-0"},"method":"POST","params":"","query":"","url":"/api/person/create"},"timestamp":"2023-08-19 19:03:16"}
{"level":"info","message":{"body":{},"method":"POST","params":"","query":"","url":"/api/claim/create"},"timestamp":"2023-08-19 19:03:16"}
{"level":"info","message":{"data":{"email":"OrlandoMontes@gmail.com","id":"a7460af2-24a9-4ed4-b3b7-9f11f5ad3286","maternallastname":"Montes","name":"Orlando","paternallastname":"Cruz","phone":"957902342","rut":"88.996.501-0"},"model":"Person/create"},"timestamp":"2023-08-19 19:03:18"}
{"level":"info","message":{"data":{"endingdate":"2023-08-20T03:03:19.544Z","id":"1b46d89d-93ef-490b-955e-588b2948956b","openingdate":"2023-08-20T03:03:19.544Z"},"model":"ModelClaim/create"},"timestamp":"2023-08-19 19:03:18"}
{"level":"info","message":{"body":{},"method":"POST","params":"","query":"","url":"/api/typeclaim/getAll"},"timestamp":"2023-08-19 19:03:18"}
{"level":"info","message":{"body":{"claim_id":"1b46d89d-93ef-490b-955e-588b2948956b"},"method":"POST","params":"","query":"","url":"/api/claim/getById"},"timestamp":"2023-08-19 19:03:18"}
{"level":"info","message":{"body":{},"method":"POST","params":"","query":"","url":"/api/typeclaim/getAll"},"timestamp":"2023-08-19 19:03:18"}
{"level":"info","message":{"data":[{"id":"28af3e1d-8af8-47fc-b631-1ac3845e8f14","typename":"Infraestructura y obras públicas"},{"id":"7cc4a9e1-dc6e-4fcb-9475-bc052daad2f7","typename":"Transporte público"},{"id":"280888bb-56af-4bc3-ba07-a1f571dfe30b","typename":"Licencias y permisos"},{"id":"3091e865-f7a9-45b7-b9c0-1839008ffcad","typename":"Ruidos y contaminación"},{"id":"b41841be-14eb-48a2-83c3-91f4ab6ec029","typename":"Problemas de seguridad"},{"id":"c9aec491-50f3-403e-a51e-204c0bb9d4f5","typename":"Problemas de iluminación"},{"id":"0202cb87-b934-48e8-994e-aa49619cc35e","typename":"Problemas de servicios en línea"},{"id":"027d280c-b0a1-4a12-958a-dcfd45e2e0f7","typename":"Mi nuevo tipo mi nuevo valor"},{"id":"e43bd7b2-f6c4-4994-85bc-a0d30b95b850","typename":"Problemas de Alumbrado"},{"id":"05269505-b463-425a-b5f2-44b201d617ed","typename":"Servicios públicos anidados"}],"model":"TypeClaimModels/getAll"},"timestamp":"2023-08-19 19:03:18"}
{"level":"info","message":{"data":[{"id":"28af3e1d-8af8-47fc-b631-1ac3845e8f14","typename":"Infraestructura y obras públicas"},{"id":"7cc4a9e1-dc6e-4fcb-9475-bc052daad2f7","typename":"Transporte público"},{"id":"280888bb-56af-4bc3-ba07-a1f571dfe30b","typename":"Licencias y permisos"},{"id":"3091e865-f7a9-45b7-b9c0-1839008ffcad","typename":"Ruidos y contaminación"},{"id":"b41841be-14eb-48a2-83c3-91f4ab6ec029","typename":"Problemas de seguridad"},{"id":"c9aec491-50f3-403e-a51e-204c0bb9d4f5","typename":"Problemas de iluminación"},{"id":"0202cb87-b934-48e8-994e-aa49619cc35e","typename":"Problemas de servicios en línea"},{"id":"027d280c-b0a1-4a12-958a-dcfd45e2e0f7","typename":"Mi nuevo tipo mi nuevo valor"},{"id":"e43bd7b2-f6c4-4994-85bc-a0d30b95b850","typename":"Problemas de Alumbrado"},{"id":"05269505-b463-425a-b5f2-44b201d617ed","typename":"Servicios públicos anidados"}],"model":"TypeClaimModels/getAll"},"timestamp":"2023-08-19 19:03:19"}
{"level":"info","message":{"body":{"claim_id":"1b46d89d-93ef-490b-955e-588b2948956b"},"method":"POST","params":"","query":"","url":"/api/file/add"},"timestamp":"2023-08-19 19:03:40"}
{"level":"info","message":{"data":{"claim_id":"1b46d89d-93ef-490b-955e-588b2948956b"},"model":"file/add"},"timestamp":"2023-08-19 19:03:43"}
{"level":"info","message":{"body":{"claim_body":"La empresa Movistar no esta resondiendo a mis reclamos","claim_id":"1b46d89d-93ef-490b-955e-588b2948956b","person_id":"a7460af2-24a9-4ed4-b3b7-9f11f5ad3286","type_id":"0202cb87-b934-48e8-994e-aa49619cc35e"},"method":"POST","params":"","query":"","url":"/api/claimDetail/create"},"timestamp":"2023-08-19 19:03:52"}
{"level":"info","message":{"body":{"claim_id":"1b46d89d-93ef-490b-955e-588b2948956b"},"method":"POST","params":"","query":"","url":"/api/claim/getById"},"timestamp":"2023-08-19 19:03:52"}
{"level":"info","message":{"data":{"claim_body":"La empresa Movistar no esta resondiendo a mis reclamos","claim_id":"1b46d89d-93ef-490b-955e-588b2948956b","id":"76587115-008b-45da-8fab-655739b266b1","level":"Urgente","type_id":"0202cb87-b934-48e8-994e-aa49619cc35e"},"model":"ModelClaim/create"},"timestamp":"2023-08-19 19:03:52"}
{"level":"info","message":{"body":{"claim_id":"1b46d89d-93ef-490b-955e-588b2948956b"},"method":"POST","params":"","query":"","url":"/api/claim/getById"},"timestamp":"2023-08-19 19:04:05"}
{"level":"info","message":{"body":"","method":"GET","params":{},"query":{},"url":"/api/claim/getAll"},"timestamp":"2023-08-19 19:04:09"}
{"level":"info","message":{"body":"","method":"GET","params":{},"query":{},"url":"/api/claim/getAll"},"timestamp":"2023-08-19 19:04:09"}
{"level":"info","message":{"body":{"claim_id":"1b46d89d-93ef-490b-955e-588b2948956b"},"method":"POST","params":"","query":"","url":"/api/claim/getById"},"timestamp":"2023-08-19 19:04:15"}
{"level":"info","message":{"body":{"claim_id":"1b46d89d-93ef-490b-955e-588b2948956b"},"method":"POST","params":"","query":"","url":"/api/claim/getById"},"timestamp":"2023-08-19 19:04:15"}
